[19.377s] Invoking command in '/home/name/kd1_ws/build/kd1_locomotion': PYTHONPATH=/home/name/kd1_ws/build/kd1_locomotion/prefix_override:/usr/lib/python3/dist-packages/colcon_core/task/python/colcon_distutils_commands:/home/name/kd1_ws/install/kd1_locomotion/lib/python3.10/site-packages:${PYTHONPATH} /usr/bin/python3 -W ignore:setup.py install is deprecated -W ignore:easy_install command is deprecated setup.py develop --editable --build-directory /home/name/kd1_ws/build/kd1_locomotion/build --no-deps symlink_data
[25.950s] running develop
[30.444s] running egg_info
[30.444s] writing kd1_locomotion.egg-info/PKG-INFO
[30.445s] writing dependency_links to kd1_locomotion.egg-info/dependency_links.txt
[30.446s] writing entry points to kd1_locomotion.egg-info/entry_points.txt
[30.450s] writing requirements to kd1_locomotion.egg-info/requires.txt
[30.455s] writing top-level names to kd1_locomotion.egg-info/top_level.txt
[30.457s] reading manifest file 'kd1_locomotion.egg-info/SOURCES.txt'
[30.475s] writing manifest file 'kd1_locomotion.egg-info/SOURCES.txt'
[30.490s] running build_ext
[30.494s] Creating /home/name/kd1_ws/install/kd1_locomotion/lib/python3.10/site-packages/kd1-locomotion.egg-link (link to .)
[30.500s] Installing motor_driver_comms_node script to /home/name/kd1_ws/install/kd1_locomotion/lib/kd1_locomotion
[30.504s] Installing moving_robot_node script to /home/name/kd1_ws/install/kd1_locomotion/lib/kd1_locomotion
[30.505s] Installing teleop_node script to /home/name/kd1_ws/install/kd1_locomotion/lib/kd1_locomotion
[30.512s] Installing wheel_encoder_node script to /home/name/kd1_ws/install/kd1_locomotion/lib/kd1_locomotion
[30.512s] Installing wheel_odometry_node script to /home/name/kd1_ws/install/kd1_locomotion/lib/kd1_locomotion
[30.514s] 
[30.516s] Installed /home/name/kd1_ws/build/kd1_locomotion
[30.518s] running symlink_data
[33.902s] Invoked command in '/home/name/kd1_ws/build/kd1_locomotion' returned '0': PYTHONPATH=/home/name/kd1_ws/build/kd1_locomotion/prefix_override:/usr/lib/python3/dist-packages/colcon_core/task/python/colcon_distutils_commands:/home/name/kd1_ws/install/kd1_locomotion/lib/python3.10/site-packages:${PYTHONPATH} /usr/bin/python3 -W ignore:setup.py install is deprecated -W ignore:easy_install command is deprecated setup.py develop --editable --build-directory /home/name/kd1_ws/build/kd1_locomotion/build --no-deps symlink_data
