[0.134s] Invoking command in '/home/name/kd1_ws/build/kd1_bringup': CMAKE_PREFIX_PATH=${CMAKE_PREFIX_PATH}:/home/name/kd1_ws/install/main_pkg_python:/home/name/machine2_ws/install/machine2_servo_interface:/home/name/ros2_ws/install/main_pkg:/opt/ros/humble /usr/bin/cmake --build /home/name/kd1_ws/build/kd1_bringup -- -j4 -l4
[2.888s] Invoked command in '/home/name/kd1_ws/build/kd1_bringup' returned '0': CMAKE_PREFIX_PATH=${CMAKE_PREFIX_PATH}:/home/name/kd1_ws/install/main_pkg_python:/home/name/machine2_ws/install/machine2_servo_interface:/home/name/ros2_ws/install/main_pkg:/opt/ros/humble /usr/bin/cmake --build /home/name/kd1_ws/build/kd1_bringup -- -j4 -l4
[2.937s] Invoking command in '/home/name/kd1_ws/build/kd1_bringup': CMAKE_PREFIX_PATH=${CMAKE_PREFIX_PATH}:/home/name/kd1_ws/install/main_pkg_python:/home/name/machine2_ws/install/machine2_servo_interface:/home/name/ros2_ws/install/main_pkg:/opt/ros/humble /usr/bin/cmake --install /home/name/kd1_ws/build/kd1_bringup
[2.973s] -- Install configuration: ""
[2.977s] -- Execute custom install script
[2.983s] -- Up-to-date symlink: /home/name/kd1_ws/install/kd1_bringup/share/kd1_bringup/launch/kd1.launch.py
[2.987s] -- Up-to-date symlink: /home/name/kd1_ws/install/kd1_bringup/share/ament_index/resource_index/package_run_dependencies/kd1_bringup
[2.991s] -- Up-to-date symlink: /home/name/kd1_ws/install/kd1_bringup/share/ament_index/resource_index/parent_prefix_path/kd1_bringup
[2.993s] -- Up-to-date symlink: /home/name/kd1_ws/install/kd1_bringup/share/kd1_bringup/environment/ament_prefix_path.sh
[2.997s] -- Up-to-date symlink: /home/name/kd1_ws/install/kd1_bringup/share/kd1_bringup/environment/ament_prefix_path.dsv
[3.001s] -- Up-to-date symlink: /home/name/kd1_ws/install/kd1_bringup/share/kd1_bringup/environment/path.sh
[3.004s] -- Up-to-date symlink: /home/name/kd1_ws/install/kd1_bringup/share/kd1_bringup/environment/path.dsv
[3.007s] -- Up-to-date symlink: /home/name/kd1_ws/install/kd1_bringup/share/kd1_bringup/local_setup.bash
[3.010s] -- Up-to-date symlink: /home/name/kd1_ws/install/kd1_bringup/share/kd1_bringup/local_setup.sh
[3.014s] -- Up-to-date symlink: /home/name/kd1_ws/install/kd1_bringup/share/kd1_bringup/local_setup.zsh
[3.018s] -- Up-to-date symlink: /home/name/kd1_ws/install/kd1_bringup/share/kd1_bringup/local_setup.dsv
[3.021s] -- Symlinking: /home/name/kd1_ws/install/kd1_bringup/share/kd1_bringup/package.dsv
[3.039s] -- Up-to-date symlink: /home/name/kd1_ws/install/kd1_bringup/share/ament_index/resource_index/packages/kd1_bringup
[3.043s] -- Up-to-date symlink: /home/name/kd1_ws/install/kd1_bringup/share/kd1_bringup/cmake/kd1_bringupConfig.cmake
[3.046s] -- Up-to-date symlink: /home/name/kd1_ws/install/kd1_bringup/share/kd1_bringup/cmake/kd1_bringupConfig-version.cmake
[3.050s] -- Up-to-date symlink: /home/name/kd1_ws/install/kd1_bringup/share/kd1_bringup/package.xml
[3.053s] Invoked command in '/home/name/kd1_ws/build/kd1_bringup' returned '0': CMAKE_PREFIX_PATH=${CMAKE_PREFIX_PATH}:/home/name/kd1_ws/install/main_pkg_python:/home/name/machine2_ws/install/machine2_servo_interface:/home/name/ros2_ws/install/main_pkg:/opt/ros/humble /usr/bin/cmake --install /home/name/kd1_ws/build/kd1_bringup
