[0.530s] DEBUG:colcon:Command line arguments: ['/usr/bin/colcon', 'build', '--packages-select', 'kd1_cpp_nodes', '--symlink-install']
[0.531s] DEBUG:colcon:Parsed command line arguments: Namespace(log_base=None, log_level=None, verb_name='build', build_base='build', install_base='install', merge_install=False, symlink_install=True, test_result_base=None, continue_on_error=False, executor='parallel', parallel_workers=4, event_handlers=None, ignore_user_meta=False, metas=['./colcon.meta'], base_paths=['.'], packages_ignore=None, packages_ignore_regex=None, paths=None, packages_up_to=None, packages_up_to_regex=None, packages_above=None, packages_above_and_dependencies=None, packages_above_depth=None, packages_select_by_dep=None, packages_skip_by_dep=None, packages_skip_up_to=None, packages_select_build_failed=False, packages_skip_build_finished=False, packages_select_test_failures=False, packages_skip_test_passed=False, packages_select=['kd1_cpp_nodes'], packages_skip=None, packages_select_regex=None, packages_skip_regex=None, packages_start=None, packages_end=None, allow_overriding=[], cmake_args=None, cmake_target=None, cmake_target_skip_unavailable=False, cmake_clean_cache=False, cmake_clean_first=False, cmake_force_configure=False, ament_cmake_args=None, catkin_cmake_args=None, catkin_skip_building_tests=False, mixin_files=None, mixin=None, verb_parser=<colcon_mixin.mixin.mixin_argument.MixinArgumentDecorator object at 0xffff87646140>, verb_extension=<colcon_core.verb.build.BuildVerb object at 0xffff87645c00>, main=<bound method BuildVerb.main of <colcon_core.verb.build.BuildVerb object at 0xffff87645c00>>, mixin_verb=('build',))
[1.592s] Level 1:colcon.colcon_core.package_discovery:discover_packages(colcon_meta) check parameters
[1.593s] Level 1:colcon.colcon_core.package_discovery:discover_packages(recursive) check parameters
[1.593s] Level 1:colcon.colcon_core.package_discovery:discover_packages(ignore) check parameters
[1.593s] Level 1:colcon.colcon_core.package_discovery:discover_packages(path) check parameters
[1.593s] Level 1:colcon.colcon_core.package_discovery:discover_packages(colcon_meta) discover
[1.593s] Level 1:colcon.colcon_core.package_discovery:discover_packages(recursive) discover
[1.594s] INFO:colcon.colcon_core.package_discovery:Crawling recursively for packages in '/home/name/kd1_ws'
[1.594s] Level 1:colcon.colcon_core.package_identification:_identify(.) by extensions ['ignore', 'ignore_ament_install']
[1.594s] Level 1:colcon.colcon_core.package_identification:_identify(.) by extension 'ignore'
[1.595s] Level 1:colcon.colcon_core.package_identification:_identify(.) by extension 'ignore_ament_install'
[1.595s] Level 1:colcon.colcon_core.package_identification:_identify(.) by extensions ['colcon_pkg']
[1.595s] Level 1:colcon.colcon_core.package_identification:_identify(.) by extension 'colcon_pkg'
[1.595s] Level 1:colcon.colcon_core.package_identification:_identify(.) by extensions ['colcon_meta']
[1.595s] Level 1:colcon.colcon_core.package_identification:_identify(.) by extension 'colcon_meta'
[1.596s] Level 1:colcon.colcon_core.package_identification:_identify(.) by extensions ['ros']
[1.596s] Level 1:colcon.colcon_core.package_identification:_identify(.) by extension 'ros'
[1.682s] Level 1:colcon.colcon_core.package_identification:_identify(.) by extensions ['cmake', 'python']
[1.682s] Level 1:colcon.colcon_core.package_identification:_identify(.) by extension 'cmake'
[1.683s] Level 1:colcon.colcon_core.package_identification:_identify(.) by extension 'python'
[1.683s] Level 1:colcon.colcon_core.package_identification:_identify(.) by extensions ['python_setup_py']
[1.683s] Level 1:colcon.colcon_core.package_identification:_identify(.) by extension 'python_setup_py'
[1.684s] Level 1:colcon.colcon_core.package_identification:_identify(build) by extensions ['ignore', 'ignore_ament_install']
[1.684s] Level 1:colcon.colcon_core.package_identification:_identify(build) by extension 'ignore'
[1.685s] Level 1:colcon.colcon_core.package_identification:_identify(build) ignored
[1.685s] Level 1:colcon.colcon_core.package_identification:_identify(install) by extensions ['ignore', 'ignore_ament_install']
[1.686s] Level 1:colcon.colcon_core.package_identification:_identify(install) by extension 'ignore'
[1.686s] Level 1:colcon.colcon_core.package_identification:_identify(install) ignored
[1.688s] Level 1:colcon.colcon_core.package_identification:_identify(log) by extensions ['ignore', 'ignore_ament_install']
[1.688s] Level 1:colcon.colcon_core.package_identification:_identify(log) by extension 'ignore'
[1.689s] Level 1:colcon.colcon_core.package_identification:_identify(log) ignored
[1.689s] Level 1:colcon.colcon_core.package_identification:_identify(src) by extensions ['ignore', 'ignore_ament_install']
[1.690s] Level 1:colcon.colcon_core.package_identification:_identify(src) by extension 'ignore'
[1.690s] Level 1:colcon.colcon_core.package_identification:_identify(src) by extension 'ignore_ament_install'
[1.690s] Level 1:colcon.colcon_core.package_identification:_identify(src) by extensions ['colcon_pkg']
[1.690s] Level 1:colcon.colcon_core.package_identification:_identify(src) by extension 'colcon_pkg'
[1.690s] Level 1:colcon.colcon_core.package_identification:_identify(src) by extensions ['colcon_meta']
[1.690s] Level 1:colcon.colcon_core.package_identification:_identify(src) by extension 'colcon_meta'
[1.691s] Level 1:colcon.colcon_core.package_identification:_identify(src) by extensions ['ros']
[1.691s] Level 1:colcon.colcon_core.package_identification:_identify(src) by extension 'ros'
[1.691s] Level 1:colcon.colcon_core.package_identification:_identify(src) by extensions ['cmake', 'python']
[1.691s] Level 1:colcon.colcon_core.package_identification:_identify(src) by extension 'cmake'
[1.691s] Level 1:colcon.colcon_core.package_identification:_identify(src) by extension 'python'
[1.692s] Level 1:colcon.colcon_core.package_identification:_identify(src) by extensions ['python_setup_py']
[1.692s] Level 1:colcon.colcon_core.package_identification:_identify(src) by extension 'python_setup_py'
[1.692s] Level 1:colcon.colcon_core.package_identification:_identify(src/custom_interfaces) by extensions ['ignore', 'ignore_ament_install']
[1.693s] Level 1:colcon.colcon_core.package_identification:_identify(src/custom_interfaces) by extension 'ignore'
[1.693s] Level 1:colcon.colcon_core.package_identification:_identify(src/custom_interfaces) by extension 'ignore_ament_install'
[1.693s] Level 1:colcon.colcon_core.package_identification:_identify(src/custom_interfaces) by extensions ['colcon_pkg']
[1.693s] Level 1:colcon.colcon_core.package_identification:_identify(src/custom_interfaces) by extension 'colcon_pkg'
[1.693s] Level 1:colcon.colcon_core.package_identification:_identify(src/custom_interfaces) by extensions ['colcon_meta']
[1.694s] Level 1:colcon.colcon_core.package_identification:_identify(src/custom_interfaces) by extension 'colcon_meta'
[1.694s] Level 1:colcon.colcon_core.package_identification:_identify(src/custom_interfaces) by extensions ['ros']
[1.694s] Level 1:colcon.colcon_core.package_identification:_identify(src/custom_interfaces) by extension 'ros'
[1.703s] DEBUG:colcon.colcon_core.package_identification:Package 'src/custom_interfaces' with type 'ros.ament_cmake' and name 'custom_interfaces'
[1.703s] Level 1:colcon.colcon_core.package_identification:_identify(src/kd1_bringup) by extensions ['ignore', 'ignore_ament_install']
[1.704s] Level 1:colcon.colcon_core.package_identification:_identify(src/kd1_bringup) by extension 'ignore'
[1.704s] Level 1:colcon.colcon_core.package_identification:_identify(src/kd1_bringup) by extension 'ignore_ament_install'
[1.704s] Level 1:colcon.colcon_core.package_identification:_identify(src/kd1_bringup) by extensions ['colcon_pkg']
[1.705s] Level 1:colcon.colcon_core.package_identification:_identify(src/kd1_bringup) by extension 'colcon_pkg'
[1.705s] Level 1:colcon.colcon_core.package_identification:_identify(src/kd1_bringup) by extensions ['colcon_meta']
[1.705s] Level 1:colcon.colcon_core.package_identification:_identify(src/kd1_bringup) by extension 'colcon_meta'
[1.705s] Level 1:colcon.colcon_core.package_identification:_identify(src/kd1_bringup) by extensions ['ros']
[1.705s] Level 1:colcon.colcon_core.package_identification:_identify(src/kd1_bringup) by extension 'ros'
[1.707s] DEBUG:colcon.colcon_core.package_identification:Package 'src/kd1_bringup' with type 'ros.ament_cmake' and name 'kd1_bringup'
[1.708s] Level 1:colcon.colcon_core.package_identification:_identify(src/kd1_central_processing) by extensions ['ignore', 'ignore_ament_install']
[1.709s] Level 1:colcon.colcon_core.package_identification:_identify(src/kd1_central_processing) by extension 'ignore'
[1.709s] Level 1:colcon.colcon_core.package_identification:_identify(src/kd1_central_processing) by extension 'ignore_ament_install'
[1.709s] Level 1:colcon.colcon_core.package_identification:_identify(src/kd1_central_processing) by extensions ['colcon_pkg']
[1.709s] Level 1:colcon.colcon_core.package_identification:_identify(src/kd1_central_processing) by extension 'colcon_pkg'
[1.709s] Level 1:colcon.colcon_core.package_identification:_identify(src/kd1_central_processing) by extensions ['colcon_meta']
[1.710s] Level 1:colcon.colcon_core.package_identification:_identify(src/kd1_central_processing) by extension 'colcon_meta'
[1.710s] Level 1:colcon.colcon_core.package_identification:_identify(src/kd1_central_processing) by extensions ['ros']
[1.710s] Level 1:colcon.colcon_core.package_identification:_identify(src/kd1_central_processing) by extension 'ros'
[1.712s] DEBUG:colcon.colcon_core.package_identification:Package 'src/kd1_central_processing' with type 'ros.ament_python' and name 'kd1_central_processing'
[1.713s] Level 1:colcon.colcon_core.package_identification:_identify(src/kd1_cpp_nodes) by extensions ['ignore', 'ignore_ament_install']
[1.713s] Level 1:colcon.colcon_core.package_identification:_identify(src/kd1_cpp_nodes) by extension 'ignore'
[1.714s] Level 1:colcon.colcon_core.package_identification:_identify(src/kd1_cpp_nodes) by extension 'ignore_ament_install'
[1.714s] Level 1:colcon.colcon_core.package_identification:_identify(src/kd1_cpp_nodes) by extensions ['colcon_pkg']
[1.714s] Level 1:colcon.colcon_core.package_identification:_identify(src/kd1_cpp_nodes) by extension 'colcon_pkg'
[1.714s] Level 1:colcon.colcon_core.package_identification:_identify(src/kd1_cpp_nodes) by extensions ['colcon_meta']
[1.714s] Level 1:colcon.colcon_core.package_identification:_identify(src/kd1_cpp_nodes) by extension 'colcon_meta'
[1.715s] Level 1:colcon.colcon_core.package_identification:_identify(src/kd1_cpp_nodes) by extensions ['ros']
[1.715s] Level 1:colcon.colcon_core.package_identification:_identify(src/kd1_cpp_nodes) by extension 'ros'
[1.718s] DEBUG:colcon.colcon_core.package_identification:Package 'src/kd1_cpp_nodes' with type 'ros.ament_cmake' and name 'kd1_cpp_nodes'
[1.719s] Level 1:colcon.colcon_core.package_identification:_identify(src/kd1_depth) by extensions ['ignore', 'ignore_ament_install']
[1.719s] Level 1:colcon.colcon_core.package_identification:_identify(src/kd1_depth) by extension 'ignore'
[1.720s] Level 1:colcon.colcon_core.package_identification:_identify(src/kd1_depth) by extension 'ignore_ament_install'
[1.720s] Level 1:colcon.colcon_core.package_identification:_identify(src/kd1_depth) by extensions ['colcon_pkg']
[1.720s] Level 1:colcon.colcon_core.package_identification:_identify(src/kd1_depth) by extension 'colcon_pkg'
[1.721s] Level 1:colcon.colcon_core.package_identification:_identify(src/kd1_depth) by extensions ['colcon_meta']
[1.721s] Level 1:colcon.colcon_core.package_identification:_identify(src/kd1_depth) by extension 'colcon_meta'
[1.721s] Level 1:colcon.colcon_core.package_identification:_identify(src/kd1_depth) by extensions ['ros']
[1.722s] Level 1:colcon.colcon_core.package_identification:_identify(src/kd1_depth) by extension 'ros'
[1.724s] DEBUG:colcon.colcon_core.package_identification:Package 'src/kd1_depth' with type 'ros.ament_python' and name 'kd1_depth'
[1.725s] Level 1:colcon.colcon_core.package_identification:_identify(src/kd1_description) by extensions ['ignore', 'ignore_ament_install']
[1.726s] Level 1:colcon.colcon_core.package_identification:_identify(src/kd1_description) by extension 'ignore'
[1.726s] Level 1:colcon.colcon_core.package_identification:_identify(src/kd1_description) by extension 'ignore_ament_install'
[1.726s] Level 1:colcon.colcon_core.package_identification:_identify(src/kd1_description) by extensions ['colcon_pkg']
[1.727s] Level 1:colcon.colcon_core.package_identification:_identify(src/kd1_description) by extension 'colcon_pkg'
[1.727s] Level 1:colcon.colcon_core.package_identification:_identify(src/kd1_description) by extensions ['colcon_meta']
[1.727s] Level 1:colcon.colcon_core.package_identification:_identify(src/kd1_description) by extension 'colcon_meta'
[1.728s] Level 1:colcon.colcon_core.package_identification:_identify(src/kd1_description) by extensions ['ros']
[1.728s] Level 1:colcon.colcon_core.package_identification:_identify(src/kd1_description) by extension 'ros'
[1.731s] DEBUG:colcon.colcon_core.package_identification:Package 'src/kd1_description' with type 'ros.ament_cmake' and name 'kd1_description'
[1.731s] Level 1:colcon.colcon_core.package_identification:_identify(src/kd1_locomotion) by extensions ['ignore', 'ignore_ament_install']
[1.732s] Level 1:colcon.colcon_core.package_identification:_identify(src/kd1_locomotion) by extension 'ignore'
[1.732s] Level 1:colcon.colcon_core.package_identification:_identify(src/kd1_locomotion) by extension 'ignore_ament_install'
[1.732s] Level 1:colcon.colcon_core.package_identification:_identify(src/kd1_locomotion) by extensions ['colcon_pkg']
[1.733s] Level 1:colcon.colcon_core.package_identification:_identify(src/kd1_locomotion) by extension 'colcon_pkg'
[1.733s] Level 1:colcon.colcon_core.package_identification:_identify(src/kd1_locomotion) by extensions ['colcon_meta']
[1.733s] Level 1:colcon.colcon_core.package_identification:_identify(src/kd1_locomotion) by extension 'colcon_meta'
[1.733s] Level 1:colcon.colcon_core.package_identification:_identify(src/kd1_locomotion) by extensions ['ros']
[1.733s] Level 1:colcon.colcon_core.package_identification:_identify(src/kd1_locomotion) by extension 'ros'
[1.736s] DEBUG:colcon.colcon_core.package_identification:Package 'src/kd1_locomotion' with type 'ros.ament_python' and name 'kd1_locomotion'
[1.737s] Level 1:colcon.colcon_core.package_identification:_identify(src/kd1_sensors) by extensions ['ignore', 'ignore_ament_install']
[1.737s] Level 1:colcon.colcon_core.package_identification:_identify(src/kd1_sensors) by extension 'ignore'
[1.737s] Level 1:colcon.colcon_core.package_identification:_identify(src/kd1_sensors) by extension 'ignore_ament_install'
[1.738s] Level 1:colcon.colcon_core.package_identification:_identify(src/kd1_sensors) by extensions ['colcon_pkg']
[1.738s] Level 1:colcon.colcon_core.package_identification:_identify(src/kd1_sensors) by extension 'colcon_pkg'
[1.738s] Level 1:colcon.colcon_core.package_identification:_identify(src/kd1_sensors) by extensions ['colcon_meta']
[1.738s] Level 1:colcon.colcon_core.package_identification:_identify(src/kd1_sensors) by extension 'colcon_meta'
[1.738s] Level 1:colcon.colcon_core.package_identification:_identify(src/kd1_sensors) by extensions ['ros']
[1.738s] Level 1:colcon.colcon_core.package_identification:_identify(src/kd1_sensors) by extension 'ros'
[1.741s] DEBUG:colcon.colcon_core.package_identification:Package 'src/kd1_sensors' with type 'ros.ament_python' and name 'kd1_sensors'
[1.741s] Level 1:colcon.colcon_core.package_identification:_identify(src/kd1_utility_nodes) by extensions ['ignore', 'ignore_ament_install']
[1.742s] Level 1:colcon.colcon_core.package_identification:_identify(src/kd1_utility_nodes) by extension 'ignore'
[1.742s] Level 1:colcon.colcon_core.package_identification:_identify(src/kd1_utility_nodes) by extension 'ignore_ament_install'
[1.742s] Level 1:colcon.colcon_core.package_identification:_identify(src/kd1_utility_nodes) by extensions ['colcon_pkg']
[1.742s] Level 1:colcon.colcon_core.package_identification:_identify(src/kd1_utility_nodes) by extension 'colcon_pkg'
[1.743s] Level 1:colcon.colcon_core.package_identification:_identify(src/kd1_utility_nodes) by extensions ['colcon_meta']
[1.743s] Level 1:colcon.colcon_core.package_identification:_identify(src/kd1_utility_nodes) by extension 'colcon_meta'
[1.743s] Level 1:colcon.colcon_core.package_identification:_identify(src/kd1_utility_nodes) by extensions ['ros']
[1.743s] Level 1:colcon.colcon_core.package_identification:_identify(src/kd1_utility_nodes) by extension 'ros'
[1.746s] DEBUG:colcon.colcon_core.package_identification:Package 'src/kd1_utility_nodes' with type 'ros.ament_python' and name 'kd1_utility_nodes'
[1.746s] Level 1:colcon.colcon_core.package_discovery:discover_packages(recursive) using defaults
[1.746s] Level 1:colcon.colcon_core.package_discovery:discover_packages(ignore) discover
[1.746s] Level 1:colcon.colcon_core.package_discovery:discover_packages(ignore) using defaults
[1.746s] Level 1:colcon.colcon_core.package_discovery:discover_packages(path) discover
[1.746s] Level 1:colcon.colcon_core.package_discovery:discover_packages(path) using defaults
[1.834s] INFO:colcon.colcon_core.package_selection:Skipping not selected package 'custom_interfaces' in 'src/custom_interfaces'
[1.834s] INFO:colcon.colcon_core.package_selection:Skipping not selected package 'kd1_bringup' in 'src/kd1_bringup'
[1.834s] INFO:colcon.colcon_core.package_selection:Skipping not selected package 'kd1_central_processing' in 'src/kd1_central_processing'
[1.834s] INFO:colcon.colcon_core.package_selection:Skipping not selected package 'kd1_depth' in 'src/kd1_depth'
[1.834s] INFO:colcon.colcon_core.package_selection:Skipping not selected package 'kd1_description' in 'src/kd1_description'
[1.834s] INFO:colcon.colcon_core.package_selection:Skipping not selected package 'kd1_locomotion' in 'src/kd1_locomotion'
[1.834s] INFO:colcon.colcon_core.package_selection:Skipping not selected package 'kd1_sensors' in 'src/kd1_sensors'
[1.835s] INFO:colcon.colcon_core.package_selection:Skipping not selected package 'kd1_utility_nodes' in 'src/kd1_utility_nodes'
[1.836s] Level 1:colcon.colcon_core.package_discovery:discover_packages(prefix_path) check parameters
[1.837s] Level 1:colcon.colcon_core.package_discovery:discover_packages(prefix_path) discover
[1.851s] DEBUG:colcon.colcon_installed_package_information.package_discovery:Found 11 installed packages in /home/name/kd1_ws/install
[1.854s] DEBUG:colcon.colcon_installed_package_information.package_discovery:Found 7 installed packages in /home/name/machine2_ws/install
[1.868s] DEBUG:colcon.colcon_installed_package_information.package_discovery:Found 423 installed packages in /opt/ros/humble
[1.881s] Level 1:colcon.colcon_core.package_discovery:discover_packages(prefix_path) using defaults
[2.124s] Level 5:colcon.colcon_core.verb:set package 'kd1_cpp_nodes' build argument 'cmake_args' from command line to 'None'
[2.124s] Level 5:colcon.colcon_core.verb:set package 'kd1_cpp_nodes' build argument 'cmake_target' from command line to 'None'
[2.124s] Level 5:colcon.colcon_core.verb:set package 'kd1_cpp_nodes' build argument 'cmake_target_skip_unavailable' from command line to 'False'
[2.124s] Level 5:colcon.colcon_core.verb:set package 'kd1_cpp_nodes' build argument 'cmake_clean_cache' from command line to 'False'
[2.125s] Level 5:colcon.colcon_core.verb:set package 'kd1_cpp_nodes' build argument 'cmake_clean_first' from command line to 'False'
[2.125s] Level 5:colcon.colcon_core.verb:set package 'kd1_cpp_nodes' build argument 'cmake_force_configure' from command line to 'False'
[2.125s] Level 5:colcon.colcon_core.verb:set package 'kd1_cpp_nodes' build argument 'ament_cmake_args' from command line to 'None'
[2.125s] Level 5:colcon.colcon_core.verb:set package 'kd1_cpp_nodes' build argument 'catkin_cmake_args' from command line to 'None'
[2.125s] Level 5:colcon.colcon_core.verb:set package 'kd1_cpp_nodes' build argument 'catkin_skip_building_tests' from command line to 'False'
[2.125s] DEBUG:colcon.colcon_core.verb:Building package 'kd1_cpp_nodes' with the following arguments: {'ament_cmake_args': None, 'build_base': '/home/name/kd1_ws/build/kd1_cpp_nodes', 'catkin_cmake_args': None, 'catkin_skip_building_tests': False, 'cmake_args': None, 'cmake_clean_cache': False, 'cmake_clean_first': False, 'cmake_force_configure': False, 'cmake_target': None, 'cmake_target_skip_unavailable': False, 'install_base': '/home/name/kd1_ws/install/kd1_cpp_nodes', 'merge_install': False, 'path': '/home/name/kd1_ws/src/kd1_cpp_nodes', 'symlink_install': True, 'test_result_base': None}
[2.126s] INFO:colcon.colcon_core.executor:Executing jobs using 'parallel' executor
[2.129s] DEBUG:colcon.colcon_parallel_executor.executor.parallel:run_until_complete
[2.130s] INFO:colcon.colcon_ros.task.ament_cmake.build:Building ROS package in '/home/name/kd1_ws/src/kd1_cpp_nodes' with build type 'ament_cmake'
[2.131s] INFO:colcon.colcon_cmake.task.cmake.build:Building CMake package in '/home/name/kd1_ws/src/kd1_cpp_nodes'
[2.143s] INFO:colcon.colcon_core.plugin_system:Skipping extension 'colcon_core.shell.bat': Not used on non-Windows systems
[2.144s] INFO:colcon.colcon_core.shell:Skip shell extension 'powershell' for command environment: Not usable outside of PowerShell
[2.144s] DEBUG:colcon.colcon_core.shell:Skip shell extension 'dsv' for command environment
[2.201s] DEBUG:colcon.colcon_core.event_handler.log_command:Invoking command in '/home/name/kd1_ws/build/kd1_cpp_nodes': CMAKE_PREFIX_PATH=${CMAKE_PREFIX_PATH}:/home/name/kd1_ws/install/main_pkg_python:/home/name/kd1_ws/install/kd1_utility_nodes:/home/name/kd1_ws/install/kd1_sensors:/home/name/kd1_ws/install/kd1_locomotion:/home/name/kd1_ws/install/kd1_depth:/home/name/kd1_ws/install/kd1_central_processing:/home/name/machine2_ws/install/machine2_servo_interface:/opt/ros/humble /usr/bin/cmake --build /home/name/kd1_ws/build/kd1_cpp_nodes -- -j4 -l4
[53.893s] DEBUG:colcon.colcon_core.event_handler.log_command:Invoked command in '/home/name/kd1_ws/build/kd1_cpp_nodes' returned '0': CMAKE_PREFIX_PATH=${CMAKE_PREFIX_PATH}:/home/name/kd1_ws/install/main_pkg_python:/home/name/kd1_ws/install/kd1_utility_nodes:/home/name/kd1_ws/install/kd1_sensors:/home/name/kd1_ws/install/kd1_locomotion:/home/name/kd1_ws/install/kd1_depth:/home/name/kd1_ws/install/kd1_central_processing:/home/name/machine2_ws/install/machine2_servo_interface:/opt/ros/humble /usr/bin/cmake --build /home/name/kd1_ws/build/kd1_cpp_nodes -- -j4 -l4
[53.943s] DEBUG:colcon.colcon_core.event_handler.log_command:Invoking command in '/home/name/kd1_ws/build/kd1_cpp_nodes': CMAKE_PREFIX_PATH=${CMAKE_PREFIX_PATH}:/home/name/kd1_ws/install/main_pkg_python:/home/name/kd1_ws/install/kd1_utility_nodes:/home/name/kd1_ws/install/kd1_sensors:/home/name/kd1_ws/install/kd1_locomotion:/home/name/kd1_ws/install/kd1_depth:/home/name/kd1_ws/install/kd1_central_processing:/home/name/machine2_ws/install/machine2_servo_interface:/opt/ros/humble /usr/bin/cmake --install /home/name/kd1_ws/build/kd1_cpp_nodes
[54.035s] Level 1:colcon.colcon_core.environment:create_environment_scripts_only(kd1_cpp_nodes)
[54.037s] DEBUG:colcon.colcon_core.event_handler.log_command:Invoked command in '/home/name/kd1_ws/build/kd1_cpp_nodes' returned '0': CMAKE_PREFIX_PATH=${CMAKE_PREFIX_PATH}:/home/name/kd1_ws/install/main_pkg_python:/home/name/kd1_ws/install/kd1_utility_nodes:/home/name/kd1_ws/install/kd1_sensors:/home/name/kd1_ws/install/kd1_locomotion:/home/name/kd1_ws/install/kd1_depth:/home/name/kd1_ws/install/kd1_central_processing:/home/name/machine2_ws/install/machine2_servo_interface:/opt/ros/humble /usr/bin/cmake --install /home/name/kd1_ws/build/kd1_cpp_nodes
[54.050s] Level 1:colcon.colcon_core.environment:checking '/home/name/kd1_ws/install/kd1_cpp_nodes' for CMake module files
[54.053s] Level 1:colcon.colcon_core.environment:checking '/home/name/kd1_ws/install/kd1_cpp_nodes' for CMake config files
[54.055s] Level 1:colcon.colcon_core.shell:create_environment_hook('kd1_cpp_nodes', 'cmake_prefix_path')
[54.056s] INFO:colcon.colcon_core.shell:Creating environment hook '/home/name/kd1_ws/install/kd1_cpp_nodes/share/kd1_cpp_nodes/hook/cmake_prefix_path.ps1'
[54.059s] INFO:colcon.colcon_core.shell:Creating environment descriptor '/home/name/kd1_ws/install/kd1_cpp_nodes/share/kd1_cpp_nodes/hook/cmake_prefix_path.dsv'
[54.061s] INFO:colcon.colcon_core.shell:Creating environment hook '/home/name/kd1_ws/install/kd1_cpp_nodes/share/kd1_cpp_nodes/hook/cmake_prefix_path.sh'
[54.065s] Level 1:colcon.colcon_core.environment:checking '/home/name/kd1_ws/install/kd1_cpp_nodes/lib'
[54.066s] Level 1:colcon.colcon_core.environment:checking '/home/name/kd1_ws/install/kd1_cpp_nodes/bin'
[54.067s] Level 1:colcon.colcon_core.environment:checking '/home/name/kd1_ws/install/kd1_cpp_nodes/lib/pkgconfig/kd1_cpp_nodes.pc'
[54.067s] Level 1:colcon.colcon_core.environment:checking '/home/name/kd1_ws/install/kd1_cpp_nodes/lib/python3.10/site-packages'
[54.069s] Level 1:colcon.colcon_core.environment:checking '/home/name/kd1_ws/install/kd1_cpp_nodes/bin'
[54.070s] INFO:colcon.colcon_core.shell:Creating package script '/home/name/kd1_ws/install/kd1_cpp_nodes/share/kd1_cpp_nodes/package.ps1'
[54.073s] INFO:colcon.colcon_core.shell:Creating package descriptor '/home/name/kd1_ws/install/kd1_cpp_nodes/share/kd1_cpp_nodes/package.dsv'
[54.076s] INFO:colcon.colcon_core.shell:Creating package script '/home/name/kd1_ws/install/kd1_cpp_nodes/share/kd1_cpp_nodes/package.sh'
[54.080s] INFO:colcon.colcon_core.shell:Creating package script '/home/name/kd1_ws/install/kd1_cpp_nodes/share/kd1_cpp_nodes/package.bash'
[54.084s] INFO:colcon.colcon_core.shell:Creating package script '/home/name/kd1_ws/install/kd1_cpp_nodes/share/kd1_cpp_nodes/package.zsh'
[54.087s] Level 1:colcon.colcon_core.environment:create_file_with_runtime_dependencies(/home/name/kd1_ws/install/kd1_cpp_nodes/share/colcon-core/packages/kd1_cpp_nodes)
[54.090s] Level 1:colcon.colcon_core.environment:create_environment_scripts_only(kd1_cpp_nodes)
[54.091s] Level 1:colcon.colcon_core.environment:checking '/home/name/kd1_ws/install/kd1_cpp_nodes' for CMake module files
[54.094s] Level 1:colcon.colcon_core.environment:checking '/home/name/kd1_ws/install/kd1_cpp_nodes' for CMake config files
[54.096s] Level 1:colcon.colcon_core.shell:create_environment_hook('kd1_cpp_nodes', 'cmake_prefix_path')
[54.097s] INFO:colcon.colcon_core.shell:Creating environment hook '/home/name/kd1_ws/install/kd1_cpp_nodes/share/kd1_cpp_nodes/hook/cmake_prefix_path.ps1'
[54.099s] INFO:colcon.colcon_core.shell:Creating environment descriptor '/home/name/kd1_ws/install/kd1_cpp_nodes/share/kd1_cpp_nodes/hook/cmake_prefix_path.dsv'
[54.101s] INFO:colcon.colcon_core.shell:Creating environment hook '/home/name/kd1_ws/install/kd1_cpp_nodes/share/kd1_cpp_nodes/hook/cmake_prefix_path.sh'
[54.104s] Level 1:colcon.colcon_core.environment:checking '/home/name/kd1_ws/install/kd1_cpp_nodes/lib'
[54.105s] Level 1:colcon.colcon_core.environment:checking '/home/name/kd1_ws/install/kd1_cpp_nodes/bin'
[54.105s] Level 1:colcon.colcon_core.environment:checking '/home/name/kd1_ws/install/kd1_cpp_nodes/lib/pkgconfig/kd1_cpp_nodes.pc'
[54.106s] Level 1:colcon.colcon_core.environment:checking '/home/name/kd1_ws/install/kd1_cpp_nodes/lib/python3.10/site-packages'
[54.107s] Level 1:colcon.colcon_core.environment:checking '/home/name/kd1_ws/install/kd1_cpp_nodes/bin'
[54.108s] INFO:colcon.colcon_core.shell:Creating package script '/home/name/kd1_ws/install/kd1_cpp_nodes/share/kd1_cpp_nodes/package.ps1'
[54.111s] INFO:colcon.colcon_core.shell:Creating package descriptor '/home/name/kd1_ws/install/kd1_cpp_nodes/share/kd1_cpp_nodes/package.dsv'
[54.113s] INFO:colcon.colcon_core.shell:Creating package script '/home/name/kd1_ws/install/kd1_cpp_nodes/share/kd1_cpp_nodes/package.sh'
[54.115s] INFO:colcon.colcon_core.shell:Creating package script '/home/name/kd1_ws/install/kd1_cpp_nodes/share/kd1_cpp_nodes/package.bash'
[54.118s] INFO:colcon.colcon_core.shell:Creating package script '/home/name/kd1_ws/install/kd1_cpp_nodes/share/kd1_cpp_nodes/package.zsh'
[54.120s] Level 1:colcon.colcon_core.environment:create_file_with_runtime_dependencies(/home/name/kd1_ws/install/kd1_cpp_nodes/share/colcon-core/packages/kd1_cpp_nodes)
[54.122s] DEBUG:colcon.colcon_parallel_executor.executor.parallel:closing loop
[54.123s] DEBUG:colcon.colcon_parallel_executor.executor.parallel:loop closed
[54.123s] DEBUG:colcon.colcon_parallel_executor.executor.parallel:run_until_complete finished with '0'
[54.123s] DEBUG:colcon.colcon_core.event_reactor:joining thread
[54.149s] INFO:colcon.colcon_core.plugin_system:Skipping extension 'colcon_notification.desktop_notification.terminal_notifier': Not used on non-Darwin systems
[54.150s] INFO:colcon.colcon_core.plugin_system:Skipping extension 'colcon_notification.desktop_notification.win32': Not used on non-Windows systems
[54.150s] INFO:colcon.colcon_notification.desktop_notification:Sending desktop notification using 'notify2'
[54.197s] DEBUG:colcon.colcon_core.event_reactor:joined thread
[54.198s] INFO:colcon.colcon_core.shell:Creating prefix script '/home/name/kd1_ws/install/local_setup.ps1'
[54.202s] INFO:colcon.colcon_core.shell:Creating prefix util module '/home/name/kd1_ws/install/_local_setup_util_ps1.py'
[54.209s] INFO:colcon.colcon_core.shell:Creating prefix chain script '/home/name/kd1_ws/install/setup.ps1'
[54.220s] INFO:colcon.colcon_core.shell:Creating prefix script '/home/name/kd1_ws/install/local_setup.sh'
[54.223s] INFO:colcon.colcon_core.shell:Creating prefix util module '/home/name/kd1_ws/install/_local_setup_util_sh.py'
[54.226s] INFO:colcon.colcon_core.shell:Creating prefix chain script '/home/name/kd1_ws/install/setup.sh'
[54.235s] INFO:colcon.colcon_core.shell:Creating prefix script '/home/name/kd1_ws/install/local_setup.bash'
[54.238s] INFO:colcon.colcon_core.shell:Creating prefix chain script '/home/name/kd1_ws/install/setup.bash'
[54.247s] INFO:colcon.colcon_core.shell:Creating prefix script '/home/name/kd1_ws/install/local_setup.zsh'
[54.249s] INFO:colcon.colcon_core.shell:Creating prefix chain script '/home/name/kd1_ws/install/setup.zsh'
