[7.540s] Invoking command in '/home/name/kd1_ws/build/kd1_utility_nodes': PYTHONPATH=/home/name/kd1_ws/build/kd1_utility_nodes/prefix_override:/usr/lib/python3/dist-packages/colcon_core/task/python/colcon_distutils_commands:/home/name/kd1_ws/install/kd1_utility_nodes/lib/python3.10/site-packages:${PYTHONPATH} /usr/bin/python3 -W ignore:setup.py install is deprecated -W ignore:easy_install command is deprecated setup.py develop --editable --build-directory /home/name/kd1_ws/build/kd1_utility_nodes/build --no-deps symlink_data
[10.236s] running develop
[11.739s] running egg_info
[11.740s] writing kd1_utility_nodes.egg-info/PKG-INFO
[11.741s] writing dependency_links to kd1_utility_nodes.egg-info/dependency_links.txt
[11.742s] writing entry points to kd1_utility_nodes.egg-info/entry_points.txt
[11.743s] writing requirements to kd1_utility_nodes.egg-info/requires.txt
[11.744s] writing top-level names to kd1_utility_nodes.egg-info/top_level.txt
[11.759s] reading manifest file 'kd1_utility_nodes.egg-info/SOURCES.txt'
[11.763s] writing manifest file 'kd1_utility_nodes.egg-info/SOURCES.txt'
[11.773s] running build_ext
[11.775s] Creating /home/name/kd1_ws/install/kd1_utility_nodes/lib/python3.10/site-packages/kd1-utility-nodes.egg-link (link to .)
[11.779s] Installing audio_playback_node script to /home/name/kd1_ws/install/kd1_utility_nodes/lib/kd1_utility_nodes
[11.779s] Installing face_animation_node script to /home/name/kd1_ws/install/kd1_utility_nodes/lib/kd1_utility_nodes
[11.780s] Installing imu_conversion_node script to /home/name/kd1_ws/install/kd1_utility_nodes/lib/kd1_utility_nodes
[11.782s] Installing light_ring_node script to /home/name/kd1_ws/install/kd1_utility_nodes/lib/kd1_utility_nodes
[11.783s] 
[11.783s] Installed /home/name/kd1_ws/build/kd1_utility_nodes
[11.784s] running symlink_data
[11.930s] Invoked command in '/home/name/kd1_ws/build/kd1_utility_nodes' returned '0': PYTHONPATH=/home/name/kd1_ws/build/kd1_utility_nodes/prefix_override:/usr/lib/python3/dist-packages/colcon_core/task/python/colcon_distutils_commands:/home/name/kd1_ws/install/kd1_utility_nodes/lib/python3.10/site-packages:${PYTHONPATH} /usr/bin/python3 -W ignore:setup.py install is deprecated -W ignore:easy_install command is deprecated setup.py develop --editable --build-directory /home/name/kd1_ws/build/kd1_utility_nodes/build --no-deps symlink_data
