[0.186s] Invoking command in '/home/name/kd1_ws/build/kd1_utility_nodes_cpp': CMAKE_PREFIX_PATH=/home/name/kd1_ws/install/custom_interfaces:/home/name/kd1_ws/install/kd1_utility_nodes_cpp:/home/name/kd1_ws/install/kd1_description:/home/name/kd1_ws/install/kd1_bringup:/home/name/machine2_ws/install/machine2_ik:/home/name/machine2_ws/install/machine2_hardware_interfaces:/home/name/machine2_ws/install/machine2_description:/home/name/machine2_ws/install/machine2_controllers:/home/name/machine2_ws/install/machine2_bringup:/home/name/machine2_ws/install/custom_interfaces:/home/name/kd1_ws/install/main_pkg_python:/home/name/kd1_ws/install/kd1_utility_nodes:/home/name/kd1_ws/install/kd1_sensors:/home/name/kd1_ws/install/kd1_locomotion:/home/name/kd1_ws/install/kd1_central_processing:/home/name/machine2_ws/install/machine2_servo_interface:/home/name/ros2_ws/install/main_pkg:/opt/ros/humble /usr/bin/cmake /home/name/kd1_ws/src/kd1_utility_nodes_cpp -DAMENT_CMAKE_SYMLINK_INSTALL=1 -DCMAKE_INSTALL_PREFIX=/home/name/kd1_ws/install/kd1_utility_nodes_cpp
[0.379s] -- Found ament_cmake: 1.3.11 (/opt/ros/humble/share/ament_cmake/cmake)
[1.784s] -- Override CMake install command with custom implementation using symlinks instead of copying resources
[1.928s] -- Found rclcpp: 16.0.12 (/opt/ros/humble/share/rclcpp/cmake)
[2.475s] -- Found rosidl_generator_c: 3.1.6 (/opt/ros/humble/share/rosidl_generator_c/cmake)
[2.506s] -- Found rosidl_adapter: 3.1.6 (/opt/ros/humble/share/rosidl_adapter/cmake)
[2.580s] -- Found rosidl_generator_cpp: 3.1.6 (/opt/ros/humble/share/rosidl_generator_cpp/cmake)
[2.746s] -- Using all available rosidl_typesupport_c: rosidl_typesupport_fastrtps_c;rosidl_typesupport_introspection_c
[2.872s] -- Using all available rosidl_typesupport_cpp: rosidl_typesupport_fastrtps_cpp;rosidl_typesupport_introspection_cpp
[3.274s] -- Found rmw_implementation_cmake: 6.1.2 (/opt/ros/humble/share/rmw_implementation_cmake/cmake)
[3.299s] -- Found rmw_fastrtps_cpp: 6.2.7 (/opt/ros/humble/share/rmw_fastrtps_cpp/cmake)
[4.940s] -- Using RMW implementation 'rmw_fastrtps_cpp' as default
[5.426s] -- Found custom_interfaces: 0.0.0 (/home/name/kd1_ws/install/custom_interfaces/share/custom_interfaces/cmake)
[6.111s] -- Configuring done
[6.274s] -- Generating done
[6.296s] -- Build files have been written to: /home/name/kd1_ws/build/kd1_utility_nodes_cpp
[6.359s] Invoked command in '/home/name/kd1_ws/build/kd1_utility_nodes_cpp' returned '0': CMAKE_PREFIX_PATH=/home/name/kd1_ws/install/custom_interfaces:/home/name/kd1_ws/install/kd1_utility_nodes_cpp:/home/name/kd1_ws/install/kd1_description:/home/name/kd1_ws/install/kd1_bringup:/home/name/machine2_ws/install/machine2_ik:/home/name/machine2_ws/install/machine2_hardware_interfaces:/home/name/machine2_ws/install/machine2_description:/home/name/machine2_ws/install/machine2_controllers:/home/name/machine2_ws/install/machine2_bringup:/home/name/machine2_ws/install/custom_interfaces:/home/name/kd1_ws/install/main_pkg_python:/home/name/kd1_ws/install/kd1_utility_nodes:/home/name/kd1_ws/install/kd1_sensors:/home/name/kd1_ws/install/kd1_locomotion:/home/name/kd1_ws/install/kd1_central_processing:/home/name/machine2_ws/install/machine2_servo_interface:/home/name/ros2_ws/install/main_pkg:/opt/ros/humble /usr/bin/cmake /home/name/kd1_ws/src/kd1_utility_nodes_cpp -DAMENT_CMAKE_SYMLINK_INSTALL=1 -DCMAKE_INSTALL_PREFIX=/home/name/kd1_ws/install/kd1_utility_nodes_cpp
[6.362s] Invoking command in '/home/name/kd1_ws/build/kd1_utility_nodes_cpp': CMAKE_PREFIX_PATH=/home/name/kd1_ws/install/custom_interfaces:/home/name/kd1_ws/install/kd1_utility_nodes_cpp:/home/name/kd1_ws/install/kd1_description:/home/name/kd1_ws/install/kd1_bringup:/home/name/machine2_ws/install/machine2_ik:/home/name/machine2_ws/install/machine2_hardware_interfaces:/home/name/machine2_ws/install/machine2_description:/home/name/machine2_ws/install/machine2_controllers:/home/name/machine2_ws/install/machine2_bringup:/home/name/machine2_ws/install/custom_interfaces:/home/name/kd1_ws/install/main_pkg_python:/home/name/kd1_ws/install/kd1_utility_nodes:/home/name/kd1_ws/install/kd1_sensors:/home/name/kd1_ws/install/kd1_locomotion:/home/name/kd1_ws/install/kd1_central_processing:/home/name/machine2_ws/install/machine2_servo_interface:/home/name/ros2_ws/install/main_pkg:/opt/ros/humble /usr/bin/cmake --build /home/name/kd1_ws/build/kd1_utility_nodes_cpp -- -j4 -l4
[6.646s] [35m[1mConsolidate compiler generated dependencies of target face_animation_node_cpp[0m
[6.948s] [100%] Built target face_animation_node_cpp
[7.040s] Invoked command in '/home/name/kd1_ws/build/kd1_utility_nodes_cpp' returned '0': CMAKE_PREFIX_PATH=/home/name/kd1_ws/install/custom_interfaces:/home/name/kd1_ws/install/kd1_utility_nodes_cpp:/home/name/kd1_ws/install/kd1_description:/home/name/kd1_ws/install/kd1_bringup:/home/name/machine2_ws/install/machine2_ik:/home/name/machine2_ws/install/machine2_hardware_interfaces:/home/name/machine2_ws/install/machine2_description:/home/name/machine2_ws/install/machine2_controllers:/home/name/machine2_ws/install/machine2_bringup:/home/name/machine2_ws/install/custom_interfaces:/home/name/kd1_ws/install/main_pkg_python:/home/name/kd1_ws/install/kd1_utility_nodes:/home/name/kd1_ws/install/kd1_sensors:/home/name/kd1_ws/install/kd1_locomotion:/home/name/kd1_ws/install/kd1_central_processing:/home/name/machine2_ws/install/machine2_servo_interface:/home/name/ros2_ws/install/main_pkg:/opt/ros/humble /usr/bin/cmake --build /home/name/kd1_ws/build/kd1_utility_nodes_cpp -- -j4 -l4
[7.066s] Invoking command in '/home/name/kd1_ws/build/kd1_utility_nodes_cpp': CMAKE_PREFIX_PATH=/home/name/kd1_ws/install/custom_interfaces:/home/name/kd1_ws/install/kd1_utility_nodes_cpp:/home/name/kd1_ws/install/kd1_description:/home/name/kd1_ws/install/kd1_bringup:/home/name/machine2_ws/install/machine2_ik:/home/name/machine2_ws/install/machine2_hardware_interfaces:/home/name/machine2_ws/install/machine2_description:/home/name/machine2_ws/install/machine2_controllers:/home/name/machine2_ws/install/machine2_bringup:/home/name/machine2_ws/install/custom_interfaces:/home/name/kd1_ws/install/main_pkg_python:/home/name/kd1_ws/install/kd1_utility_nodes:/home/name/kd1_ws/install/kd1_sensors:/home/name/kd1_ws/install/kd1_locomotion:/home/name/kd1_ws/install/kd1_central_processing:/home/name/machine2_ws/install/machine2_servo_interface:/home/name/ros2_ws/install/main_pkg:/opt/ros/humble /usr/bin/cmake --install /home/name/kd1_ws/build/kd1_utility_nodes_cpp
[7.106s] -- Install configuration: ""
[7.110s] -- Execute custom install script
[7.114s] -- Up-to-date symlink: /home/name/kd1_ws/install/kd1_utility_nodes_cpp/lib/kd1_utility_nodes_cpp/face_animation_node_cpp
[7.119s] -- Up-to-date symlink: /home/name/kd1_ws/install/kd1_utility_nodes_cpp/share/ament_index/resource_index/package_run_dependencies/kd1_utility_nodes_cpp
[7.123s] -- Up-to-date symlink: /home/name/kd1_ws/install/kd1_utility_nodes_cpp/share/ament_index/resource_index/parent_prefix_path/kd1_utility_nodes_cpp
[7.127s] -- Up-to-date symlink: /home/name/kd1_ws/install/kd1_utility_nodes_cpp/share/kd1_utility_nodes_cpp/environment/ament_prefix_path.sh
[7.129s] -- Up-to-date symlink: /home/name/kd1_ws/install/kd1_utility_nodes_cpp/share/kd1_utility_nodes_cpp/environment/ament_prefix_path.dsv
[7.135s] -- Up-to-date symlink: /home/name/kd1_ws/install/kd1_utility_nodes_cpp/share/kd1_utility_nodes_cpp/environment/path.sh
[7.135s] -- Up-to-date symlink: /home/name/kd1_ws/install/kd1_utility_nodes_cpp/share/kd1_utility_nodes_cpp/environment/path.dsv
[7.136s] -- Up-to-date symlink: /home/name/kd1_ws/install/kd1_utility_nodes_cpp/share/kd1_utility_nodes_cpp/local_setup.bash
[7.136s] -- Up-to-date symlink: /home/name/kd1_ws/install/kd1_utility_nodes_cpp/share/kd1_utility_nodes_cpp/local_setup.sh
[7.137s] -- Up-to-date symlink: /home/name/kd1_ws/install/kd1_utility_nodes_cpp/share/kd1_utility_nodes_cpp/local_setup.zsh
[7.137s] -- Up-to-date symlink: /home/name/kd1_ws/install/kd1_utility_nodes_cpp/share/kd1_utility_nodes_cpp/local_setup.dsv
[7.138s] -- Symlinking: /home/name/kd1_ws/install/kd1_utility_nodes_cpp/share/kd1_utility_nodes_cpp/package.dsv
[7.187s] -- Up-to-date symlink: /home/name/kd1_ws/install/kd1_utility_nodes_cpp/share/ament_index/resource_index/packages/kd1_utility_nodes_cpp
[7.188s] -- Up-to-date symlink: /home/name/kd1_ws/install/kd1_utility_nodes_cpp/share/kd1_utility_nodes_cpp/cmake/kd1_utility_nodes_cppConfig.cmake
[7.189s] -- Up-to-date symlink: /home/name/kd1_ws/install/kd1_utility_nodes_cpp/share/kd1_utility_nodes_cpp/cmake/kd1_utility_nodes_cppConfig-version.cmake
[7.191s] -- Up-to-date symlink: /home/name/kd1_ws/install/kd1_utility_nodes_cpp/share/kd1_utility_nodes_cpp/package.xml
[7.202s] Invoked command in '/home/name/kd1_ws/build/kd1_utility_nodes_cpp' returned '0': CMAKE_PREFIX_PATH=/home/name/kd1_ws/install/custom_interfaces:/home/name/kd1_ws/install/kd1_utility_nodes_cpp:/home/name/kd1_ws/install/kd1_description:/home/name/kd1_ws/install/kd1_bringup:/home/name/machine2_ws/install/machine2_ik:/home/name/machine2_ws/install/machine2_hardware_interfaces:/home/name/machine2_ws/install/machine2_description:/home/name/machine2_ws/install/machine2_controllers:/home/name/machine2_ws/install/machine2_bringup:/home/name/machine2_ws/install/custom_interfaces:/home/name/kd1_ws/install/main_pkg_python:/home/name/kd1_ws/install/kd1_utility_nodes:/home/name/kd1_ws/install/kd1_sensors:/home/name/kd1_ws/install/kd1_locomotion:/home/name/kd1_ws/install/kd1_central_processing:/home/name/machine2_ws/install/machine2_servo_interface:/home/name/ros2_ws/install/main_pkg:/opt/ros/humble /usr/bin/cmake --install /home/name/kd1_ws/build/kd1_utility_nodes_cpp
