[0.108s] Invoking command in '/home/name/kd1_ws/build/kd1_utility_nodes_cpp': CMAKE_PREFIX_PATH=/home/name/kd1_ws/install/custom_interfaces:/home/name/kd1_ws/install/kd1_utility_nodes_cpp:/home/name/kd1_ws/install/kd1_description:/home/name/kd1_ws/install/kd1_bringup:/home/name/machine2_ws/install/machine2_ik:/home/name/machine2_ws/install/machine2_hardware_interfaces:/home/name/machine2_ws/install/machine2_description:/home/name/machine2_ws/install/machine2_controllers:/home/name/machine2_ws/install/machine2_bringup:/home/name/machine2_ws/install/custom_interfaces:/home/name/kd1_ws/install/main_pkg_python:/home/name/kd1_ws/install/kd1_utility_nodes:/home/name/kd1_ws/install/kd1_sensors:/home/name/kd1_ws/install/kd1_locomotion:/home/name/kd1_ws/install/kd1_central_processing:/home/name/machine2_ws/install/machine2_servo_interface:/home/name/ros2_ws/install/main_pkg:/opt/ros/humble /usr/bin/cmake --build /home/name/kd1_ws/build/kd1_utility_nodes_cpp -- -j4 -l4
[0.536s] [ 50%] [32m[1mLinking CXX executable face_animation_node_cpp[0m
[3.006s] [100%] Built target face_animation_node_cpp
[3.075s] Invoked command in '/home/name/kd1_ws/build/kd1_utility_nodes_cpp' returned '0': CMAKE_PREFIX_PATH=/home/name/kd1_ws/install/custom_interfaces:/home/name/kd1_ws/install/kd1_utility_nodes_cpp:/home/name/kd1_ws/install/kd1_description:/home/name/kd1_ws/install/kd1_bringup:/home/name/machine2_ws/install/machine2_ik:/home/name/machine2_ws/install/machine2_hardware_interfaces:/home/name/machine2_ws/install/machine2_description:/home/name/machine2_ws/install/machine2_controllers:/home/name/machine2_ws/install/machine2_bringup:/home/name/machine2_ws/install/custom_interfaces:/home/name/kd1_ws/install/main_pkg_python:/home/name/kd1_ws/install/kd1_utility_nodes:/home/name/kd1_ws/install/kd1_sensors:/home/name/kd1_ws/install/kd1_locomotion:/home/name/kd1_ws/install/kd1_central_processing:/home/name/machine2_ws/install/machine2_servo_interface:/home/name/ros2_ws/install/main_pkg:/opt/ros/humble /usr/bin/cmake --build /home/name/kd1_ws/build/kd1_utility_nodes_cpp -- -j4 -l4
[3.080s] Invoking command in '/home/name/kd1_ws/build/kd1_utility_nodes_cpp': CMAKE_PREFIX_PATH=/home/name/kd1_ws/install/custom_interfaces:/home/name/kd1_ws/install/kd1_utility_nodes_cpp:/home/name/kd1_ws/install/kd1_description:/home/name/kd1_ws/install/kd1_bringup:/home/name/machine2_ws/install/machine2_ik:/home/name/machine2_ws/install/machine2_hardware_interfaces:/home/name/machine2_ws/install/machine2_description:/home/name/machine2_ws/install/machine2_controllers:/home/name/machine2_ws/install/machine2_bringup:/home/name/machine2_ws/install/custom_interfaces:/home/name/kd1_ws/install/main_pkg_python:/home/name/kd1_ws/install/kd1_utility_nodes:/home/name/kd1_ws/install/kd1_sensors:/home/name/kd1_ws/install/kd1_locomotion:/home/name/kd1_ws/install/kd1_central_processing:/home/name/machine2_ws/install/machine2_servo_interface:/home/name/ros2_ws/install/main_pkg:/opt/ros/humble /usr/bin/cmake --install /home/name/kd1_ws/build/kd1_utility_nodes_cpp
[3.112s] -- Install configuration: ""
[3.116s] -- Execute custom install script
[3.118s] -- Up-to-date symlink: /home/name/kd1_ws/install/kd1_utility_nodes_cpp/lib/kd1_utility_nodes_cpp/face_animation_node_cpp
[3.119s] -- Up-to-date symlink: /home/name/kd1_ws/install/kd1_utility_nodes_cpp/share/ament_index/resource_index/package_run_dependencies/kd1_utility_nodes_cpp
[3.121s] -- Up-to-date symlink: /home/name/kd1_ws/install/kd1_utility_nodes_cpp/share/ament_index/resource_index/parent_prefix_path/kd1_utility_nodes_cpp
[3.122s] -- Up-to-date symlink: /home/name/kd1_ws/install/kd1_utility_nodes_cpp/share/kd1_utility_nodes_cpp/environment/ament_prefix_path.sh
[3.124s] -- Up-to-date symlink: /home/name/kd1_ws/install/kd1_utility_nodes_cpp/share/kd1_utility_nodes_cpp/environment/ament_prefix_path.dsv
[3.125s] -- Up-to-date symlink: /home/name/kd1_ws/install/kd1_utility_nodes_cpp/share/kd1_utility_nodes_cpp/environment/path.sh
[3.126s] -- Up-to-date symlink: /home/name/kd1_ws/install/kd1_utility_nodes_cpp/share/kd1_utility_nodes_cpp/environment/path.dsv
[3.128s] -- Up-to-date symlink: /home/name/kd1_ws/install/kd1_utility_nodes_cpp/share/kd1_utility_nodes_cpp/local_setup.bash
[3.132s] -- Up-to-date symlink: /home/name/kd1_ws/install/kd1_utility_nodes_cpp/share/kd1_utility_nodes_cpp/local_setup.sh
[3.134s] -- Up-to-date symlink: /home/name/kd1_ws/install/kd1_utility_nodes_cpp/share/kd1_utility_nodes_cpp/local_setup.zsh
[3.134s] -- Up-to-date symlink: /home/name/kd1_ws/install/kd1_utility_nodes_cpp/share/kd1_utility_nodes_cpp/local_setup.dsv
[3.135s] -- Symlinking: /home/name/kd1_ws/install/kd1_utility_nodes_cpp/share/kd1_utility_nodes_cpp/package.dsv
[3.181s] -- Up-to-date symlink: /home/name/kd1_ws/install/kd1_utility_nodes_cpp/share/ament_index/resource_index/packages/kd1_utility_nodes_cpp
[3.182s] -- Up-to-date symlink: /home/name/kd1_ws/install/kd1_utility_nodes_cpp/share/kd1_utility_nodes_cpp/cmake/kd1_utility_nodes_cppConfig.cmake
[3.184s] -- Up-to-date symlink: /home/name/kd1_ws/install/kd1_utility_nodes_cpp/share/kd1_utility_nodes_cpp/cmake/kd1_utility_nodes_cppConfig-version.cmake
[3.185s] -- Up-to-date symlink: /home/name/kd1_ws/install/kd1_utility_nodes_cpp/share/kd1_utility_nodes_cpp/package.xml
[3.194s] Invoked command in '/home/name/kd1_ws/build/kd1_utility_nodes_cpp' returned '0': CMAKE_PREFIX_PATH=/home/name/kd1_ws/install/custom_interfaces:/home/name/kd1_ws/install/kd1_utility_nodes_cpp:/home/name/kd1_ws/install/kd1_description:/home/name/kd1_ws/install/kd1_bringup:/home/name/machine2_ws/install/machine2_ik:/home/name/machine2_ws/install/machine2_hardware_interfaces:/home/name/machine2_ws/install/machine2_description:/home/name/machine2_ws/install/machine2_controllers:/home/name/machine2_ws/install/machine2_bringup:/home/name/machine2_ws/install/custom_interfaces:/home/name/kd1_ws/install/main_pkg_python:/home/name/kd1_ws/install/kd1_utility_nodes:/home/name/kd1_ws/install/kd1_sensors:/home/name/kd1_ws/install/kd1_locomotion:/home/name/kd1_ws/install/kd1_central_processing:/home/name/machine2_ws/install/machine2_servo_interface:/home/name/ros2_ws/install/main_pkg:/opt/ros/humble /usr/bin/cmake --install /home/name/kd1_ws/build/kd1_utility_nodes_cpp
