[10.667s] Invoking command in '/home/name/kd1_ws/build/kd1_sensors': PYTHONPATH=/home/name/kd1_ws/build/kd1_sensors/prefix_override:/usr/lib/python3/dist-packages/colcon_core/task/python/colcon_distutils_commands:/home/name/kd1_ws/install/kd1_sensors/lib/python3.10/site-packages:${PYTHONPATH} /usr/bin/python3 -W ignore:setup.py install is deprecated -W ignore:easy_install command is deprecated setup.py develop --editable --build-directory /home/name/kd1_ws/build/kd1_sensors/build --no-deps symlink_data
[13.819s] running develop
[16.135s] running egg_info
[16.149s] writing kd1_sensors.egg-info/PKG-INFO
[16.149s] writing dependency_links to kd1_sensors.egg-info/dependency_links.txt
[16.150s] writing entry points to kd1_sensors.egg-info/entry_points.txt
[16.151s] writing requirements to kd1_sensors.egg-info/requires.txt
[16.152s] writing top-level names to kd1_sensors.egg-info/top_level.txt
[16.155s] reading manifest file 'kd1_sensors.egg-info/SOURCES.txt'
[16.160s] writing manifest file 'kd1_sensors.egg-info/SOURCES.txt'
[16.172s] running build_ext
[16.173s] Creating /home/name/kd1_ws/install/kd1_sensors/lib/python3.10/site-packages/kd1-sensors.egg-link (link to .)
[16.181s] Installing audio_direction_node script to /home/name/kd1_ws/install/kd1_sensors/lib/kd1_sensors
[16.188s] Installing oak_depthai_node script to /home/name/kd1_ws/install/kd1_sensors/lib/kd1_sensors
[16.189s] Installing tof_sensors_alert_node script to /home/name/kd1_ws/install/kd1_sensors/lib/kd1_sensors
[16.191s] Installing voice_recognition_node script to /home/name/kd1_ws/install/kd1_sensors/lib/kd1_sensors
[16.192s] 
[16.194s] Installed /home/name/kd1_ws/build/kd1_sensors
[16.195s] running symlink_data
[16.420s] Invoked command in '/home/name/kd1_ws/build/kd1_sensors' returned '0': PYTHONPATH=/home/name/kd1_ws/build/kd1_sensors/prefix_override:/usr/lib/python3/dist-packages/colcon_core/task/python/colcon_distutils_commands:/home/name/kd1_ws/install/kd1_sensors/lib/python3.10/site-packages:${PYTHONPATH} /usr/bin/python3 -W ignore:setup.py install is deprecated -W ignore:easy_install command is deprecated setup.py develop --editable --build-directory /home/name/kd1_ws/build/kd1_sensors/build --no-deps symlink_data
