[4.569s] Invoking command in '/home/name/kd1_ws/build/main_pkg_python': PYTHONPATH=/home/name/kd1_ws/build/main_pkg_python/prefix_override:/usr/lib/python3/dist-packages/colcon_core/task/python/colcon_distutils_commands:/home/name/kd1_ws/install/main_pkg_python/lib/python3.10/site-packages:${PYTHONPATH} /usr/bin/python3 -W ignore:setup.py install is deprecated setup.py develop --editable --build-directory /home/name/kd1_ws/build/main_pkg_python/build --no-deps symlink_data
[6.640s] running develop
[6.641s] /usr/lib/python3/dist-packages/setuptools/command/easy_install.py:158: EasyInstallDeprecationWarning: easy_install command is deprecated. Use build and pip and other standards-based tools.
[6.642s]   warnings.warn(
[8.325s] running egg_info
[8.326s] writing main_pkg_python.egg-info/PKG-INFO
[8.328s] writing dependency_links to main_pkg_python.egg-info/dependency_links.txt
[8.330s] writing entry points to main_pkg_python.egg-info/entry_points.txt
[8.331s] writing requirements to main_pkg_python.egg-info/requires.txt
[8.332s] writing top-level names to main_pkg_python.egg-info/top_level.txt
[8.343s] reading manifest file 'main_pkg_python.egg-info/SOURCES.txt'
[8.348s] writing manifest file 'main_pkg_python.egg-info/SOURCES.txt'
[8.356s] running build_ext
[8.357s] Creating /home/name/kd1_ws/install/main_pkg_python/lib/python3.10/site-packages/main-pkg-python.egg-link (link to .)
[8.363s] Installing audio_direction_node script to /home/name/kd1_ws/install/main_pkg_python/lib/main_pkg_python
[8.364s] Installing audio_playback_node script to /home/name/kd1_ws/install/main_pkg_python/lib/main_pkg_python
[8.365s] Installing central_processing_node script to /home/name/kd1_ws/install/main_pkg_python/lib/main_pkg_python
[8.366s] Installing depth_data_processing_node script to /home/name/kd1_ws/install/main_pkg_python/lib/main_pkg_python
[8.368s] Installing face_animation_node script to /home/name/kd1_ws/install/main_pkg_python/lib/main_pkg_python
[8.369s] Installing human_detection_node script to /home/name/kd1_ws/install/main_pkg_python/lib/main_pkg_python
[8.370s] Installing imu_node script to /home/name/kd1_ws/install/main_pkg_python/lib/main_pkg_python
[8.371s] Installing light_ring_node script to /home/name/kd1_ws/install/main_pkg_python/lib/main_pkg_python
[8.372s] Installing motor_driver_comms_node script to /home/name/kd1_ws/install/main_pkg_python/lib/main_pkg_python
[8.373s] Installing tof_sensors_comms_node script to /home/name/kd1_ws/install/main_pkg_python/lib/main_pkg_python
[8.374s] Installing voice_recognition_node script to /home/name/kd1_ws/install/main_pkg_python/lib/main_pkg_python
[8.386s] 
[8.388s] Installed /home/name/kd1_ws/build/main_pkg_python
[8.390s] running symlink_data
[8.556s] Invoked command in '/home/name/kd1_ws/build/main_pkg_python' returned '0': PYTHONPATH=/home/name/kd1_ws/build/main_pkg_python/prefix_override:/usr/lib/python3/dist-packages/colcon_core/task/python/colcon_distutils_commands:/home/name/kd1_ws/install/main_pkg_python/lib/python3.10/site-packages:${PYTHONPATH} /usr/bin/python3 -W ignore:setup.py install is deprecated setup.py develop --editable --build-directory /home/name/kd1_ws/build/main_pkg_python/build --no-deps symlink_data
