[4.809s] Invoking command in '/home/name/kd1_ws/src/main_pkg_python': PYTHONPATH=/home/name/kd1_ws/build/main_pkg_python/prefix_override:/usr/lib/python3/dist-packages/colcon_core/task/python/colcon_distutils_commands:/home/name/kd1_ws/install/main_pkg_python/lib/python3.10/site-packages:${PYTHONPATH} /usr/bin/python3 -W ignore:setup.py install is deprecated -W ignore:easy_install command is deprecated setup.py egg_info --egg-base ../../build/main_pkg_python build --build-base /home/name/kd1_ws/build/main_pkg_python/build install --record /home/name/kd1_ws/build/main_pkg_python/install.log --single-version-externally-managed install_data
[6.703s] running egg_info
[6.707s] writing ../../build/main_pkg_python/main_pkg_python.egg-info/PKG-INFO
[6.708s] writing dependency_links to ../../build/main_pkg_python/main_pkg_python.egg-info/dependency_links.txt
[6.710s] writing entry points to ../../build/main_pkg_python/main_pkg_python.egg-info/entry_points.txt
[6.711s] writing requirements to ../../build/main_pkg_python/main_pkg_python.egg-info/requires.txt
[6.712s] writing top-level names to ../../build/main_pkg_python/main_pkg_python.egg-info/top_level.txt
[6.726s] reading manifest file '../../build/main_pkg_python/main_pkg_python.egg-info/SOURCES.txt'
[6.728s] writing manifest file '../../build/main_pkg_python/main_pkg_python.egg-info/SOURCES.txt'
[6.733s] running build
[6.733s] running build_py
[6.741s] running install
[6.744s] running install_lib
[6.760s] running install_data
[6.763s] running install_egg_info
[6.783s] removing '/home/name/kd1_ws/install/main_pkg_python/lib/python3.10/site-packages/main_pkg_python-0.0.0-py3.10.egg-info' (and everything under it)
[6.788s] Copying ../../build/main_pkg_python/main_pkg_python.egg-info to /home/name/kd1_ws/install/main_pkg_python/lib/python3.10/site-packages/main_pkg_python-0.0.0-py3.10.egg-info
[6.803s] running install_scripts
[6.950s] Installing audio_direction_node script to /home/name/kd1_ws/install/main_pkg_python/lib/main_pkg_python
[6.951s] Installing audio_playback_node script to /home/name/kd1_ws/install/main_pkg_python/lib/main_pkg_python
[6.955s] Installing central_processing_node script to /home/name/kd1_ws/install/main_pkg_python/lib/main_pkg_python
[6.956s] Installing face_animation_node script to /home/name/kd1_ws/install/main_pkg_python/lib/main_pkg_python
[6.957s] Installing light_ring_node script to /home/name/kd1_ws/install/main_pkg_python/lib/main_pkg_python
[6.962s] Installing motor_driver_comms_node script to /home/name/kd1_ws/install/main_pkg_python/lib/main_pkg_python
[6.963s] Installing moving_robot_node script to /home/name/kd1_ws/install/main_pkg_python/lib/main_pkg_python
[6.963s] Installing oak_depthai_node script to /home/name/kd1_ws/install/main_pkg_python/lib/main_pkg_python
[6.964s] Installing teleop_node script to /home/name/kd1_ws/install/main_pkg_python/lib/main_pkg_python
[6.965s] Installing tof_sensors_comms_node script to /home/name/kd1_ws/install/main_pkg_python/lib/main_pkg_python
[6.966s] Installing voice_recognition_node script to /home/name/kd1_ws/install/main_pkg_python/lib/main_pkg_python
[6.966s] writing list of installed files to '/home/name/kd1_ws/build/main_pkg_python/install.log'
[7.224s] Invoked command in '/home/name/kd1_ws/src/main_pkg_python' returned '0': PYTHONPATH=/home/name/kd1_ws/build/main_pkg_python/prefix_override:/usr/lib/python3/dist-packages/colcon_core/task/python/colcon_distutils_commands:/home/name/kd1_ws/install/main_pkg_python/lib/python3.10/site-packages:${PYTHONPATH} /usr/bin/python3 -W ignore:setup.py install is deprecated -W ignore:easy_install command is deprecated setup.py egg_info --egg-base ../../build/main_pkg_python build --build-base /home/name/kd1_ws/build/main_pkg_python/build install --record /home/name/kd1_ws/build/main_pkg_python/install.log --single-version-externally-managed install_data
