[4.757s] Invoking command in '/home/name/kd1_ws/build/kd1_utility_nodes': PYTHONPATH=/home/name/kd1_ws/build/kd1_utility_nodes/prefix_override:/usr/lib/python3/dist-packages/colcon_core/task/python/colcon_distutils_commands:/home/name/kd1_ws/install/kd1_utility_nodes/lib/python3.10/site-packages:${PYTHONPATH} /usr/bin/python3 -W ignore:setup.py install is deprecated -W ignore:easy_install command is deprecated setup.py develop --editable --build-directory /home/name/kd1_ws/build/kd1_utility_nodes/build --no-deps symlink_data
[6.702s] running develop
[7.751s] running egg_info
[7.752s] writing kd1_utility_nodes.egg-info/PKG-INFO
[7.753s] writing dependency_links to kd1_utility_nodes.egg-info/dependency_links.txt
[7.754s] writing entry points to kd1_utility_nodes.egg-info/entry_points.txt
[7.755s] writing requirements to kd1_utility_nodes.egg-info/requires.txt
[7.756s] writing top-level names to kd1_utility_nodes.egg-info/top_level.txt
[7.764s] reading manifest file 'kd1_utility_nodes.egg-info/SOURCES.txt'
[7.768s] writing manifest file 'kd1_utility_nodes.egg-info/SOURCES.txt'
[7.775s] running build_ext
[7.775s] Creating /home/name/kd1_ws/install/kd1_utility_nodes/lib/python3.10/site-packages/kd1-utility-nodes.egg-link (link to .)
[7.779s] Installing audio_playback_node script to /home/name/kd1_ws/install/kd1_utility_nodes/lib/kd1_utility_nodes
[7.780s] Installing face_animation_node script to /home/name/kd1_ws/install/kd1_utility_nodes/lib/kd1_utility_nodes
[7.781s] Installing imu_conversion_node script to /home/name/kd1_ws/install/kd1_utility_nodes/lib/kd1_utility_nodes
[7.782s] Installing light_ring_node script to /home/name/kd1_ws/install/kd1_utility_nodes/lib/kd1_utility_nodes
[7.783s] 
[7.783s] Installed /home/name/kd1_ws/build/kd1_utility_nodes
[7.784s] running symlink_data
[7.926s] Invoked command in '/home/name/kd1_ws/build/kd1_utility_nodes' returned '0': PYTHONPATH=/home/name/kd1_ws/build/kd1_utility_nodes/prefix_override:/usr/lib/python3/dist-packages/colcon_core/task/python/colcon_distutils_commands:/home/name/kd1_ws/install/kd1_utility_nodes/lib/python3.10/site-packages:${PYTHONPATH} /usr/bin/python3 -W ignore:setup.py install is deprecated -W ignore:easy_install command is deprecated setup.py develop --editable --build-directory /home/name/kd1_ws/build/kd1_utility_nodes/build --no-deps symlink_data
