running egg_info
writing ../../build/main_pkg_python/main_pkg_python.egg-info/PKG-INFO
writing dependency_links to ../../build/main_pkg_python/main_pkg_python.egg-info/dependency_links.txt
writing entry points to ../../build/main_pkg_python/main_pkg_python.egg-info/entry_points.txt
writing requirements to ../../build/main_pkg_python/main_pkg_python.egg-info/requires.txt
writing top-level names to ../../build/main_pkg_python/main_pkg_python.egg-info/top_level.txt
reading manifest file '../../build/main_pkg_python/main_pkg_python.egg-info/SOURCES.txt'
writing manifest file '../../build/main_pkg_python/main_pkg_python.egg-info/SOURCES.txt'
running build
running build_py
copying main_pkg_python/tof_sensors_comms_node.py -> /home/name/kd1_ws/build/main_pkg_python/build/lib/main_pkg_python
running install
running install_lib
copying /home/name/kd1_ws/build/main_pkg_python/build/lib/main_pkg_python/tof_sensors_comms_node.py -> /home/name/kd1_ws/install/main_pkg_python/lib/python3.10/site-packages/main_pkg_python
byte-compiling /home/name/kd1_ws/install/main_pkg_python/lib/python3.10/site-packages/main_pkg_python/tof_sensors_comms_node.py to tof_sensors_comms_node.cpython-310.pyc
running install_data
running install_egg_info
removing '/home/name/kd1_ws/install/main_pkg_python/lib/python3.10/site-packages/main_pkg_python-0.0.0-py3.10.egg-info' (and everything under it)
Copying ../../build/main_pkg_python/main_pkg_python.egg-info to /home/name/kd1_ws/install/main_pkg_python/lib/python3.10/site-packages/main_pkg_python-0.0.0-py3.10.egg-info
running install_scripts
Installing central_processing_node script to /home/name/kd1_ws/install/main_pkg_python/lib/main_pkg_python
Installing face_animation_node script to /home/name/kd1_ws/install/main_pkg_python/lib/main_pkg_python
Installing human_detection_node script to /home/name/kd1_ws/install/main_pkg_python/lib/main_pkg_python
Installing motor_driver_comms_node script to /home/name/kd1_ws/install/main_pkg_python/lib/main_pkg_python
Installing tof_sensors_comms_node script to /home/name/kd1_ws/install/main_pkg_python/lib/main_pkg_python
writing list of installed files to '/home/name/kd1_ws/build/main_pkg_python/install.log'
