[9.280s] Invoking command in '/home/name/kd1_ws/build/kd1_sensors': PYTHONPATH=/home/name/kd1_ws/build/kd1_sensors/prefix_override:/usr/lib/python3/dist-packages/colcon_core/task/python/colcon_distutils_commands:/home/name/kd1_ws/install/kd1_sensors/lib/python3.10/site-packages:${PYTHONPATH} /usr/bin/python3 -W ignore:setup.py install is deprecated -W ignore:easy_install command is deprecated setup.py develop --editable --build-directory /home/name/kd1_ws/build/kd1_sensors/build --no-deps symlink_data
[12.836s] running develop
[15.937s] running egg_info
[15.941s] writing kd1_sensors.egg-info/PKG-INFO
[15.942s] writing dependency_links to kd1_sensors.egg-info/dependency_links.txt
[15.943s] writing entry points to kd1_sensors.egg-info/entry_points.txt
[15.944s] writing requirements to kd1_sensors.egg-info/requires.txt
[15.956s] writing top-level names to kd1_sensors.egg-info/top_level.txt
[15.960s] reading manifest file 'kd1_sensors.egg-info/SOURCES.txt'
[15.971s] writing manifest file 'kd1_sensors.egg-info/SOURCES.txt'
[15.985s] running build_ext
[15.985s] Creating /home/name/kd1_ws/install/kd1_sensors/lib/python3.10/site-packages/kd1-sensors.egg-link (link to .)
[15.996s] Installing audio_direction_node script to /home/name/kd1_ws/install/kd1_sensors/lib/kd1_sensors
[16.001s] Installing oak_depthai_node script to /home/name/kd1_ws/install/kd1_sensors/lib/kd1_sensors
[16.002s] Installing tof_sensors_alert_node script to /home/name/kd1_ws/install/kd1_sensors/lib/kd1_sensors
[16.004s] Installing voice_recognition_node script to /home/name/kd1_ws/install/kd1_sensors/lib/kd1_sensors
[16.011s] 
[16.011s] Installed /home/name/kd1_ws/build/kd1_sensors
[16.012s] running symlink_data
[16.297s] Invoked command in '/home/name/kd1_ws/build/kd1_sensors' returned '0': PYTHONPATH=/home/name/kd1_ws/build/kd1_sensors/prefix_override:/usr/lib/python3/dist-packages/colcon_core/task/python/colcon_distutils_commands:/home/name/kd1_ws/install/kd1_sensors/lib/python3.10/site-packages:${PYTHONPATH} /usr/bin/python3 -W ignore:setup.py install is deprecated -W ignore:easy_install command is deprecated setup.py develop --editable --build-directory /home/name/kd1_ws/build/kd1_sensors/build --no-deps symlink_data
