[0.091s] Invoking command in '/home/name/kd1_ws/build/kd1_utility_nodes_cpp': CMAKE_PREFIX_PATH=/home/name/kd1_ws/install/custom_interfaces:/home/name/kd1_ws/install/kd1_utility_nodes_cpp:/home/name/kd1_ws/install/kd1_description:/home/name/kd1_ws/install/kd1_bringup:/home/name/machine2_ws/install/machine2_ik:/home/name/machine2_ws/install/machine2_hardware_interfaces:/home/name/machine2_ws/install/machine2_description:/home/name/machine2_ws/install/machine2_controllers:/home/name/machine2_ws/install/machine2_bringup:/home/name/machine2_ws/install/custom_interfaces:/home/name/kd1_ws/install/main_pkg_python:/home/name/kd1_ws/install/kd1_utility_nodes:/home/name/kd1_ws/install/kd1_sensors:/home/name/kd1_ws/install/kd1_locomotion:/home/name/kd1_ws/install/kd1_central_processing:/home/name/machine2_ws/install/machine2_servo_interface:/home/name/ros2_ws/install/main_pkg:/opt/ros/humble /usr/bin/cmake /home/name/kd1_ws/src/kd1_utility_nodes_cpp -DAMENT_CMAKE_SYMLINK_INSTALL=1 -DCMAKE_INSTALL_PREFIX=/home/name/kd1_ws/install/kd1_utility_nodes_cpp
[0.168s] -- Found ament_cmake: 1.3.11 (/opt/ros/humble/share/ament_cmake/cmake)
[1.199s] -- Override CMake install command with custom implementation using symlinks instead of copying resources
[1.252s] -- Found rclcpp: 16.0.12 (/opt/ros/humble/share/rclcpp/cmake)
[1.503s] -- Found rosidl_generator_c: 3.1.6 (/opt/ros/humble/share/rosidl_generator_c/cmake)
[1.518s] -- Found rosidl_adapter: 3.1.6 (/opt/ros/humble/share/rosidl_adapter/cmake)
[1.553s] -- Found rosidl_generator_cpp: 3.1.6 (/opt/ros/humble/share/rosidl_generator_cpp/cmake)
[1.618s] -- Using all available rosidl_typesupport_c: rosidl_typesupport_fastrtps_c;rosidl_typesupport_introspection_c
[1.698s] -- Using all available rosidl_typesupport_cpp: rosidl_typesupport_fastrtps_cpp;rosidl_typesupport_introspection_cpp
[1.901s] -- Found rmw_implementation_cmake: 6.1.2 (/opt/ros/humble/share/rmw_implementation_cmake/cmake)
[1.913s] -- Found rmw_fastrtps_cpp: 6.2.7 (/opt/ros/humble/share/rmw_fastrtps_cpp/cmake)
[3.229s] -- Using RMW implementation 'rmw_fastrtps_cpp' as default
[3.464s] -- Found custom_interfaces: 0.0.0 (/home/name/kd1_ws/install/custom_interfaces/share/custom_interfaces/cmake)
[3.915s] -- Configuring done
[4.000s] -- Generating done
[4.020s] -- Build files have been written to: /home/name/kd1_ws/build/kd1_utility_nodes_cpp
[4.055s] Invoked command in '/home/name/kd1_ws/build/kd1_utility_nodes_cpp' returned '0': CMAKE_PREFIX_PATH=/home/name/kd1_ws/install/custom_interfaces:/home/name/kd1_ws/install/kd1_utility_nodes_cpp:/home/name/kd1_ws/install/kd1_description:/home/name/kd1_ws/install/kd1_bringup:/home/name/machine2_ws/install/machine2_ik:/home/name/machine2_ws/install/machine2_hardware_interfaces:/home/name/machine2_ws/install/machine2_description:/home/name/machine2_ws/install/machine2_controllers:/home/name/machine2_ws/install/machine2_bringup:/home/name/machine2_ws/install/custom_interfaces:/home/name/kd1_ws/install/main_pkg_python:/home/name/kd1_ws/install/kd1_utility_nodes:/home/name/kd1_ws/install/kd1_sensors:/home/name/kd1_ws/install/kd1_locomotion:/home/name/kd1_ws/install/kd1_central_processing:/home/name/machine2_ws/install/machine2_servo_interface:/home/name/ros2_ws/install/main_pkg:/opt/ros/humble /usr/bin/cmake /home/name/kd1_ws/src/kd1_utility_nodes_cpp -DAMENT_CMAKE_SYMLINK_INSTALL=1 -DCMAKE_INSTALL_PREFIX=/home/name/kd1_ws/install/kd1_utility_nodes_cpp
[4.064s] Invoking command in '/home/name/kd1_ws/build/kd1_utility_nodes_cpp': CMAKE_PREFIX_PATH=/home/name/kd1_ws/install/custom_interfaces:/home/name/kd1_ws/install/kd1_utility_nodes_cpp:/home/name/kd1_ws/install/kd1_description:/home/name/kd1_ws/install/kd1_bringup:/home/name/machine2_ws/install/machine2_ik:/home/name/machine2_ws/install/machine2_hardware_interfaces:/home/name/machine2_ws/install/machine2_description:/home/name/machine2_ws/install/machine2_controllers:/home/name/machine2_ws/install/machine2_bringup:/home/name/machine2_ws/install/custom_interfaces:/home/name/kd1_ws/install/main_pkg_python:/home/name/kd1_ws/install/kd1_utility_nodes:/home/name/kd1_ws/install/kd1_sensors:/home/name/kd1_ws/install/kd1_locomotion:/home/name/kd1_ws/install/kd1_central_processing:/home/name/machine2_ws/install/machine2_servo_interface:/home/name/ros2_ws/install/main_pkg:/opt/ros/humble /usr/bin/cmake --build /home/name/kd1_ws/build/kd1_utility_nodes_cpp -- -j4 -l4
[4.258s] [35m[1mConsolidate compiler generated dependencies of target face_animation_node_cpp[0m
[4.367s] [100%] Built target face_animation_node_cpp
[4.429s] Invoked command in '/home/name/kd1_ws/build/kd1_utility_nodes_cpp' returned '0': CMAKE_PREFIX_PATH=/home/name/kd1_ws/install/custom_interfaces:/home/name/kd1_ws/install/kd1_utility_nodes_cpp:/home/name/kd1_ws/install/kd1_description:/home/name/kd1_ws/install/kd1_bringup:/home/name/machine2_ws/install/machine2_ik:/home/name/machine2_ws/install/machine2_hardware_interfaces:/home/name/machine2_ws/install/machine2_description:/home/name/machine2_ws/install/machine2_controllers:/home/name/machine2_ws/install/machine2_bringup:/home/name/machine2_ws/install/custom_interfaces:/home/name/kd1_ws/install/main_pkg_python:/home/name/kd1_ws/install/kd1_utility_nodes:/home/name/kd1_ws/install/kd1_sensors:/home/name/kd1_ws/install/kd1_locomotion:/home/name/kd1_ws/install/kd1_central_processing:/home/name/machine2_ws/install/machine2_servo_interface:/home/name/ros2_ws/install/main_pkg:/opt/ros/humble /usr/bin/cmake --build /home/name/kd1_ws/build/kd1_utility_nodes_cpp -- -j4 -l4
[4.433s] Invoking command in '/home/name/kd1_ws/build/kd1_utility_nodes_cpp': CMAKE_PREFIX_PATH=/home/name/kd1_ws/install/custom_interfaces:/home/name/kd1_ws/install/kd1_utility_nodes_cpp:/home/name/kd1_ws/install/kd1_description:/home/name/kd1_ws/install/kd1_bringup:/home/name/machine2_ws/install/machine2_ik:/home/name/machine2_ws/install/machine2_hardware_interfaces:/home/name/machine2_ws/install/machine2_description:/home/name/machine2_ws/install/machine2_controllers:/home/name/machine2_ws/install/machine2_bringup:/home/name/machine2_ws/install/custom_interfaces:/home/name/kd1_ws/install/main_pkg_python:/home/name/kd1_ws/install/kd1_utility_nodes:/home/name/kd1_ws/install/kd1_sensors:/home/name/kd1_ws/install/kd1_locomotion:/home/name/kd1_ws/install/kd1_central_processing:/home/name/machine2_ws/install/machine2_servo_interface:/home/name/ros2_ws/install/main_pkg:/opt/ros/humble /usr/bin/cmake --install /home/name/kd1_ws/build/kd1_utility_nodes_cpp
[4.453s] -- Install configuration: ""
[4.455s] -- Execute custom install script
[4.457s] -- Symlinking: /home/name/kd1_ws/install/kd1_utility_nodes_cpp/lib/kd1_utility_nodes_cpp/face_animation_node_cpp
[4.496s] -- Up-to-date symlink: /home/name/kd1_ws/install/kd1_utility_nodes_cpp/share/ament_index/resource_index/package_run_dependencies/kd1_utility_nodes_cpp
[4.498s] -- Up-to-date symlink: /home/name/kd1_ws/install/kd1_utility_nodes_cpp/share/ament_index/resource_index/parent_prefix_path/kd1_utility_nodes_cpp
[4.499s] -- Up-to-date symlink: /home/name/kd1_ws/install/kd1_utility_nodes_cpp/share/kd1_utility_nodes_cpp/environment/ament_prefix_path.sh
[4.501s] -- Up-to-date symlink: /home/name/kd1_ws/install/kd1_utility_nodes_cpp/share/kd1_utility_nodes_cpp/environment/ament_prefix_path.dsv
[4.501s] -- Up-to-date symlink: /home/name/kd1_ws/install/kd1_utility_nodes_cpp/share/kd1_utility_nodes_cpp/environment/path.sh
[4.502s] -- Up-to-date symlink: /home/name/kd1_ws/install/kd1_utility_nodes_cpp/share/kd1_utility_nodes_cpp/environment/path.dsv
[4.503s] -- Up-to-date symlink: /home/name/kd1_ws/install/kd1_utility_nodes_cpp/share/kd1_utility_nodes_cpp/local_setup.bash
[4.504s] -- Up-to-date symlink: /home/name/kd1_ws/install/kd1_utility_nodes_cpp/share/kd1_utility_nodes_cpp/local_setup.sh
[4.505s] -- Up-to-date symlink: /home/name/kd1_ws/install/kd1_utility_nodes_cpp/share/kd1_utility_nodes_cpp/local_setup.zsh
[4.506s] -- Up-to-date symlink: /home/name/kd1_ws/install/kd1_utility_nodes_cpp/share/kd1_utility_nodes_cpp/local_setup.dsv
[4.507s] -- Symlinking: /home/name/kd1_ws/install/kd1_utility_nodes_cpp/share/kd1_utility_nodes_cpp/package.dsv
[4.545s] -- Up-to-date symlink: /home/name/kd1_ws/install/kd1_utility_nodes_cpp/share/ament_index/resource_index/packages/kd1_utility_nodes_cpp
[4.546s] -- Up-to-date symlink: /home/name/kd1_ws/install/kd1_utility_nodes_cpp/share/kd1_utility_nodes_cpp/cmake/kd1_utility_nodes_cppConfig.cmake
[4.547s] -- Up-to-date symlink: /home/name/kd1_ws/install/kd1_utility_nodes_cpp/share/kd1_utility_nodes_cpp/cmake/kd1_utility_nodes_cppConfig-version.cmake
[4.548s] -- Up-to-date symlink: /home/name/kd1_ws/install/kd1_utility_nodes_cpp/share/kd1_utility_nodes_cpp/package.xml
[4.556s] Invoked command in '/home/name/kd1_ws/build/kd1_utility_nodes_cpp' returned '0': CMAKE_PREFIX_PATH=/home/name/kd1_ws/install/custom_interfaces:/home/name/kd1_ws/install/kd1_utility_nodes_cpp:/home/name/kd1_ws/install/kd1_description:/home/name/kd1_ws/install/kd1_bringup:/home/name/machine2_ws/install/machine2_ik:/home/name/machine2_ws/install/machine2_hardware_interfaces:/home/name/machine2_ws/install/machine2_description:/home/name/machine2_ws/install/machine2_controllers:/home/name/machine2_ws/install/machine2_bringup:/home/name/machine2_ws/install/custom_interfaces:/home/name/kd1_ws/install/main_pkg_python:/home/name/kd1_ws/install/kd1_utility_nodes:/home/name/kd1_ws/install/kd1_sensors:/home/name/kd1_ws/install/kd1_locomotion:/home/name/kd1_ws/install/kd1_central_processing:/home/name/machine2_ws/install/machine2_servo_interface:/home/name/ros2_ws/install/main_pkg:/opt/ros/humble /usr/bin/cmake --install /home/name/kd1_ws/build/kd1_utility_nodes_cpp
