[8.357s] Invoking command in '/home/name/kd1_ws/build/kd1_sensors': PYTHONPATH=/home/name/kd1_ws/build/kd1_sensors/prefix_override:/usr/lib/python3/dist-packages/colcon_core/task/python/colcon_distutils_commands:/home/name/kd1_ws/install/kd1_sensors/lib/python3.10/site-packages:${PYTHONPATH} /usr/bin/python3 -W ignore:setup.py install is deprecated -W ignore:easy_install command is deprecated setup.py develop --editable --build-directory /home/name/kd1_ws/build/kd1_sensors/build --no-deps symlink_data
[11.187s] running develop
[13.882s] running egg_info
[13.890s] writing kd1_sensors.egg-info/PKG-INFO
[13.890s] writing dependency_links to kd1_sensors.egg-info/dependency_links.txt
[13.891s] writing entry points to kd1_sensors.egg-info/entry_points.txt
[13.892s] writing requirements to kd1_sensors.egg-info/requires.txt
[13.893s] writing top-level names to kd1_sensors.egg-info/top_level.txt
[13.899s] reading manifest file 'kd1_sensors.egg-info/SOURCES.txt'
[13.906s] writing manifest file 'kd1_sensors.egg-info/SOURCES.txt'
[13.918s] running build_ext
[13.919s] Creating /home/name/kd1_ws/install/kd1_sensors/lib/python3.10/site-packages/kd1-sensors.egg-link (link to .)
[13.925s] Installing audio_direction_node script to /home/name/kd1_ws/install/kd1_sensors/lib/kd1_sensors
[13.929s] Installing oak_depthai_node script to /home/name/kd1_ws/install/kd1_sensors/lib/kd1_sensors
[13.930s] Installing tof_sensors_alert_node script to /home/name/kd1_ws/install/kd1_sensors/lib/kd1_sensors
[13.932s] Installing voice_recognition_node script to /home/name/kd1_ws/install/kd1_sensors/lib/kd1_sensors
[13.936s] 
[13.939s] Installed /home/name/kd1_ws/build/kd1_sensors
[13.947s] running symlink_data
[14.159s] Invoked command in '/home/name/kd1_ws/build/kd1_sensors' returned '0': PYTHONPATH=/home/name/kd1_ws/build/kd1_sensors/prefix_override:/usr/lib/python3/dist-packages/colcon_core/task/python/colcon_distutils_commands:/home/name/kd1_ws/install/kd1_sensors/lib/python3.10/site-packages:${PYTHONPATH} /usr/bin/python3 -W ignore:setup.py install is deprecated -W ignore:easy_install command is deprecated setup.py develop --editable --build-directory /home/name/kd1_ws/build/kd1_sensors/build --no-deps symlink_data
