[5.398s] Invoking command in '/home/name/kd1_ws/build/kd1_utility_nodes': PYTHONPATH=/home/name/kd1_ws/build/kd1_utility_nodes/prefix_override:/usr/lib/python3/dist-packages/colcon_core/task/python/colcon_distutils_commands:/home/name/kd1_ws/install/kd1_utility_nodes/lib/python3.10/site-packages:${PYTHONPATH} /usr/bin/python3 -W ignore:setup.py install is deprecated -W ignore:easy_install command is deprecated setup.py develop --editable --build-directory /home/name/kd1_ws/build/kd1_utility_nodes/build --no-deps symlink_data
[8.020s] running develop
[9.307s] running egg_info
[9.308s] writing kd1_utility_nodes.egg-info/PKG-INFO
[9.310s] writing dependency_links to kd1_utility_nodes.egg-info/dependency_links.txt
[9.311s] writing entry points to kd1_utility_nodes.egg-info/entry_points.txt
[9.312s] writing requirements to kd1_utility_nodes.egg-info/requires.txt
[9.312s] writing top-level names to kd1_utility_nodes.egg-info/top_level.txt
[9.321s] reading manifest file 'kd1_utility_nodes.egg-info/SOURCES.txt'
[9.324s] writing manifest file 'kd1_utility_nodes.egg-info/SOURCES.txt'
[9.333s] running build_ext
[9.334s] Creating /home/name/kd1_ws/install/kd1_utility_nodes/lib/python3.10/site-packages/kd1-utility-nodes.egg-link (link to .)
[9.338s] Installing audio_playback_node script to /home/name/kd1_ws/install/kd1_utility_nodes/lib/kd1_utility_nodes
[9.339s] Installing face_animation_node script to /home/name/kd1_ws/install/kd1_utility_nodes/lib/kd1_utility_nodes
[9.340s] Installing imu_conversion_node script to /home/name/kd1_ws/install/kd1_utility_nodes/lib/kd1_utility_nodes
[9.340s] Installing light_ring_node script to /home/name/kd1_ws/install/kd1_utility_nodes/lib/kd1_utility_nodes
[9.342s] 
[9.342s] Installed /home/name/kd1_ws/build/kd1_utility_nodes
[9.343s] running symlink_data
[9.487s] Invoked command in '/home/name/kd1_ws/build/kd1_utility_nodes' returned '0': PYTHONPATH=/home/name/kd1_ws/build/kd1_utility_nodes/prefix_override:/usr/lib/python3/dist-packages/colcon_core/task/python/colcon_distutils_commands:/home/name/kd1_ws/install/kd1_utility_nodes/lib/python3.10/site-packages:${PYTHONPATH} /usr/bin/python3 -W ignore:setup.py install is deprecated -W ignore:easy_install command is deprecated setup.py develop --editable --build-directory /home/name/kd1_ws/build/kd1_utility_nodes/build --no-deps symlink_data
