[0.165s] Invoking command in '/home/name/kd1_ws/build/kd1_description': CMAKE_PREFIX_PATH=${CMAKE_PREFIX_PATH}:/home/name/kd1_ws/install/main_pkg_python:/home/name/machine2_ws/install/machine2_servo_interface:/home/name/ros2_ws/install/main_pkg:/opt/ros/humble /usr/bin/cmake /home/name/kd1_ws/src/kd1_description -DAMENT_CMAKE_SYMLINK_INSTALL=1 -DCMAKE_INSTALL_PREFIX=/home/name/kd1_ws/install/kd1_description
[1.413s] -- The C compiler identification is GNU 11.4.0
[2.773s] -- The CXX compiler identification is GNU 11.4.0
[2.844s] -- Detecting C compiler ABI info
[3.547s] -- Detecting C compiler ABI info - done
[3.625s] -- Check for working C compiler: /usr/bin/cc - skipped
[3.639s] -- Detecting C compile features
[3.647s] -- Detecting C compile features - done
[3.684s] -- Detecting CXX compiler ABI info
[4.608s] -- Detecting CXX compiler ABI info - done
[4.650s] -- Check for working CXX compiler: /usr/bin/c++ - skipped
[4.651s] -- Detecting CXX compile features
[4.679s] -- Detecting CXX compile features - done
[4.794s] -- Found ament_cmake: 1.3.11 (/opt/ros/humble/share/ament_cmake/cmake)
[6.074s] -- Found Python3: /usr/bin/python3 (found version "3.10.12") found components: Interpreter 
[6.601s] -- Override CMake install command with custom implementation using symlinks instead of copying resources
[7.383s] -- Found rclpy: 3.3.16 (/opt/ros/humble/share/rclpy/cmake)
[7.865s] -- Configuring done
[7.888s] -- Generating done
[7.905s] -- Build files have been written to: /home/name/kd1_ws/build/kd1_description
[7.930s] Invoked command in '/home/name/kd1_ws/build/kd1_description' returned '0': CMAKE_PREFIX_PATH=${CMAKE_PREFIX_PATH}:/home/name/kd1_ws/install/main_pkg_python:/home/name/machine2_ws/install/machine2_servo_interface:/home/name/ros2_ws/install/main_pkg:/opt/ros/humble /usr/bin/cmake /home/name/kd1_ws/src/kd1_description -DAMENT_CMAKE_SYMLINK_INSTALL=1 -DCMAKE_INSTALL_PREFIX=/home/name/kd1_ws/install/kd1_description
[7.932s] Invoking command in '/home/name/kd1_ws/build/kd1_description': CMAKE_PREFIX_PATH=${CMAKE_PREFIX_PATH}:/home/name/kd1_ws/install/main_pkg_python:/home/name/machine2_ws/install/machine2_servo_interface:/home/name/ros2_ws/install/main_pkg:/opt/ros/humble /usr/bin/cmake --build /home/name/kd1_ws/build/kd1_description -- -j4 -l4
[8.201s] Invoked command in '/home/name/kd1_ws/build/kd1_description' returned '0': CMAKE_PREFIX_PATH=${CMAKE_PREFIX_PATH}:/home/name/kd1_ws/install/main_pkg_python:/home/name/machine2_ws/install/machine2_servo_interface:/home/name/ros2_ws/install/main_pkg:/opt/ros/humble /usr/bin/cmake --build /home/name/kd1_ws/build/kd1_description -- -j4 -l4
[8.212s] Invoking command in '/home/name/kd1_ws/build/kd1_description': CMAKE_PREFIX_PATH=${CMAKE_PREFIX_PATH}:/home/name/kd1_ws/install/main_pkg_python:/home/name/machine2_ws/install/machine2_servo_interface:/home/name/ros2_ws/install/main_pkg:/opt/ros/humble /usr/bin/cmake --install /home/name/kd1_ws/build/kd1_description
[8.258s] -- Install configuration: ""
[8.262s] -- Execute custom install script
[8.270s] -- Symlinking: /home/name/kd1_ws/install/kd1_description/share/kd1_description/urdf/kd1.urdf.xacro
[8.313s] -- Symlinking: /home/name/kd1_ws/install/kd1_description/share/ament_index/resource_index/package_run_dependencies/kd1_description
[8.361s] -- Symlinking: /home/name/kd1_ws/install/kd1_description/share/ament_index/resource_index/parent_prefix_path/kd1_description
[8.421s] -- Symlinking: /home/name/kd1_ws/install/kd1_description/share/kd1_description/environment/ament_prefix_path.sh
[8.469s] -- Symlinking: /home/name/kd1_ws/install/kd1_description/share/kd1_description/environment/ament_prefix_path.dsv
[8.526s] -- Symlinking: /home/name/kd1_ws/install/kd1_description/share/kd1_description/environment/path.sh
[8.594s] -- Symlinking: /home/name/kd1_ws/install/kd1_description/share/kd1_description/environment/path.dsv
[8.678s] -- Symlinking: /home/name/kd1_ws/install/kd1_description/share/kd1_description/local_setup.bash
[8.756s] -- Symlinking: /home/name/kd1_ws/install/kd1_description/share/kd1_description/local_setup.sh
[8.817s] -- Symlinking: /home/name/kd1_ws/install/kd1_description/share/kd1_description/local_setup.zsh
[8.873s] -- Symlinking: /home/name/kd1_ws/install/kd1_description/share/kd1_description/local_setup.dsv
[8.925s] -- Symlinking: /home/name/kd1_ws/install/kd1_description/share/kd1_description/package.dsv
[8.980s] -- Symlinking: /home/name/kd1_ws/install/kd1_description/share/ament_index/resource_index/packages/kd1_description
[9.032s] -- Symlinking: /home/name/kd1_ws/install/kd1_description/share/kd1_description/cmake/kd1_descriptionConfig.cmake
[9.084s] -- Symlinking: /home/name/kd1_ws/install/kd1_description/share/kd1_description/cmake/kd1_descriptionConfig-version.cmake
[9.138s] -- Symlinking: /home/name/kd1_ws/install/kd1_description/share/kd1_description/package.xml
[9.202s] Invoked command in '/home/name/kd1_ws/build/kd1_description' returned '0': CMAKE_PREFIX_PATH=${CMAKE_PREFIX_PATH}:/home/name/kd1_ws/install/main_pkg_python:/home/name/machine2_ws/install/machine2_servo_interface:/home/name/ros2_ws/install/main_pkg:/opt/ros/humble /usr/bin/cmake --install /home/name/kd1_ws/build/kd1_description
