[6.204s] Invoking command in '/home/name/kd1_ws/build/kd1_locomotion': PYTHONPATH=/home/name/kd1_ws/build/kd1_locomotion/prefix_override:/usr/lib/python3/dist-packages/colcon_core/task/python/colcon_distutils_commands:/home/name/kd1_ws/install/kd1_locomotion/lib/python3.10/site-packages:${PYTHONPATH} /usr/bin/python3 -W ignore:setup.py install is deprecated -W ignore:easy_install command is deprecated setup.py develop --editable --build-directory /home/name/kd1_ws/build/kd1_locomotion/build --no-deps symlink_data
[8.670s] running develop
[10.611s] running egg_info
[10.612s] writing kd1_locomotion.egg-info/PKG-INFO
[10.613s] writing dependency_links to kd1_locomotion.egg-info/dependency_links.txt
[10.615s] writing entry points to kd1_locomotion.egg-info/entry_points.txt
[10.616s] writing requirements to kd1_locomotion.egg-info/requires.txt
[10.618s] writing top-level names to kd1_locomotion.egg-info/top_level.txt
[10.628s] reading manifest file 'kd1_locomotion.egg-info/SOURCES.txt'
[10.632s] writing manifest file 'kd1_locomotion.egg-info/SOURCES.txt'
[10.640s] running build_ext
[10.641s] Creating /home/name/kd1_ws/install/kd1_locomotion/lib/python3.10/site-packages/kd1-locomotion.egg-link (link to .)
[10.646s] Installing motor_driver_comms_node script to /home/name/kd1_ws/install/kd1_locomotion/lib/kd1_locomotion
[10.647s] Installing moving_robot_node script to /home/name/kd1_ws/install/kd1_locomotion/lib/kd1_locomotion
[10.648s] Installing teleop_node script to /home/name/kd1_ws/install/kd1_locomotion/lib/kd1_locomotion
[10.649s] Installing wheel_encoder_node script to /home/name/kd1_ws/install/kd1_locomotion/lib/kd1_locomotion
[10.650s] Installing wheel_odometry_node script to /home/name/kd1_ws/install/kd1_locomotion/lib/kd1_locomotion
[10.652s] 
[10.652s] Installed /home/name/kd1_ws/build/kd1_locomotion
[10.653s] running symlink_data
[10.854s] Invoked command in '/home/name/kd1_ws/build/kd1_locomotion' returned '0': PYTHONPATH=/home/name/kd1_ws/build/kd1_locomotion/prefix_override:/usr/lib/python3/dist-packages/colcon_core/task/python/colcon_distutils_commands:/home/name/kd1_ws/install/kd1_locomotion/lib/python3.10/site-packages:${PYTHONPATH} /usr/bin/python3 -W ignore:setup.py install is deprecated -W ignore:easy_install command is deprecated setup.py develop --editable --build-directory /home/name/kd1_ws/build/kd1_locomotion/build --no-deps symlink_data
