running develop
running egg_info
writing kd1_locomotion.egg-info/PKG-INFO
writing dependency_links to kd1_locomotion.egg-info/dependency_links.txt
writing entry points to kd1_locomotion.egg-info/entry_points.txt
writing requirements to kd1_locomotion.egg-info/requires.txt
writing top-level names to kd1_locomotion.egg-info/top_level.txt
reading manifest file 'kd1_locomotion.egg-info/SOURCES.txt'
writing manifest file 'kd1_locomotion.egg-info/SOURCES.txt'
running build_ext
Creating /home/name/kd1_ws/install/kd1_locomotion/lib/python3.10/site-packages/kd1-locomotion.egg-link (link to .)
Installing motor_driver_comms_node script to /home/name/kd1_ws/install/kd1_locomotion/lib/kd1_locomotion
Installing moving_robot_node script to /home/name/kd1_ws/install/kd1_locomotion/lib/kd1_locomotion
Installing teleop_node script to /home/name/kd1_ws/install/kd1_locomotion/lib/kd1_locomotion
Installing wheel_encoder_node script to /home/name/kd1_ws/install/kd1_locomotion/lib/kd1_locomotion
Installing wheel_odometry_node script to /home/name/kd1_ws/install/kd1_locomotion/lib/kd1_locomotion

Installed /home/name/kd1_ws/build/kd1_locomotion
running symlink_data
symbolically linking /home/name/kd1_ws/build/kd1_locomotion/resource/kd1_locomotion -> /home/name/kd1_ws/install/kd1_locomotion/share/ament_index/resource_index/packages
symbolically linking /home/name/kd1_ws/build/kd1_locomotion/package.xml -> /home/name/kd1_ws/install/kd1_locomotion/share/kd1_locomotion
