[5.798s] Invoking command in '/home/name/kd1_ws/build/kd1_sensors': PYTHONPATH=/home/name/kd1_ws/build/kd1_sensors/prefix_override:/usr/lib/python3/dist-packages/colcon_core/task/python/colcon_distutils_commands:/home/name/kd1_ws/install/kd1_sensors/lib/python3.10/site-packages:${PYTHONPATH} /usr/bin/python3 -W ignore:setup.py install is deprecated -W ignore:easy_install command is deprecated setup.py develop --uninstall --editable --build-directory /home/name/kd1_ws/build/kd1_sensors/build
[8.267s] running develop
[9.607s] Removing /home/name/kd1_ws/install/kd1_sensors/lib/python3.10/site-packages/kd1-sensors.egg-link (link to .)
[9.826s] Invoked command in '/home/name/kd1_ws/build/kd1_sensors' returned '0': PYTHONPATH=/home/name/kd1_ws/build/kd1_sensors/prefix_override:/usr/lib/python3/dist-packages/colcon_core/task/python/colcon_distutils_commands:/home/name/kd1_ws/install/kd1_sensors/lib/python3.10/site-packages:${PYTHONPATH} /usr/bin/python3 -W ignore:setup.py install is deprecated -W ignore:easy_install command is deprecated setup.py develop --uninstall --editable --build-directory /home/name/kd1_ws/build/kd1_sensors/build
[9.830s] Invoking command in '/home/name/kd1_ws/src/kd1_sensors': PYTHONPATH=/home/name/kd1_ws/build/kd1_sensors/prefix_override:/usr/lib/python3/dist-packages/colcon_core/task/python/colcon_distutils_commands:/home/name/kd1_ws/install/kd1_sensors/lib/python3.10/site-packages:${PYTHONPATH} /usr/bin/python3 -W ignore:setup.py install is deprecated -W ignore:easy_install command is deprecated setup.py egg_info --egg-base ../../build/kd1_sensors build --build-base /home/name/kd1_ws/build/kd1_sensors/build install --record /home/name/kd1_ws/build/kd1_sensors/install.log --single-version-externally-managed install_data --force
[11.986s] running egg_info
[11.995s] writing ../../build/kd1_sensors/kd1_sensors.egg-info/PKG-INFO
[11.999s] writing dependency_links to ../../build/kd1_sensors/kd1_sensors.egg-info/dependency_links.txt
[12.003s] writing entry points to ../../build/kd1_sensors/kd1_sensors.egg-info/entry_points.txt
[12.006s] writing requirements to ../../build/kd1_sensors/kd1_sensors.egg-info/requires.txt
[12.008s] writing top-level names to ../../build/kd1_sensors/kd1_sensors.egg-info/top_level.txt
[12.021s] reading manifest file '../../build/kd1_sensors/kd1_sensors.egg-info/SOURCES.txt'
[12.029s] writing manifest file '../../build/kd1_sensors/kd1_sensors.egg-info/SOURCES.txt'
[12.031s] running build
[12.033s] running build_py
[12.035s] creating /home/name/kd1_ws/build/kd1_sensors/build
[12.037s] creating /home/name/kd1_ws/build/kd1_sensors/build/lib
[12.039s] creating /home/name/kd1_ws/build/kd1_sensors/build/lib/kd1_sensors
[12.042s] copying kd1_sensors/audio_direction_node.py -> /home/name/kd1_ws/build/kd1_sensors/build/lib/kd1_sensors
[12.043s] copying kd1_sensors/tof_sensors_alert_node.py -> /home/name/kd1_ws/build/kd1_sensors/build/lib/kd1_sensors
[12.045s] copying kd1_sensors/voice_recognition_node.py -> /home/name/kd1_ws/build/kd1_sensors/build/lib/kd1_sensors
[12.045s] copying kd1_sensors/__init__.py -> /home/name/kd1_ws/build/kd1_sensors/build/lib/kd1_sensors
[12.046s] copying kd1_sensors/oak_depthai_node.py -> /home/name/kd1_ws/build/kd1_sensors/build/lib/kd1_sensors
[12.046s] running install
[12.047s] running install_lib
[12.053s] creating /home/name/kd1_ws/install/kd1_sensors/lib/python3.10/site-packages/kd1_sensors
[12.054s] copying /home/name/kd1_ws/build/kd1_sensors/build/lib/kd1_sensors/audio_direction_node.py -> /home/name/kd1_ws/install/kd1_sensors/lib/python3.10/site-packages/kd1_sensors
[12.055s] copying /home/name/kd1_ws/build/kd1_sensors/build/lib/kd1_sensors/tof_sensors_alert_node.py -> /home/name/kd1_ws/install/kd1_sensors/lib/python3.10/site-packages/kd1_sensors
[12.056s] copying /home/name/kd1_ws/build/kd1_sensors/build/lib/kd1_sensors/voice_recognition_node.py -> /home/name/kd1_ws/install/kd1_sensors/lib/python3.10/site-packages/kd1_sensors
[12.057s] copying /home/name/kd1_ws/build/kd1_sensors/build/lib/kd1_sensors/__init__.py -> /home/name/kd1_ws/install/kd1_sensors/lib/python3.10/site-packages/kd1_sensors
[12.057s] copying /home/name/kd1_ws/build/kd1_sensors/build/lib/kd1_sensors/oak_depthai_node.py -> /home/name/kd1_ws/install/kd1_sensors/lib/python3.10/site-packages/kd1_sensors
[12.063s] byte-compiling /home/name/kd1_ws/install/kd1_sensors/lib/python3.10/site-packages/kd1_sensors/audio_direction_node.py to audio_direction_node.cpython-310.pyc
[12.066s] byte-compiling /home/name/kd1_ws/install/kd1_sensors/lib/python3.10/site-packages/kd1_sensors/tof_sensors_alert_node.py to tof_sensors_alert_node.cpython-310.pyc
[12.069s] byte-compiling /home/name/kd1_ws/install/kd1_sensors/lib/python3.10/site-packages/kd1_sensors/voice_recognition_node.py to voice_recognition_node.cpython-310.pyc
[12.074s] byte-compiling /home/name/kd1_ws/install/kd1_sensors/lib/python3.10/site-packages/kd1_sensors/__init__.py to __init__.cpython-310.pyc
[12.076s] byte-compiling /home/name/kd1_ws/install/kd1_sensors/lib/python3.10/site-packages/kd1_sensors/oak_depthai_node.py to oak_depthai_node.cpython-310.pyc
[12.086s] running install_data
[12.087s] copying resource/kd1_sensors -> /home/name/kd1_ws/install/kd1_sensors/share/ament_index/resource_index/packages
[12.088s] copying package.xml -> /home/name/kd1_ws/install/kd1_sensors/share/kd1_sensors
[12.088s] running install_egg_info
[12.100s] Copying ../../build/kd1_sensors/kd1_sensors.egg-info to /home/name/kd1_ws/install/kd1_sensors/lib/python3.10/site-packages/kd1_sensors-0.0.0-py3.10.egg-info
[12.111s] running install_scripts
[12.232s] Installing audio_direction_node script to /home/name/kd1_ws/install/kd1_sensors/lib/kd1_sensors
[12.233s] Installing oak_depthai_node script to /home/name/kd1_ws/install/kd1_sensors/lib/kd1_sensors
[12.234s] Installing tof_sensors_alert_node script to /home/name/kd1_ws/install/kd1_sensors/lib/kd1_sensors
[12.235s] Installing voice_recognition_node script to /home/name/kd1_ws/install/kd1_sensors/lib/kd1_sensors
[12.239s] writing list of installed files to '/home/name/kd1_ws/build/kd1_sensors/install.log'
[12.401s] Invoked command in '/home/name/kd1_ws/src/kd1_sensors' returned '0': PYTHONPATH=/home/name/kd1_ws/build/kd1_sensors/prefix_override:/usr/lib/python3/dist-packages/colcon_core/task/python/colcon_distutils_commands:/home/name/kd1_ws/install/kd1_sensors/lib/python3.10/site-packages:${PYTHONPATH} /usr/bin/python3 -W ignore:setup.py install is deprecated -W ignore:easy_install command is deprecated setup.py egg_info --egg-base ../../build/kd1_sensors build --build-base /home/name/kd1_ws/build/kd1_sensors/build install --record /home/name/kd1_ws/build/kd1_sensors/install.log --single-version-externally-managed install_data --force
