[5.383s] Invoking command in '/home/name/kd1_ws/src/main_pkg_python': PYTHONPATH=/home/name/kd1_ws/build/main_pkg_python/prefix_override:/usr/lib/python3/dist-packages/colcon_core/task/python/colcon_distutils_commands:/home/name/kd1_ws/install/main_pkg_python/lib/python3.10/site-packages:${PYTHONPATH} /usr/bin/python3 -W ignore:setup.py install is deprecated setup.py egg_info --egg-base ../../build/main_pkg_python build --build-base /home/name/kd1_ws/build/main_pkg_python/build install --record /home/name/kd1_ws/build/main_pkg_python/install.log --single-version-externally-managed install_data
[6.854s] running egg_info
[6.857s] writing ../../build/main_pkg_python/main_pkg_python.egg-info/PKG-INFO
[6.859s] writing dependency_links to ../../build/main_pkg_python/main_pkg_python.egg-info/dependency_links.txt
[6.860s] writing entry points to ../../build/main_pkg_python/main_pkg_python.egg-info/entry_points.txt
[6.860s] writing requirements to ../../build/main_pkg_python/main_pkg_python.egg-info/requires.txt
[6.861s] writing top-level names to ../../build/main_pkg_python/main_pkg_python.egg-info/top_level.txt
[6.871s] reading manifest file '../../build/main_pkg_python/main_pkg_python.egg-info/SOURCES.txt'
[6.876s] writing manifest file '../../build/main_pkg_python/main_pkg_python.egg-info/SOURCES.txt'
[6.877s] running build
[6.877s] running build_py
[6.879s] copying main_pkg_python/motor_driver_comms_node.py -> /home/name/kd1_ws/build/main_pkg_python/build/lib/main_pkg_python
[6.882s] running install
[6.885s] running install_lib
[6.890s] copying /home/name/kd1_ws/build/main_pkg_python/build/lib/main_pkg_python/motor_driver_comms_node.py -> /home/name/kd1_ws/install/main_pkg_python/lib/python3.10/site-packages/main_pkg_python
[6.894s] byte-compiling /home/name/kd1_ws/install/main_pkg_python/lib/python3.10/site-packages/main_pkg_python/motor_driver_comms_node.py to motor_driver_comms_node.cpython-310.pyc
[6.897s] running install_data
[6.898s] running install_egg_info
[6.907s] removing '/home/name/kd1_ws/install/main_pkg_python/lib/python3.10/site-packages/main_pkg_python-0.0.0-py3.10.egg-info' (and everything under it)
[6.908s] Copying ../../build/main_pkg_python/main_pkg_python.egg-info to /home/name/kd1_ws/install/main_pkg_python/lib/python3.10/site-packages/main_pkg_python-0.0.0-py3.10.egg-info
[6.915s] running install_scripts
[7.024s] Installing central_processing_node script to /home/name/kd1_ws/install/main_pkg_python/lib/main_pkg_python
[7.025s] Installing face_animation_node script to /home/name/kd1_ws/install/main_pkg_python/lib/main_pkg_python
[7.026s] Installing human_detection_node script to /home/name/kd1_ws/install/main_pkg_python/lib/main_pkg_python
[7.027s] Installing motor_driver_comms_node script to /home/name/kd1_ws/install/main_pkg_python/lib/main_pkg_python
[7.029s] writing list of installed files to '/home/name/kd1_ws/build/main_pkg_python/install.log'
[7.178s] Invoked command in '/home/name/kd1_ws/src/main_pkg_python' returned '0': PYTHONPATH=/home/name/kd1_ws/build/main_pkg_python/prefix_override:/usr/lib/python3/dist-packages/colcon_core/task/python/colcon_distutils_commands:/home/name/kd1_ws/install/main_pkg_python/lib/python3.10/site-packages:${PYTHONPATH} /usr/bin/python3 -W ignore:setup.py install is deprecated setup.py egg_info --egg-base ../../build/main_pkg_python build --build-base /home/name/kd1_ws/build/main_pkg_python/build install --record /home/name/kd1_ws/build/main_pkg_python/install.log --single-version-externally-managed install_data
