[5.830s] Invoking command in '/home/name/kd1_ws/build/main_pkg_python': PYTHONPATH=/home/name/kd1_ws/build/main_pkg_python/prefix_override:/usr/lib/python3/dist-packages/colcon_core/task/python/colcon_distutils_commands:/home/name/kd1_ws/install/main_pkg_python/lib/python3.10/site-packages:${PYTHONPATH} /usr/bin/python3 -W ignore:setup.py install is deprecated -W ignore:easy_install command is deprecated setup.py develop --editable --build-directory /home/name/kd1_ws/build/main_pkg_python/build --no-deps symlink_data
[8.213s] running develop
[10.208s] running egg_info
[10.210s] writing main_pkg_python.egg-info/PKG-INFO
[10.211s] writing dependency_links to main_pkg_python.egg-info/dependency_links.txt
[10.214s] writing entry points to main_pkg_python.egg-info/entry_points.txt
[10.215s] writing requirements to main_pkg_python.egg-info/requires.txt
[10.216s] writing top-level names to main_pkg_python.egg-info/top_level.txt
[10.229s] reading manifest file 'main_pkg_python.egg-info/SOURCES.txt'
[10.238s] writing manifest file 'main_pkg_python.egg-info/SOURCES.txt'
[10.249s] running build_ext
[10.251s] Creating /home/name/kd1_ws/install/main_pkg_python/lib/python3.10/site-packages/main-pkg-python.egg-link (link to .)
[10.258s] Installing audio_direction_node script to /home/name/kd1_ws/install/main_pkg_python/lib/main_pkg_python
[10.258s] Installing audio_playback_node script to /home/name/kd1_ws/install/main_pkg_python/lib/main_pkg_python
[10.260s] Installing central_processing_node script to /home/name/kd1_ws/install/main_pkg_python/lib/main_pkg_python
[10.261s] Installing face_animation_node script to /home/name/kd1_ws/install/main_pkg_python/lib/main_pkg_python
[10.262s] Installing light_ring_node script to /home/name/kd1_ws/install/main_pkg_python/lib/main_pkg_python
[10.263s] Installing motor_driver_comms_node script to /home/name/kd1_ws/install/main_pkg_python/lib/main_pkg_python
[10.266s] Installing moving_robot_node script to /home/name/kd1_ws/install/main_pkg_python/lib/main_pkg_python
[10.267s] Installing oak_depthai_node script to /home/name/kd1_ws/install/main_pkg_python/lib/main_pkg_python
[10.268s] Installing teleop_node script to /home/name/kd1_ws/install/main_pkg_python/lib/main_pkg_python
[10.268s] Installing tof_sensors_comms_node script to /home/name/kd1_ws/install/main_pkg_python/lib/main_pkg_python
[10.270s] Installing voice_recognition_node script to /home/name/kd1_ws/install/main_pkg_python/lib/main_pkg_python
[10.272s] 
[10.272s] Installed /home/name/kd1_ws/build/main_pkg_python
[10.274s] running symlink_data
[10.448s] Invoked command in '/home/name/kd1_ws/build/main_pkg_python' returned '0': PYTHONPATH=/home/name/kd1_ws/build/main_pkg_python/prefix_override:/usr/lib/python3/dist-packages/colcon_core/task/python/colcon_distutils_commands:/home/name/kd1_ws/install/main_pkg_python/lib/python3.10/site-packages:${PYTHONPATH} /usr/bin/python3 -W ignore:setup.py install is deprecated -W ignore:easy_install command is deprecated setup.py develop --editable --build-directory /home/name/kd1_ws/build/main_pkg_python/build --no-deps symlink_data
