[6.217s] Invoking command in '/home/name/kd1_ws/build/kd1_sensors': PYTHONPATH=/home/name/kd1_ws/build/kd1_sensors/prefix_override:/usr/lib/python3/dist-packages/colcon_core/task/python/colcon_distutils_commands:/home/name/kd1_ws/install/kd1_sensors/lib/python3.10/site-packages:${PYTHONPATH} /usr/bin/python3 -W ignore:setup.py install is deprecated -W ignore:easy_install command is deprecated setup.py develop --editable --build-directory /home/name/kd1_ws/build/kd1_sensors/build --no-deps symlink_data
[7.909s] running develop
[9.196s] running egg_info
[9.197s] writing kd1_sensors.egg-info/PKG-INFO
[9.198s] writing dependency_links to kd1_sensors.egg-info/dependency_links.txt
[9.199s] writing entry points to kd1_sensors.egg-info/entry_points.txt
[9.200s] writing requirements to kd1_sensors.egg-info/requires.txt
[9.201s] writing top-level names to kd1_sensors.egg-info/top_level.txt
[9.210s] reading manifest file 'kd1_sensors.egg-info/SOURCES.txt'
[9.215s] writing manifest file 'kd1_sensors.egg-info/SOURCES.txt'
[9.223s] running build_ext
[9.224s] Creating /home/name/kd1_ws/install/kd1_sensors/lib/python3.10/site-packages/kd1-sensors.egg-link (link to .)
[9.228s] Installing audio_direction_node script to /home/name/kd1_ws/install/kd1_sensors/lib/kd1_sensors
[9.229s] Installing oak_depthai_node script to /home/name/kd1_ws/install/kd1_sensors/lib/kd1_sensors
[9.230s] Installing tof_sensors_alert_node script to /home/name/kd1_ws/install/kd1_sensors/lib/kd1_sensors
[9.231s] Installing voice_recognition_node script to /home/name/kd1_ws/install/kd1_sensors/lib/kd1_sensors
[9.233s] 
[9.233s] Installed /home/name/kd1_ws/build/kd1_sensors
[9.235s] running symlink_data
[9.441s] Invoked command in '/home/name/kd1_ws/build/kd1_sensors' returned '0': PYTHONPATH=/home/name/kd1_ws/build/kd1_sensors/prefix_override:/usr/lib/python3/dist-packages/colcon_core/task/python/colcon_distutils_commands:/home/name/kd1_ws/install/kd1_sensors/lib/python3.10/site-packages:${PYTHONPATH} /usr/bin/python3 -W ignore:setup.py install is deprecated -W ignore:easy_install command is deprecated setup.py develop --editable --build-directory /home/name/kd1_ws/build/kd1_sensors/build --no-deps symlink_data
