[0.071s] Invoking command in '/home/name/kd1_ws/build/kd1_cpp_nodes': CMAKE_PREFIX_PATH=${CMAKE_PREFIX_PATH}:/home/name/kd1_ws/install/main_pkg_python:/home/name/kd1_ws/install/kd1_utility_nodes:/home/name/kd1_ws/install/kd1_sensors:/home/name/kd1_ws/install/kd1_locomotion:/home/name/kd1_ws/install/kd1_depth:/home/name/kd1_ws/install/kd1_central_processing:/home/name/machine2_ws/install/machine2_servo_interface:/opt/ros/humble /usr/bin/cmake --build /home/name/kd1_ws/build/kd1_cpp_nodes -- -j4 -l4
[0.200s] -- Found ament_cmake: 1.3.11 (/opt/ros/humble/share/ament_cmake/cmake)
[0.964s] -- Found rclcpp: 16.0.12 (/opt/ros/humble/share/rclcpp/cmake)
[1.156s] -- Found rosidl_generator_c: 3.1.6 (/opt/ros/humble/share/rosidl_generator_c/cmake)
[1.166s] -- Found rosidl_adapter: 3.1.6 (/opt/ros/humble/share/rosidl_adapter/cmake)
[1.190s] -- Found rosidl_generator_cpp: 3.1.6 (/opt/ros/humble/share/rosidl_generator_cpp/cmake)
[1.232s] -- Using all available rosidl_typesupport_c: rosidl_typesupport_fastrtps_c;rosidl_typesupport_introspection_c
[1.285s] -- Using all available rosidl_typesupport_cpp: rosidl_typesupport_fastrtps_cpp;rosidl_typesupport_introspection_cpp
[1.420s] -- Found rmw_implementation_cmake: 6.1.2 (/opt/ros/humble/share/rmw_implementation_cmake/cmake)
[1.428s] -- Found rmw_fastrtps_cpp: 6.2.7 (/opt/ros/humble/share/rmw_fastrtps_cpp/cmake)
[2.571s] -- Using RMW implementation 'rmw_fastrtps_cpp' as default
[2.763s] -- Found rclcpp_action: 16.0.12 (/opt/ros/humble/share/rclcpp_action/cmake)
[2.881s] -- Found sensor_msgs: 4.8.0 (/opt/ros/humble/share/sensor_msgs/cmake)
[2.995s] -- Found nav2_msgs: 1.1.18 (/opt/ros/humble/share/nav2_msgs/cmake)
[3.550s] -- Configuring done
[3.617s] -- Generating done
[3.637s] -- Build files have been written to: /home/name/kd1_ws/build/kd1_cpp_nodes
[3.773s] [35m[1mConsolidate compiler generated dependencies of target emergency_stop_node[0m
[3.892s] [ 50%] [32mBuilding CXX object CMakeFiles/emergency_stop_node.dir/src/emergency_stop_node.cpp.o[0m
[52.896s] [100%] [32m[1mLinking CXX executable emergency_stop_node[0m
[56.378s] [100%] Built target emergency_stop_node
[56.432s] Invoked command in '/home/name/kd1_ws/build/kd1_cpp_nodes' returned '0': CMAKE_PREFIX_PATH=${CMAKE_PREFIX_PATH}:/home/name/kd1_ws/install/main_pkg_python:/home/name/kd1_ws/install/kd1_utility_nodes:/home/name/kd1_ws/install/kd1_sensors:/home/name/kd1_ws/install/kd1_locomotion:/home/name/kd1_ws/install/kd1_depth:/home/name/kd1_ws/install/kd1_central_processing:/home/name/machine2_ws/install/machine2_servo_interface:/opt/ros/humble /usr/bin/cmake --build /home/name/kd1_ws/build/kd1_cpp_nodes -- -j4 -l4
[56.487s] Invoking command in '/home/name/kd1_ws/build/kd1_cpp_nodes': CMAKE_PREFIX_PATH=${CMAKE_PREFIX_PATH}:/home/name/kd1_ws/install/main_pkg_python:/home/name/kd1_ws/install/kd1_utility_nodes:/home/name/kd1_ws/install/kd1_sensors:/home/name/kd1_ws/install/kd1_locomotion:/home/name/kd1_ws/install/kd1_depth:/home/name/kd1_ws/install/kd1_central_processing:/home/name/machine2_ws/install/machine2_servo_interface:/opt/ros/humble /usr/bin/cmake --install /home/name/kd1_ws/build/kd1_cpp_nodes
[56.522s] -- Install configuration: ""
[56.523s] -- Installing: /home/name/kd1_ws/install/kd1_cpp_nodes/lib/kd1_cpp_nodes/emergency_stop_node
[56.572s] -- Set runtime path of "/home/name/kd1_ws/install/kd1_cpp_nodes/lib/kd1_cpp_nodes/emergency_stop_node" to ""
[56.574s] -- Up-to-date: /home/name/kd1_ws/install/kd1_cpp_nodes/share/ament_index/resource_index/package_run_dependencies/kd1_cpp_nodes
[56.574s] -- Installing: /home/name/kd1_ws/install/kd1_cpp_nodes/share/ament_index/resource_index/parent_prefix_path/kd1_cpp_nodes
[56.576s] -- Up-to-date: /home/name/kd1_ws/install/kd1_cpp_nodes/share/kd1_cpp_nodes/environment/ament_prefix_path.sh
[56.577s] -- Installing: /home/name/kd1_ws/install/kd1_cpp_nodes/share/kd1_cpp_nodes/environment/ament_prefix_path.dsv
[56.578s] -- Up-to-date: /home/name/kd1_ws/install/kd1_cpp_nodes/share/kd1_cpp_nodes/environment/path.sh
[56.578s] -- Installing: /home/name/kd1_ws/install/kd1_cpp_nodes/share/kd1_cpp_nodes/environment/path.dsv
[56.580s] -- Up-to-date: /home/name/kd1_ws/install/kd1_cpp_nodes/share/kd1_cpp_nodes/local_setup.bash
[56.581s] -- Up-to-date: /home/name/kd1_ws/install/kd1_cpp_nodes/share/kd1_cpp_nodes/local_setup.sh
[56.581s] -- Up-to-date: /home/name/kd1_ws/install/kd1_cpp_nodes/share/kd1_cpp_nodes/local_setup.zsh
[56.582s] -- Installing: /home/name/kd1_ws/install/kd1_cpp_nodes/share/kd1_cpp_nodes/local_setup.dsv
[56.583s] -- Installing: /home/name/kd1_ws/install/kd1_cpp_nodes/share/kd1_cpp_nodes/package.dsv
[56.584s] -- Up-to-date: /home/name/kd1_ws/install/kd1_cpp_nodes/share/ament_index/resource_index/packages/kd1_cpp_nodes
[56.585s] -- Up-to-date: /home/name/kd1_ws/install/kd1_cpp_nodes/share/kd1_cpp_nodes/cmake/kd1_cpp_nodesConfig.cmake
[56.586s] -- Up-to-date: /home/name/kd1_ws/install/kd1_cpp_nodes/share/kd1_cpp_nodes/cmake/kd1_cpp_nodesConfig-version.cmake
[56.587s] -- Up-to-date: /home/name/kd1_ws/install/kd1_cpp_nodes/share/kd1_cpp_nodes/package.xml
[56.603s] Invoked command in '/home/name/kd1_ws/build/kd1_cpp_nodes' returned '0': CMAKE_PREFIX_PATH=${CMAKE_PREFIX_PATH}:/home/name/kd1_ws/install/main_pkg_python:/home/name/kd1_ws/install/kd1_utility_nodes:/home/name/kd1_ws/install/kd1_sensors:/home/name/kd1_ws/install/kd1_locomotion:/home/name/kd1_ws/install/kd1_depth:/home/name/kd1_ws/install/kd1_central_processing:/home/name/machine2_ws/install/machine2_servo_interface:/opt/ros/humble /usr/bin/cmake --install /home/name/kd1_ws/build/kd1_cpp_nodes
