[0.102s] Invoking command in '/home/name/kd1_ws/build/custom_interfaces': CMAKE_PREFIX_PATH=${CMAKE_PREFIX_PATH}:/home/name/kd1_ws/install/main_pkg_python:/home/name/machine2_ws/install/machine2_servo_interface:/home/name/ros2_ws/install/main_pkg:/opt/ros/humble /usr/bin/cmake --build /home/name/kd1_ws/build/custom_interfaces -- -j4 -l4
[0.317s] [35m[1mConsolidate compiler generated dependencies of target custom_interfaces__rosidl_generator_c[0m
[0.366s] [  3%] Built target custom_interfaces__cpp
[0.427s] [35m[1mConsolidate compiler generated dependencies of target custom_interfaces__rosidl_typesupport_cpp[0m
[0.431s] [  3%] Built target ament_cmake_python_copy_custom_interfaces
[0.455s] [35m[1mConsolidate compiler generated dependencies of target custom_interfaces__rosidl_typesupport_fastrtps_cpp[0m
[0.479s] [ 12%] Built target custom_interfaces__rosidl_generator_c
[0.516s] [35m[1mConsolidate compiler generated dependencies of target custom_interfaces__rosidl_typesupport_introspection_cpp[0m
[0.573s] [ 22%] Built target custom_interfaces__rosidl_typesupport_fastrtps_cpp
[0.602s] [ 32%] Built target custom_interfaces__rosidl_typesupport_cpp
[0.636s] [ 41%] Built target custom_interfaces__rosidl_typesupport_introspection_cpp
[0.701s] [35m[1mConsolidate compiler generated dependencies of target custom_interfaces__rosidl_typesupport_fastrtps_c[0m
[0.716s] [35m[1mConsolidate compiler generated dependencies of target custom_interfaces__rosidl_typesupport_c[0m
[0.747s] [35m[1mConsolidate compiler generated dependencies of target custom_interfaces__rosidl_typesupport_introspection_c[0m
[0.828s] [ 51%] Built target custom_interfaces__rosidl_typesupport_c
[0.852s] [ 61%] Built target custom_interfaces__rosidl_typesupport_introspection_c
[0.872s] [ 70%] Built target custom_interfaces__rosidl_typesupport_fastrtps_c
[0.984s] [ 70%] Built target custom_interfaces
[1.114s] [ 74%] Built target custom_interfaces__py
[1.170s] [35m[1mConsolidate compiler generated dependencies of target custom_interfaces__rosidl_generator_py[0m
[1.246s] [ 80%] Built target custom_interfaces__rosidl_generator_py
[1.322s] [35m[1mConsolidate compiler generated dependencies of target custom_interfaces__rosidl_typesupport_c__pyext[0m
[1.326s] [35m[1mConsolidate compiler generated dependencies of target custom_interfaces__rosidl_typesupport_introspection_c__pyext[0m
[1.338s] [35m[1mConsolidate compiler generated dependencies of target custom_interfaces__rosidl_typesupport_fastrtps_c__pyext[0m
[1.420s] [ 87%] Built target custom_interfaces__rosidl_typesupport_introspection_c__pyext
[1.465s] [ 93%] Built target custom_interfaces__rosidl_typesupport_c__pyext
[1.485s] [100%] Built target custom_interfaces__rosidl_typesupport_fastrtps_c__pyext
[2.357s] running egg_info
[2.363s] writing custom_interfaces.egg-info/PKG-INFO
[2.364s] writing dependency_links to custom_interfaces.egg-info/dependency_links.txt
[2.365s] writing top-level names to custom_interfaces.egg-info/top_level.txt
[2.377s] reading manifest file 'custom_interfaces.egg-info/SOURCES.txt'
[2.380s] writing manifest file 'custom_interfaces.egg-info/SOURCES.txt'
[2.538s] [100%] Built target ament_cmake_python_build_custom_interfaces_egg
[2.621s] Invoked command in '/home/name/kd1_ws/build/custom_interfaces' returned '0': CMAKE_PREFIX_PATH=${CMAKE_PREFIX_PATH}:/home/name/kd1_ws/install/main_pkg_python:/home/name/machine2_ws/install/machine2_servo_interface:/home/name/ros2_ws/install/main_pkg:/opt/ros/humble /usr/bin/cmake --build /home/name/kd1_ws/build/custom_interfaces -- -j4 -l4
[3.084s] Invoking command in '/home/name/kd1_ws/build/custom_interfaces': CMAKE_PREFIX_PATH=${CMAKE_PREFIX_PATH}:/home/name/kd1_ws/install/main_pkg_python:/home/name/machine2_ws/install/machine2_servo_interface:/home/name/ros2_ws/install/main_pkg:/opt/ros/humble /usr/bin/cmake --install /home/name/kd1_ws/build/custom_interfaces
[3.116s] -- Install configuration: ""
[3.117s] -- Up-to-date: /home/name/kd1_ws/install/custom_interfaces/share/ament_index/resource_index/rosidl_interfaces/custom_interfaces
[3.118s] -- Up-to-date: /home/name/kd1_ws/install/custom_interfaces/include/custom_interfaces/custom_interfaces
[3.118s] -- Up-to-date: /home/name/kd1_ws/install/custom_interfaces/include/custom_interfaces/custom_interfaces/msg
[3.120s] -- Up-to-date: /home/name/kd1_ws/install/custom_interfaces/include/custom_interfaces/custom_interfaces/msg/rosidl_generator_c__visibility_control.h
[3.121s] -- Up-to-date: /home/name/kd1_ws/install/custom_interfaces/include/custom_interfaces/custom_interfaces/srv
[3.121s] -- Up-to-date: /home/name/kd1_ws/install/custom_interfaces/include/custom_interfaces/custom_interfaces/srv/change_face_state.h
[3.122s] -- Up-to-date: /home/name/kd1_ws/install/custom_interfaces/include/custom_interfaces/custom_interfaces/srv/detail
[3.122s] -- Up-to-date: /home/name/kd1_ws/install/custom_interfaces/include/custom_interfaces/custom_interfaces/srv/detail/change_face_state__struct.h
[3.122s] -- Up-to-date: /home/name/kd1_ws/install/custom_interfaces/include/custom_interfaces/custom_interfaces/srv/detail/change_face_state__functions.c
[3.123s] -- Up-to-date: /home/name/kd1_ws/install/custom_interfaces/include/custom_interfaces/custom_interfaces/srv/detail/change_face_state__functions.h
[3.123s] -- Up-to-date: /home/name/kd1_ws/install/custom_interfaces/include/custom_interfaces/custom_interfaces/srv/detail/change_face_state__type_support.h
[3.127s] -- Up-to-date: /home/name/kd1_ws/install/custom_interfaces/share/custom_interfaces/environment/library_path.sh
[3.128s] -- Up-to-date: /home/name/kd1_ws/install/custom_interfaces/share/custom_interfaces/environment/library_path.dsv
[3.129s] -- Up-to-date: /home/name/kd1_ws/install/custom_interfaces/lib/libcustom_interfaces__rosidl_generator_c.so
[3.129s] -- Up-to-date: /home/name/kd1_ws/install/custom_interfaces/include/custom_interfaces/custom_interfaces
[3.130s] -- Up-to-date: /home/name/kd1_ws/install/custom_interfaces/include/custom_interfaces/custom_interfaces/msg
[3.130s] -- Up-to-date: /home/name/kd1_ws/install/custom_interfaces/include/custom_interfaces/custom_interfaces/msg/rosidl_typesupport_fastrtps_c__visibility_control.h
[3.131s] -- Up-to-date: /home/name/kd1_ws/install/custom_interfaces/include/custom_interfaces/custom_interfaces/srv
[3.131s] -- Up-to-date: /home/name/kd1_ws/install/custom_interfaces/include/custom_interfaces/custom_interfaces/srv/detail
[3.131s] -- Up-to-date: /home/name/kd1_ws/install/custom_interfaces/include/custom_interfaces/custom_interfaces/srv/detail/change_face_state__rosidl_typesupport_fastrtps_c.h
[3.132s] -- Up-to-date: /home/name/kd1_ws/install/custom_interfaces/lib/libcustom_interfaces__rosidl_typesupport_fastrtps_c.so
[3.132s] -- Up-to-date: /home/name/kd1_ws/install/custom_interfaces/include/custom_interfaces/custom_interfaces
[3.133s] -- Up-to-date: /home/name/kd1_ws/install/custom_interfaces/include/custom_interfaces/custom_interfaces/msg
[3.134s] -- Up-to-date: /home/name/kd1_ws/install/custom_interfaces/include/custom_interfaces/custom_interfaces/msg/rosidl_typesupport_introspection_c__visibility_control.h
[3.135s] -- Up-to-date: /home/name/kd1_ws/install/custom_interfaces/include/custom_interfaces/custom_interfaces/srv
[3.135s] -- Up-to-date: /home/name/kd1_ws/install/custom_interfaces/include/custom_interfaces/custom_interfaces/srv/detail
[3.136s] -- Up-to-date: /home/name/kd1_ws/install/custom_interfaces/include/custom_interfaces/custom_interfaces/srv/detail/change_face_state__type_support.c
[3.137s] -- Up-to-date: /home/name/kd1_ws/install/custom_interfaces/include/custom_interfaces/custom_interfaces/srv/detail/change_face_state__rosidl_typesupport_introspection_c.h
[3.137s] -- Up-to-date: /home/name/kd1_ws/install/custom_interfaces/lib/libcustom_interfaces__rosidl_typesupport_introspection_c.so
[3.139s] -- Up-to-date: /home/name/kd1_ws/install/custom_interfaces/lib/libcustom_interfaces__rosidl_typesupport_c.so
[3.140s] -- Up-to-date: /home/name/kd1_ws/install/custom_interfaces/include/custom_interfaces/custom_interfaces
[3.140s] -- Up-to-date: /home/name/kd1_ws/install/custom_interfaces/include/custom_interfaces/custom_interfaces/srv
[3.141s] -- Up-to-date: /home/name/kd1_ws/install/custom_interfaces/include/custom_interfaces/custom_interfaces/srv/detail
[3.142s] -- Up-to-date: /home/name/kd1_ws/install/custom_interfaces/include/custom_interfaces/custom_interfaces/srv/detail/change_face_state__struct.hpp
[3.143s] -- Up-to-date: /home/name/kd1_ws/install/custom_interfaces/include/custom_interfaces/custom_interfaces/srv/detail/change_face_state__traits.hpp
[3.143s] -- Up-to-date: /home/name/kd1_ws/install/custom_interfaces/include/custom_interfaces/custom_interfaces/srv/detail/change_face_state__builder.hpp
[3.144s] -- Up-to-date: /home/name/kd1_ws/install/custom_interfaces/include/custom_interfaces/custom_interfaces/srv/change_face_state.hpp
[3.144s] -- Up-to-date: /home/name/kd1_ws/install/custom_interfaces/include/custom_interfaces/custom_interfaces
[3.145s] -- Up-to-date: /home/name/kd1_ws/install/custom_interfaces/include/custom_interfaces/custom_interfaces/msg
[3.145s] -- Up-to-date: /home/name/kd1_ws/install/custom_interfaces/include/custom_interfaces/custom_interfaces/msg/rosidl_typesupport_fastrtps_cpp__visibility_control.h
[3.146s] -- Up-to-date: /home/name/kd1_ws/install/custom_interfaces/include/custom_interfaces/custom_interfaces/srv
[3.146s] -- Up-to-date: /home/name/kd1_ws/install/custom_interfaces/include/custom_interfaces/custom_interfaces/srv/detail
[3.147s] -- Up-to-date: /home/name/kd1_ws/install/custom_interfaces/include/custom_interfaces/custom_interfaces/srv/detail/change_face_state__rosidl_typesupport_fastrtps_cpp.hpp
[3.147s] -- Up-to-date: /home/name/kd1_ws/install/custom_interfaces/include/custom_interfaces/custom_interfaces/srv/detail/dds_fastrtps
[3.148s] -- Up-to-date: /home/name/kd1_ws/install/custom_interfaces/lib/libcustom_interfaces__rosidl_typesupport_fastrtps_cpp.so
[3.148s] -- Up-to-date: /home/name/kd1_ws/install/custom_interfaces/include/custom_interfaces/custom_interfaces
[3.149s] -- Up-to-date: /home/name/kd1_ws/install/custom_interfaces/include/custom_interfaces/custom_interfaces/srv
[3.151s] -- Up-to-date: /home/name/kd1_ws/install/custom_interfaces/include/custom_interfaces/custom_interfaces/srv/detail
[3.152s] -- Up-to-date: /home/name/kd1_ws/install/custom_interfaces/include/custom_interfaces/custom_interfaces/srv/detail/change_face_state__rosidl_typesupport_introspection_cpp.hpp
[3.152s] -- Up-to-date: /home/name/kd1_ws/install/custom_interfaces/include/custom_interfaces/custom_interfaces/srv/detail/change_face_state__type_support.cpp
[3.153s] -- Up-to-date: /home/name/kd1_ws/install/custom_interfaces/lib/libcustom_interfaces__rosidl_typesupport_introspection_cpp.so
[3.156s] -- Up-to-date: /home/name/kd1_ws/install/custom_interfaces/lib/libcustom_interfaces__rosidl_typesupport_cpp.so
[3.157s] -- Up-to-date: /home/name/kd1_ws/install/custom_interfaces/share/custom_interfaces/environment/pythonpath.sh
[3.158s] -- Up-to-date: /home/name/kd1_ws/install/custom_interfaces/share/custom_interfaces/environment/pythonpath.dsv
[3.158s] -- Up-to-date: /home/name/kd1_ws/install/custom_interfaces/local/lib/python3.10/dist-packages/custom_interfaces-0.0.0-py3.10.egg-info
[3.159s] -- Installing: /home/name/kd1_ws/install/custom_interfaces/local/lib/python3.10/dist-packages/custom_interfaces-0.0.0-py3.10.egg-info/dependency_links.txt
[3.160s] -- Installing: /home/name/kd1_ws/install/custom_interfaces/local/lib/python3.10/dist-packages/custom_interfaces-0.0.0-py3.10.egg-info/SOURCES.txt
[3.162s] -- Installing: /home/name/kd1_ws/install/custom_interfaces/local/lib/python3.10/dist-packages/custom_interfaces-0.0.0-py3.10.egg-info/top_level.txt
[3.164s] -- Installing: /home/name/kd1_ws/install/custom_interfaces/local/lib/python3.10/dist-packages/custom_interfaces-0.0.0-py3.10.egg-info/PKG-INFO
[3.165s] -- Up-to-date: /home/name/kd1_ws/install/custom_interfaces/local/lib/python3.10/dist-packages/custom_interfaces
[3.166s] -- Up-to-date: /home/name/kd1_ws/install/custom_interfaces/local/lib/python3.10/dist-packages/custom_interfaces/srv
[3.167s] -- Up-to-date: /home/name/kd1_ws/install/custom_interfaces/local/lib/python3.10/dist-packages/custom_interfaces/srv/_change_face_state_s.c
[3.167s] -- Up-to-date: /home/name/kd1_ws/install/custom_interfaces/local/lib/python3.10/dist-packages/custom_interfaces/srv/_change_face_state.py
[3.168s] -- Up-to-date: /home/name/kd1_ws/install/custom_interfaces/local/lib/python3.10/dist-packages/custom_interfaces/srv/__init__.py
[3.168s] -- Up-to-date: /home/name/kd1_ws/install/custom_interfaces/local/lib/python3.10/dist-packages/custom_interfaces/custom_interfaces_s__rosidl_typesupport_fastrtps_c.cpython-310-aarch64-linux-gnu.so
[3.169s] -- Up-to-date: /home/name/kd1_ws/install/custom_interfaces/local/lib/python3.10/dist-packages/custom_interfaces/_custom_interfaces_s.ep.rosidl_typesupport_fastrtps_c.c
[3.170s] -- Up-to-date: /home/name/kd1_ws/install/custom_interfaces/local/lib/python3.10/dist-packages/custom_interfaces/custom_interfaces_s__rosidl_typesupport_c.cpython-310-aarch64-linux-gnu.so
[3.170s] -- Up-to-date: /home/name/kd1_ws/install/custom_interfaces/local/lib/python3.10/dist-packages/custom_interfaces/__init__.py
[3.171s] -- Up-to-date: /home/name/kd1_ws/install/custom_interfaces/local/lib/python3.10/dist-packages/custom_interfaces/custom_interfaces_s__rosidl_typesupport_introspection_c.cpython-310-aarch64-linux-gnu.so
[3.171s] -- Up-to-date: /home/name/kd1_ws/install/custom_interfaces/local/lib/python3.10/dist-packages/custom_interfaces/_custom_interfaces_s.ep.rosidl_typesupport_c.c
[3.172s] -- Up-to-date: /home/name/kd1_ws/install/custom_interfaces/local/lib/python3.10/dist-packages/custom_interfaces/libcustom_interfaces__rosidl_generator_py.so
[3.172s] -- Up-to-date: /home/name/kd1_ws/install/custom_interfaces/local/lib/python3.10/dist-packages/custom_interfaces/_custom_interfaces_s.ep.rosidl_typesupport_introspection_c.c
[3.341s] Listing '/home/name/kd1_ws/install/custom_interfaces/local/lib/python3.10/dist-packages/custom_interfaces'...
[3.343s] Listing '/home/name/kd1_ws/install/custom_interfaces/local/lib/python3.10/dist-packages/custom_interfaces/srv'...
[3.369s] -- Up-to-date: /home/name/kd1_ws/install/custom_interfaces/local/lib/python3.10/dist-packages/custom_interfaces/custom_interfaces_s__rosidl_typesupport_fastrtps_c.cpython-310-aarch64-linux-gnu.so
[3.371s] -- Up-to-date: /home/name/kd1_ws/install/custom_interfaces/local/lib/python3.10/dist-packages/custom_interfaces/custom_interfaces_s__rosidl_typesupport_introspection_c.cpython-310-aarch64-linux-gnu.so
[3.374s] -- Up-to-date: /home/name/kd1_ws/install/custom_interfaces/local/lib/python3.10/dist-packages/custom_interfaces/custom_interfaces_s__rosidl_typesupport_c.cpython-310-aarch64-linux-gnu.so
[3.376s] -- Up-to-date: /home/name/kd1_ws/install/custom_interfaces/lib/libcustom_interfaces__rosidl_generator_py.so
[3.379s] -- Up-to-date: /home/name/kd1_ws/install/custom_interfaces/share/custom_interfaces/srv/ChangeFaceState.idl
[3.380s] -- Up-to-date: /home/name/kd1_ws/install/custom_interfaces/share/custom_interfaces/srv/ChangeFaceState.srv
[3.381s] -- Up-to-date: /home/name/kd1_ws/install/custom_interfaces/share/custom_interfaces/srv/ChangeFaceState_Request.msg
[3.381s] -- Up-to-date: /home/name/kd1_ws/install/custom_interfaces/share/custom_interfaces/srv/ChangeFaceState_Response.msg
[3.382s] -- Up-to-date: /home/name/kd1_ws/install/custom_interfaces/share/ament_index/resource_index/package_run_dependencies/custom_interfaces
[3.382s] -- Up-to-date: /home/name/kd1_ws/install/custom_interfaces/share/ament_index/resource_index/parent_prefix_path/custom_interfaces
[3.384s] -- Up-to-date: /home/name/kd1_ws/install/custom_interfaces/share/custom_interfaces/environment/ament_prefix_path.sh
[3.385s] -- Up-to-date: /home/name/kd1_ws/install/custom_interfaces/share/custom_interfaces/environment/ament_prefix_path.dsv
[3.385s] -- Up-to-date: /home/name/kd1_ws/install/custom_interfaces/share/custom_interfaces/environment/path.sh
[3.386s] -- Up-to-date: /home/name/kd1_ws/install/custom_interfaces/share/custom_interfaces/environment/path.dsv
[3.386s] -- Up-to-date: /home/name/kd1_ws/install/custom_interfaces/share/custom_interfaces/local_setup.bash
[3.387s] -- Up-to-date: /home/name/kd1_ws/install/custom_interfaces/share/custom_interfaces/local_setup.sh
[3.387s] -- Up-to-date: /home/name/kd1_ws/install/custom_interfaces/share/custom_interfaces/local_setup.zsh
[3.388s] -- Up-to-date: /home/name/kd1_ws/install/custom_interfaces/share/custom_interfaces/local_setup.dsv
[3.388s] -- Installing: /home/name/kd1_ws/install/custom_interfaces/share/custom_interfaces/package.dsv
[3.389s] -- Up-to-date: /home/name/kd1_ws/install/custom_interfaces/share/ament_index/resource_index/packages/custom_interfaces
[3.389s] -- Up-to-date: /home/name/kd1_ws/install/custom_interfaces/share/custom_interfaces/cmake/export_custom_interfaces__rosidl_generator_cExport.cmake
[3.390s] -- Up-to-date: /home/name/kd1_ws/install/custom_interfaces/share/custom_interfaces/cmake/export_custom_interfaces__rosidl_generator_cExport-noconfig.cmake
[3.390s] -- Up-to-date: /home/name/kd1_ws/install/custom_interfaces/share/custom_interfaces/cmake/export_custom_interfaces__rosidl_typesupport_fastrtps_cExport.cmake
[3.391s] -- Up-to-date: /home/name/kd1_ws/install/custom_interfaces/share/custom_interfaces/cmake/export_custom_interfaces__rosidl_typesupport_fastrtps_cExport-noconfig.cmake
[3.391s] -- Up-to-date: /home/name/kd1_ws/install/custom_interfaces/share/custom_interfaces/cmake/custom_interfaces__rosidl_typesupport_introspection_cExport.cmake
[3.392s] -- Up-to-date: /home/name/kd1_ws/install/custom_interfaces/share/custom_interfaces/cmake/custom_interfaces__rosidl_typesupport_introspection_cExport-noconfig.cmake
[3.392s] -- Up-to-date: /home/name/kd1_ws/install/custom_interfaces/share/custom_interfaces/cmake/custom_interfaces__rosidl_typesupport_cExport.cmake
[3.393s] -- Up-to-date: /home/name/kd1_ws/install/custom_interfaces/share/custom_interfaces/cmake/custom_interfaces__rosidl_typesupport_cExport-noconfig.cmake
[3.394s] -- Up-to-date: /home/name/kd1_ws/install/custom_interfaces/share/custom_interfaces/cmake/export_custom_interfaces__rosidl_generator_cppExport.cmake
[3.395s] -- Up-to-date: /home/name/kd1_ws/install/custom_interfaces/share/custom_interfaces/cmake/export_custom_interfaces__rosidl_typesupport_fastrtps_cppExport.cmake
[3.396s] -- Up-to-date: /home/name/kd1_ws/install/custom_interfaces/share/custom_interfaces/cmake/export_custom_interfaces__rosidl_typesupport_fastrtps_cppExport-noconfig.cmake
[3.397s] -- Up-to-date: /home/name/kd1_ws/install/custom_interfaces/share/custom_interfaces/cmake/custom_interfaces__rosidl_typesupport_introspection_cppExport.cmake
[3.398s] -- Up-to-date: /home/name/kd1_ws/install/custom_interfaces/share/custom_interfaces/cmake/custom_interfaces__rosidl_typesupport_introspection_cppExport-noconfig.cmake
[3.399s] -- Up-to-date: /home/name/kd1_ws/install/custom_interfaces/share/custom_interfaces/cmake/custom_interfaces__rosidl_typesupport_cppExport.cmake
[3.400s] -- Up-to-date: /home/name/kd1_ws/install/custom_interfaces/share/custom_interfaces/cmake/custom_interfaces__rosidl_typesupport_cppExport-noconfig.cmake
[3.402s] -- Up-to-date: /home/name/kd1_ws/install/custom_interfaces/share/custom_interfaces/cmake/export_custom_interfaces__rosidl_generator_pyExport.cmake
[3.402s] -- Up-to-date: /home/name/kd1_ws/install/custom_interfaces/share/custom_interfaces/cmake/export_custom_interfaces__rosidl_generator_pyExport-noconfig.cmake
[3.403s] -- Up-to-date: /home/name/kd1_ws/install/custom_interfaces/share/custom_interfaces/cmake/rosidl_cmake-extras.cmake
[3.404s] -- Up-to-date: /home/name/kd1_ws/install/custom_interfaces/share/custom_interfaces/cmake/ament_cmake_export_include_directories-extras.cmake
[3.404s] -- Up-to-date: /home/name/kd1_ws/install/custom_interfaces/share/custom_interfaces/cmake/ament_cmake_export_libraries-extras.cmake
[3.405s] -- Up-to-date: /home/name/kd1_ws/install/custom_interfaces/share/custom_interfaces/cmake/ament_cmake_export_targets-extras.cmake
[3.406s] -- Up-to-date: /home/name/kd1_ws/install/custom_interfaces/share/custom_interfaces/cmake/rosidl_cmake_export_typesupport_targets-extras.cmake
[3.406s] -- Up-to-date: /home/name/kd1_ws/install/custom_interfaces/share/custom_interfaces/cmake/ament_cmake_export_dependencies-extras.cmake
[3.407s] -- Up-to-date: /home/name/kd1_ws/install/custom_interfaces/share/custom_interfaces/cmake/rosidl_cmake_export_typesupport_libraries-extras.cmake
[3.408s] -- Up-to-date: /home/name/kd1_ws/install/custom_interfaces/share/custom_interfaces/cmake/custom_interfacesConfig.cmake
[3.408s] -- Up-to-date: /home/name/kd1_ws/install/custom_interfaces/share/custom_interfaces/cmake/custom_interfacesConfig-version.cmake
[3.409s] -- Up-to-date: /home/name/kd1_ws/install/custom_interfaces/share/custom_interfaces/package.xml
[3.426s] Invoked command in '/home/name/kd1_ws/build/custom_interfaces' returned '0': CMAKE_PREFIX_PATH=${CMAKE_PREFIX_PATH}:/home/name/kd1_ws/install/main_pkg_python:/home/name/machine2_ws/install/machine2_servo_interface:/home/name/ros2_ws/install/main_pkg:/opt/ros/humble /usr/bin/cmake --install /home/name/kd1_ws/build/custom_interfaces
