[6.850s] Invoking command in '/home/name/kd1_ws/build/kd1_sensors': PYTHONPATH=/home/name/kd1_ws/build/kd1_sensors/prefix_override:/usr/lib/python3/dist-packages/colcon_core/task/python/colcon_distutils_commands:/home/name/kd1_ws/install/kd1_sensors/lib/python3.10/site-packages:${PYTHONPATH} /usr/bin/python3 -W ignore:setup.py install is deprecated -W ignore:easy_install command is deprecated setup.py develop --editable --build-directory /home/name/kd1_ws/build/kd1_sensors/build --no-deps symlink_data
[8.988s] running develop
[10.568s] running egg_info
[10.570s] writing kd1_sensors.egg-info/PKG-INFO
[10.571s] writing dependency_links to kd1_sensors.egg-info/dependency_links.txt
[10.572s] writing entry points to kd1_sensors.egg-info/entry_points.txt
[10.573s] writing requirements to kd1_sensors.egg-info/requires.txt
[10.576s] writing top-level names to kd1_sensors.egg-info/top_level.txt
[10.584s] reading manifest file 'kd1_sensors.egg-info/SOURCES.txt'
[10.589s] writing manifest file 'kd1_sensors.egg-info/SOURCES.txt'
[10.599s] running build_ext
[10.600s] Creating /home/name/kd1_ws/install/kd1_sensors/lib/python3.10/site-packages/kd1-sensors.egg-link (link to .)
[10.605s] Installing audio_direction_node script to /home/name/kd1_ws/install/kd1_sensors/lib/kd1_sensors
[10.606s] Installing oak_depthai_node script to /home/name/kd1_ws/install/kd1_sensors/lib/kd1_sensors
[10.607s] Installing tof_sensors_alert_node script to /home/name/kd1_ws/install/kd1_sensors/lib/kd1_sensors
[10.609s] Installing voice_recognition_node script to /home/name/kd1_ws/install/kd1_sensors/lib/kd1_sensors
[10.612s] 
[10.613s] Installed /home/name/kd1_ws/build/kd1_sensors
[10.615s] running symlink_data
[10.866s] Invoked command in '/home/name/kd1_ws/build/kd1_sensors' returned '0': PYTHONPATH=/home/name/kd1_ws/build/kd1_sensors/prefix_override:/usr/lib/python3/dist-packages/colcon_core/task/python/colcon_distutils_commands:/home/name/kd1_ws/install/kd1_sensors/lib/python3.10/site-packages:${PYTHONPATH} /usr/bin/python3 -W ignore:setup.py install is deprecated -W ignore:easy_install command is deprecated setup.py develop --editable --build-directory /home/name/kd1_ws/build/kd1_sensors/build --no-deps symlink_data
