[0.504s] Invoking command in '/home/name/kd1_ws/build/custom_interfaces': CMAKE_PREFIX_PATH=${CMAKE_PREFIX_PATH}:/home/name/kd1_ws/install/main_pkg_python:/home/name/kd1_ws/install/kd1_utility_nodes:/home/name/kd1_ws/install/kd1_sensors:/home/name/kd1_ws/install/kd1_locomotion:/home/name/kd1_ws/install/kd1_depth:/home/name/kd1_ws/install/kd1_central_processing:/home/name/machine2_ws/install/machine2_servo_interface:/opt/ros/humble /usr/bin/cmake --build /home/name/kd1_ws/build/custom_interfaces -- -j4 -l4
[4.924s] [ 11%] Built target custom_interfaces__rosidl_generator_c
[4.925s] [ 11%] Built target ament_cmake_python_symlink_custom_interfaces
[4.925s] [ 22%] Built target custom_interfaces__rosidl_typesupport_fastrtps_c
[4.926s] [ 33%] Built target custom_interfaces__rosidl_typesupport_introspection_c
[6.536s] running egg_info
[6.543s] writing custom_interfaces.egg-info/PKG-INFO
[6.553s] writing dependency_links to custom_interfaces.egg-info/dependency_links.txt
[6.558s] writing top-level names to custom_interfaces.egg-info/top_level.txt
[6.597s] reading manifest file 'custom_interfaces.egg-info/SOURCES.txt'
[6.607s] writing manifest file 'custom_interfaces.egg-info/SOURCES.txt'
[6.956s] [ 33%] Built target ament_cmake_python_build_custom_interfaces_egg
[7.184s] [ 45%] Built target custom_interfaces__rosidl_typesupport_c
[7.390s] [ 46%] Built target custom_interfaces__cpp
[7.733s] [ 57%] Built target custom_interfaces__rosidl_typesupport_fastrtps_cpp
[8.016s] [ 69%] Built target custom_interfaces__rosidl_typesupport_cpp
[8.286s] [ 80%] Built target custom_interfaces__rosidl_typesupport_introspection_cpp
[8.470s] [ 80%] Built target custom_interfaces
[8.703s] [ 81%] Built target custom_interfaces__py
[8.990s] [ 91%] Built target custom_interfaces__rosidl_generator_py
[9.282s] [ 94%] Built target custom_interfaces__rosidl_typesupport_fastrtps_c__pyext
[9.789s] [ 97%] Built target custom_interfaces__rosidl_typesupport_c__pyext
[10.132s] [100%] Built target custom_interfaces__rosidl_typesupport_introspection_c__pyext
[10.385s] Invoked command in '/home/name/kd1_ws/build/custom_interfaces' returned '0': CMAKE_PREFIX_PATH=${CMAKE_PREFIX_PATH}:/home/name/kd1_ws/install/main_pkg_python:/home/name/kd1_ws/install/kd1_utility_nodes:/home/name/kd1_ws/install/kd1_sensors:/home/name/kd1_ws/install/kd1_locomotion:/home/name/kd1_ws/install/kd1_depth:/home/name/kd1_ws/install/kd1_central_processing:/home/name/machine2_ws/install/machine2_servo_interface:/opt/ros/humble /usr/bin/cmake --build /home/name/kd1_ws/build/custom_interfaces -- -j4 -l4
[10.411s] Invoking command in '/home/name/kd1_ws/build/custom_interfaces': CMAKE_PREFIX_PATH=${CMAKE_PREFIX_PATH}:/home/name/kd1_ws/install/main_pkg_python:/home/name/kd1_ws/install/kd1_utility_nodes:/home/name/kd1_ws/install/kd1_sensors:/home/name/kd1_ws/install/kd1_locomotion:/home/name/kd1_ws/install/kd1_depth:/home/name/kd1_ws/install/kd1_central_processing:/home/name/machine2_ws/install/machine2_servo_interface:/opt/ros/humble /usr/bin/cmake --install /home/name/kd1_ws/build/custom_interfaces
[10.581s] -- Install configuration: ""
[10.593s] -- Execute custom install script
[10.594s] -- Up-to-date symlink: /home/name/kd1_ws/install/custom_interfaces/share/ament_index/resource_index/rosidl_interfaces/custom_interfaces
[10.609s] -- Up-to-date symlink: /home/name/kd1_ws/install/custom_interfaces/include/custom_interfaces/custom_interfaces/msg/detail/detected_person_frame_offset__functions.h
[10.610s] -- Up-to-date symlink: /home/name/kd1_ws/install/custom_interfaces/include/custom_interfaces/custom_interfaces/msg/detail/detected_person_frame_offset__struct.h
[10.620s] -- Up-to-date symlink: /home/name/kd1_ws/install/custom_interfaces/include/custom_interfaces/custom_interfaces/msg/detail/detected_person_frame_offset__type_support.h
[10.637s] -- Up-to-date symlink: /home/name/kd1_ws/install/custom_interfaces/include/custom_interfaces/custom_interfaces/msg/detail/detected_voice_command__functions.h
[10.640s] -- Up-to-date symlink: /home/name/kd1_ws/install/custom_interfaces/include/custom_interfaces/custom_interfaces/msg/detail/detected_voice_command__struct.h
[10.649s] -- Up-to-date symlink: /home/name/kd1_ws/install/custom_interfaces/include/custom_interfaces/custom_interfaces/msg/detail/detected_voice_command__type_support.h
[10.650s] -- Up-to-date symlink: /home/name/kd1_ws/install/custom_interfaces/include/custom_interfaces/custom_interfaces/msg/detail/imu_data__functions.h
[10.651s] -- Up-to-date symlink: /home/name/kd1_ws/install/custom_interfaces/include/custom_interfaces/custom_interfaces/msg/detail/imu_data__struct.h
[10.651s] -- Up-to-date symlink: /home/name/kd1_ws/install/custom_interfaces/include/custom_interfaces/custom_interfaces/msg/detail/imu_data__type_support.h
[10.652s] -- Up-to-date symlink: /home/name/kd1_ws/install/custom_interfaces/include/custom_interfaces/custom_interfaces/msg/detail/move_robot_command__functions.h
[10.660s] -- Up-to-date symlink: /home/name/kd1_ws/install/custom_interfaces/include/custom_interfaces/custom_interfaces/msg/detail/move_robot_command__struct.h
[10.662s] -- Up-to-date symlink: /home/name/kd1_ws/install/custom_interfaces/include/custom_interfaces/custom_interfaces/msg/detail/move_robot_command__type_support.h
[10.666s] -- Up-to-date symlink: /home/name/kd1_ws/install/custom_interfaces/include/custom_interfaces/custom_interfaces/msg/detail/tof_sensor_data__functions.h
[10.672s] -- Up-to-date symlink: /home/name/kd1_ws/install/custom_interfaces/include/custom_interfaces/custom_interfaces/msg/detail/tof_sensor_data__struct.h
[10.674s] -- Up-to-date symlink: /home/name/kd1_ws/install/custom_interfaces/include/custom_interfaces/custom_interfaces/msg/detail/tof_sensor_data__type_support.h
[10.675s] -- Up-to-date symlink: /home/name/kd1_ws/install/custom_interfaces/include/custom_interfaces/custom_interfaces/msg/detected_person_frame_offset.h
[10.677s] -- Up-to-date symlink: /home/name/kd1_ws/install/custom_interfaces/include/custom_interfaces/custom_interfaces/msg/detected_voice_command.h
[10.678s] -- Up-to-date symlink: /home/name/kd1_ws/install/custom_interfaces/include/custom_interfaces/custom_interfaces/msg/imu_data.h
[10.679s] -- Up-to-date symlink: /home/name/kd1_ws/install/custom_interfaces/include/custom_interfaces/custom_interfaces/msg/move_robot_command.h
[10.680s] -- Up-to-date symlink: /home/name/kd1_ws/install/custom_interfaces/include/custom_interfaces/custom_interfaces/msg/rosidl_generator_c__visibility_control.h
[10.681s] -- Up-to-date symlink: /home/name/kd1_ws/install/custom_interfaces/include/custom_interfaces/custom_interfaces/msg/tof_sensor_data.h
[10.692s] -- Up-to-date symlink: /home/name/kd1_ws/install/custom_interfaces/include/custom_interfaces/custom_interfaces/srv/change_face_state.h
[10.693s] -- Up-to-date symlink: /home/name/kd1_ws/install/custom_interfaces/include/custom_interfaces/custom_interfaces/srv/detail/change_face_state__functions.h
[10.694s] -- Up-to-date symlink: /home/name/kd1_ws/install/custom_interfaces/include/custom_interfaces/custom_interfaces/srv/detail/change_face_state__struct.h
[10.695s] -- Up-to-date symlink: /home/name/kd1_ws/install/custom_interfaces/include/custom_interfaces/custom_interfaces/srv/detail/change_face_state__type_support.h
[10.695s] -- Up-to-date symlink: /home/name/kd1_ws/install/custom_interfaces/share/custom_interfaces/environment/library_path.sh
[10.696s] -- Up-to-date symlink: /home/name/kd1_ws/install/custom_interfaces/share/custom_interfaces/environment/library_path.dsv
[10.713s] -- Up-to-date symlink: /home/name/kd1_ws/install/custom_interfaces/include/custom_interfaces/custom_interfaces/msg/detail/detected_person_frame_offset__rosidl_typesupport_fastrtps_c.h
[10.713s] -- Up-to-date symlink: /home/name/kd1_ws/install/custom_interfaces/include/custom_interfaces/custom_interfaces/msg/detail/detected_voice_command__rosidl_typesupport_fastrtps_c.h
[10.716s] -- Up-to-date symlink: /home/name/kd1_ws/install/custom_interfaces/include/custom_interfaces/custom_interfaces/msg/detail/imu_data__rosidl_typesupport_fastrtps_c.h
[10.717s] -- Up-to-date symlink: /home/name/kd1_ws/install/custom_interfaces/include/custom_interfaces/custom_interfaces/msg/detail/move_robot_command__rosidl_typesupport_fastrtps_c.h
[10.718s] -- Up-to-date symlink: /home/name/kd1_ws/install/custom_interfaces/include/custom_interfaces/custom_interfaces/msg/detail/tof_sensor_data__rosidl_typesupport_fastrtps_c.h
[10.721s] -- Up-to-date symlink: /home/name/kd1_ws/install/custom_interfaces/include/custom_interfaces/custom_interfaces/msg/rosidl_typesupport_fastrtps_c__visibility_control.h
[10.727s] -- Up-to-date symlink: /home/name/kd1_ws/install/custom_interfaces/include/custom_interfaces/custom_interfaces/srv/detail/change_face_state__rosidl_typesupport_fastrtps_c.h
[10.734s] -- Up-to-date symlink: /home/name/kd1_ws/install/custom_interfaces/include/custom_interfaces/custom_interfaces/msg/detail/detected_person_frame_offset__rosidl_typesupport_introspection_c.h
[10.736s] -- Up-to-date symlink: /home/name/kd1_ws/install/custom_interfaces/include/custom_interfaces/custom_interfaces/msg/detail/detected_voice_command__rosidl_typesupport_introspection_c.h
[10.746s] -- Up-to-date symlink: /home/name/kd1_ws/install/custom_interfaces/include/custom_interfaces/custom_interfaces/msg/detail/imu_data__rosidl_typesupport_introspection_c.h
[10.746s] -- Up-to-date symlink: /home/name/kd1_ws/install/custom_interfaces/include/custom_interfaces/custom_interfaces/msg/detail/move_robot_command__rosidl_typesupport_introspection_c.h
[10.756s] -- Up-to-date symlink: /home/name/kd1_ws/install/custom_interfaces/include/custom_interfaces/custom_interfaces/msg/detail/tof_sensor_data__rosidl_typesupport_introspection_c.h
[10.757s] -- Up-to-date symlink: /home/name/kd1_ws/install/custom_interfaces/include/custom_interfaces/custom_interfaces/msg/rosidl_typesupport_introspection_c__visibility_control.h
[10.757s] -- Up-to-date symlink: /home/name/kd1_ws/install/custom_interfaces/include/custom_interfaces/custom_interfaces/srv/detail/change_face_state__rosidl_typesupport_introspection_c.h
[10.766s] -- Up-to-date symlink: /home/name/kd1_ws/install/custom_interfaces/include/custom_interfaces/custom_interfaces/msg/detail/detected_person_frame_offset__builder.hpp
[10.775s] -- Up-to-date symlink: /home/name/kd1_ws/install/custom_interfaces/include/custom_interfaces/custom_interfaces/msg/detail/detected_person_frame_offset__struct.hpp
[10.780s] -- Up-to-date symlink: /home/name/kd1_ws/install/custom_interfaces/include/custom_interfaces/custom_interfaces/msg/detail/detected_person_frame_offset__traits.hpp
[10.784s] -- Up-to-date symlink: /home/name/kd1_ws/install/custom_interfaces/include/custom_interfaces/custom_interfaces/msg/detail/detected_person_frame_offset__type_support.hpp
[10.797s] -- Up-to-date symlink: /home/name/kd1_ws/install/custom_interfaces/include/custom_interfaces/custom_interfaces/msg/detail/detected_voice_command__builder.hpp
[10.799s] -- Up-to-date symlink: /home/name/kd1_ws/install/custom_interfaces/include/custom_interfaces/custom_interfaces/msg/detail/detected_voice_command__struct.hpp
[10.801s] -- Up-to-date symlink: /home/name/kd1_ws/install/custom_interfaces/include/custom_interfaces/custom_interfaces/msg/detail/detected_voice_command__traits.hpp
[10.802s] -- Up-to-date symlink: /home/name/kd1_ws/install/custom_interfaces/include/custom_interfaces/custom_interfaces/msg/detail/detected_voice_command__type_support.hpp
[10.816s] -- Up-to-date symlink: /home/name/kd1_ws/install/custom_interfaces/include/custom_interfaces/custom_interfaces/msg/detail/imu_data__builder.hpp
[10.825s] -- Up-to-date symlink: /home/name/kd1_ws/install/custom_interfaces/include/custom_interfaces/custom_interfaces/msg/detail/imu_data__struct.hpp
[10.827s] -- Up-to-date symlink: /home/name/kd1_ws/install/custom_interfaces/include/custom_interfaces/custom_interfaces/msg/detail/imu_data__traits.hpp
[10.840s] -- Up-to-date symlink: /home/name/kd1_ws/install/custom_interfaces/include/custom_interfaces/custom_interfaces/msg/detail/imu_data__type_support.hpp
[10.842s] -- Up-to-date symlink: /home/name/kd1_ws/install/custom_interfaces/include/custom_interfaces/custom_interfaces/msg/detail/move_robot_command__builder.hpp
[10.868s] -- Up-to-date symlink: /home/name/kd1_ws/install/custom_interfaces/include/custom_interfaces/custom_interfaces/msg/detail/move_robot_command__struct.hpp
[10.869s] -- Up-to-date symlink: /home/name/kd1_ws/install/custom_interfaces/include/custom_interfaces/custom_interfaces/msg/detail/move_robot_command__traits.hpp
[10.875s] -- Up-to-date symlink: /home/name/kd1_ws/install/custom_interfaces/include/custom_interfaces/custom_interfaces/msg/detail/move_robot_command__type_support.hpp
[10.875s] -- Up-to-date symlink: /home/name/kd1_ws/install/custom_interfaces/include/custom_interfaces/custom_interfaces/msg/detail/tof_sensor_data__builder.hpp
[10.876s] -- Up-to-date symlink: /home/name/kd1_ws/install/custom_interfaces/include/custom_interfaces/custom_interfaces/msg/detail/tof_sensor_data__struct.hpp
[10.877s] -- Up-to-date symlink: /home/name/kd1_ws/install/custom_interfaces/include/custom_interfaces/custom_interfaces/msg/detail/tof_sensor_data__traits.hpp
[10.877s] -- Up-to-date symlink: /home/name/kd1_ws/install/custom_interfaces/include/custom_interfaces/custom_interfaces/msg/detail/tof_sensor_data__type_support.hpp
[10.904s] -- Up-to-date symlink: /home/name/kd1_ws/install/custom_interfaces/include/custom_interfaces/custom_interfaces/msg/detected_person_frame_offset.hpp
[10.905s] -- Up-to-date symlink: /home/name/kd1_ws/install/custom_interfaces/include/custom_interfaces/custom_interfaces/msg/detected_voice_command.hpp
[10.906s] -- Up-to-date symlink: /home/name/kd1_ws/install/custom_interfaces/include/custom_interfaces/custom_interfaces/msg/imu_data.hpp
[10.906s] -- Up-to-date symlink: /home/name/kd1_ws/install/custom_interfaces/include/custom_interfaces/custom_interfaces/msg/move_robot_command.hpp
[10.907s] -- Up-to-date symlink: /home/name/kd1_ws/install/custom_interfaces/include/custom_interfaces/custom_interfaces/msg/rosidl_generator_cpp__visibility_control.hpp
[10.921s] -- Up-to-date symlink: /home/name/kd1_ws/install/custom_interfaces/include/custom_interfaces/custom_interfaces/msg/tof_sensor_data.hpp
[10.921s] -- Up-to-date symlink: /home/name/kd1_ws/install/custom_interfaces/include/custom_interfaces/custom_interfaces/srv/change_face_state.hpp
[10.922s] -- Up-to-date symlink: /home/name/kd1_ws/install/custom_interfaces/include/custom_interfaces/custom_interfaces/srv/detail/change_face_state__builder.hpp
[10.941s] -- Up-to-date symlink: /home/name/kd1_ws/install/custom_interfaces/include/custom_interfaces/custom_interfaces/srv/detail/change_face_state__struct.hpp
[10.941s] -- Up-to-date symlink: /home/name/kd1_ws/install/custom_interfaces/include/custom_interfaces/custom_interfaces/srv/detail/change_face_state__traits.hpp
[10.942s] -- Up-to-date symlink: /home/name/kd1_ws/install/custom_interfaces/include/custom_interfaces/custom_interfaces/srv/detail/change_face_state__type_support.hpp
[10.952s] -- Up-to-date symlink: /home/name/kd1_ws/install/custom_interfaces/include/custom_interfaces/custom_interfaces/msg/detail/detected_person_frame_offset__rosidl_typesupport_fastrtps_cpp.hpp
[11.001s] -- Up-to-date symlink: /home/name/kd1_ws/install/custom_interfaces/include/custom_interfaces/custom_interfaces/msg/detail/detected_voice_command__rosidl_typesupport_fastrtps_cpp.hpp
[11.019s] -- Up-to-date symlink: /home/name/kd1_ws/install/custom_interfaces/include/custom_interfaces/custom_interfaces/msg/detail/imu_data__rosidl_typesupport_fastrtps_cpp.hpp
[11.025s] -- Up-to-date symlink: /home/name/kd1_ws/install/custom_interfaces/include/custom_interfaces/custom_interfaces/msg/detail/move_robot_command__rosidl_typesupport_fastrtps_cpp.hpp
[11.025s] -- Up-to-date symlink: /home/name/kd1_ws/install/custom_interfaces/include/custom_interfaces/custom_interfaces/msg/detail/tof_sensor_data__rosidl_typesupport_fastrtps_cpp.hpp
[11.026s] -- Up-to-date symlink: /home/name/kd1_ws/install/custom_interfaces/include/custom_interfaces/custom_interfaces/msg/rosidl_typesupport_fastrtps_cpp__visibility_control.h
[11.040s] -- Up-to-date symlink: /home/name/kd1_ws/install/custom_interfaces/include/custom_interfaces/custom_interfaces/srv/detail/change_face_state__rosidl_typesupport_fastrtps_cpp.hpp
[11.041s] -- Up-to-date symlink: /home/name/kd1_ws/install/custom_interfaces/include/custom_interfaces/custom_interfaces/msg/detail/detected_person_frame_offset__rosidl_typesupport_introspection_cpp.hpp
[11.043s] -- Up-to-date symlink: /home/name/kd1_ws/install/custom_interfaces/include/custom_interfaces/custom_interfaces/msg/detail/detected_voice_command__rosidl_typesupport_introspection_cpp.hpp
[11.067s] -- Up-to-date symlink: /home/name/kd1_ws/install/custom_interfaces/include/custom_interfaces/custom_interfaces/msg/detail/imu_data__rosidl_typesupport_introspection_cpp.hpp
[11.071s] -- Up-to-date symlink: /home/name/kd1_ws/install/custom_interfaces/include/custom_interfaces/custom_interfaces/msg/detail/move_robot_command__rosidl_typesupport_introspection_cpp.hpp
[11.077s] -- Up-to-date symlink: /home/name/kd1_ws/install/custom_interfaces/include/custom_interfaces/custom_interfaces/msg/detail/tof_sensor_data__rosidl_typesupport_introspection_cpp.hpp
[11.087s] -- Up-to-date symlink: /home/name/kd1_ws/install/custom_interfaces/include/custom_interfaces/custom_interfaces/srv/detail/change_face_state__rosidl_typesupport_introspection_cpp.hpp
[11.089s] -- Up-to-date symlink: /home/name/kd1_ws/install/custom_interfaces/share/custom_interfaces/environment/pythonpath.sh
[11.120s] -- Up-to-date symlink: /home/name/kd1_ws/install/custom_interfaces/share/custom_interfaces/environment/pythonpath.dsv
[11.140s] -- Up-to-date symlink: /home/name/kd1_ws/install/custom_interfaces/local/lib/python3.10/dist-packages/custom_interfaces-0.0.0-py3.10.egg-info/PKG-INFO
[11.142s] -- Up-to-date symlink: /home/name/kd1_ws/install/custom_interfaces/local/lib/python3.10/dist-packages/custom_interfaces-0.0.0-py3.10.egg-info/SOURCES.txt
[11.151s] -- Up-to-date symlink: /home/name/kd1_ws/install/custom_interfaces/local/lib/python3.10/dist-packages/custom_interfaces-0.0.0-py3.10.egg-info/dependency_links.txt
[11.151s] -- Up-to-date symlink: /home/name/kd1_ws/install/custom_interfaces/local/lib/python3.10/dist-packages/custom_interfaces-0.0.0-py3.10.egg-info/top_level.txt
[11.188s] -- Up-to-date symlink: /home/name/kd1_ws/install/custom_interfaces/local/lib/python3.10/dist-packages/custom_interfaces/__init__.py
[11.190s] -- Up-to-date symlink: /home/name/kd1_ws/install/custom_interfaces/local/lib/python3.10/dist-packages/custom_interfaces/_custom_interfaces_s.ep.rosidl_typesupport_c.c
[11.194s] -- Up-to-date symlink: /home/name/kd1_ws/install/custom_interfaces/local/lib/python3.10/dist-packages/custom_interfaces/_custom_interfaces_s.ep.rosidl_typesupport_fastrtps_c.c
[11.203s] -- Up-to-date symlink: /home/name/kd1_ws/install/custom_interfaces/local/lib/python3.10/dist-packages/custom_interfaces/_custom_interfaces_s.ep.rosidl_typesupport_introspection_c.c
[11.213s] -- Up-to-date symlink: /home/name/kd1_ws/install/custom_interfaces/local/lib/python3.10/dist-packages/custom_interfaces/custom_interfaces_s__rosidl_typesupport_c.cpython-310-aarch64-linux-gnu.so
[11.215s] -- Up-to-date symlink: /home/name/kd1_ws/install/custom_interfaces/local/lib/python3.10/dist-packages/custom_interfaces/custom_interfaces_s__rosidl_typesupport_fastrtps_c.cpython-310-aarch64-linux-gnu.so
[11.218s] -- Up-to-date symlink: /home/name/kd1_ws/install/custom_interfaces/local/lib/python3.10/dist-packages/custom_interfaces/custom_interfaces_s__rosidl_typesupport_introspection_c.cpython-310-aarch64-linux-gnu.so
[11.231s] -- Up-to-date symlink: /home/name/kd1_ws/install/custom_interfaces/local/lib/python3.10/dist-packages/custom_interfaces/libcustom_interfaces__rosidl_generator_py.so
[11.233s] -- Up-to-date symlink: /home/name/kd1_ws/install/custom_interfaces/local/lib/python3.10/dist-packages/custom_interfaces/msg/__init__.py
[11.235s] -- Up-to-date symlink: /home/name/kd1_ws/install/custom_interfaces/local/lib/python3.10/dist-packages/custom_interfaces/msg/_detected_person_frame_offset.py
[11.240s] -- Up-to-date symlink: /home/name/kd1_ws/install/custom_interfaces/local/lib/python3.10/dist-packages/custom_interfaces/msg/_detected_person_frame_offset_s.c
[11.242s] -- Up-to-date symlink: /home/name/kd1_ws/install/custom_interfaces/local/lib/python3.10/dist-packages/custom_interfaces/msg/_detected_voice_command.py
[11.243s] -- Up-to-date symlink: /home/name/kd1_ws/install/custom_interfaces/local/lib/python3.10/dist-packages/custom_interfaces/msg/_detected_voice_command_s.c
[11.243s] -- Up-to-date symlink: /home/name/kd1_ws/install/custom_interfaces/local/lib/python3.10/dist-packages/custom_interfaces/msg/_imu_data.py
[11.244s] -- Up-to-date symlink: /home/name/kd1_ws/install/custom_interfaces/local/lib/python3.10/dist-packages/custom_interfaces/msg/_imu_data_s.c
[11.255s] -- Up-to-date symlink: /home/name/kd1_ws/install/custom_interfaces/local/lib/python3.10/dist-packages/custom_interfaces/msg/_move_robot_command.py
[11.265s] -- Up-to-date symlink: /home/name/kd1_ws/install/custom_interfaces/local/lib/python3.10/dist-packages/custom_interfaces/msg/_move_robot_command_s.c
[11.277s] -- Up-to-date symlink: /home/name/kd1_ws/install/custom_interfaces/local/lib/python3.10/dist-packages/custom_interfaces/msg/_tof_sensor_data.py
[11.278s] -- Up-to-date symlink: /home/name/kd1_ws/install/custom_interfaces/local/lib/python3.10/dist-packages/custom_interfaces/msg/_tof_sensor_data_s.c
[11.279s] -- Up-to-date symlink: /home/name/kd1_ws/install/custom_interfaces/local/lib/python3.10/dist-packages/custom_interfaces/srv/__init__.py
[11.280s] -- Up-to-date symlink: /home/name/kd1_ws/install/custom_interfaces/local/lib/python3.10/dist-packages/custom_interfaces/srv/_change_face_state.py
[11.281s] -- Up-to-date symlink: /home/name/kd1_ws/install/custom_interfaces/local/lib/python3.10/dist-packages/custom_interfaces/srv/_change_face_state_s.c
[11.302s] -- Up-to-date symlink: /home/name/kd1_ws/install/custom_interfaces/local/lib/python3.10/dist-packages/custom_interfaces/custom_interfaces_s__rosidl_typesupport_fastrtps_c.cpython-310-aarch64-linux-gnu.so
[11.309s] -- Up-to-date symlink: /home/name/kd1_ws/install/custom_interfaces/local/lib/python3.10/dist-packages/custom_interfaces/custom_interfaces_s__rosidl_typesupport_introspection_c.cpython-310-aarch64-linux-gnu.so
[11.336s] -- Up-to-date symlink: /home/name/kd1_ws/install/custom_interfaces/local/lib/python3.10/dist-packages/custom_interfaces/custom_interfaces_s__rosidl_typesupport_c.cpython-310-aarch64-linux-gnu.so
[11.338s] -- Up-to-date symlink: /home/name/kd1_ws/install/custom_interfaces/share/custom_interfaces/srv/ChangeFaceState.idl
[11.340s] -- Up-to-date symlink: /home/name/kd1_ws/install/custom_interfaces/share/custom_interfaces/msg/TOFSensorData.idl
[11.354s] -- Up-to-date symlink: /home/name/kd1_ws/install/custom_interfaces/share/custom_interfaces/msg/DetectedPersonFrameOffset.idl
[11.355s] -- Up-to-date symlink: /home/name/kd1_ws/install/custom_interfaces/share/custom_interfaces/msg/IMUData.idl
[11.357s] -- Up-to-date symlink: /home/name/kd1_ws/install/custom_interfaces/share/custom_interfaces/msg/DetectedVoiceCommand.idl
[11.358s] -- Up-to-date symlink: /home/name/kd1_ws/install/custom_interfaces/share/custom_interfaces/msg/MoveRobotCommand.idl
[11.359s] -- Up-to-date symlink: /home/name/kd1_ws/install/custom_interfaces/share/custom_interfaces/srv/ChangeFaceState.srv
[11.361s] -- Up-to-date symlink: /home/name/kd1_ws/install/custom_interfaces/share/custom_interfaces/srv/ChangeFaceState_Request.msg
[11.364s] -- Up-to-date symlink: /home/name/kd1_ws/install/custom_interfaces/share/custom_interfaces/srv/ChangeFaceState_Response.msg
[11.365s] -- Up-to-date symlink: /home/name/kd1_ws/install/custom_interfaces/share/custom_interfaces/msg/TOFSensorData.msg
[11.389s] -- Up-to-date symlink: /home/name/kd1_ws/install/custom_interfaces/share/custom_interfaces/msg/DetectedPersonFrameOffset.msg
[11.390s] -- Up-to-date symlink: /home/name/kd1_ws/install/custom_interfaces/share/custom_interfaces/msg/IMUData.msg
[11.390s] -- Up-to-date symlink: /home/name/kd1_ws/install/custom_interfaces/share/custom_interfaces/msg/DetectedVoiceCommand.msg
[11.391s] -- Up-to-date symlink: /home/name/kd1_ws/install/custom_interfaces/share/custom_interfaces/msg/MoveRobotCommand.msg
[11.391s] -- Up-to-date symlink: /home/name/kd1_ws/install/custom_interfaces/share/ament_index/resource_index/package_run_dependencies/custom_interfaces
[11.392s] -- Up-to-date symlink: /home/name/kd1_ws/install/custom_interfaces/share/ament_index/resource_index/parent_prefix_path/custom_interfaces
[11.402s] -- Up-to-date symlink: /home/name/kd1_ws/install/custom_interfaces/share/custom_interfaces/environment/ament_prefix_path.sh
[11.403s] -- Up-to-date symlink: /home/name/kd1_ws/install/custom_interfaces/share/custom_interfaces/environment/ament_prefix_path.dsv
[11.417s] -- Up-to-date symlink: /home/name/kd1_ws/install/custom_interfaces/share/custom_interfaces/environment/path.sh
[11.417s] -- Up-to-date symlink: /home/name/kd1_ws/install/custom_interfaces/share/custom_interfaces/environment/path.dsv
[11.419s] -- Up-to-date symlink: /home/name/kd1_ws/install/custom_interfaces/share/custom_interfaces/local_setup.bash
[11.433s] -- Up-to-date symlink: /home/name/kd1_ws/install/custom_interfaces/share/custom_interfaces/local_setup.sh
[11.435s] -- Up-to-date symlink: /home/name/kd1_ws/install/custom_interfaces/share/custom_interfaces/local_setup.zsh
[11.460s] -- Up-to-date symlink: /home/name/kd1_ws/install/custom_interfaces/share/custom_interfaces/local_setup.dsv
[11.461s] -- Symlinking: /home/name/kd1_ws/install/custom_interfaces/share/custom_interfaces/package.dsv
[11.637s] -- Up-to-date symlink: /home/name/kd1_ws/install/custom_interfaces/share/ament_index/resource_index/packages/custom_interfaces
[11.639s] -- Up-to-date symlink: /home/name/kd1_ws/install/custom_interfaces/share/custom_interfaces/cmake/rosidl_cmake-extras.cmake
[11.639s] -- Up-to-date symlink: /home/name/kd1_ws/install/custom_interfaces/share/custom_interfaces/cmake/ament_cmake_export_include_directories-extras.cmake
[11.640s] -- Up-to-date symlink: /home/name/kd1_ws/install/custom_interfaces/share/custom_interfaces/cmake/ament_cmake_export_libraries-extras.cmake
[11.653s] -- Up-to-date symlink: /home/name/kd1_ws/install/custom_interfaces/share/custom_interfaces/cmake/ament_cmake_export_targets-extras.cmake
[11.659s] -- Up-to-date symlink: /home/name/kd1_ws/install/custom_interfaces/share/custom_interfaces/cmake/rosidl_cmake_export_typesupport_targets-extras.cmake
[11.662s] -- Up-to-date symlink: /home/name/kd1_ws/install/custom_interfaces/share/custom_interfaces/cmake/ament_cmake_export_dependencies-extras.cmake
[11.663s] -- Up-to-date symlink: /home/name/kd1_ws/install/custom_interfaces/share/custom_interfaces/cmake/rosidl_cmake_export_typesupport_libraries-extras.cmake
[11.664s] -- Up-to-date symlink: /home/name/kd1_ws/install/custom_interfaces/share/custom_interfaces/cmake/custom_interfacesConfig.cmake
[11.665s] -- Up-to-date symlink: /home/name/kd1_ws/install/custom_interfaces/share/custom_interfaces/cmake/custom_interfacesConfig-version.cmake
[11.691s] -- Up-to-date symlink: /home/name/kd1_ws/install/custom_interfaces/share/custom_interfaces/package.xml
[11.719s] -- Up-to-date: /home/name/kd1_ws/install/custom_interfaces/lib/libcustom_interfaces__rosidl_generator_c.so
[11.737s] -- Up-to-date: /home/name/kd1_ws/install/custom_interfaces/lib/libcustom_interfaces__rosidl_typesupport_fastrtps_c.so
[11.758s] -- Up-to-date: /home/name/kd1_ws/install/custom_interfaces/lib/libcustom_interfaces__rosidl_typesupport_introspection_c.so
[11.764s] -- Up-to-date: /home/name/kd1_ws/install/custom_interfaces/lib/libcustom_interfaces__rosidl_typesupport_c.so
[11.782s] -- Up-to-date: /home/name/kd1_ws/install/custom_interfaces/lib/libcustom_interfaces__rosidl_typesupport_fastrtps_cpp.so
[11.788s] -- Up-to-date: /home/name/kd1_ws/install/custom_interfaces/lib/libcustom_interfaces__rosidl_typesupport_introspection_cpp.so
[11.798s] -- Up-to-date: /home/name/kd1_ws/install/custom_interfaces/lib/libcustom_interfaces__rosidl_typesupport_cpp.so
[12.443s] Listing '/home/name/kd1_ws/install/custom_interfaces/local/lib/python3.10/dist-packages/custom_interfaces'...
[12.444s] Listing '/home/name/kd1_ws/install/custom_interfaces/local/lib/python3.10/dist-packages/custom_interfaces/msg'...
[12.445s] Listing '/home/name/kd1_ws/install/custom_interfaces/local/lib/python3.10/dist-packages/custom_interfaces/srv'...
[12.558s] -- Up-to-date: /home/name/kd1_ws/install/custom_interfaces/lib/libcustom_interfaces__rosidl_generator_py.so
[12.570s] -- Up-to-date: /home/name/kd1_ws/install/custom_interfaces/share/custom_interfaces/cmake/export_custom_interfaces__rosidl_generator_cExport.cmake
[12.572s] -- Up-to-date: /home/name/kd1_ws/install/custom_interfaces/share/custom_interfaces/cmake/export_custom_interfaces__rosidl_generator_cExport-noconfig.cmake
[12.576s] -- Up-to-date: /home/name/kd1_ws/install/custom_interfaces/share/custom_interfaces/cmake/export_custom_interfaces__rosidl_typesupport_fastrtps_cExport.cmake
[12.578s] -- Up-to-date: /home/name/kd1_ws/install/custom_interfaces/share/custom_interfaces/cmake/export_custom_interfaces__rosidl_typesupport_fastrtps_cExport-noconfig.cmake
[12.582s] -- Up-to-date: /home/name/kd1_ws/install/custom_interfaces/share/custom_interfaces/cmake/custom_interfaces__rosidl_typesupport_introspection_cExport.cmake
[12.591s] -- Up-to-date: /home/name/kd1_ws/install/custom_interfaces/share/custom_interfaces/cmake/custom_interfaces__rosidl_typesupport_introspection_cExport-noconfig.cmake
[12.598s] -- Up-to-date: /home/name/kd1_ws/install/custom_interfaces/share/custom_interfaces/cmake/custom_interfaces__rosidl_typesupport_cExport.cmake
[12.599s] -- Up-to-date: /home/name/kd1_ws/install/custom_interfaces/share/custom_interfaces/cmake/custom_interfaces__rosidl_typesupport_cExport-noconfig.cmake
[12.602s] -- Up-to-date: /home/name/kd1_ws/install/custom_interfaces/share/custom_interfaces/cmake/export_custom_interfaces__rosidl_generator_cppExport.cmake
[12.611s] -- Up-to-date: /home/name/kd1_ws/install/custom_interfaces/share/custom_interfaces/cmake/export_custom_interfaces__rosidl_typesupport_fastrtps_cppExport.cmake
[12.612s] -- Up-to-date: /home/name/kd1_ws/install/custom_interfaces/share/custom_interfaces/cmake/export_custom_interfaces__rosidl_typesupport_fastrtps_cppExport-noconfig.cmake
[12.615s] -- Up-to-date: /home/name/kd1_ws/install/custom_interfaces/share/custom_interfaces/cmake/custom_interfaces__rosidl_typesupport_introspection_cppExport.cmake
[12.616s] -- Up-to-date: /home/name/kd1_ws/install/custom_interfaces/share/custom_interfaces/cmake/custom_interfaces__rosidl_typesupport_introspection_cppExport-noconfig.cmake
[12.618s] -- Up-to-date: /home/name/kd1_ws/install/custom_interfaces/share/custom_interfaces/cmake/custom_interfaces__rosidl_typesupport_cppExport.cmake
[12.619s] -- Up-to-date: /home/name/kd1_ws/install/custom_interfaces/share/custom_interfaces/cmake/custom_interfaces__rosidl_typesupport_cppExport-noconfig.cmake
[12.627s] -- Up-to-date: /home/name/kd1_ws/install/custom_interfaces/share/custom_interfaces/cmake/export_custom_interfaces__rosidl_generator_pyExport.cmake
[12.629s] -- Up-to-date: /home/name/kd1_ws/install/custom_interfaces/share/custom_interfaces/cmake/export_custom_interfaces__rosidl_generator_pyExport-noconfig.cmake
[16.132s] Invoked command in '/home/name/kd1_ws/build/custom_interfaces' returned '0': CMAKE_PREFIX_PATH=${CMAKE_PREFIX_PATH}:/home/name/kd1_ws/install/main_pkg_python:/home/name/kd1_ws/install/kd1_utility_nodes:/home/name/kd1_ws/install/kd1_sensors:/home/name/kd1_ws/install/kd1_locomotion:/home/name/kd1_ws/install/kd1_depth:/home/name/kd1_ws/install/kd1_central_processing:/home/name/machine2_ws/install/machine2_servo_interface:/opt/ros/humble /usr/bin/cmake --install /home/name/kd1_ws/build/custom_interfaces
