[5.864s] Invoking command in '/home/name/kd1_ws/build/main_pkg_python': PYTHONPATH=/home/name/kd1_ws/build/main_pkg_python/prefix_override:/usr/lib/python3/dist-packages/colcon_core/task/python/colcon_distutils_commands:/home/name/kd1_ws/install/main_pkg_python/lib/python3.10/site-packages:${PYTHONPATH} /usr/bin/python3 -W ignore:setup.py install is deprecated -W ignore:easy_install command is deprecated setup.py develop --editable --build-directory /home/name/kd1_ws/build/main_pkg_python/build --no-deps symlink_data
[8.164s] running develop
[9.938s] running egg_info
[9.939s] writing main_pkg_python.egg-info/PKG-INFO
[9.941s] writing dependency_links to main_pkg_python.egg-info/dependency_links.txt
[9.943s] writing entry points to main_pkg_python.egg-info/entry_points.txt
[9.944s] writing requirements to main_pkg_python.egg-info/requires.txt
[9.945s] writing top-level names to main_pkg_python.egg-info/top_level.txt
[9.960s] reading manifest file 'main_pkg_python.egg-info/SOURCES.txt'
[9.969s] writing manifest file 'main_pkg_python.egg-info/SOURCES.txt'
[9.979s] running build_ext
[9.980s] Creating /home/name/kd1_ws/install/main_pkg_python/lib/python3.10/site-packages/main-pkg-python.egg-link (link to .)
[9.988s] Installing audio_direction_node script to /home/name/kd1_ws/install/main_pkg_python/lib/main_pkg_python
[9.988s] Installing audio_playback_node script to /home/name/kd1_ws/install/main_pkg_python/lib/main_pkg_python
[9.991s] Installing central_processing_node script to /home/name/kd1_ws/install/main_pkg_python/lib/main_pkg_python
[9.993s] Installing face_animation_node script to /home/name/kd1_ws/install/main_pkg_python/lib/main_pkg_python
[9.995s] Installing light_ring_node script to /home/name/kd1_ws/install/main_pkg_python/lib/main_pkg_python
[9.997s] Installing motor_driver_comms_node script to /home/name/kd1_ws/install/main_pkg_python/lib/main_pkg_python
[9.999s] Installing moving_robot_node script to /home/name/kd1_ws/install/main_pkg_python/lib/main_pkg_python
[10.001s] Installing oak_depthai_node script to /home/name/kd1_ws/install/main_pkg_python/lib/main_pkg_python
[10.002s] Installing teleop_node script to /home/name/kd1_ws/install/main_pkg_python/lib/main_pkg_python
[10.003s] Installing tof_sensors_comms_node script to /home/name/kd1_ws/install/main_pkg_python/lib/main_pkg_python
[10.004s] Installing voice_recognition_node script to /home/name/kd1_ws/install/main_pkg_python/lib/main_pkg_python
[10.006s] 
[10.006s] Installed /home/name/kd1_ws/build/main_pkg_python
[10.007s] running symlink_data
[10.201s] Invoked command in '/home/name/kd1_ws/build/main_pkg_python' returned '0': PYTHONPATH=/home/name/kd1_ws/build/main_pkg_python/prefix_override:/usr/lib/python3/dist-packages/colcon_core/task/python/colcon_distutils_commands:/home/name/kd1_ws/install/main_pkg_python/lib/python3.10/site-packages:${PYTHONPATH} /usr/bin/python3 -W ignore:setup.py install is deprecated -W ignore:easy_install command is deprecated setup.py develop --editable --build-directory /home/name/kd1_ws/build/main_pkg_python/build --no-deps symlink_data
