[0.153s] Invoking command in '/home/name/kd1_ws/build/custom_interfaces': CMAKE_PREFIX_PATH=${CMAKE_PREFIX_PATH}:/home/name/kd1_ws/install/main_pkg_python:/home/name/machine2_ws/install/machine2_servo_interface:/home/name/ros2_ws/install/main_pkg:/opt/ros/humble /usr/bin/cmake --build /home/name/kd1_ws/build/custom_interfaces -- -j4 -l4
[0.512s] [  1%] Built target custom_interfaces__cpp
[0.547s] [  1%] Built target ament_cmake_python_symlink_custom_interfaces
[0.552s] [ 12%] Built target custom_interfaces__rosidl_generator_c
[0.726s] [ 23%] Built target custom_interfaces__rosidl_typesupport_cpp
[0.753s] [ 34%] Built target custom_interfaces__rosidl_typesupport_fastrtps_cpp
[0.799s] [ 45%] Built target custom_interfaces__rosidl_typesupport_introspection_cpp
[0.985s] [ 56%] Built target custom_interfaces__rosidl_typesupport_c
[1.057s] [ 67%] Built target custom_interfaces__rosidl_typesupport_fastrtps_c
[1.076s] [ 78%] Built target custom_interfaces__rosidl_typesupport_introspection_c
[1.223s] [ 78%] Built target custom_interfaces
[1.454s] [ 80%] Built target custom_interfaces__py
[1.665s] [ 89%] Built target custom_interfaces__rosidl_generator_py
[1.891s] [ 92%] Built target custom_interfaces__rosidl_typesupport_c__pyext
[1.929s] [ 96%] Built target custom_interfaces__rosidl_typesupport_introspection_c__pyext
[1.959s] [100%] Built target custom_interfaces__rosidl_typesupport_fastrtps_c__pyext
[2.976s] running egg_info
[2.982s] writing custom_interfaces.egg-info/PKG-INFO
[2.983s] writing dependency_links to custom_interfaces.egg-info/dependency_links.txt
[2.984s] writing top-level names to custom_interfaces.egg-info/top_level.txt
[3.007s] reading manifest file 'custom_interfaces.egg-info/SOURCES.txt'
[3.017s] writing manifest file 'custom_interfaces.egg-info/SOURCES.txt'
[3.213s] [100%] Built target ament_cmake_python_build_custom_interfaces_egg
[3.296s] Invoked command in '/home/name/kd1_ws/build/custom_interfaces' returned '0': CMAKE_PREFIX_PATH=${CMAKE_PREFIX_PATH}:/home/name/kd1_ws/install/main_pkg_python:/home/name/machine2_ws/install/machine2_servo_interface:/home/name/ros2_ws/install/main_pkg:/opt/ros/humble /usr/bin/cmake --build /home/name/kd1_ws/build/custom_interfaces -- -j4 -l4
[3.318s] Invoking command in '/home/name/kd1_ws/build/custom_interfaces': CMAKE_PREFIX_PATH=${CMAKE_PREFIX_PATH}:/home/name/kd1_ws/install/main_pkg_python:/home/name/machine2_ws/install/machine2_servo_interface:/home/name/ros2_ws/install/main_pkg:/opt/ros/humble /usr/bin/cmake --install /home/name/kd1_ws/build/custom_interfaces
[3.356s] -- Install configuration: ""
[3.359s] -- Execute custom install script
[3.361s] -- Up-to-date symlink: /home/name/kd1_ws/install/custom_interfaces/share/ament_index/resource_index/rosidl_interfaces/custom_interfaces
[3.365s] -- Up-to-date symlink: /home/name/kd1_ws/install/custom_interfaces/include/custom_interfaces/custom_interfaces/msg/detail/detected_person_frame_offset__functions.h
[3.367s] -- Up-to-date symlink: /home/name/kd1_ws/install/custom_interfaces/include/custom_interfaces/custom_interfaces/msg/detail/detected_person_frame_offset__struct.h
[3.368s] -- Up-to-date symlink: /home/name/kd1_ws/install/custom_interfaces/include/custom_interfaces/custom_interfaces/msg/detail/detected_person_frame_offset__type_support.h
[3.371s] -- Up-to-date symlink: /home/name/kd1_ws/install/custom_interfaces/include/custom_interfaces/custom_interfaces/msg/detail/imu_data__functions.h
[3.375s] -- Up-to-date symlink: /home/name/kd1_ws/install/custom_interfaces/include/custom_interfaces/custom_interfaces/msg/detail/imu_data__struct.h
[3.378s] -- Up-to-date symlink: /home/name/kd1_ws/install/custom_interfaces/include/custom_interfaces/custom_interfaces/msg/detail/imu_data__type_support.h
[3.379s] -- Up-to-date symlink: /home/name/kd1_ws/install/custom_interfaces/include/custom_interfaces/custom_interfaces/msg/detail/tof_sensor_data__functions.h
[3.384s] -- Up-to-date symlink: /home/name/kd1_ws/install/custom_interfaces/include/custom_interfaces/custom_interfaces/msg/detail/tof_sensor_data__struct.h
[3.389s] -- Up-to-date symlink: /home/name/kd1_ws/install/custom_interfaces/include/custom_interfaces/custom_interfaces/msg/detail/tof_sensor_data__type_support.h
[3.394s] -- Up-to-date symlink: /home/name/kd1_ws/install/custom_interfaces/include/custom_interfaces/custom_interfaces/msg/detected_person_frame_offset.h
[3.394s] -- Up-to-date symlink: /home/name/kd1_ws/install/custom_interfaces/include/custom_interfaces/custom_interfaces/msg/imu_data.h
[3.395s] -- Up-to-date symlink: /home/name/kd1_ws/install/custom_interfaces/include/custom_interfaces/custom_interfaces/msg/rosidl_generator_c__visibility_control.h
[3.399s] -- Up-to-date symlink: /home/name/kd1_ws/install/custom_interfaces/include/custom_interfaces/custom_interfaces/msg/tof_sensor_data.h
[3.404s] -- Up-to-date symlink: /home/name/kd1_ws/install/custom_interfaces/include/custom_interfaces/custom_interfaces/srv/change_face_state.h
[3.405s] -- Up-to-date symlink: /home/name/kd1_ws/install/custom_interfaces/include/custom_interfaces/custom_interfaces/srv/detail/change_face_state__functions.h
[3.406s] -- Up-to-date symlink: /home/name/kd1_ws/install/custom_interfaces/include/custom_interfaces/custom_interfaces/srv/detail/change_face_state__struct.h
[3.407s] -- Up-to-date symlink: /home/name/kd1_ws/install/custom_interfaces/include/custom_interfaces/custom_interfaces/srv/detail/change_face_state__type_support.h
[3.408s] -- Up-to-date symlink: /home/name/kd1_ws/install/custom_interfaces/share/custom_interfaces/environment/library_path.sh
[3.409s] -- Up-to-date symlink: /home/name/kd1_ws/install/custom_interfaces/share/custom_interfaces/environment/library_path.dsv
[3.415s] -- Up-to-date symlink: /home/name/kd1_ws/install/custom_interfaces/include/custom_interfaces/custom_interfaces/msg/detail/detected_person_frame_offset__rosidl_typesupport_fastrtps_c.h
[3.415s] -- Up-to-date symlink: /home/name/kd1_ws/install/custom_interfaces/include/custom_interfaces/custom_interfaces/msg/detail/imu_data__rosidl_typesupport_fastrtps_c.h
[3.416s] -- Up-to-date symlink: /home/name/kd1_ws/install/custom_interfaces/include/custom_interfaces/custom_interfaces/msg/detail/tof_sensor_data__rosidl_typesupport_fastrtps_c.h
[3.419s] -- Up-to-date symlink: /home/name/kd1_ws/install/custom_interfaces/include/custom_interfaces/custom_interfaces/msg/rosidl_typesupport_fastrtps_c__visibility_control.h
[3.421s] -- Up-to-date symlink: /home/name/kd1_ws/install/custom_interfaces/include/custom_interfaces/custom_interfaces/srv/detail/change_face_state__rosidl_typesupport_fastrtps_c.h
[3.425s] -- Up-to-date symlink: /home/name/kd1_ws/install/custom_interfaces/include/custom_interfaces/custom_interfaces/msg/detail/detected_person_frame_offset__rosidl_typesupport_introspection_c.h
[3.425s] -- Up-to-date symlink: /home/name/kd1_ws/install/custom_interfaces/include/custom_interfaces/custom_interfaces/msg/detail/imu_data__rosidl_typesupport_introspection_c.h
[3.431s] -- Up-to-date symlink: /home/name/kd1_ws/install/custom_interfaces/include/custom_interfaces/custom_interfaces/msg/detail/tof_sensor_data__rosidl_typesupport_introspection_c.h
[3.431s] -- Up-to-date symlink: /home/name/kd1_ws/install/custom_interfaces/include/custom_interfaces/custom_interfaces/msg/rosidl_typesupport_introspection_c__visibility_control.h
[3.432s] -- Up-to-date symlink: /home/name/kd1_ws/install/custom_interfaces/include/custom_interfaces/custom_interfaces/srv/detail/change_face_state__rosidl_typesupport_introspection_c.h
[3.432s] -- Up-to-date symlink: /home/name/kd1_ws/install/custom_interfaces/include/custom_interfaces/custom_interfaces/msg/detail/detected_person_frame_offset__builder.hpp
[3.438s] -- Up-to-date symlink: /home/name/kd1_ws/install/custom_interfaces/include/custom_interfaces/custom_interfaces/msg/detail/detected_person_frame_offset__struct.hpp
[3.439s] -- Up-to-date symlink: /home/name/kd1_ws/install/custom_interfaces/include/custom_interfaces/custom_interfaces/msg/detail/detected_person_frame_offset__traits.hpp
[3.439s] -- Up-to-date symlink: /home/name/kd1_ws/install/custom_interfaces/include/custom_interfaces/custom_interfaces/msg/detail/detected_person_frame_offset__type_support.hpp
[3.440s] -- Up-to-date symlink: /home/name/kd1_ws/install/custom_interfaces/include/custom_interfaces/custom_interfaces/msg/detail/imu_data__builder.hpp
[3.441s] -- Up-to-date symlink: /home/name/kd1_ws/install/custom_interfaces/include/custom_interfaces/custom_interfaces/msg/detail/imu_data__struct.hpp
[3.441s] -- Up-to-date symlink: /home/name/kd1_ws/install/custom_interfaces/include/custom_interfaces/custom_interfaces/msg/detail/imu_data__traits.hpp
[3.447s] -- Up-to-date symlink: /home/name/kd1_ws/install/custom_interfaces/include/custom_interfaces/custom_interfaces/msg/detail/imu_data__type_support.hpp
[3.452s] -- Up-to-date symlink: /home/name/kd1_ws/install/custom_interfaces/include/custom_interfaces/custom_interfaces/msg/detail/tof_sensor_data__builder.hpp
[3.454s] -- Up-to-date symlink: /home/name/kd1_ws/install/custom_interfaces/include/custom_interfaces/custom_interfaces/msg/detail/tof_sensor_data__struct.hpp
[3.457s] -- Up-to-date symlink: /home/name/kd1_ws/install/custom_interfaces/include/custom_interfaces/custom_interfaces/msg/detail/tof_sensor_data__traits.hpp
[3.458s] -- Up-to-date symlink: /home/name/kd1_ws/install/custom_interfaces/include/custom_interfaces/custom_interfaces/msg/detail/tof_sensor_data__type_support.hpp
[3.458s] -- Up-to-date symlink: /home/name/kd1_ws/install/custom_interfaces/include/custom_interfaces/custom_interfaces/msg/detected_person_frame_offset.hpp
[3.459s] -- Up-to-date symlink: /home/name/kd1_ws/install/custom_interfaces/include/custom_interfaces/custom_interfaces/msg/imu_data.hpp
[3.459s] -- Up-to-date symlink: /home/name/kd1_ws/install/custom_interfaces/include/custom_interfaces/custom_interfaces/msg/rosidl_generator_cpp__visibility_control.hpp
[3.467s] -- Up-to-date symlink: /home/name/kd1_ws/install/custom_interfaces/include/custom_interfaces/custom_interfaces/msg/tof_sensor_data.hpp
[3.468s] -- Up-to-date symlink: /home/name/kd1_ws/install/custom_interfaces/include/custom_interfaces/custom_interfaces/srv/change_face_state.hpp
[3.468s] -- Up-to-date symlink: /home/name/kd1_ws/install/custom_interfaces/include/custom_interfaces/custom_interfaces/srv/detail/change_face_state__builder.hpp
[3.474s] -- Up-to-date symlink: /home/name/kd1_ws/install/custom_interfaces/include/custom_interfaces/custom_interfaces/srv/detail/change_face_state__struct.hpp
[3.475s] -- Up-to-date symlink: /home/name/kd1_ws/install/custom_interfaces/include/custom_interfaces/custom_interfaces/srv/detail/change_face_state__traits.hpp
[3.475s] -- Up-to-date symlink: /home/name/kd1_ws/install/custom_interfaces/include/custom_interfaces/custom_interfaces/srv/detail/change_face_state__type_support.hpp
[3.476s] -- Up-to-date symlink: /home/name/kd1_ws/install/custom_interfaces/include/custom_interfaces/custom_interfaces/msg/detail/detected_person_frame_offset__rosidl_typesupport_fastrtps_cpp.hpp
[3.476s] -- Up-to-date symlink: /home/name/kd1_ws/install/custom_interfaces/include/custom_interfaces/custom_interfaces/msg/detail/imu_data__rosidl_typesupport_fastrtps_cpp.hpp
[3.477s] -- Up-to-date symlink: /home/name/kd1_ws/install/custom_interfaces/include/custom_interfaces/custom_interfaces/msg/detail/tof_sensor_data__rosidl_typesupport_fastrtps_cpp.hpp
[3.478s] -- Up-to-date symlink: /home/name/kd1_ws/install/custom_interfaces/include/custom_interfaces/custom_interfaces/msg/rosidl_typesupport_fastrtps_cpp__visibility_control.h
[3.484s] -- Up-to-date symlink: /home/name/kd1_ws/install/custom_interfaces/include/custom_interfaces/custom_interfaces/srv/detail/change_face_state__rosidl_typesupport_fastrtps_cpp.hpp
[3.486s] -- Up-to-date symlink: /home/name/kd1_ws/install/custom_interfaces/include/custom_interfaces/custom_interfaces/msg/detail/detected_person_frame_offset__rosidl_typesupport_introspection_cpp.hpp
[3.489s] -- Up-to-date symlink: /home/name/kd1_ws/install/custom_interfaces/include/custom_interfaces/custom_interfaces/msg/detail/imu_data__rosidl_typesupport_introspection_cpp.hpp
[3.492s] -- Up-to-date symlink: /home/name/kd1_ws/install/custom_interfaces/include/custom_interfaces/custom_interfaces/msg/detail/tof_sensor_data__rosidl_typesupport_introspection_cpp.hpp
[3.495s] -- Up-to-date symlink: /home/name/kd1_ws/install/custom_interfaces/include/custom_interfaces/custom_interfaces/srv/detail/change_face_state__rosidl_typesupport_introspection_cpp.hpp
[3.498s] -- Up-to-date symlink: /home/name/kd1_ws/install/custom_interfaces/share/custom_interfaces/environment/pythonpath.sh
[3.500s] -- Up-to-date symlink: /home/name/kd1_ws/install/custom_interfaces/share/custom_interfaces/environment/pythonpath.dsv
[3.500s] -- Up-to-date symlink: /home/name/kd1_ws/install/custom_interfaces/local/lib/python3.10/dist-packages/custom_interfaces-0.0.0-py3.10.egg-info/PKG-INFO
[3.501s] -- Up-to-date symlink: /home/name/kd1_ws/install/custom_interfaces/local/lib/python3.10/dist-packages/custom_interfaces-0.0.0-py3.10.egg-info/SOURCES.txt
[3.501s] -- Up-to-date symlink: /home/name/kd1_ws/install/custom_interfaces/local/lib/python3.10/dist-packages/custom_interfaces-0.0.0-py3.10.egg-info/dependency_links.txt
[3.504s] -- Up-to-date symlink: /home/name/kd1_ws/install/custom_interfaces/local/lib/python3.10/dist-packages/custom_interfaces-0.0.0-py3.10.egg-info/top_level.txt
[3.505s] -- Up-to-date symlink: /home/name/kd1_ws/install/custom_interfaces/local/lib/python3.10/dist-packages/custom_interfaces/__init__.py
[3.506s] -- Up-to-date symlink: /home/name/kd1_ws/install/custom_interfaces/local/lib/python3.10/dist-packages/custom_interfaces/_custom_interfaces_s.ep.rosidl_typesupport_c.c
[3.509s] -- Up-to-date symlink: /home/name/kd1_ws/install/custom_interfaces/local/lib/python3.10/dist-packages/custom_interfaces/_custom_interfaces_s.ep.rosidl_typesupport_fastrtps_c.c
[3.510s] -- Up-to-date symlink: /home/name/kd1_ws/install/custom_interfaces/local/lib/python3.10/dist-packages/custom_interfaces/_custom_interfaces_s.ep.rosidl_typesupport_introspection_c.c
[3.512s] -- Up-to-date symlink: /home/name/kd1_ws/install/custom_interfaces/local/lib/python3.10/dist-packages/custom_interfaces/custom_interfaces_s__rosidl_typesupport_c.cpython-310-aarch64-linux-gnu.so
[3.513s] -- Up-to-date symlink: /home/name/kd1_ws/install/custom_interfaces/local/lib/python3.10/dist-packages/custom_interfaces/custom_interfaces_s__rosidl_typesupport_fastrtps_c.cpython-310-aarch64-linux-gnu.so
[3.514s] -- Up-to-date symlink: /home/name/kd1_ws/install/custom_interfaces/local/lib/python3.10/dist-packages/custom_interfaces/custom_interfaces_s__rosidl_typesupport_introspection_c.cpython-310-aarch64-linux-gnu.so
[3.514s] -- Up-to-date symlink: /home/name/kd1_ws/install/custom_interfaces/local/lib/python3.10/dist-packages/custom_interfaces/libcustom_interfaces__rosidl_generator_py.so
[3.515s] -- Up-to-date symlink: /home/name/kd1_ws/install/custom_interfaces/local/lib/python3.10/dist-packages/custom_interfaces/msg/__init__.py
[3.515s] -- Up-to-date symlink: /home/name/kd1_ws/install/custom_interfaces/local/lib/python3.10/dist-packages/custom_interfaces/msg/_detected_person_frame_offset.py
[3.516s] -- Up-to-date symlink: /home/name/kd1_ws/install/custom_interfaces/local/lib/python3.10/dist-packages/custom_interfaces/msg/_detected_person_frame_offset_s.c
[3.516s] -- Up-to-date symlink: /home/name/kd1_ws/install/custom_interfaces/local/lib/python3.10/dist-packages/custom_interfaces/msg/_imu_data.py
[3.517s] -- Up-to-date symlink: /home/name/kd1_ws/install/custom_interfaces/local/lib/python3.10/dist-packages/custom_interfaces/msg/_imu_data_s.c
[3.518s] -- Up-to-date symlink: /home/name/kd1_ws/install/custom_interfaces/local/lib/python3.10/dist-packages/custom_interfaces/msg/_tof_sensor_data.py
[3.524s] -- Up-to-date symlink: /home/name/kd1_ws/install/custom_interfaces/local/lib/python3.10/dist-packages/custom_interfaces/msg/_tof_sensor_data_s.c
[3.527s] -- Up-to-date symlink: /home/name/kd1_ws/install/custom_interfaces/local/lib/python3.10/dist-packages/custom_interfaces/srv/__init__.py
[3.528s] -- Up-to-date symlink: /home/name/kd1_ws/install/custom_interfaces/local/lib/python3.10/dist-packages/custom_interfaces/srv/_change_face_state.py
[3.532s] -- Up-to-date symlink: /home/name/kd1_ws/install/custom_interfaces/local/lib/python3.10/dist-packages/custom_interfaces/srv/_change_face_state_s.c
[3.533s] -- Up-to-date symlink: /home/name/kd1_ws/install/custom_interfaces/local/lib/python3.10/dist-packages/custom_interfaces/custom_interfaces_s__rosidl_typesupport_fastrtps_c.cpython-310-aarch64-linux-gnu.so
[3.535s] -- Up-to-date symlink: /home/name/kd1_ws/install/custom_interfaces/local/lib/python3.10/dist-packages/custom_interfaces/custom_interfaces_s__rosidl_typesupport_introspection_c.cpython-310-aarch64-linux-gnu.so
[3.536s] -- Up-to-date symlink: /home/name/kd1_ws/install/custom_interfaces/local/lib/python3.10/dist-packages/custom_interfaces/custom_interfaces_s__rosidl_typesupport_c.cpython-310-aarch64-linux-gnu.so
[3.539s] -- Up-to-date symlink: /home/name/kd1_ws/install/custom_interfaces/share/custom_interfaces/srv/ChangeFaceState.idl
[3.541s] -- Up-to-date symlink: /home/name/kd1_ws/install/custom_interfaces/share/custom_interfaces/msg/TOFSensorData.idl
[3.543s] -- Up-to-date symlink: /home/name/kd1_ws/install/custom_interfaces/share/custom_interfaces/msg/DetectedPersonFrameOffset.idl
[3.544s] -- Up-to-date symlink: /home/name/kd1_ws/install/custom_interfaces/share/custom_interfaces/msg/IMUData.idl
[3.548s] -- Up-to-date symlink: /home/name/kd1_ws/install/custom_interfaces/share/custom_interfaces/srv/ChangeFaceState.srv
[3.556s] -- Up-to-date symlink: /home/name/kd1_ws/install/custom_interfaces/share/custom_interfaces/srv/ChangeFaceState_Request.msg
[3.556s] -- Up-to-date symlink: /home/name/kd1_ws/install/custom_interfaces/share/custom_interfaces/srv/ChangeFaceState_Response.msg
[3.559s] -- Up-to-date symlink: /home/name/kd1_ws/install/custom_interfaces/share/custom_interfaces/msg/TOFSensorData.msg
[3.560s] -- Up-to-date symlink: /home/name/kd1_ws/install/custom_interfaces/share/custom_interfaces/msg/DetectedPersonFrameOffset.msg
[3.564s] -- Up-to-date symlink: /home/name/kd1_ws/install/custom_interfaces/share/custom_interfaces/msg/IMUData.msg
[3.567s] -- Up-to-date symlink: /home/name/kd1_ws/install/custom_interfaces/share/ament_index/resource_index/package_run_dependencies/custom_interfaces
[3.570s] -- Up-to-date symlink: /home/name/kd1_ws/install/custom_interfaces/share/ament_index/resource_index/parent_prefix_path/custom_interfaces
[3.573s] -- Up-to-date symlink: /home/name/kd1_ws/install/custom_interfaces/share/custom_interfaces/environment/ament_prefix_path.sh
[3.576s] -- Up-to-date symlink: /home/name/kd1_ws/install/custom_interfaces/share/custom_interfaces/environment/ament_prefix_path.dsv
[3.579s] -- Up-to-date symlink: /home/name/kd1_ws/install/custom_interfaces/share/custom_interfaces/environment/path.sh
[3.582s] -- Up-to-date symlink: /home/name/kd1_ws/install/custom_interfaces/share/custom_interfaces/environment/path.dsv
[3.586s] -- Up-to-date symlink: /home/name/kd1_ws/install/custom_interfaces/share/custom_interfaces/local_setup.bash
[3.589s] -- Up-to-date symlink: /home/name/kd1_ws/install/custom_interfaces/share/custom_interfaces/local_setup.sh
[3.593s] -- Up-to-date symlink: /home/name/kd1_ws/install/custom_interfaces/share/custom_interfaces/local_setup.zsh
[3.596s] -- Up-to-date symlink: /home/name/kd1_ws/install/custom_interfaces/share/custom_interfaces/local_setup.dsv
[3.600s] -- Symlinking: /home/name/kd1_ws/install/custom_interfaces/share/custom_interfaces/package.dsv
[3.604s] -- Up-to-date symlink: /home/name/kd1_ws/install/custom_interfaces/share/ament_index/resource_index/packages/custom_interfaces
[3.607s] -- Up-to-date symlink: /home/name/kd1_ws/install/custom_interfaces/share/custom_interfaces/cmake/rosidl_cmake-extras.cmake
[3.608s] -- Up-to-date symlink: /home/name/kd1_ws/install/custom_interfaces/share/custom_interfaces/cmake/ament_cmake_export_include_directories-extras.cmake
[3.611s] -- Up-to-date symlink: /home/name/kd1_ws/install/custom_interfaces/share/custom_interfaces/cmake/ament_cmake_export_libraries-extras.cmake
[3.615s] -- Up-to-date symlink: /home/name/kd1_ws/install/custom_interfaces/share/custom_interfaces/cmake/ament_cmake_export_targets-extras.cmake
[3.618s] -- Up-to-date symlink: /home/name/kd1_ws/install/custom_interfaces/share/custom_interfaces/cmake/rosidl_cmake_export_typesupport_targets-extras.cmake
[3.619s] -- Up-to-date symlink: /home/name/kd1_ws/install/custom_interfaces/share/custom_interfaces/cmake/ament_cmake_export_dependencies-extras.cmake
[3.619s] -- Up-to-date symlink: /home/name/kd1_ws/install/custom_interfaces/share/custom_interfaces/cmake/rosidl_cmake_export_typesupport_libraries-extras.cmake
[3.620s] -- Up-to-date symlink: /home/name/kd1_ws/install/custom_interfaces/share/custom_interfaces/cmake/custom_interfacesConfig.cmake
[3.620s] -- Up-to-date symlink: /home/name/kd1_ws/install/custom_interfaces/share/custom_interfaces/cmake/custom_interfacesConfig-version.cmake
[3.621s] -- Up-to-date symlink: /home/name/kd1_ws/install/custom_interfaces/share/custom_interfaces/package.xml
[3.625s] -- Up-to-date: /home/name/kd1_ws/install/custom_interfaces/lib/libcustom_interfaces__rosidl_generator_c.so
[3.629s] -- Up-to-date: /home/name/kd1_ws/install/custom_interfaces/lib/libcustom_interfaces__rosidl_typesupport_fastrtps_c.so
[3.633s] -- Up-to-date: /home/name/kd1_ws/install/custom_interfaces/lib/libcustom_interfaces__rosidl_typesupport_introspection_c.so
[3.636s] -- Up-to-date: /home/name/kd1_ws/install/custom_interfaces/lib/libcustom_interfaces__rosidl_typesupport_c.so
[3.640s] -- Up-to-date: /home/name/kd1_ws/install/custom_interfaces/lib/libcustom_interfaces__rosidl_typesupport_fastrtps_cpp.so
[3.645s] -- Up-to-date: /home/name/kd1_ws/install/custom_interfaces/lib/libcustom_interfaces__rosidl_typesupport_introspection_cpp.so
[3.649s] -- Up-to-date: /home/name/kd1_ws/install/custom_interfaces/lib/libcustom_interfaces__rosidl_typesupport_cpp.so
[3.935s] Listing '/home/name/kd1_ws/install/custom_interfaces/local/lib/python3.10/dist-packages/custom_interfaces'...
[3.936s] Listing '/home/name/kd1_ws/install/custom_interfaces/local/lib/python3.10/dist-packages/custom_interfaces/msg'...
[3.942s] Listing '/home/name/kd1_ws/install/custom_interfaces/local/lib/python3.10/dist-packages/custom_interfaces/srv'...
[3.980s] -- Up-to-date: /home/name/kd1_ws/install/custom_interfaces/lib/libcustom_interfaces__rosidl_generator_py.so
[3.988s] -- Up-to-date: /home/name/kd1_ws/install/custom_interfaces/share/custom_interfaces/cmake/export_custom_interfaces__rosidl_generator_cExport.cmake
[3.989s] -- Up-to-date: /home/name/kd1_ws/install/custom_interfaces/share/custom_interfaces/cmake/export_custom_interfaces__rosidl_generator_cExport-noconfig.cmake
[3.992s] -- Up-to-date: /home/name/kd1_ws/install/custom_interfaces/share/custom_interfaces/cmake/export_custom_interfaces__rosidl_typesupport_fastrtps_cExport.cmake
[3.994s] -- Up-to-date: /home/name/kd1_ws/install/custom_interfaces/share/custom_interfaces/cmake/export_custom_interfaces__rosidl_typesupport_fastrtps_cExport-noconfig.cmake
[4.001s] -- Up-to-date: /home/name/kd1_ws/install/custom_interfaces/share/custom_interfaces/cmake/custom_interfaces__rosidl_typesupport_introspection_cExport.cmake
[4.002s] -- Up-to-date: /home/name/kd1_ws/install/custom_interfaces/share/custom_interfaces/cmake/custom_interfaces__rosidl_typesupport_introspection_cExport-noconfig.cmake
[4.006s] -- Up-to-date: /home/name/kd1_ws/install/custom_interfaces/share/custom_interfaces/cmake/custom_interfaces__rosidl_typesupport_cExport.cmake
[4.007s] -- Up-to-date: /home/name/kd1_ws/install/custom_interfaces/share/custom_interfaces/cmake/custom_interfaces__rosidl_typesupport_cExport-noconfig.cmake
[4.009s] -- Up-to-date: /home/name/kd1_ws/install/custom_interfaces/share/custom_interfaces/cmake/export_custom_interfaces__rosidl_generator_cppExport.cmake
[4.014s] -- Up-to-date: /home/name/kd1_ws/install/custom_interfaces/share/custom_interfaces/cmake/export_custom_interfaces__rosidl_typesupport_fastrtps_cppExport.cmake
[4.015s] -- Up-to-date: /home/name/kd1_ws/install/custom_interfaces/share/custom_interfaces/cmake/export_custom_interfaces__rosidl_typesupport_fastrtps_cppExport-noconfig.cmake
[4.021s] -- Up-to-date: /home/name/kd1_ws/install/custom_interfaces/share/custom_interfaces/cmake/custom_interfaces__rosidl_typesupport_introspection_cppExport.cmake
[4.022s] -- Up-to-date: /home/name/kd1_ws/install/custom_interfaces/share/custom_interfaces/cmake/custom_interfaces__rosidl_typesupport_introspection_cppExport-noconfig.cmake
[4.031s] -- Up-to-date: /home/name/kd1_ws/install/custom_interfaces/share/custom_interfaces/cmake/custom_interfaces__rosidl_typesupport_cppExport.cmake
[4.031s] -- Up-to-date: /home/name/kd1_ws/install/custom_interfaces/share/custom_interfaces/cmake/custom_interfaces__rosidl_typesupport_cppExport-noconfig.cmake
[4.038s] -- Up-to-date: /home/name/kd1_ws/install/custom_interfaces/share/custom_interfaces/cmake/export_custom_interfaces__rosidl_generator_pyExport.cmake
[4.039s] -- Up-to-date: /home/name/kd1_ws/install/custom_interfaces/share/custom_interfaces/cmake/export_custom_interfaces__rosidl_generator_pyExport-noconfig.cmake
[4.071s] Invoked command in '/home/name/kd1_ws/build/custom_interfaces' returned '0': CMAKE_PREFIX_PATH=${CMAKE_PREFIX_PATH}:/home/name/kd1_ws/install/main_pkg_python:/home/name/machine2_ws/install/machine2_servo_interface:/home/name/ros2_ws/install/main_pkg:/opt/ros/humble /usr/bin/cmake --install /home/name/kd1_ws/build/custom_interfaces
