[9.027s] Invoking command in '/home/name/kd1_ws/build/kd1_sensors': PYTHONPATH=/home/name/kd1_ws/build/kd1_sensors/prefix_override:/usr/lib/python3/dist-packages/colcon_core/task/python/colcon_distutils_commands:/home/name/kd1_ws/install/kd1_sensors/lib/python3.10/site-packages:${PYTHONPATH} /usr/bin/python3 -W ignore:setup.py install is deprecated -W ignore:easy_install command is deprecated setup.py develop --editable --build-directory /home/name/kd1_ws/build/kd1_sensors/build --no-deps symlink_data
[11.681s] running develop
[13.694s] running egg_info
[13.697s] writing kd1_sensors.egg-info/PKG-INFO
[13.699s] writing dependency_links to kd1_sensors.egg-info/dependency_links.txt
[13.700s] writing entry points to kd1_sensors.egg-info/entry_points.txt
[13.702s] writing requirements to kd1_sensors.egg-info/requires.txt
[13.705s] writing top-level names to kd1_sensors.egg-info/top_level.txt
[13.713s] reading manifest file 'kd1_sensors.egg-info/SOURCES.txt'
[13.718s] writing manifest file 'kd1_sensors.egg-info/SOURCES.txt'
[13.728s] running build_ext
[13.729s] Creating /home/name/kd1_ws/install/kd1_sensors/lib/python3.10/site-packages/kd1-sensors.egg-link (link to .)
[13.734s] Installing audio_direction_node script to /home/name/kd1_ws/install/kd1_sensors/lib/kd1_sensors
[13.735s] Installing oak_depthai_node script to /home/name/kd1_ws/install/kd1_sensors/lib/kd1_sensors
[13.736s] Installing tof_sensors_alert_node script to /home/name/kd1_ws/install/kd1_sensors/lib/kd1_sensors
[13.738s] Installing voice_recognition_node script to /home/name/kd1_ws/install/kd1_sensors/lib/kd1_sensors
[13.740s] 
[13.745s] Installed /home/name/kd1_ws/build/kd1_sensors
[13.747s] running symlink_data
[13.946s] Invoked command in '/home/name/kd1_ws/build/kd1_sensors' returned '0': PYTHONPATH=/home/name/kd1_ws/build/kd1_sensors/prefix_override:/usr/lib/python3/dist-packages/colcon_core/task/python/colcon_distutils_commands:/home/name/kd1_ws/install/kd1_sensors/lib/python3.10/site-packages:${PYTHONPATH} /usr/bin/python3 -W ignore:setup.py install is deprecated -W ignore:easy_install command is deprecated setup.py develop --editable --build-directory /home/name/kd1_ws/build/kd1_sensors/build --no-deps symlink_data
