[16.336s] Invoking command in '/home/name/kd1_ws/build/kd1_sensors': PYTHONPATH=/home/name/kd1_ws/build/kd1_sensors/prefix_override:/usr/lib/python3/dist-packages/colcon_core/task/python/colcon_distutils_commands:/home/name/kd1_ws/install/kd1_sensors/lib/python3.10/site-packages:${PYTHONPATH} /usr/bin/python3 -W ignore:setup.py install is deprecated -W ignore:easy_install command is deprecated setup.py develop --editable --build-directory /home/name/kd1_ws/build/kd1_sensors/build --no-deps symlink_data
[20.036s] running develop
[22.736s] running egg_info
[22.736s] writing kd1_sensors.egg-info/PKG-INFO
[22.737s] writing dependency_links to kd1_sensors.egg-info/dependency_links.txt
[22.737s] writing entry points to kd1_sensors.egg-info/entry_points.txt
[22.738s] writing requirements to kd1_sensors.egg-info/requires.txt
[22.738s] writing top-level names to kd1_sensors.egg-info/top_level.txt
[22.739s] reading manifest file 'kd1_sensors.egg-info/SOURCES.txt'
[22.748s] writing manifest file 'kd1_sensors.egg-info/SOURCES.txt'
[22.767s] running build_ext
[22.768s] Creating /home/name/kd1_ws/install/kd1_sensors/lib/python3.10/site-packages/kd1-sensors.egg-link (link to .)
[22.778s] Installing audio_direction_node script to /home/name/kd1_ws/install/kd1_sensors/lib/kd1_sensors
[22.791s] Installing oak_depthai_node script to /home/name/kd1_ws/install/kd1_sensors/lib/kd1_sensors
[22.804s] Installing tof_sensors_alert_node script to /home/name/kd1_ws/install/kd1_sensors/lib/kd1_sensors
[22.806s] Installing voice_recognition_node script to /home/name/kd1_ws/install/kd1_sensors/lib/kd1_sensors
[22.809s] 
[22.810s] Installed /home/name/kd1_ws/build/kd1_sensors
[22.811s] running symlink_data
[23.093s] Invoked command in '/home/name/kd1_ws/build/kd1_sensors' returned '0': PYTHONPATH=/home/name/kd1_ws/build/kd1_sensors/prefix_override:/usr/lib/python3/dist-packages/colcon_core/task/python/colcon_distutils_commands:/home/name/kd1_ws/install/kd1_sensors/lib/python3.10/site-packages:${PYTHONPATH} /usr/bin/python3 -W ignore:setup.py install is deprecated -W ignore:easy_install command is deprecated setup.py develop --editable --build-directory /home/name/kd1_ws/build/kd1_sensors/build --no-deps symlink_data
