[8.781s] Invoking command in '/home/name/kd1_ws/build/kd1_utility_nodes': PYTHONPATH=/home/name/kd1_ws/build/kd1_utility_nodes/prefix_override:/usr/lib/python3/dist-packages/colcon_core/task/python/colcon_distutils_commands:/home/name/kd1_ws/install/kd1_utility_nodes/lib/python3.10/site-packages:${PYTHONPATH} /usr/bin/python3 -W ignore:setup.py install is deprecated -W ignore:easy_install command is deprecated setup.py develop --editable --build-directory /home/name/kd1_ws/build/kd1_utility_nodes/build --no-deps symlink_data
[12.173s] running develop
[14.146s] running egg_info
[14.147s] writing kd1_utility_nodes.egg-info/PKG-INFO
[14.149s] writing dependency_links to kd1_utility_nodes.egg-info/dependency_links.txt
[14.150s] writing entry points to kd1_utility_nodes.egg-info/entry_points.txt
[14.152s] writing requirements to kd1_utility_nodes.egg-info/requires.txt
[14.153s] writing top-level names to kd1_utility_nodes.egg-info/top_level.txt
[14.164s] reading manifest file 'kd1_utility_nodes.egg-info/SOURCES.txt'
[14.169s] writing manifest file 'kd1_utility_nodes.egg-info/SOURCES.txt'
[14.179s] running build_ext
[14.180s] Creating /home/name/kd1_ws/install/kd1_utility_nodes/lib/python3.10/site-packages/kd1-utility-nodes.egg-link (link to .)
[14.186s] Installing audio_playback_node script to /home/name/kd1_ws/install/kd1_utility_nodes/lib/kd1_utility_nodes
[14.187s] Installing face_animation_node script to /home/name/kd1_ws/install/kd1_utility_nodes/lib/kd1_utility_nodes
[14.188s] Installing imu_conversion_node script to /home/name/kd1_ws/install/kd1_utility_nodes/lib/kd1_utility_nodes
[14.189s] Installing light_ring_node script to /home/name/kd1_ws/install/kd1_utility_nodes/lib/kd1_utility_nodes
[14.192s] 
[14.192s] Installed /home/name/kd1_ws/build/kd1_utility_nodes
[14.194s] running symlink_data
[14.375s] Invoked command in '/home/name/kd1_ws/build/kd1_utility_nodes' returned '0': PYTHONPATH=/home/name/kd1_ws/build/kd1_utility_nodes/prefix_override:/usr/lib/python3/dist-packages/colcon_core/task/python/colcon_distutils_commands:/home/name/kd1_ws/install/kd1_utility_nodes/lib/python3.10/site-packages:${PYTHONPATH} /usr/bin/python3 -W ignore:setup.py install is deprecated -W ignore:easy_install command is deprecated setup.py develop --editable --build-directory /home/name/kd1_ws/build/kd1_utility_nodes/build --no-deps symlink_data
