[11.339s] Invoking command in '/home/name/kd1_ws/build/kd1_sensors': PYTHONPATH=/home/name/kd1_ws/build/kd1_sensors/prefix_override:/usr/lib/python3/dist-packages/colcon_core/task/python/colcon_distutils_commands:/home/name/kd1_ws/install/kd1_sensors/lib/python3.10/site-packages:${PYTHONPATH} /usr/bin/python3 -W ignore:setup.py install is deprecated -W ignore:easy_install command is deprecated setup.py develop --editable --build-directory /home/name/kd1_ws/build/kd1_sensors/build --no-deps symlink_data
[15.771s] running develop
[18.117s] running egg_info
[18.120s] writing kd1_sensors.egg-info/PKG-INFO
[18.123s] writing dependency_links to kd1_sensors.egg-info/dependency_links.txt
[18.124s] writing entry points to kd1_sensors.egg-info/entry_points.txt
[18.127s] writing requirements to kd1_sensors.egg-info/requires.txt
[18.129s] writing top-level names to kd1_sensors.egg-info/top_level.txt
[18.141s] reading manifest file 'kd1_sensors.egg-info/SOURCES.txt'
[18.148s] writing manifest file 'kd1_sensors.egg-info/SOURCES.txt'
[18.159s] running build_ext
[18.160s] Creating /home/name/kd1_ws/install/kd1_sensors/lib/python3.10/site-packages/kd1-sensors.egg-link (link to .)
[18.164s] Installing audio_direction_node script to /home/name/kd1_ws/install/kd1_sensors/lib/kd1_sensors
[18.167s] Installing oak_depthai_node script to /home/name/kd1_ws/install/kd1_sensors/lib/kd1_sensors
[18.171s] Installing tof_sensors_alert_node script to /home/name/kd1_ws/install/kd1_sensors/lib/kd1_sensors
[18.171s] Installing voice_recognition_node script to /home/name/kd1_ws/install/kd1_sensors/lib/kd1_sensors
[18.172s] 
[18.178s] Installed /home/name/kd1_ws/build/kd1_sensors
[18.180s] running symlink_data
[18.381s] Invoked command in '/home/name/kd1_ws/build/kd1_sensors' returned '0': PYTHONPATH=/home/name/kd1_ws/build/kd1_sensors/prefix_override:/usr/lib/python3/dist-packages/colcon_core/task/python/colcon_distutils_commands:/home/name/kd1_ws/install/kd1_sensors/lib/python3.10/site-packages:${PYTHONPATH} /usr/bin/python3 -W ignore:setup.py install is deprecated -W ignore:easy_install command is deprecated setup.py develop --editable --build-directory /home/name/kd1_ws/build/kd1_sensors/build --no-deps symlink_data
