[0.171s] Invoking command in '/home/name/kd1_ws/build/kd1_bringup': CMAKE_PREFIX_PATH=${CMAKE_PREFIX_PATH}:/home/name/kd1_ws/install/main_pkg_python:/home/name/machine2_ws/install/machine2_servo_interface:/home/name/ros2_ws/install/main_pkg:/opt/ros/humble /usr/bin/cmake --build /home/name/kd1_ws/build/kd1_bringup -- -j4 -l4
[0.349s] -- Found ament_cmake: 1.3.11 (/opt/ros/humble/share/ament_cmake/cmake)
[1.671s] -- Override CMake install command with custom implementation using symlinks instead of copying resources
[2.891s] -- Configuring done
[2.972s] -- Generating done
[2.984s] -- Build files have been written to: /home/name/kd1_ws/build/kd1_bringup
[3.974s] Invoked command in '/home/name/kd1_ws/build/kd1_bringup' returned '0': CMAKE_PREFIX_PATH=${CMAKE_PREFIX_PATH}:/home/name/kd1_ws/install/main_pkg_python:/home/name/machine2_ws/install/machine2_servo_interface:/home/name/ros2_ws/install/main_pkg:/opt/ros/humble /usr/bin/cmake --build /home/name/kd1_ws/build/kd1_bringup -- -j4 -l4
[4.065s] Invoking command in '/home/name/kd1_ws/build/kd1_bringup': CMAKE_PREFIX_PATH=${CMAKE_PREFIX_PATH}:/home/name/kd1_ws/install/main_pkg_python:/home/name/machine2_ws/install/machine2_servo_interface:/home/name/ros2_ws/install/main_pkg:/opt/ros/humble /usr/bin/cmake --install /home/name/kd1_ws/build/kd1_bringup
[4.179s] -- Install configuration: ""
[4.182s] -- Execute custom install script
[4.188s] -- Up-to-date symlink: /home/name/kd1_ws/install/kd1_bringup/share/kd1_bringup/launch/kd1.launch.py
[4.198s] -- Up-to-date symlink: /home/name/kd1_ws/install/kd1_bringup/share/kd1_bringup/config/ekf.yaml
[4.198s] -- Up-to-date symlink: /home/name/kd1_ws/install/kd1_bringup/share/ament_index/resource_index/package_run_dependencies/kd1_bringup
[4.199s] -- Up-to-date symlink: /home/name/kd1_ws/install/kd1_bringup/share/ament_index/resource_index/parent_prefix_path/kd1_bringup
[4.204s] -- Up-to-date symlink: /home/name/kd1_ws/install/kd1_bringup/share/kd1_bringup/environment/ament_prefix_path.sh
[4.205s] -- Up-to-date symlink: /home/name/kd1_ws/install/kd1_bringup/share/kd1_bringup/environment/ament_prefix_path.dsv
[4.241s] -- Up-to-date symlink: /home/name/kd1_ws/install/kd1_bringup/share/kd1_bringup/environment/path.sh
[4.265s] -- Up-to-date symlink: /home/name/kd1_ws/install/kd1_bringup/share/kd1_bringup/environment/path.dsv
[4.266s] -- Up-to-date symlink: /home/name/kd1_ws/install/kd1_bringup/share/kd1_bringup/local_setup.bash
[4.267s] -- Up-to-date symlink: /home/name/kd1_ws/install/kd1_bringup/share/kd1_bringup/local_setup.sh
[4.267s] -- Up-to-date symlink: /home/name/kd1_ws/install/kd1_bringup/share/kd1_bringup/local_setup.zsh
[4.269s] -- Up-to-date symlink: /home/name/kd1_ws/install/kd1_bringup/share/kd1_bringup/local_setup.dsv
[4.277s] -- Symlinking: /home/name/kd1_ws/install/kd1_bringup/share/kd1_bringup/package.dsv
[4.347s] -- Up-to-date symlink: /home/name/kd1_ws/install/kd1_bringup/share/ament_index/resource_index/packages/kd1_bringup
[4.388s] -- Up-to-date symlink: /home/name/kd1_ws/install/kd1_bringup/share/kd1_bringup/cmake/kd1_bringupConfig.cmake
[4.436s] -- Up-to-date symlink: /home/name/kd1_ws/install/kd1_bringup/share/kd1_bringup/cmake/kd1_bringupConfig-version.cmake
[4.504s] -- Up-to-date symlink: /home/name/kd1_ws/install/kd1_bringup/share/kd1_bringup/package.xml
[4.581s] Invoked command in '/home/name/kd1_ws/build/kd1_bringup' returned '0': CMAKE_PREFIX_PATH=${CMAKE_PREFIX_PATH}:/home/name/kd1_ws/install/main_pkg_python:/home/name/machine2_ws/install/machine2_servo_interface:/home/name/ros2_ws/install/main_pkg:/opt/ros/humble /usr/bin/cmake --install /home/name/kd1_ws/build/kd1_bringup
