[7.032s] Invoking command in '/home/name/kd1_ws/build/kd1_locomotion': PYTHONPATH=/home/name/kd1_ws/build/kd1_locomotion/prefix_override:/usr/lib/python3/dist-packages/colcon_core/task/python/colcon_distutils_commands:/home/name/kd1_ws/install/kd1_locomotion/lib/python3.10/site-packages:${PYTHONPATH} /usr/bin/python3 -W ignore:setup.py install is deprecated -W ignore:easy_install command is deprecated setup.py develop --editable --build-directory /home/name/kd1_ws/build/kd1_locomotion/build --no-deps symlink_data
[9.202s] running develop
[10.763s] running egg_info
[10.765s] writing kd1_locomotion.egg-info/PKG-INFO
[10.766s] writing dependency_links to kd1_locomotion.egg-info/dependency_links.txt
[10.768s] writing entry points to kd1_locomotion.egg-info/entry_points.txt
[10.769s] writing requirements to kd1_locomotion.egg-info/requires.txt
[10.770s] writing top-level names to kd1_locomotion.egg-info/top_level.txt
[10.780s] reading manifest file 'kd1_locomotion.egg-info/SOURCES.txt'
[10.786s] writing manifest file 'kd1_locomotion.egg-info/SOURCES.txt'
[10.795s] running build_ext
[10.796s] Creating /home/name/kd1_ws/install/kd1_locomotion/lib/python3.10/site-packages/kd1-locomotion.egg-link (link to .)
[10.802s] Installing motor_driver_comms_node script to /home/name/kd1_ws/install/kd1_locomotion/lib/kd1_locomotion
[10.803s] Installing moving_robot_node script to /home/name/kd1_ws/install/kd1_locomotion/lib/kd1_locomotion
[10.804s] Installing teleop_node script to /home/name/kd1_ws/install/kd1_locomotion/lib/kd1_locomotion
[10.810s] Installing wheel_encoder_node script to /home/name/kd1_ws/install/kd1_locomotion/lib/kd1_locomotion
[10.812s] Installing wheel_odometry_node script to /home/name/kd1_ws/install/kd1_locomotion/lib/kd1_locomotion
[10.814s] 
[10.816s] Installed /home/name/kd1_ws/build/kd1_locomotion
[10.818s] running symlink_data
[11.105s] Invoked command in '/home/name/kd1_ws/build/kd1_locomotion' returned '0': PYTHONPATH=/home/name/kd1_ws/build/kd1_locomotion/prefix_override:/usr/lib/python3/dist-packages/colcon_core/task/python/colcon_distutils_commands:/home/name/kd1_ws/install/kd1_locomotion/lib/python3.10/site-packages:${PYTHONPATH} /usr/bin/python3 -W ignore:setup.py install is deprecated -W ignore:easy_install command is deprecated setup.py develop --editable --build-directory /home/name/kd1_ws/build/kd1_locomotion/build --no-deps symlink_data
