[4.509s] Invoking command in '/home/name/kd1_ws/build/main_pkg_python': PYTHONPATH=/home/name/kd1_ws/build/main_pkg_python/prefix_override:/usr/lib/python3/dist-packages/colcon_core/task/python/colcon_distutils_commands:/home/name/kd1_ws/install/main_pkg_python/lib/python3.10/site-packages:${PYTHONPATH} /usr/bin/python3 -W ignore:setup.py install is deprecated setup.py develop --editable --build-directory /home/name/kd1_ws/build/main_pkg_python/build --no-deps symlink_data --force
[6.429s] running develop
[6.439s] /usr/lib/python3/dist-packages/setuptools/command/easy_install.py:158: EasyInstallDeprecationWarning: easy_install command is deprecated. Use build and pip and other standards-based tools.
[6.450s]   warnings.warn(
[9.136s] running egg_info
[9.137s] writing main_pkg_python.egg-info/PKG-INFO
[9.141s] writing dependency_links to main_pkg_python.egg-info/dependency_links.txt
[9.144s] writing entry points to main_pkg_python.egg-info/entry_points.txt
[9.147s] writing requirements to main_pkg_python.egg-info/requires.txt
[9.149s] writing top-level names to main_pkg_python.egg-info/top_level.txt
[9.161s] reading manifest file 'main_pkg_python.egg-info/SOURCES.txt'
[9.166s] writing manifest file 'main_pkg_python.egg-info/SOURCES.txt'
[9.175s] running build_ext
[9.176s] Creating /home/name/kd1_ws/install/main_pkg_python/lib/python3.10/site-packages/main-pkg-python.egg-link (link to .)
[9.183s] Installing central_processing_node script to /home/name/kd1_ws/install/main_pkg_python/lib/main_pkg_python
[9.184s] Installing face_animation_node script to /home/name/kd1_ws/install/main_pkg_python/lib/main_pkg_python
[9.185s] Installing human_detection_node script to /home/name/kd1_ws/install/main_pkg_python/lib/main_pkg_python
[9.188s] Installing light_ring_node script to /home/name/kd1_ws/install/main_pkg_python/lib/main_pkg_python
[9.188s] Installing motor_driver_comms_node script to /home/name/kd1_ws/install/main_pkg_python/lib/main_pkg_python
[9.192s] Installing tof_sensors_comms_node script to /home/name/kd1_ws/install/main_pkg_python/lib/main_pkg_python
[9.194s] 
[9.207s] Installed /home/name/kd1_ws/build/main_pkg_python
[9.209s] running symlink_data
[9.210s] symbolically linking /home/name/kd1_ws/build/main_pkg_python/resource/main_pkg_python -> /home/name/kd1_ws/install/main_pkg_python/share/ament_index/resource_index/packages
[9.212s] symbolically linking /home/name/kd1_ws/build/main_pkg_python/package.xml -> /home/name/kd1_ws/install/main_pkg_python/share/main_pkg_python
[9.416s] Invoked command in '/home/name/kd1_ws/build/main_pkg_python' returned '0': PYTHONPATH=/home/name/kd1_ws/build/main_pkg_python/prefix_override:/usr/lib/python3/dist-packages/colcon_core/task/python/colcon_distutils_commands:/home/name/kd1_ws/install/main_pkg_python/lib/python3.10/site-packages:${PYTHONPATH} /usr/bin/python3 -W ignore:setup.py install is deprecated setup.py develop --editable --build-directory /home/name/kd1_ws/build/main_pkg_python/build --no-deps symlink_data --force
