[0.160s] Invoking command in '/home/name/kd1_ws/build/custom_interfaces': CMAKE_PREFIX_PATH=${CMAKE_PREFIX_PATH}:/home/name/kd1_ws/install/main_pkg_python:/home/name/machine2_ws/install/machine2_servo_interface:/home/name/ros2_ws/install/main_pkg:/opt/ros/humble /usr/bin/cmake /home/name/kd1_ws/src/custom_interfaces -DAMENT_CMAKE_SYMLINK_INSTALL=1 -DCMAKE_INSTALL_PREFIX=/home/name/kd1_ws/install/custom_interfaces
[0.286s] -- Found ament_cmake: 1.3.11 (/opt/ros/humble/share/ament_cmake/cmake)
[1.219s] -- Override CMake install command with custom implementation using symlinks instead of copying resources
[1.291s] -- Found rosidl_default_generators: 1.2.0 (/opt/ros/humble/share/rosidl_default_generators/cmake)
[1.313s] -- Using all available rosidl_typesupport_c: rosidl_typesupport_fastrtps_c;rosidl_typesupport_introspection_c
[1.339s] -- Found rosidl_adapter: 3.1.6 (/opt/ros/humble/share/rosidl_adapter/cmake)
[1.666s] -- Using all available rosidl_typesupport_cpp: rosidl_typesupport_fastrtps_cpp;rosidl_typesupport_introspection_cpp
[3.834s] -- Found ament_cmake_ros: 0.10.0 (/opt/ros/humble/share/ament_cmake_ros/cmake)
[5.049s] -- Using all available rosidl_typesupport_c: rosidl_typesupport_fastrtps_c;rosidl_typesupport_introspection_c
[6.623s] -- Using all available rosidl_typesupport_cpp: rosidl_typesupport_fastrtps_cpp;rosidl_typesupport_introspection_cpp
[6.757s] -- Found python_cmake_module: 0.10.0 (/opt/ros/humble/share/python_cmake_module/cmake)
[6.897s] -- Using PYTHON_EXECUTABLE: /usr/bin/python3
[6.898s] -- Using PYTHON_INCLUDE_DIRS: /usr/include/python3.10
[6.898s] -- Using PYTHON_LIBRARIES: /usr/lib/aarch64-linux-gnu/libpython3.10.so
[7.053s] -- Configuring done
[7.553s] -- Generating done
[7.677s] -- Build files have been written to: /home/name/kd1_ws/build/custom_interfaces
[7.733s] Invoked command in '/home/name/kd1_ws/build/custom_interfaces' returned '0': CMAKE_PREFIX_PATH=${CMAKE_PREFIX_PATH}:/home/name/kd1_ws/install/main_pkg_python:/home/name/machine2_ws/install/machine2_servo_interface:/home/name/ros2_ws/install/main_pkg:/opt/ros/humble /usr/bin/cmake /home/name/kd1_ws/src/custom_interfaces -DAMENT_CMAKE_SYMLINK_INSTALL=1 -DCMAKE_INSTALL_PREFIX=/home/name/kd1_ws/install/custom_interfaces
[7.744s] Invoking command in '/home/name/kd1_ws/build/custom_interfaces': CMAKE_PREFIX_PATH=${CMAKE_PREFIX_PATH}:/home/name/kd1_ws/install/main_pkg_python:/home/name/machine2_ws/install/machine2_servo_interface:/home/name/ros2_ws/install/main_pkg:/opt/ros/humble /usr/bin/cmake --build /home/name/kd1_ws/build/custom_interfaces -- -j4 -l4
[8.049s] [35m[1mConsolidate compiler generated dependencies of target custom_interfaces__rosidl_generator_c[0m
[8.106s] [  1%] Built target custom_interfaces__cpp
[8.258s] [35m[1mConsolidate compiler generated dependencies of target custom_interfaces__rosidl_typesupport_fastrtps_cpp[0m
[8.311s] [35m[1mConsolidate compiler generated dependencies of target custom_interfaces__rosidl_typesupport_cpp[0m
[8.312s] [ 12%] Built target ament_cmake_python_symlink_custom_interfaces
[8.315s] [ 12%] Built target custom_interfaces__rosidl_generator_c
[8.429s] [35m[1mConsolidate compiler generated dependencies of target custom_interfaces__rosidl_typesupport_introspection_cpp[0m
[8.500s] [ 23%] Built target custom_interfaces__rosidl_typesupport_fastrtps_cpp
[8.564s] [ 34%] Built target custom_interfaces__rosidl_typesupport_cpp
[8.629s] [ 45%] Built target custom_interfaces__rosidl_typesupport_introspection_cpp
[8.677s] [35m[1mConsolidate compiler generated dependencies of target custom_interfaces__rosidl_typesupport_fastrtps_c[0m
[8.732s] [35m[1mConsolidate compiler generated dependencies of target custom_interfaces__rosidl_typesupport_introspection_c[0m
[8.827s] [35m[1mConsolidate compiler generated dependencies of target custom_interfaces__rosidl_typesupport_c[0m
[8.854s] [ 56%] Built target custom_interfaces__rosidl_typesupport_introspection_c
[8.939s] [ 67%] Built target custom_interfaces__rosidl_typesupport_c
[8.946s] [ 78%] Built target custom_interfaces__rosidl_typesupport_fastrtps_c
[9.090s] [ 78%] Built target custom_interfaces
[9.246s] [ 80%] Built target custom_interfaces__py
[9.338s] [35m[1mConsolidate compiler generated dependencies of target custom_interfaces__rosidl_generator_py[0m
[9.552s] [ 89%] Built target custom_interfaces__rosidl_generator_py
[9.654s] [35m[1mConsolidate compiler generated dependencies of target custom_interfaces__rosidl_typesupport_introspection_c__pyext[0m
[9.715s] [35m[1mConsolidate compiler generated dependencies of target custom_interfaces__rosidl_typesupport_fastrtps_c__pyext[0m
[9.727s] [35m[1mConsolidate compiler generated dependencies of target custom_interfaces__rosidl_typesupport_c__pyext[0m
[9.846s] [ 92%] Built target custom_interfaces__rosidl_typesupport_introspection_c__pyext
[9.897s] [ 96%] Built target custom_interfaces__rosidl_typesupport_c__pyext
[9.916s] [100%] Built target custom_interfaces__rosidl_typesupport_fastrtps_c__pyext
[10.849s] running egg_info
[10.854s] writing custom_interfaces.egg-info/PKG-INFO
[10.855s] writing dependency_links to custom_interfaces.egg-info/dependency_links.txt
[10.856s] writing top-level names to custom_interfaces.egg-info/top_level.txt
[10.873s] reading manifest file 'custom_interfaces.egg-info/SOURCES.txt'
[10.882s] writing manifest file 'custom_interfaces.egg-info/SOURCES.txt'
[11.122s] [100%] Built target ament_cmake_python_build_custom_interfaces_egg
[11.231s] Invoked command in '/home/name/kd1_ws/build/custom_interfaces' returned '0': CMAKE_PREFIX_PATH=${CMAKE_PREFIX_PATH}:/home/name/kd1_ws/install/main_pkg_python:/home/name/machine2_ws/install/machine2_servo_interface:/home/name/ros2_ws/install/main_pkg:/opt/ros/humble /usr/bin/cmake --build /home/name/kd1_ws/build/custom_interfaces -- -j4 -l4
[11.235s] Invoking command in '/home/name/kd1_ws/build/custom_interfaces': CMAKE_PREFIX_PATH=${CMAKE_PREFIX_PATH}:/home/name/kd1_ws/install/main_pkg_python:/home/name/machine2_ws/install/machine2_servo_interface:/home/name/ros2_ws/install/main_pkg:/opt/ros/humble /usr/bin/cmake --install /home/name/kd1_ws/build/custom_interfaces
[11.291s] -- Install configuration: ""
[11.294s] -- Execute custom install script
[11.296s] -- Up-to-date symlink: /home/name/kd1_ws/install/custom_interfaces/share/ament_index/resource_index/rosidl_interfaces/custom_interfaces
[11.301s] -- Up-to-date symlink: /home/name/kd1_ws/install/custom_interfaces/include/custom_interfaces/custom_interfaces/msg/detail/detected_person_frame_offset__functions.h
[11.302s] -- Up-to-date symlink: /home/name/kd1_ws/install/custom_interfaces/include/custom_interfaces/custom_interfaces/msg/detail/detected_person_frame_offset__struct.h
[11.304s] -- Up-to-date symlink: /home/name/kd1_ws/install/custom_interfaces/include/custom_interfaces/custom_interfaces/msg/detail/detected_person_frame_offset__type_support.h
[11.306s] -- Up-to-date symlink: /home/name/kd1_ws/install/custom_interfaces/include/custom_interfaces/custom_interfaces/msg/detail/imu_data__functions.h
[11.308s] -- Up-to-date symlink: /home/name/kd1_ws/install/custom_interfaces/include/custom_interfaces/custom_interfaces/msg/detail/imu_data__struct.h
[11.311s] -- Up-to-date symlink: /home/name/kd1_ws/install/custom_interfaces/include/custom_interfaces/custom_interfaces/msg/detail/imu_data__type_support.h
[11.312s] -- Up-to-date symlink: /home/name/kd1_ws/install/custom_interfaces/include/custom_interfaces/custom_interfaces/msg/detail/tof_sensor_data__functions.h
[11.313s] -- Up-to-date symlink: /home/name/kd1_ws/install/custom_interfaces/include/custom_interfaces/custom_interfaces/msg/detail/tof_sensor_data__struct.h
[11.315s] -- Up-to-date symlink: /home/name/kd1_ws/install/custom_interfaces/include/custom_interfaces/custom_interfaces/msg/detail/tof_sensor_data__type_support.h
[11.317s] -- Up-to-date symlink: /home/name/kd1_ws/install/custom_interfaces/include/custom_interfaces/custom_interfaces/msg/detected_person_frame_offset.h
[11.319s] -- Up-to-date symlink: /home/name/kd1_ws/install/custom_interfaces/include/custom_interfaces/custom_interfaces/msg/imu_data.h
[11.322s] -- Up-to-date symlink: /home/name/kd1_ws/install/custom_interfaces/include/custom_interfaces/custom_interfaces/msg/rosidl_generator_c__visibility_control.h
[11.325s] -- Up-to-date symlink: /home/name/kd1_ws/install/custom_interfaces/include/custom_interfaces/custom_interfaces/msg/tof_sensor_data.h
[11.328s] -- Up-to-date symlink: /home/name/kd1_ws/install/custom_interfaces/include/custom_interfaces/custom_interfaces/srv/change_face_state.h
[11.332s] -- Up-to-date symlink: /home/name/kd1_ws/install/custom_interfaces/include/custom_interfaces/custom_interfaces/srv/detail/change_face_state__functions.h
[11.333s] -- Up-to-date symlink: /home/name/kd1_ws/install/custom_interfaces/include/custom_interfaces/custom_interfaces/srv/detail/change_face_state__struct.h
[11.336s] -- Up-to-date symlink: /home/name/kd1_ws/install/custom_interfaces/include/custom_interfaces/custom_interfaces/srv/detail/change_face_state__type_support.h
[11.340s] -- Up-to-date symlink: /home/name/kd1_ws/install/custom_interfaces/share/custom_interfaces/environment/library_path.sh
[11.342s] -- Up-to-date symlink: /home/name/kd1_ws/install/custom_interfaces/share/custom_interfaces/environment/library_path.dsv
[11.350s] -- Up-to-date symlink: /home/name/kd1_ws/install/custom_interfaces/include/custom_interfaces/custom_interfaces/msg/detail/detected_person_frame_offset__rosidl_typesupport_fastrtps_c.h
[11.352s] -- Up-to-date symlink: /home/name/kd1_ws/install/custom_interfaces/include/custom_interfaces/custom_interfaces/msg/detail/imu_data__rosidl_typesupport_fastrtps_c.h
[11.356s] -- Up-to-date symlink: /home/name/kd1_ws/install/custom_interfaces/include/custom_interfaces/custom_interfaces/msg/detail/tof_sensor_data__rosidl_typesupport_fastrtps_c.h
[11.359s] -- Up-to-date symlink: /home/name/kd1_ws/install/custom_interfaces/include/custom_interfaces/custom_interfaces/msg/rosidl_typesupport_fastrtps_c__visibility_control.h
[11.363s] -- Up-to-date symlink: /home/name/kd1_ws/install/custom_interfaces/include/custom_interfaces/custom_interfaces/srv/detail/change_face_state__rosidl_typesupport_fastrtps_c.h
[11.368s] -- Up-to-date symlink: /home/name/kd1_ws/install/custom_interfaces/include/custom_interfaces/custom_interfaces/msg/detail/detected_person_frame_offset__rosidl_typesupport_introspection_c.h
[11.372s] -- Up-to-date symlink: /home/name/kd1_ws/install/custom_interfaces/include/custom_interfaces/custom_interfaces/msg/detail/imu_data__rosidl_typesupport_introspection_c.h
[11.375s] -- Up-to-date symlink: /home/name/kd1_ws/install/custom_interfaces/include/custom_interfaces/custom_interfaces/msg/detail/tof_sensor_data__rosidl_typesupport_introspection_c.h
[11.380s] -- Up-to-date symlink: /home/name/kd1_ws/install/custom_interfaces/include/custom_interfaces/custom_interfaces/msg/rosidl_typesupport_introspection_c__visibility_control.h
[11.383s] -- Up-to-date symlink: /home/name/kd1_ws/install/custom_interfaces/include/custom_interfaces/custom_interfaces/srv/detail/change_face_state__rosidl_typesupport_introspection_c.h
[11.393s] -- Up-to-date symlink: /home/name/kd1_ws/install/custom_interfaces/include/custom_interfaces/custom_interfaces/msg/detail/detected_person_frame_offset__builder.hpp
[11.396s] -- Up-to-date symlink: /home/name/kd1_ws/install/custom_interfaces/include/custom_interfaces/custom_interfaces/msg/detail/detected_person_frame_offset__struct.hpp
[11.398s] -- Up-to-date symlink: /home/name/kd1_ws/install/custom_interfaces/include/custom_interfaces/custom_interfaces/msg/detail/detected_person_frame_offset__traits.hpp
[11.400s] -- Up-to-date symlink: /home/name/kd1_ws/install/custom_interfaces/include/custom_interfaces/custom_interfaces/msg/detail/detected_person_frame_offset__type_support.hpp
[11.402s] -- Up-to-date symlink: /home/name/kd1_ws/install/custom_interfaces/include/custom_interfaces/custom_interfaces/msg/detail/imu_data__builder.hpp
[11.404s] -- Up-to-date symlink: /home/name/kd1_ws/install/custom_interfaces/include/custom_interfaces/custom_interfaces/msg/detail/imu_data__struct.hpp
[11.407s] -- Up-to-date symlink: /home/name/kd1_ws/install/custom_interfaces/include/custom_interfaces/custom_interfaces/msg/detail/imu_data__traits.hpp
[11.409s] -- Up-to-date symlink: /home/name/kd1_ws/install/custom_interfaces/include/custom_interfaces/custom_interfaces/msg/detail/imu_data__type_support.hpp
[11.411s] -- Up-to-date symlink: /home/name/kd1_ws/install/custom_interfaces/include/custom_interfaces/custom_interfaces/msg/detail/tof_sensor_data__builder.hpp
[11.413s] -- Up-to-date symlink: /home/name/kd1_ws/install/custom_interfaces/include/custom_interfaces/custom_interfaces/msg/detail/tof_sensor_data__struct.hpp
[11.414s] -- Up-to-date symlink: /home/name/kd1_ws/install/custom_interfaces/include/custom_interfaces/custom_interfaces/msg/detail/tof_sensor_data__traits.hpp
[11.415s] -- Up-to-date symlink: /home/name/kd1_ws/install/custom_interfaces/include/custom_interfaces/custom_interfaces/msg/detail/tof_sensor_data__type_support.hpp
[11.416s] -- Up-to-date symlink: /home/name/kd1_ws/install/custom_interfaces/include/custom_interfaces/custom_interfaces/msg/detected_person_frame_offset.hpp
[11.417s] -- Up-to-date symlink: /home/name/kd1_ws/install/custom_interfaces/include/custom_interfaces/custom_interfaces/msg/imu_data.hpp
[11.419s] -- Up-to-date symlink: /home/name/kd1_ws/install/custom_interfaces/include/custom_interfaces/custom_interfaces/msg/rosidl_generator_cpp__visibility_control.hpp
[11.421s] -- Up-to-date symlink: /home/name/kd1_ws/install/custom_interfaces/include/custom_interfaces/custom_interfaces/msg/tof_sensor_data.hpp
[11.422s] -- Up-to-date symlink: /home/name/kd1_ws/install/custom_interfaces/include/custom_interfaces/custom_interfaces/srv/change_face_state.hpp
[11.425s] -- Up-to-date symlink: /home/name/kd1_ws/install/custom_interfaces/include/custom_interfaces/custom_interfaces/srv/detail/change_face_state__builder.hpp
[11.429s] -- Up-to-date symlink: /home/name/kd1_ws/install/custom_interfaces/include/custom_interfaces/custom_interfaces/srv/detail/change_face_state__struct.hpp
[11.430s] -- Up-to-date symlink: /home/name/kd1_ws/install/custom_interfaces/include/custom_interfaces/custom_interfaces/srv/detail/change_face_state__traits.hpp
[11.430s] -- Up-to-date symlink: /home/name/kd1_ws/install/custom_interfaces/include/custom_interfaces/custom_interfaces/srv/detail/change_face_state__type_support.hpp
[11.435s] -- Up-to-date symlink: /home/name/kd1_ws/install/custom_interfaces/include/custom_interfaces/custom_interfaces/msg/detail/detected_person_frame_offset__rosidl_typesupport_fastrtps_cpp.hpp
[11.437s] -- Up-to-date symlink: /home/name/kd1_ws/install/custom_interfaces/include/custom_interfaces/custom_interfaces/msg/detail/imu_data__rosidl_typesupport_fastrtps_cpp.hpp
[11.439s] -- Up-to-date symlink: /home/name/kd1_ws/install/custom_interfaces/include/custom_interfaces/custom_interfaces/msg/detail/tof_sensor_data__rosidl_typesupport_fastrtps_cpp.hpp
[11.442s] -- Up-to-date symlink: /home/name/kd1_ws/install/custom_interfaces/include/custom_interfaces/custom_interfaces/msg/rosidl_typesupport_fastrtps_cpp__visibility_control.h
[11.443s] -- Up-to-date symlink: /home/name/kd1_ws/install/custom_interfaces/include/custom_interfaces/custom_interfaces/srv/detail/change_face_state__rosidl_typesupport_fastrtps_cpp.hpp
[11.448s] -- Up-to-date symlink: /home/name/kd1_ws/install/custom_interfaces/include/custom_interfaces/custom_interfaces/msg/detail/detected_person_frame_offset__rosidl_typesupport_introspection_cpp.hpp
[11.451s] -- Up-to-date symlink: /home/name/kd1_ws/install/custom_interfaces/include/custom_interfaces/custom_interfaces/msg/detail/imu_data__rosidl_typesupport_introspection_cpp.hpp
[11.452s] -- Up-to-date symlink: /home/name/kd1_ws/install/custom_interfaces/include/custom_interfaces/custom_interfaces/msg/detail/tof_sensor_data__rosidl_typesupport_introspection_cpp.hpp
[11.454s] -- Up-to-date symlink: /home/name/kd1_ws/install/custom_interfaces/include/custom_interfaces/custom_interfaces/srv/detail/change_face_state__rosidl_typesupport_introspection_cpp.hpp
[11.455s] -- Up-to-date symlink: /home/name/kd1_ws/install/custom_interfaces/share/custom_interfaces/environment/pythonpath.sh
[11.460s] -- Up-to-date symlink: /home/name/kd1_ws/install/custom_interfaces/share/custom_interfaces/environment/pythonpath.dsv
[11.461s] -- Up-to-date symlink: /home/name/kd1_ws/install/custom_interfaces/local/lib/python3.10/dist-packages/custom_interfaces-0.0.0-py3.10.egg-info/PKG-INFO
[11.463s] -- Up-to-date symlink: /home/name/kd1_ws/install/custom_interfaces/local/lib/python3.10/dist-packages/custom_interfaces-0.0.0-py3.10.egg-info/SOURCES.txt
[11.469s] -- Up-to-date symlink: /home/name/kd1_ws/install/custom_interfaces/local/lib/python3.10/dist-packages/custom_interfaces-0.0.0-py3.10.egg-info/dependency_links.txt
[11.470s] -- Up-to-date symlink: /home/name/kd1_ws/install/custom_interfaces/local/lib/python3.10/dist-packages/custom_interfaces-0.0.0-py3.10.egg-info/top_level.txt
[11.472s] -- Up-to-date symlink: /home/name/kd1_ws/install/custom_interfaces/local/lib/python3.10/dist-packages/custom_interfaces/__init__.py
[11.473s] -- Up-to-date symlink: /home/name/kd1_ws/install/custom_interfaces/local/lib/python3.10/dist-packages/custom_interfaces/_custom_interfaces_s.ep.rosidl_typesupport_c.c
[11.476s] -- Up-to-date symlink: /home/name/kd1_ws/install/custom_interfaces/local/lib/python3.10/dist-packages/custom_interfaces/_custom_interfaces_s.ep.rosidl_typesupport_fastrtps_c.c
[11.478s] -- Up-to-date symlink: /home/name/kd1_ws/install/custom_interfaces/local/lib/python3.10/dist-packages/custom_interfaces/_custom_interfaces_s.ep.rosidl_typesupport_introspection_c.c
[11.478s] -- Up-to-date symlink: /home/name/kd1_ws/install/custom_interfaces/local/lib/python3.10/dist-packages/custom_interfaces/custom_interfaces_s__rosidl_typesupport_c.cpython-310-aarch64-linux-gnu.so
[11.479s] -- Up-to-date symlink: /home/name/kd1_ws/install/custom_interfaces/local/lib/python3.10/dist-packages/custom_interfaces/custom_interfaces_s__rosidl_typesupport_fastrtps_c.cpython-310-aarch64-linux-gnu.so
[11.480s] -- Up-to-date symlink: /home/name/kd1_ws/install/custom_interfaces/local/lib/python3.10/dist-packages/custom_interfaces/custom_interfaces_s__rosidl_typesupport_introspection_c.cpython-310-aarch64-linux-gnu.so
[11.482s] -- Up-to-date symlink: /home/name/kd1_ws/install/custom_interfaces/local/lib/python3.10/dist-packages/custom_interfaces/libcustom_interfaces__rosidl_generator_py.so
[11.485s] -- Up-to-date symlink: /home/name/kd1_ws/install/custom_interfaces/local/lib/python3.10/dist-packages/custom_interfaces/msg/__init__.py
[11.485s] -- Up-to-date symlink: /home/name/kd1_ws/install/custom_interfaces/local/lib/python3.10/dist-packages/custom_interfaces/msg/_detected_person_frame_offset.py
[11.489s] -- Up-to-date symlink: /home/name/kd1_ws/install/custom_interfaces/local/lib/python3.10/dist-packages/custom_interfaces/msg/_detected_person_frame_offset_s.c
[11.491s] -- Up-to-date symlink: /home/name/kd1_ws/install/custom_interfaces/local/lib/python3.10/dist-packages/custom_interfaces/msg/_imu_data.py
[11.492s] -- Up-to-date symlink: /home/name/kd1_ws/install/custom_interfaces/local/lib/python3.10/dist-packages/custom_interfaces/msg/_imu_data_s.c
[11.493s] -- Up-to-date symlink: /home/name/kd1_ws/install/custom_interfaces/local/lib/python3.10/dist-packages/custom_interfaces/msg/_tof_sensor_data.py
[11.495s] -- Up-to-date symlink: /home/name/kd1_ws/install/custom_interfaces/local/lib/python3.10/dist-packages/custom_interfaces/msg/_tof_sensor_data_s.c
[11.497s] -- Up-to-date symlink: /home/name/kd1_ws/install/custom_interfaces/local/lib/python3.10/dist-packages/custom_interfaces/srv/__init__.py
[11.497s] -- Up-to-date symlink: /home/name/kd1_ws/install/custom_interfaces/local/lib/python3.10/dist-packages/custom_interfaces/srv/_change_face_state.py
[11.498s] -- Up-to-date symlink: /home/name/kd1_ws/install/custom_interfaces/local/lib/python3.10/dist-packages/custom_interfaces/srv/_change_face_state_s.c
[11.500s] -- Up-to-date symlink: /home/name/kd1_ws/install/custom_interfaces/local/lib/python3.10/dist-packages/custom_interfaces/custom_interfaces_s__rosidl_typesupport_fastrtps_c.cpython-310-aarch64-linux-gnu.so
[11.502s] -- Up-to-date symlink: /home/name/kd1_ws/install/custom_interfaces/local/lib/python3.10/dist-packages/custom_interfaces/custom_interfaces_s__rosidl_typesupport_introspection_c.cpython-310-aarch64-linux-gnu.so
[11.507s] -- Up-to-date symlink: /home/name/kd1_ws/install/custom_interfaces/local/lib/python3.10/dist-packages/custom_interfaces/custom_interfaces_s__rosidl_typesupport_c.cpython-310-aarch64-linux-gnu.so
[11.508s] -- Up-to-date symlink: /home/name/kd1_ws/install/custom_interfaces/share/custom_interfaces/srv/ChangeFaceState.idl
[11.511s] -- Up-to-date symlink: /home/name/kd1_ws/install/custom_interfaces/share/custom_interfaces/msg/TOFSensorData.idl
[11.512s] -- Up-to-date symlink: /home/name/kd1_ws/install/custom_interfaces/share/custom_interfaces/msg/DetectedPersonFrameOffset.idl
[11.514s] -- Up-to-date symlink: /home/name/kd1_ws/install/custom_interfaces/share/custom_interfaces/msg/IMUData.idl
[11.515s] -- Up-to-date symlink: /home/name/kd1_ws/install/custom_interfaces/share/custom_interfaces/srv/ChangeFaceState.srv
[11.516s] -- Up-to-date symlink: /home/name/kd1_ws/install/custom_interfaces/share/custom_interfaces/srv/ChangeFaceState_Request.msg
[11.517s] -- Up-to-date symlink: /home/name/kd1_ws/install/custom_interfaces/share/custom_interfaces/srv/ChangeFaceState_Response.msg
[11.518s] -- Up-to-date symlink: /home/name/kd1_ws/install/custom_interfaces/share/custom_interfaces/msg/TOFSensorData.msg
[11.520s] -- Up-to-date symlink: /home/name/kd1_ws/install/custom_interfaces/share/custom_interfaces/msg/DetectedPersonFrameOffset.msg
[11.522s] -- Up-to-date symlink: /home/name/kd1_ws/install/custom_interfaces/share/custom_interfaces/msg/IMUData.msg
[11.523s] -- Up-to-date symlink: /home/name/kd1_ws/install/custom_interfaces/share/ament_index/resource_index/package_run_dependencies/custom_interfaces
[11.524s] -- Up-to-date symlink: /home/name/kd1_ws/install/custom_interfaces/share/ament_index/resource_index/parent_prefix_path/custom_interfaces
[11.526s] -- Up-to-date symlink: /home/name/kd1_ws/install/custom_interfaces/share/custom_interfaces/environment/ament_prefix_path.sh
[11.527s] -- Up-to-date symlink: /home/name/kd1_ws/install/custom_interfaces/share/custom_interfaces/environment/ament_prefix_path.dsv
[11.528s] -- Up-to-date symlink: /home/name/kd1_ws/install/custom_interfaces/share/custom_interfaces/environment/path.sh
[11.529s] -- Up-to-date symlink: /home/name/kd1_ws/install/custom_interfaces/share/custom_interfaces/environment/path.dsv
[11.531s] -- Up-to-date symlink: /home/name/kd1_ws/install/custom_interfaces/share/custom_interfaces/local_setup.bash
[11.533s] -- Up-to-date symlink: /home/name/kd1_ws/install/custom_interfaces/share/custom_interfaces/local_setup.sh
[11.534s] -- Up-to-date symlink: /home/name/kd1_ws/install/custom_interfaces/share/custom_interfaces/local_setup.zsh
[11.535s] -- Up-to-date symlink: /home/name/kd1_ws/install/custom_interfaces/share/custom_interfaces/local_setup.dsv
[11.536s] -- Symlinking: /home/name/kd1_ws/install/custom_interfaces/share/custom_interfaces/package.dsv
[11.589s] -- Up-to-date symlink: /home/name/kd1_ws/install/custom_interfaces/share/ament_index/resource_index/packages/custom_interfaces
[11.591s] -- Up-to-date symlink: /home/name/kd1_ws/install/custom_interfaces/share/custom_interfaces/cmake/rosidl_cmake-extras.cmake
[11.596s] -- Up-to-date symlink: /home/name/kd1_ws/install/custom_interfaces/share/custom_interfaces/cmake/ament_cmake_export_include_directories-extras.cmake
[11.598s] -- Up-to-date symlink: /home/name/kd1_ws/install/custom_interfaces/share/custom_interfaces/cmake/ament_cmake_export_libraries-extras.cmake
[11.602s] -- Up-to-date symlink: /home/name/kd1_ws/install/custom_interfaces/share/custom_interfaces/cmake/ament_cmake_export_targets-extras.cmake
[11.603s] -- Up-to-date symlink: /home/name/kd1_ws/install/custom_interfaces/share/custom_interfaces/cmake/rosidl_cmake_export_typesupport_targets-extras.cmake
[11.605s] -- Up-to-date symlink: /home/name/kd1_ws/install/custom_interfaces/share/custom_interfaces/cmake/ament_cmake_export_dependencies-extras.cmake
[11.606s] -- Up-to-date symlink: /home/name/kd1_ws/install/custom_interfaces/share/custom_interfaces/cmake/rosidl_cmake_export_typesupport_libraries-extras.cmake
[11.607s] -- Up-to-date symlink: /home/name/kd1_ws/install/custom_interfaces/share/custom_interfaces/cmake/custom_interfacesConfig.cmake
[11.614s] -- Up-to-date symlink: /home/name/kd1_ws/install/custom_interfaces/share/custom_interfaces/cmake/custom_interfacesConfig-version.cmake
[11.616s] -- Up-to-date symlink: /home/name/kd1_ws/install/custom_interfaces/share/custom_interfaces/package.xml
[11.622s] -- Up-to-date: /home/name/kd1_ws/install/custom_interfaces/lib/libcustom_interfaces__rosidl_generator_c.so
[11.626s] -- Up-to-date: /home/name/kd1_ws/install/custom_interfaces/lib/libcustom_interfaces__rosidl_typesupport_fastrtps_c.so
[11.631s] -- Up-to-date: /home/name/kd1_ws/install/custom_interfaces/lib/libcustom_interfaces__rosidl_typesupport_introspection_c.so
[11.635s] -- Up-to-date: /home/name/kd1_ws/install/custom_interfaces/lib/libcustom_interfaces__rosidl_typesupport_c.so
[11.640s] -- Up-to-date: /home/name/kd1_ws/install/custom_interfaces/lib/libcustom_interfaces__rosidl_typesupport_fastrtps_cpp.so
[11.649s] -- Up-to-date: /home/name/kd1_ws/install/custom_interfaces/lib/libcustom_interfaces__rosidl_typesupport_introspection_cpp.so
[11.653s] -- Up-to-date: /home/name/kd1_ws/install/custom_interfaces/lib/libcustom_interfaces__rosidl_typesupport_cpp.so
[11.962s] Listing '/home/name/kd1_ws/install/custom_interfaces/local/lib/python3.10/dist-packages/custom_interfaces'...
[11.963s] Compiling '/home/name/kd1_ws/install/custom_interfaces/local/lib/python3.10/dist-packages/custom_interfaces/__init__.py'...
[11.964s] Listing '/home/name/kd1_ws/install/custom_interfaces/local/lib/python3.10/dist-packages/custom_interfaces/msg'...
[11.965s] Listing '/home/name/kd1_ws/install/custom_interfaces/local/lib/python3.10/dist-packages/custom_interfaces/srv'...
[12.019s] -- Up-to-date: /home/name/kd1_ws/install/custom_interfaces/lib/libcustom_interfaces__rosidl_generator_py.so
[12.021s] -- Up-to-date: /home/name/kd1_ws/install/custom_interfaces/share/custom_interfaces/cmake/export_custom_interfaces__rosidl_generator_cExport.cmake
[12.023s] -- Up-to-date: /home/name/kd1_ws/install/custom_interfaces/share/custom_interfaces/cmake/export_custom_interfaces__rosidl_generator_cExport-noconfig.cmake
[12.033s] -- Up-to-date: /home/name/kd1_ws/install/custom_interfaces/share/custom_interfaces/cmake/export_custom_interfaces__rosidl_typesupport_fastrtps_cExport.cmake
[12.034s] -- Up-to-date: /home/name/kd1_ws/install/custom_interfaces/share/custom_interfaces/cmake/export_custom_interfaces__rosidl_typesupport_fastrtps_cExport-noconfig.cmake
[12.038s] -- Up-to-date: /home/name/kd1_ws/install/custom_interfaces/share/custom_interfaces/cmake/custom_interfaces__rosidl_typesupport_introspection_cExport.cmake
[12.044s] -- Up-to-date: /home/name/kd1_ws/install/custom_interfaces/share/custom_interfaces/cmake/custom_interfaces__rosidl_typesupport_introspection_cExport-noconfig.cmake
[12.047s] -- Up-to-date: /home/name/kd1_ws/install/custom_interfaces/share/custom_interfaces/cmake/custom_interfaces__rosidl_typesupport_cExport.cmake
[12.048s] -- Up-to-date: /home/name/kd1_ws/install/custom_interfaces/share/custom_interfaces/cmake/custom_interfaces__rosidl_typesupport_cExport-noconfig.cmake
[12.049s] -- Up-to-date: /home/name/kd1_ws/install/custom_interfaces/share/custom_interfaces/cmake/export_custom_interfaces__rosidl_generator_cppExport.cmake
[12.051s] -- Up-to-date: /home/name/kd1_ws/install/custom_interfaces/share/custom_interfaces/cmake/export_custom_interfaces__rosidl_typesupport_fastrtps_cppExport.cmake
[12.053s] -- Up-to-date: /home/name/kd1_ws/install/custom_interfaces/share/custom_interfaces/cmake/export_custom_interfaces__rosidl_typesupport_fastrtps_cppExport-noconfig.cmake
[12.055s] -- Up-to-date: /home/name/kd1_ws/install/custom_interfaces/share/custom_interfaces/cmake/custom_interfaces__rosidl_typesupport_introspection_cppExport.cmake
[12.056s] -- Up-to-date: /home/name/kd1_ws/install/custom_interfaces/share/custom_interfaces/cmake/custom_interfaces__rosidl_typesupport_introspection_cppExport-noconfig.cmake
[12.058s] -- Up-to-date: /home/name/kd1_ws/install/custom_interfaces/share/custom_interfaces/cmake/custom_interfaces__rosidl_typesupport_cppExport.cmake
[12.059s] -- Up-to-date: /home/name/kd1_ws/install/custom_interfaces/share/custom_interfaces/cmake/custom_interfaces__rosidl_typesupport_cppExport-noconfig.cmake
[12.063s] -- Up-to-date: /home/name/kd1_ws/install/custom_interfaces/share/custom_interfaces/cmake/export_custom_interfaces__rosidl_generator_pyExport.cmake
[12.064s] -- Up-to-date: /home/name/kd1_ws/install/custom_interfaces/share/custom_interfaces/cmake/export_custom_interfaces__rosidl_generator_pyExport-noconfig.cmake
[12.082s] Invoked command in '/home/name/kd1_ws/build/custom_interfaces' returned '0': CMAKE_PREFIX_PATH=${CMAKE_PREFIX_PATH}:/home/name/kd1_ws/install/main_pkg_python:/home/name/machine2_ws/install/machine2_servo_interface:/home/name/ros2_ws/install/main_pkg:/opt/ros/humble /usr/bin/cmake --install /home/name/kd1_ws/build/custom_interfaces
