[4.996s] Invoking command in '/home/name/kd1_ws/build/main_pkg_python': PYTHONPATH=/home/name/kd1_ws/build/main_pkg_python/prefix_override:/usr/lib/python3/dist-packages/colcon_core/task/python/colcon_distutils_commands:/home/name/kd1_ws/install/main_pkg_python/lib/python3.10/site-packages:${PYTHONPATH} /usr/bin/python3 -W ignore:setup.py install is deprecated setup.py develop --editable --build-directory /home/name/kd1_ws/build/main_pkg_python/build --no-deps symlink_data
[7.502s] running develop
[7.505s] /usr/lib/python3/dist-packages/setuptools/command/easy_install.py:158: EasyInstallDeprecationWarning: easy_install command is deprecated. Use build and pip and other standards-based tools.
[7.506s]   warnings.warn(
[9.403s] running egg_info
[9.404s] writing main_pkg_python.egg-info/PKG-INFO
[9.406s] writing dependency_links to main_pkg_python.egg-info/dependency_links.txt
[9.407s] writing entry points to main_pkg_python.egg-info/entry_points.txt
[9.409s] writing requirements to main_pkg_python.egg-info/requires.txt
[9.410s] writing top-level names to main_pkg_python.egg-info/top_level.txt
[9.420s] reading manifest file 'main_pkg_python.egg-info/SOURCES.txt'
[9.426s] writing manifest file 'main_pkg_python.egg-info/SOURCES.txt'
[9.434s] running build_ext
[9.435s] Creating /home/name/kd1_ws/install/main_pkg_python/lib/python3.10/site-packages/main-pkg-python.egg-link (link to .)
[9.441s] Installing audio_direction_node script to /home/name/kd1_ws/install/main_pkg_python/lib/main_pkg_python
[9.442s] Installing audio_playback_node script to /home/name/kd1_ws/install/main_pkg_python/lib/main_pkg_python
[9.443s] Installing central_processing_node script to /home/name/kd1_ws/install/main_pkg_python/lib/main_pkg_python
[9.444s] Installing depth_data_processing_node script to /home/name/kd1_ws/install/main_pkg_python/lib/main_pkg_python
[9.445s] Installing face_animation_node script to /home/name/kd1_ws/install/main_pkg_python/lib/main_pkg_python
[9.446s] Installing human_detection_node script to /home/name/kd1_ws/install/main_pkg_python/lib/main_pkg_python
[9.447s] Installing imu_node script to /home/name/kd1_ws/install/main_pkg_python/lib/main_pkg_python
[9.449s] Installing light_ring_node script to /home/name/kd1_ws/install/main_pkg_python/lib/main_pkg_python
[9.453s] Installing motor_driver_comms_node script to /home/name/kd1_ws/install/main_pkg_python/lib/main_pkg_python
[9.454s] Installing oak_depthai_node script to /home/name/kd1_ws/install/main_pkg_python/lib/main_pkg_python
[9.456s] Installing tof_sensors_comms_node script to /home/name/kd1_ws/install/main_pkg_python/lib/main_pkg_python
[9.457s] Installing voice_recognition_node script to /home/name/kd1_ws/install/main_pkg_python/lib/main_pkg_python
[9.458s] 
[9.458s] Installed /home/name/kd1_ws/build/main_pkg_python
[9.460s] running symlink_data
[9.649s] Invoked command in '/home/name/kd1_ws/build/main_pkg_python' returned '0': PYTHONPATH=/home/name/kd1_ws/build/main_pkg_python/prefix_override:/usr/lib/python3/dist-packages/colcon_core/task/python/colcon_distutils_commands:/home/name/kd1_ws/install/main_pkg_python/lib/python3.10/site-packages:${PYTHONPATH} /usr/bin/python3 -W ignore:setup.py install is deprecated setup.py develop --editable --build-directory /home/name/kd1_ws/build/main_pkg_python/build --no-deps symlink_data
