[0.070s] Invoking command in '/home/name/kd1_ws/build/kd1_cpp_nodes': CMAKE_PREFIX_PATH=${CMAKE_PREFIX_PATH}:/home/name/kd1_ws/install/main_pkg_python:/home/name/kd1_ws/install/kd1_utility_nodes:/home/name/kd1_ws/install/kd1_sensors:/home/name/kd1_ws/install/kd1_locomotion:/home/name/kd1_ws/install/kd1_depth:/home/name/kd1_ws/install/kd1_central_processing:/home/name/machine2_ws/install/machine2_servo_interface:/opt/ros/humble /usr/bin/cmake --build /home/name/kd1_ws/build/kd1_cpp_nodes -- -j4 -l4
[0.218s] -- Found ament_cmake: 1.3.11 (/opt/ros/humble/share/ament_cmake/cmake)
[1.041s] -- Found rclcpp: 16.0.12 (/opt/ros/humble/share/rclcpp/cmake)
[1.275s] -- Found rosidl_generator_c: 3.1.6 (/opt/ros/humble/share/rosidl_generator_c/cmake)
[1.294s] -- Found rosidl_adapter: 3.1.6 (/opt/ros/humble/share/rosidl_adapter/cmake)
[1.331s] -- Found rosidl_generator_cpp: 3.1.6 (/opt/ros/humble/share/rosidl_generator_cpp/cmake)
[1.387s] -- Using all available rosidl_typesupport_c: rosidl_typesupport_fastrtps_c;rosidl_typesupport_introspection_c
[1.458s] -- Using all available rosidl_typesupport_cpp: rosidl_typesupport_fastrtps_cpp;rosidl_typesupport_introspection_cpp
[1.636s] -- Found rmw_implementation_cmake: 6.1.2 (/opt/ros/humble/share/rmw_implementation_cmake/cmake)
[1.651s] -- Found rmw_fastrtps_cpp: 6.2.7 (/opt/ros/humble/share/rmw_fastrtps_cpp/cmake)
[2.841s] -- Using RMW implementation 'rmw_fastrtps_cpp' as default
[3.151s] -- Found rclcpp_action: 16.0.12 (/opt/ros/humble/share/rclcpp_action/cmake)
[3.510s] -- Found sensor_msgs: 4.8.0 (/opt/ros/humble/share/sensor_msgs/cmake)
[3.715s] -- Found nav2_msgs: 1.1.18 (/opt/ros/humble/share/nav2_msgs/cmake)
[4.415s] -- Configuring done
[4.501s] -- Generating done
[4.523s] -- Build files have been written to: /home/name/kd1_ws/build/kd1_cpp_nodes
[4.653s] [35m[1mConsolidate compiler generated dependencies of target emergency_stop_node[0m
[4.765s] [ 50%] [32mBuilding CXX object CMakeFiles/emergency_stop_node.dir/src/emergency_stop_node.cpp.o[0m
[16.475s] [01m[K/home/name/kd1_ws/src/kd1_cpp_nodes/src/emergency_stop_node.cpp:[m[K In constructor ‘[01m[KEmergencyStopNode::EmergencyStopNode()[m[K’:
[16.475s] [01m[K/home/name/kd1_ws/src/kd1_cpp_nodes/src/emergency_stop_node.cpp:28:9:[m[K [01;31m[Kerror: [m[K‘[01m[Kcancel_navto_client_[m[K’ was not declared in this scope
[16.476s]    28 |         [01;31m[Kcancel_navto_client_[m[K = rclcpp_action::create_client<NavigateToPose>(
[16.476s]       |         [01;31m[K^~~~~~~~~~~~~~~~~~~~[m[K
[16.691s] [01m[K/home/name/kd1_ws/src/kd1_cpp_nodes/src/emergency_stop_node.cpp:[m[K In member function ‘[01m[Kvoid EmergencyStopNode::cancel_nav2_goal()[m[K’:
[16.692s] [01m[K/home/name/kd1_ws/src/kd1_cpp_nodes/src/emergency_stop_node.cpp:105:13:[m[K [01;31m[Kerror: [m[K‘[01m[Kcancel_navto_client_[m[K’ was not declared in this scope
[16.692s]   105 |         if ([01;31m[Kcancel_navto_client_[m[K && cancel_navto_client_->server_is_ready())
[16.693s]       |             [01;31m[K^~~~~~~~~~~~~~~~~~~~[m[K
[29.666s] gmake[2]: *** [CMakeFiles/emergency_stop_node.dir/build.make:76: CMakeFiles/emergency_stop_node.dir/src/emergency_stop_node.cpp.o] Error 1
[29.667s] gmake[1]: *** [CMakeFiles/Makefile2:137: CMakeFiles/emergency_stop_node.dir/all] Error 2
[29.668s] gmake: *** [Makefile:146: all] Error 2
[29.685s] Invoked command in '/home/name/kd1_ws/build/kd1_cpp_nodes' returned '2': CMAKE_PREFIX_PATH=${CMAKE_PREFIX_PATH}:/home/name/kd1_ws/install/main_pkg_python:/home/name/kd1_ws/install/kd1_utility_nodes:/home/name/kd1_ws/install/kd1_sensors:/home/name/kd1_ws/install/kd1_locomotion:/home/name/kd1_ws/install/kd1_depth:/home/name/kd1_ws/install/kd1_central_processing:/home/name/machine2_ws/install/machine2_servo_interface:/opt/ros/humble /usr/bin/cmake --build /home/name/kd1_ws/build/kd1_cpp_nodes -- -j4 -l4
