[5.195s] Invoking command in '/home/name/kd1_ws/build/main_pkg_python': PYTHONPATH=/home/name/kd1_ws/build/main_pkg_python/prefix_override:/usr/lib/python3/dist-packages/colcon_core/task/python/colcon_distutils_commands:/home/name/kd1_ws/install/main_pkg_python/lib/python3.10/site-packages:${PYTHONPATH} /usr/bin/python3 -W ignore:setup.py install is deprecated -W ignore:easy_install command is deprecated setup.py develop --editable --build-directory /home/name/kd1_ws/build/main_pkg_python/build --no-deps symlink_data
[7.580s] running develop
[9.766s] running egg_info
[9.767s] writing main_pkg_python.egg-info/PKG-INFO
[9.769s] writing dependency_links to main_pkg_python.egg-info/dependency_links.txt
[9.770s] writing entry points to main_pkg_python.egg-info/entry_points.txt
[9.772s] writing requirements to main_pkg_python.egg-info/requires.txt
[9.773s] writing top-level names to main_pkg_python.egg-info/top_level.txt
[9.785s] reading manifest file 'main_pkg_python.egg-info/SOURCES.txt'
[9.797s] writing manifest file 'main_pkg_python.egg-info/SOURCES.txt'
[9.805s] running build_ext
[9.806s] Creating /home/name/kd1_ws/install/main_pkg_python/lib/python3.10/site-packages/main-pkg-python.egg-link (link to .)
[9.813s] Installing audio_direction_node script to /home/name/kd1_ws/install/main_pkg_python/lib/main_pkg_python
[9.815s] Installing audio_playback_node script to /home/name/kd1_ws/install/main_pkg_python/lib/main_pkg_python
[9.816s] Installing central_processing_node script to /home/name/kd1_ws/install/main_pkg_python/lib/main_pkg_python
[9.817s] Installing face_animation_node script to /home/name/kd1_ws/install/main_pkg_python/lib/main_pkg_python
[9.819s] Installing light_ring_node script to /home/name/kd1_ws/install/main_pkg_python/lib/main_pkg_python
[9.822s] Installing motor_driver_comms_node script to /home/name/kd1_ws/install/main_pkg_python/lib/main_pkg_python
[9.823s] Installing moving_robot_node script to /home/name/kd1_ws/install/main_pkg_python/lib/main_pkg_python
[9.824s] Installing oak_depthai_node script to /home/name/kd1_ws/install/main_pkg_python/lib/main_pkg_python
[9.826s] Installing teleop_node script to /home/name/kd1_ws/install/main_pkg_python/lib/main_pkg_python
[9.829s] Installing tof_sensors_comms_node script to /home/name/kd1_ws/install/main_pkg_python/lib/main_pkg_python
[9.832s] Installing voice_recognition_node script to /home/name/kd1_ws/install/main_pkg_python/lib/main_pkg_python
[9.833s] 
[9.835s] Installed /home/name/kd1_ws/build/main_pkg_python
[9.841s] running symlink_data
[10.042s] Invoked command in '/home/name/kd1_ws/build/main_pkg_python' returned '0': PYTHONPATH=/home/name/kd1_ws/build/main_pkg_python/prefix_override:/usr/lib/python3/dist-packages/colcon_core/task/python/colcon_distutils_commands:/home/name/kd1_ws/install/main_pkg_python/lib/python3.10/site-packages:${PYTHONPATH} /usr/bin/python3 -W ignore:setup.py install is deprecated -W ignore:easy_install command is deprecated setup.py develop --editable --build-directory /home/name/kd1_ws/build/main_pkg_python/build --no-deps symlink_data
