[8.031s] Invoking command in '/home/name/kd1_ws/build/kd1_utility_nodes': PYTHONPATH=/home/name/kd1_ws/build/kd1_utility_nodes/prefix_override:/usr/lib/python3/dist-packages/colcon_core/task/python/colcon_distutils_commands:/home/name/kd1_ws/install/kd1_utility_nodes/lib/python3.10/site-packages:${PYTHONPATH} /usr/bin/python3 -W ignore:setup.py install is deprecated -W ignore:easy_install command is deprecated setup.py develop --editable --build-directory /home/name/kd1_ws/build/kd1_utility_nodes/build --no-deps symlink_data
[10.958s] running develop
[12.769s] running egg_info
[12.770s] writing kd1_utility_nodes.egg-info/PKG-INFO
[12.772s] writing dependency_links to kd1_utility_nodes.egg-info/dependency_links.txt
[12.773s] writing entry points to kd1_utility_nodes.egg-info/entry_points.txt
[12.775s] writing requirements to kd1_utility_nodes.egg-info/requires.txt
[12.776s] writing top-level names to kd1_utility_nodes.egg-info/top_level.txt
[12.786s] reading manifest file 'kd1_utility_nodes.egg-info/SOURCES.txt'
[12.791s] writing manifest file 'kd1_utility_nodes.egg-info/SOURCES.txt'
[12.800s] running build_ext
[12.801s] Creating /home/name/kd1_ws/install/kd1_utility_nodes/lib/python3.10/site-packages/kd1-utility-nodes.egg-link (link to .)
[12.807s] Installing audio_playback_node script to /home/name/kd1_ws/install/kd1_utility_nodes/lib/kd1_utility_nodes
[12.808s] Installing face_animation_node script to /home/name/kd1_ws/install/kd1_utility_nodes/lib/kd1_utility_nodes
[12.809s] Installing imu_conversion_node script to /home/name/kd1_ws/install/kd1_utility_nodes/lib/kd1_utility_nodes
[12.810s] Installing light_ring_node script to /home/name/kd1_ws/install/kd1_utility_nodes/lib/kd1_utility_nodes
[12.812s] 
[12.813s] Installed /home/name/kd1_ws/build/kd1_utility_nodes
[12.814s] running symlink_data
[13.006s] Invoked command in '/home/name/kd1_ws/build/kd1_utility_nodes' returned '0': PYTHONPATH=/home/name/kd1_ws/build/kd1_utility_nodes/prefix_override:/usr/lib/python3/dist-packages/colcon_core/task/python/colcon_distutils_commands:/home/name/kd1_ws/install/kd1_utility_nodes/lib/python3.10/site-packages:${PYTHONPATH} /usr/bin/python3 -W ignore:setup.py install is deprecated -W ignore:easy_install command is deprecated setup.py develop --editable --build-directory /home/name/kd1_ws/build/kd1_utility_nodes/build --no-deps symlink_data
