[7.794s] Invoking command in '/home/name/kd1_ws/build/kd1_utility_nodes': PYTHONPATH=/home/name/kd1_ws/build/kd1_utility_nodes/prefix_override:/usr/lib/python3/dist-packages/colcon_core/task/python/colcon_distutils_commands:/home/name/kd1_ws/install/kd1_utility_nodes/lib/python3.10/site-packages:${PYTHONPATH} /usr/bin/python3 -W ignore:setup.py install is deprecated -W ignore:easy_install command is deprecated setup.py develop --editable --build-directory /home/name/kd1_ws/build/kd1_utility_nodes/build --no-deps symlink_data
[10.228s] running develop
[12.000s] running egg_info
[12.001s] writing kd1_utility_nodes.egg-info/PKG-INFO
[12.003s] writing dependency_links to kd1_utility_nodes.egg-info/dependency_links.txt
[12.005s] writing entry points to kd1_utility_nodes.egg-info/entry_points.txt
[12.008s] writing requirements to kd1_utility_nodes.egg-info/requires.txt
[12.008s] writing top-level names to kd1_utility_nodes.egg-info/top_level.txt
[12.019s] reading manifest file 'kd1_utility_nodes.egg-info/SOURCES.txt'
[12.022s] writing manifest file 'kd1_utility_nodes.egg-info/SOURCES.txt'
[12.031s] running build_ext
[12.032s] Creating /home/name/kd1_ws/install/kd1_utility_nodes/lib/python3.10/site-packages/kd1-utility-nodes.egg-link (link to .)
[12.037s] Installing audio_playback_node script to /home/name/kd1_ws/install/kd1_utility_nodes/lib/kd1_utility_nodes
[12.038s] Installing face_animation_node script to /home/name/kd1_ws/install/kd1_utility_nodes/lib/kd1_utility_nodes
[12.039s] Installing imu_conversion_node script to /home/name/kd1_ws/install/kd1_utility_nodes/lib/kd1_utility_nodes
[12.040s] Installing light_ring_node script to /home/name/kd1_ws/install/kd1_utility_nodes/lib/kd1_utility_nodes
[12.042s] 
[12.042s] Installed /home/name/kd1_ws/build/kd1_utility_nodes
[12.043s] running symlink_data
[12.243s] Invoked command in '/home/name/kd1_ws/build/kd1_utility_nodes' returned '0': PYTHONPATH=/home/name/kd1_ws/build/kd1_utility_nodes/prefix_override:/usr/lib/python3/dist-packages/colcon_core/task/python/colcon_distutils_commands:/home/name/kd1_ws/install/kd1_utility_nodes/lib/python3.10/site-packages:${PYTHONPATH} /usr/bin/python3 -W ignore:setup.py install is deprecated -W ignore:easy_install command is deprecated setup.py develop --editable --build-directory /home/name/kd1_ws/build/kd1_utility_nodes/build --no-deps symlink_data
