[13.864s] Invoking command in '/home/name/kd1_ws/build/kd1_locomotion': PYTHONPATH=/home/name/kd1_ws/build/kd1_locomotion/prefix_override:/usr/lib/python3/dist-packages/colcon_core/task/python/colcon_distutils_commands:/home/name/kd1_ws/install/kd1_locomotion/lib/python3.10/site-packages:${PYTHONPATH} /usr/bin/python3 -W ignore:setup.py install is deprecated -W ignore:easy_install command is deprecated setup.py develop --editable --build-directory /home/name/kd1_ws/build/kd1_locomotion/build --no-deps symlink_data
[17.033s] running develop
[19.600s] running egg_info
[19.608s] writing kd1_locomotion.egg-info/PKG-INFO
[19.613s] writing dependency_links to kd1_locomotion.egg-info/dependency_links.txt
[19.617s] writing entry points to kd1_locomotion.egg-info/entry_points.txt
[19.620s] writing requirements to kd1_locomotion.egg-info/requires.txt
[19.622s] writing top-level names to kd1_locomotion.egg-info/top_level.txt
[19.637s] reading manifest file 'kd1_locomotion.egg-info/SOURCES.txt'
[19.641s] writing manifest file 'kd1_locomotion.egg-info/SOURCES.txt'
[19.653s] running build_ext
[19.656s] Creating /home/name/kd1_ws/install/kd1_locomotion/lib/python3.10/site-packages/kd1-locomotion.egg-link (link to .)
[19.662s] Installing motor_driver_comms_node script to /home/name/kd1_ws/install/kd1_locomotion/lib/kd1_locomotion
[19.666s] Installing moving_robot_node script to /home/name/kd1_ws/install/kd1_locomotion/lib/kd1_locomotion
[19.670s] Installing teleop_node script to /home/name/kd1_ws/install/kd1_locomotion/lib/kd1_locomotion
[19.671s] Installing wheel_encoder_node script to /home/name/kd1_ws/install/kd1_locomotion/lib/kd1_locomotion
[19.672s] Installing wheel_odometry_node script to /home/name/kd1_ws/install/kd1_locomotion/lib/kd1_locomotion
[19.676s] 
[19.677s] Installed /home/name/kd1_ws/build/kd1_locomotion
[19.678s] running symlink_data
[19.986s] Invoked command in '/home/name/kd1_ws/build/kd1_locomotion' returned '0': PYTHONPATH=/home/name/kd1_ws/build/kd1_locomotion/prefix_override:/usr/lib/python3/dist-packages/colcon_core/task/python/colcon_distutils_commands:/home/name/kd1_ws/install/kd1_locomotion/lib/python3.10/site-packages:${PYTHONPATH} /usr/bin/python3 -W ignore:setup.py install is deprecated -W ignore:easy_install command is deprecated setup.py develop --editable --build-directory /home/name/kd1_ws/build/kd1_locomotion/build --no-deps symlink_data
