[13.497s] Invoking command in '/home/name/kd1_ws/build/kd1_sensors': PYTHONPATH=/home/name/kd1_ws/build/kd1_sensors/prefix_override:/usr/lib/python3/dist-packages/colcon_core/task/python/colcon_distutils_commands:/home/name/kd1_ws/install/kd1_sensors/lib/python3.10/site-packages:${PYTHONPATH} /usr/bin/python3 -W ignore:setup.py install is deprecated -W ignore:easy_install command is deprecated setup.py develop --editable --build-directory /home/name/kd1_ws/build/kd1_sensors/build --no-deps symlink_data
[17.522s] running develop
[20.262s] running egg_info
[20.265s] writing kd1_sensors.egg-info/PKG-INFO
[20.268s] writing dependency_links to kd1_sensors.egg-info/dependency_links.txt
[20.272s] writing entry points to kd1_sensors.egg-info/entry_points.txt
[20.275s] writing requirements to kd1_sensors.egg-info/requires.txt
[20.278s] writing top-level names to kd1_sensors.egg-info/top_level.txt
[20.292s] reading manifest file 'kd1_sensors.egg-info/SOURCES.txt'
[20.300s] writing manifest file 'kd1_sensors.egg-info/SOURCES.txt'
[20.314s] running build_ext
[20.317s] Creating /home/name/kd1_ws/install/kd1_sensors/lib/python3.10/site-packages/kd1-sensors.egg-link (link to .)
[20.324s] Installing audio_direction_node script to /home/name/kd1_ws/install/kd1_sensors/lib/kd1_sensors
[20.327s] Installing oak_depthai_node script to /home/name/kd1_ws/install/kd1_sensors/lib/kd1_sensors
[20.330s] Installing tof_sensors_alert_node script to /home/name/kd1_ws/install/kd1_sensors/lib/kd1_sensors
[20.333s] Installing voice_recognition_node script to /home/name/kd1_ws/install/kd1_sensors/lib/kd1_sensors
[20.337s] 
[20.338s] Installed /home/name/kd1_ws/build/kd1_sensors
[20.340s] running symlink_data
[20.550s] Invoked command in '/home/name/kd1_ws/build/kd1_sensors' returned '0': PYTHONPATH=/home/name/kd1_ws/build/kd1_sensors/prefix_override:/usr/lib/python3/dist-packages/colcon_core/task/python/colcon_distutils_commands:/home/name/kd1_ws/install/kd1_sensors/lib/python3.10/site-packages:${PYTHONPATH} /usr/bin/python3 -W ignore:setup.py install is deprecated -W ignore:easy_install command is deprecated setup.py develop --editable --build-directory /home/name/kd1_ws/build/kd1_sensors/build --no-deps symlink_data
