[0.132s] Invoking command in '/home/name/kd1_ws/build/kd1_bringup': CMAKE_PREFIX_PATH=${CMAKE_PREFIX_PATH}:/home/name/kd1_ws/install/main_pkg_python:/home/name/machine2_ws/install/machine2_servo_interface:/home/name/ros2_ws/install/main_pkg:/opt/ros/humble /usr/bin/cmake --build /home/name/kd1_ws/build/kd1_bringup -- -j4 -l4
[2.212s] Invoked command in '/home/name/kd1_ws/build/kd1_bringup' returned '0': CMAKE_PREFIX_PATH=${CMAKE_PREFIX_PATH}:/home/name/kd1_ws/install/main_pkg_python:/home/name/machine2_ws/install/machine2_servo_interface:/home/name/ros2_ws/install/main_pkg:/opt/ros/humble /usr/bin/cmake --build /home/name/kd1_ws/build/kd1_bringup -- -j4 -l4
[2.416s] Invoking command in '/home/name/kd1_ws/build/kd1_bringup': CMAKE_PREFIX_PATH=${CMAKE_PREFIX_PATH}:/home/name/kd1_ws/install/main_pkg_python:/home/name/machine2_ws/install/machine2_servo_interface:/home/name/ros2_ws/install/main_pkg:/opt/ros/humble /usr/bin/cmake --install /home/name/kd1_ws/build/kd1_bringup
[2.455s] -- Install configuration: ""
[2.457s] -- Execute custom install script
[2.461s] -- Up-to-date symlink: /home/name/kd1_ws/install/kd1_bringup/share/kd1_bringup/launch/kd1.launch.py
[2.463s] -- Up-to-date symlink: /home/name/kd1_ws/install/kd1_bringup/share/ament_index/resource_index/package_run_dependencies/kd1_bringup
[2.467s] -- Up-to-date symlink: /home/name/kd1_ws/install/kd1_bringup/share/ament_index/resource_index/parent_prefix_path/kd1_bringup
[2.478s] -- Up-to-date symlink: /home/name/kd1_ws/install/kd1_bringup/share/kd1_bringup/environment/ament_prefix_path.sh
[2.479s] -- Up-to-date symlink: /home/name/kd1_ws/install/kd1_bringup/share/kd1_bringup/environment/ament_prefix_path.dsv
[2.479s] -- Up-to-date symlink: /home/name/kd1_ws/install/kd1_bringup/share/kd1_bringup/environment/path.sh
[2.480s] -- Up-to-date symlink: /home/name/kd1_ws/install/kd1_bringup/share/kd1_bringup/environment/path.dsv
[2.481s] -- Up-to-date symlink: /home/name/kd1_ws/install/kd1_bringup/share/kd1_bringup/local_setup.bash
[2.485s] -- Up-to-date symlink: /home/name/kd1_ws/install/kd1_bringup/share/kd1_bringup/local_setup.sh
[2.487s] -- Up-to-date symlink: /home/name/kd1_ws/install/kd1_bringup/share/kd1_bringup/local_setup.zsh
[2.492s] -- Up-to-date symlink: /home/name/kd1_ws/install/kd1_bringup/share/kd1_bringup/local_setup.dsv
[2.495s] -- Symlinking: /home/name/kd1_ws/install/kd1_bringup/share/kd1_bringup/package.dsv
[2.554s] -- Up-to-date symlink: /home/name/kd1_ws/install/kd1_bringup/share/ament_index/resource_index/packages/kd1_bringup
[2.554s] -- Up-to-date symlink: /home/name/kd1_ws/install/kd1_bringup/share/kd1_bringup/cmake/kd1_bringupConfig.cmake
[2.555s] -- Up-to-date symlink: /home/name/kd1_ws/install/kd1_bringup/share/kd1_bringup/cmake/kd1_bringupConfig-version.cmake
[2.555s] -- Up-to-date symlink: /home/name/kd1_ws/install/kd1_bringup/share/kd1_bringup/package.xml
[2.564s] Invoked command in '/home/name/kd1_ws/build/kd1_bringup' returned '0': CMAKE_PREFIX_PATH=${CMAKE_PREFIX_PATH}:/home/name/kd1_ws/install/main_pkg_python:/home/name/machine2_ws/install/machine2_servo_interface:/home/name/ros2_ws/install/main_pkg:/opt/ros/humble /usr/bin/cmake --install /home/name/kd1_ws/build/kd1_bringup
