[31.362s] Invoking command in '/home/name/kd1_ws/build/kd1_sensors': PYTHONPATH=/home/name/kd1_ws/build/kd1_sensors/prefix_override:/usr/lib/python3/dist-packages/colcon_core/task/python/colcon_distutils_commands:/home/name/kd1_ws/install/kd1_sensors/lib/python3.10/site-packages:${PYTHONPATH} /usr/bin/python3 -W ignore:setup.py install is deprecated -W ignore:easy_install command is deprecated setup.py develop --editable --build-directory /home/name/kd1_ws/build/kd1_sensors/build --no-deps symlink_data
[41.066s] running develop
[44.703s] running egg_info
[44.713s] writing kd1_sensors.egg-info/PKG-INFO
[44.743s] writing dependency_links to kd1_sensors.egg-info/dependency_links.txt
[44.756s] writing entry points to kd1_sensors.egg-info/entry_points.txt
[44.757s] writing requirements to kd1_sensors.egg-info/requires.txt
[44.758s] writing top-level names to kd1_sensors.egg-info/top_level.txt
[44.758s] reading manifest file 'kd1_sensors.egg-info/SOURCES.txt'
[44.760s] writing manifest file 'kd1_sensors.egg-info/SOURCES.txt'
[44.763s] running build_ext
[44.763s] Creating /home/name/kd1_ws/install/kd1_sensors/lib/python3.10/site-packages/kd1-sensors.egg-link (link to .)
[44.764s] Installing audio_direction_node script to /home/name/kd1_ws/install/kd1_sensors/lib/kd1_sensors
[44.768s] Installing oak_depthai_node script to /home/name/kd1_ws/install/kd1_sensors/lib/kd1_sensors
[44.770s] Installing tof_sensors_alert_node script to /home/name/kd1_ws/install/kd1_sensors/lib/kd1_sensors
[44.828s] Installing voice_recognition_node script to /home/name/kd1_ws/install/kd1_sensors/lib/kd1_sensors
[44.842s] 
[44.886s] Installed /home/name/kd1_ws/build/kd1_sensors
[44.898s] running symlink_data
[45.504s] Invoked command in '/home/name/kd1_ws/build/kd1_sensors' returned '0': PYTHONPATH=/home/name/kd1_ws/build/kd1_sensors/prefix_override:/usr/lib/python3/dist-packages/colcon_core/task/python/colcon_distutils_commands:/home/name/kd1_ws/install/kd1_sensors/lib/python3.10/site-packages:${PYTHONPATH} /usr/bin/python3 -W ignore:setup.py install is deprecated -W ignore:easy_install command is deprecated setup.py develop --editable --build-directory /home/name/kd1_ws/build/kd1_sensors/build --no-deps symlink_data
