[0.090s] Invoking command in '/home/name/kd1_ws/build/kd1_utility_nodes_cpp': CMAKE_PREFIX_PATH=/home/name/kd1_ws/install/custom_interfaces:/home/name/kd1_ws/install/kd1_utility_nodes_cpp:/home/name/kd1_ws/install/kd1_description:/home/name/kd1_ws/install/kd1_bringup:/home/name/machine2_ws/install/machine2_ik:/home/name/machine2_ws/install/machine2_hardware_interfaces:/home/name/machine2_ws/install/machine2_description:/home/name/machine2_ws/install/machine2_controllers:/home/name/machine2_ws/install/machine2_bringup:/home/name/machine2_ws/install/custom_interfaces /usr/bin/cmake /home/name/kd1_ws/src/kd1_utility_nodes_cpp -DCMAKE_INSTALL_PREFIX=/home/name/kd1_ws/install/kd1_utility_nodes_cpp
[0.157s] -- Found ament_cmake: 1.3.11 (/opt/ros/humble/share/ament_cmake/cmake)
[1.154s] -- Override CMake install command with custom implementation using symlinks instead of copying resources
[1.202s] -- Found rclcpp: 16.0.12 (/opt/ros/humble/share/rclcpp/cmake)
[1.428s] -- Found rosidl_generator_c: 3.1.6 (/opt/ros/humble/share/rosidl_generator_c/cmake)
[1.443s] -- Found rosidl_adapter: 3.1.6 (/opt/ros/humble/share/rosidl_adapter/cmake)
[1.482s] -- Found rosidl_generator_cpp: 3.1.6 (/opt/ros/humble/share/rosidl_generator_cpp/cmake)
[1.542s] -- Using all available rosidl_typesupport_c: rosidl_typesupport_fastrtps_c;rosidl_typesupport_introspection_c
[1.623s] -- Using all available rosidl_typesupport_cpp: rosidl_typesupport_fastrtps_cpp;rosidl_typesupport_introspection_cpp
[1.817s] -- Found rmw_implementation_cmake: 6.1.2 (/opt/ros/humble/share/rmw_implementation_cmake/cmake)
[1.828s] -- Found rmw_fastrtps_cpp: 6.2.7 (/opt/ros/humble/share/rmw_fastrtps_cpp/cmake)
[3.063s] -- Using RMW implementation 'rmw_fastrtps_cpp' as default
[3.296s] -- Found custom_interfaces: 0.0.0 (/home/name/kd1_ws/install/custom_interfaces/share/custom_interfaces/cmake)
[3.680s] Error parsing '/home/name/kd1_ws/src/kd1_utility_nodes_cpp/package.xml':
[3.930s] Traceback (most recent call last):
[3.931s]   File "/usr/lib/python3/dist-packages/catkin_pkg/package.py", line 610, in parse_package_string
[3.936s]     root = dom.parseString(data)
[3.937s]   File "/usr/lib/python3.10/xml/dom/minidom.py", line 2000, in parseString
[3.939s]     return expatbuilder.parseString(string)
[3.939s]   File "/usr/lib/python3.10/xml/dom/expatbuilder.py", line 925, in parseString
[3.941s]     return builder.parseString(string)
[3.942s]   File "/usr/lib/python3.10/xml/dom/expatbuilder.py", line 223, in parseString
[3.943s]     parser.Parse(string, True)
[3.943s] xml.parsers.expat.ExpatError: not well-formed (invalid token): line 30, column 7
[3.944s] 
[3.946s] During handling of the above exception, another exception occurred:
[3.948s] 
[3.950s] Traceback (most recent call last):
[3.951s]   File "/opt/ros/humble/share/ament_cmake_core/cmake/core/package_xml_2_cmake.py", line 150, in <module>
[3.952s]     main()
[3.953s]   File "/opt/ros/humble/share/ament_cmake_core/cmake/core/package_xml_2_cmake.py", line 53, in main
[3.954s]     raise e
[3.955s]   File "/opt/ros/humble/share/ament_cmake_core/cmake/core/package_xml_2_cmake.py", line 49, in main
[3.956s]     package = parse_package_string(
[3.958s]   File "/usr/lib/python3/dist-packages/catkin_pkg/package.py", line 612, in parse_package_string
[3.959s]     raise InvalidPackage('The manifest contains invalid XML:\n%s' % ex, filename)
[3.959s] catkin_pkg.package.InvalidPackage: Error(s) in package '/home/name/kd1_ws/src/kd1_utility_nodes_cpp/package.xml':
[3.960s] The manifest contains invalid XML:
[3.961s] not well-formed (invalid token): line 30, column 7
[4.039s] [31mCMake Error at /opt/ros/humble/share/ament_cmake_core/cmake/core/ament_package_xml.cmake:95 (message):
[4.039s]   execute_process(/usr/bin/python3
[4.040s]   /opt/ros/humble/share/ament_cmake_core/cmake/core/package_xml_2_cmake.py
[4.040s]   /home/name/kd1_ws/src/kd1_utility_nodes_cpp/package.xml
[4.041s]   /home/name/kd1_ws/build/kd1_utility_nodes_cpp/ament_cmake_core/package.cmake)
[4.041s]   returned error code 1
[4.042s] Call Stack (most recent call first):
[4.042s]   /opt/ros/humble/share/ament_cmake_core/cmake/core/ament_package_xml.cmake:49 (_ament_package_xml)
[4.043s]   /opt/ros/humble/share/ament_cmake_core/cmake/core/ament_package.cmake:63 (ament_package_xml)
[4.044s]   CMakeLists.txt:32 (ament_package)
[4.045s] 
[4.046s] [0m
[4.046s] -- Configuring incomplete, errors occurred!
[4.047s] See also "/home/name/kd1_ws/build/kd1_utility_nodes_cpp/CMakeFiles/CMakeOutput.log".
[4.078s] Invoked command in '/home/name/kd1_ws/build/kd1_utility_nodes_cpp' returned '1': CMAKE_PREFIX_PATH=/home/name/kd1_ws/install/custom_interfaces:/home/name/kd1_ws/install/kd1_utility_nodes_cpp:/home/name/kd1_ws/install/kd1_description:/home/name/kd1_ws/install/kd1_bringup:/home/name/machine2_ws/install/machine2_ik:/home/name/machine2_ws/install/machine2_hardware_interfaces:/home/name/machine2_ws/install/machine2_description:/home/name/machine2_ws/install/machine2_controllers:/home/name/machine2_ws/install/machine2_bringup:/home/name/machine2_ws/install/custom_interfaces /usr/bin/cmake /home/name/kd1_ws/src/kd1_utility_nodes_cpp -DCMAKE_INSTALL_PREFIX=/home/name/kd1_ws/install/kd1_utility_nodes_cpp
