[3.670s] Invoking command in '/home/name/kd1_ws/build/kd1_utility_nodes_cpp': CMAKE_PREFIX_PATH=/home/name/kd1_ws/install/custom_interfaces:/home/name/kd1_ws/install/kd1_utility_nodes_cpp:/home/name/kd1_ws/install/kd1_description:/home/name/kd1_ws/install/kd1_bringup:/home/name/machine2_ws/install/machine2_ik:/home/name/machine2_ws/install/machine2_hardware_interfaces:/home/name/machine2_ws/install/machine2_description:/home/name/machine2_ws/install/machine2_controllers:/home/name/machine2_ws/install/machine2_bringup:/home/name/machine2_ws/install/custom_interfaces:/home/name/kd1_ws/install/main_pkg_python:/home/name/kd1_ws/install/kd1_utility_nodes:/home/name/kd1_ws/install/kd1_sensors:/home/name/kd1_ws/install/kd1_locomotion:/home/name/kd1_ws/install/kd1_depth:/home/name/kd1_ws/install/kd1_central_processing:/home/name/machine2_ws/install/machine2_servo_interface:/opt/ros/humble /usr/bin/cmake --build /home/name/kd1_ws/build/kd1_utility_nodes_cpp -- -j4 -l4
[4.405s] [100%] Built target face_animation_node_cpp
[4.479s] Invoked command in '/home/name/kd1_ws/build/kd1_utility_nodes_cpp' returned '0': CMAKE_PREFIX_PATH=/home/name/kd1_ws/install/custom_interfaces:/home/name/kd1_ws/install/kd1_utility_nodes_cpp:/home/name/kd1_ws/install/kd1_description:/home/name/kd1_ws/install/kd1_bringup:/home/name/machine2_ws/install/machine2_ik:/home/name/machine2_ws/install/machine2_hardware_interfaces:/home/name/machine2_ws/install/machine2_description:/home/name/machine2_ws/install/machine2_controllers:/home/name/machine2_ws/install/machine2_bringup:/home/name/machine2_ws/install/custom_interfaces:/home/name/kd1_ws/install/main_pkg_python:/home/name/kd1_ws/install/kd1_utility_nodes:/home/name/kd1_ws/install/kd1_sensors:/home/name/kd1_ws/install/kd1_locomotion:/home/name/kd1_ws/install/kd1_depth:/home/name/kd1_ws/install/kd1_central_processing:/home/name/machine2_ws/install/machine2_servo_interface:/opt/ros/humble /usr/bin/cmake --build /home/name/kd1_ws/build/kd1_utility_nodes_cpp -- -j4 -l4
[4.485s] Invoking command in '/home/name/kd1_ws/build/kd1_utility_nodes_cpp': CMAKE_PREFIX_PATH=/home/name/kd1_ws/install/custom_interfaces:/home/name/kd1_ws/install/kd1_utility_nodes_cpp:/home/name/kd1_ws/install/kd1_description:/home/name/kd1_ws/install/kd1_bringup:/home/name/machine2_ws/install/machine2_ik:/home/name/machine2_ws/install/machine2_hardware_interfaces:/home/name/machine2_ws/install/machine2_description:/home/name/machine2_ws/install/machine2_controllers:/home/name/machine2_ws/install/machine2_bringup:/home/name/machine2_ws/install/custom_interfaces:/home/name/kd1_ws/install/main_pkg_python:/home/name/kd1_ws/install/kd1_utility_nodes:/home/name/kd1_ws/install/kd1_sensors:/home/name/kd1_ws/install/kd1_locomotion:/home/name/kd1_ws/install/kd1_depth:/home/name/kd1_ws/install/kd1_central_processing:/home/name/machine2_ws/install/machine2_servo_interface:/opt/ros/humble /usr/bin/cmake --install /home/name/kd1_ws/build/kd1_utility_nodes_cpp
[4.573s] -- Install configuration: ""
[4.578s] -- Execute custom install script
[4.586s] -- Up-to-date symlink: /home/name/kd1_ws/install/kd1_utility_nodes_cpp/lib/kd1_utility_nodes_cpp/face_animation_node_cpp
[4.589s] -- Up-to-date symlink: /home/name/kd1_ws/install/kd1_utility_nodes_cpp/share/ament_index/resource_index/package_run_dependencies/kd1_utility_nodes_cpp
[4.593s] -- Up-to-date symlink: /home/name/kd1_ws/install/kd1_utility_nodes_cpp/share/ament_index/resource_index/parent_prefix_path/kd1_utility_nodes_cpp
[4.611s] -- Up-to-date symlink: /home/name/kd1_ws/install/kd1_utility_nodes_cpp/share/kd1_utility_nodes_cpp/environment/ament_prefix_path.sh
[4.612s] -- Up-to-date symlink: /home/name/kd1_ws/install/kd1_utility_nodes_cpp/share/kd1_utility_nodes_cpp/environment/ament_prefix_path.dsv
[4.613s] -- Up-to-date symlink: /home/name/kd1_ws/install/kd1_utility_nodes_cpp/share/kd1_utility_nodes_cpp/environment/path.sh
[4.619s] -- Up-to-date symlink: /home/name/kd1_ws/install/kd1_utility_nodes_cpp/share/kd1_utility_nodes_cpp/environment/path.dsv
[4.620s] -- Up-to-date symlink: /home/name/kd1_ws/install/kd1_utility_nodes_cpp/share/kd1_utility_nodes_cpp/local_setup.bash
[4.621s] -- Up-to-date symlink: /home/name/kd1_ws/install/kd1_utility_nodes_cpp/share/kd1_utility_nodes_cpp/local_setup.sh
[4.631s] -- Up-to-date symlink: /home/name/kd1_ws/install/kd1_utility_nodes_cpp/share/kd1_utility_nodes_cpp/local_setup.zsh
[4.632s] -- Up-to-date symlink: /home/name/kd1_ws/install/kd1_utility_nodes_cpp/share/kd1_utility_nodes_cpp/local_setup.dsv
[4.633s] -- Symlinking: /home/name/kd1_ws/install/kd1_utility_nodes_cpp/share/kd1_utility_nodes_cpp/package.dsv
[4.689s] -- Up-to-date symlink: /home/name/kd1_ws/install/kd1_utility_nodes_cpp/share/ament_index/resource_index/packages/kd1_utility_nodes_cpp
[4.690s] -- Up-to-date symlink: /home/name/kd1_ws/install/kd1_utility_nodes_cpp/share/kd1_utility_nodes_cpp/cmake/kd1_utility_nodes_cppConfig.cmake
[4.691s] -- Up-to-date symlink: /home/name/kd1_ws/install/kd1_utility_nodes_cpp/share/kd1_utility_nodes_cpp/cmake/kd1_utility_nodes_cppConfig-version.cmake
[4.692s] -- Up-to-date symlink: /home/name/kd1_ws/install/kd1_utility_nodes_cpp/share/kd1_utility_nodes_cpp/package.xml
[4.715s] Invoked command in '/home/name/kd1_ws/build/kd1_utility_nodes_cpp' returned '0': CMAKE_PREFIX_PATH=/home/name/kd1_ws/install/custom_interfaces:/home/name/kd1_ws/install/kd1_utility_nodes_cpp:/home/name/kd1_ws/install/kd1_description:/home/name/kd1_ws/install/kd1_bringup:/home/name/machine2_ws/install/machine2_ik:/home/name/machine2_ws/install/machine2_hardware_interfaces:/home/name/machine2_ws/install/machine2_description:/home/name/machine2_ws/install/machine2_controllers:/home/name/machine2_ws/install/machine2_bringup:/home/name/machine2_ws/install/custom_interfaces:/home/name/kd1_ws/install/main_pkg_python:/home/name/kd1_ws/install/kd1_utility_nodes:/home/name/kd1_ws/install/kd1_sensors:/home/name/kd1_ws/install/kd1_locomotion:/home/name/kd1_ws/install/kd1_depth:/home/name/kd1_ws/install/kd1_central_processing:/home/name/machine2_ws/install/machine2_servo_interface:/opt/ros/humble /usr/bin/cmake --install /home/name/kd1_ws/build/kd1_utility_nodes_cpp
