[0.068s] Invoking command in '/home/name/kd1_ws/build/kd1_cpp_nodes': CMAKE_PREFIX_PATH=${CMAKE_PREFIX_PATH}:/home/name/kd1_ws/install/main_pkg_python:/home/name/kd1_ws/install/kd1_utility_nodes:/home/name/kd1_ws/install/kd1_sensors:/home/name/kd1_ws/install/kd1_locomotion:/home/name/kd1_ws/install/kd1_depth:/home/name/kd1_ws/install/kd1_central_processing:/home/name/machine2_ws/install/machine2_servo_interface:/opt/ros/humble /usr/bin/cmake --build /home/name/kd1_ws/build/kd1_cpp_nodes -- -j4 -l4
[0.301s] [35m[1mConsolidate compiler generated dependencies of target emergency_stop_node[0m
[0.417s] [ 50%] [32mBuilding CXX object CMakeFiles/emergency_stop_node.dir/src/emergency_stop_node.cpp.o[0m
[11.610s] [01m[K/home/name/kd1_ws/src/kd1_cpp_nodes/src/emergency_stop_node.cpp:176:63:[m[K [01;31m[Kerror: [m[K‘[01m[KCancelAllGoalsFuture[m[K’ in ‘[01m[Kclass rclcpp_action::Client<nav2_msgs::action::NavigateToPose>[m[K’ does not name a type
[11.610s]   176 | nav2_msgs::action::NavigateToPose>::[01;31m[KCancelAllGoalsFuture[m[K::SharedPtr cancel_future_;
[11.611s]       |                                     [01;31m[K^~~~~~~~~~~~~~~~~~~~[m[K
[11.612s] 
[11.738s] [01m[K/home/name/kd1_ws/src/kd1_cpp_nodes/src/emergency_stop_node.cpp:[m[K In member function ‘[01m[Kvoid EmergencyStopNode::cancel_nav2_goal()[m[K’:
[11.739s] [01m[K/home/name/kd1_ws/src/kd1_cpp_nodes/src/emergency_stop_node.cpp:103:17:[m[K [01;31m[Kerror: [m[Kunable to find numeric literal operator ‘[01m[Koperator""ms[m[K’
[11.740s]   103 |                 [01;31m[K10ms[m[K,
[11.740s]       |                 [01;31m[K^~~~[m[K
[11.741s] [01m[K/home/name/kd1_ws/src/kd1_cpp_nodes/src/emergency_stop_node.cpp:[m[K In lambda function:
[11.741s] [01m[K/home/name/kd1_ws/src/kd1_cpp_nodes/src/emergency_stop_node.cpp:106:41:[m[K [01;31m[Kerror: [m[Kunable to find numeric literal operator ‘[01m[Koperator""s[m[K’
[11.742s]   106 |                 if (future.wait_for([01;31m[K0s[m[K) == std::future_status::ready)
[11.742s]       |                                     [01;31m[K^~[m[K
[11.742s] 
[11.773s] [01m[K/home/name/kd1_ws/src/kd1_cpp_nodes/src/emergency_stop_node.cpp:[m[K In member function ‘[01m[Kvoid EmergencyStopNode::check_cancel_future()[m[K’:
[11.774s] [01m[K/home/name/kd1_ws/src/kd1_cpp_nodes/src/emergency_stop_node.cpp:123:14:[m[K [01;31m[Kerror: [m[K‘[01m[Kcancel_future_[m[K’ was not declared in this scope
[11.774s]   123 |         if (![01;31m[Kcancel_future_[m[K)
[11.775s]       |              [01;31m[K^~~~~~~~~~~~~~[m[K
[11.805s] [01m[K/home/name/kd1_ws/src/kd1_cpp_nodes/src/emergency_stop_node.cpp:126:13:[m[K [01;31m[Kerror: [m[K‘[01m[Kcancel_future_[m[K’ was not declared in this scope
[11.805s]   126 |         if ([01;31m[Kcancel_future_[m[K->wait_for(std::chrono::seconds(0)) == std::future_status::ready)
[11.806s]       |             [01;31m[K^~~~~~~~~~~~~~[m[K
[24.554s] gmake[2]: *** [CMakeFiles/emergency_stop_node.dir/build.make:76: CMakeFiles/emergency_stop_node.dir/src/emergency_stop_node.cpp.o] Error 1
[24.555s] gmake[1]: *** [CMakeFiles/Makefile2:137: CMakeFiles/emergency_stop_node.dir/all] Error 2
[24.556s] gmake: *** [Makefile:146: all] Error 2
[24.563s] Invoked command in '/home/name/kd1_ws/build/kd1_cpp_nodes' returned '2': CMAKE_PREFIX_PATH=${CMAKE_PREFIX_PATH}:/home/name/kd1_ws/install/main_pkg_python:/home/name/kd1_ws/install/kd1_utility_nodes:/home/name/kd1_ws/install/kd1_sensors:/home/name/kd1_ws/install/kd1_locomotion:/home/name/kd1_ws/install/kd1_depth:/home/name/kd1_ws/install/kd1_central_processing:/home/name/machine2_ws/install/machine2_servo_interface:/opt/ros/humble /usr/bin/cmake --build /home/name/kd1_ws/build/kd1_cpp_nodes -- -j4 -l4
