[6.677s] Invoking command in '/home/name/kd1_ws/build/kd1_utility_nodes': PYTHONPATH=/home/name/kd1_ws/build/kd1_utility_nodes/prefix_override:/usr/lib/python3/dist-packages/colcon_core/task/python/colcon_distutils_commands:/home/name/kd1_ws/install/kd1_utility_nodes/lib/python3.10/site-packages:${PYTHONPATH} /usr/bin/python3 -W ignore:setup.py install is deprecated -W ignore:easy_install command is deprecated setup.py develop --editable --build-directory /home/name/kd1_ws/build/kd1_utility_nodes/build --no-deps symlink_data
[9.134s] running develop
[10.254s] running egg_info
[10.255s] writing kd1_utility_nodes.egg-info/PKG-INFO
[10.257s] writing dependency_links to kd1_utility_nodes.egg-info/dependency_links.txt
[10.258s] writing entry points to kd1_utility_nodes.egg-info/entry_points.txt
[10.259s] writing requirements to kd1_utility_nodes.egg-info/requires.txt
[10.260s] writing top-level names to kd1_utility_nodes.egg-info/top_level.txt
[10.269s] reading manifest file 'kd1_utility_nodes.egg-info/SOURCES.txt'
[10.274s] writing manifest file 'kd1_utility_nodes.egg-info/SOURCES.txt'
[10.283s] running build_ext
[10.284s] Creating /home/name/kd1_ws/install/kd1_utility_nodes/lib/python3.10/site-packages/kd1-utility-nodes.egg-link (link to .)
[10.289s] Installing audio_playback_node script to /home/name/kd1_ws/install/kd1_utility_nodes/lib/kd1_utility_nodes
[10.290s] Installing face_animation_node script to /home/name/kd1_ws/install/kd1_utility_nodes/lib/kd1_utility_nodes
[10.291s] Installing imu_conversion_node script to /home/name/kd1_ws/install/kd1_utility_nodes/lib/kd1_utility_nodes
[10.291s] Installing light_ring_node script to /home/name/kd1_ws/install/kd1_utility_nodes/lib/kd1_utility_nodes
[10.292s] Installing nav_cmd_conversion_node script to /home/name/kd1_ws/install/kd1_utility_nodes/lib/kd1_utility_nodes
[10.294s] 
[10.294s] Installed /home/name/kd1_ws/build/kd1_utility_nodes
[10.295s] running symlink_data
[10.439s] Invoked command in '/home/name/kd1_ws/build/kd1_utility_nodes' returned '0': PYTHONPATH=/home/name/kd1_ws/build/kd1_utility_nodes/prefix_override:/usr/lib/python3/dist-packages/colcon_core/task/python/colcon_distutils_commands:/home/name/kd1_ws/install/kd1_utility_nodes/lib/python3.10/site-packages:${PYTHONPATH} /usr/bin/python3 -W ignore:setup.py install is deprecated -W ignore:easy_install command is deprecated setup.py develop --editable --build-directory /home/name/kd1_ws/build/kd1_utility_nodes/build --no-deps symlink_data
