[10.693s] Invoking command in '/home/name/kd1_ws/build/kd1_utility_nodes': PYTHONPATH=/home/name/kd1_ws/build/kd1_utility_nodes/prefix_override:/usr/lib/python3/dist-packages/colcon_core/task/python/colcon_distutils_commands:/home/name/kd1_ws/install/kd1_utility_nodes/lib/python3.10/site-packages:${PYTHONPATH} /usr/bin/python3 -W ignore:setup.py install is deprecated -W ignore:easy_install command is deprecated setup.py develop --editable --build-directory /home/name/kd1_ws/build/kd1_utility_nodes/build --no-deps symlink_data
[13.923s] running develop
[16.299s] running egg_info
[16.302s] writing kd1_utility_nodes.egg-info/PKG-INFO
[16.307s] writing dependency_links to kd1_utility_nodes.egg-info/dependency_links.txt
[16.311s] writing entry points to kd1_utility_nodes.egg-info/entry_points.txt
[16.315s] writing requirements to kd1_utility_nodes.egg-info/requires.txt
[16.319s] writing top-level names to kd1_utility_nodes.egg-info/top_level.txt
[16.335s] reading manifest file 'kd1_utility_nodes.egg-info/SOURCES.txt'
[16.346s] writing manifest file 'kd1_utility_nodes.egg-info/SOURCES.txt'
[16.358s] running build_ext
[16.359s] Creating /home/name/kd1_ws/install/kd1_utility_nodes/lib/python3.10/site-packages/kd1-utility-nodes.egg-link (link to .)
[16.366s] Installing audio_playback_node script to /home/name/kd1_ws/install/kd1_utility_nodes/lib/kd1_utility_nodes
[16.367s] Installing face_animation_node script to /home/name/kd1_ws/install/kd1_utility_nodes/lib/kd1_utility_nodes
[16.368s] Installing imu_conversion_node script to /home/name/kd1_ws/install/kd1_utility_nodes/lib/kd1_utility_nodes
[16.369s] Installing light_ring_node script to /home/name/kd1_ws/install/kd1_utility_nodes/lib/kd1_utility_nodes
[16.370s] Installing nav_cmd_conversion_node script to /home/name/kd1_ws/install/kd1_utility_nodes/lib/kd1_utility_nodes
[16.379s] 
[16.380s] Installed /home/name/kd1_ws/build/kd1_utility_nodes
[16.381s] running symlink_data
[16.623s] Invoked command in '/home/name/kd1_ws/build/kd1_utility_nodes' returned '0': PYTHONPATH=/home/name/kd1_ws/build/kd1_utility_nodes/prefix_override:/usr/lib/python3/dist-packages/colcon_core/task/python/colcon_distutils_commands:/home/name/kd1_ws/install/kd1_utility_nodes/lib/python3.10/site-packages:${PYTHONPATH} /usr/bin/python3 -W ignore:setup.py install is deprecated -W ignore:easy_install command is deprecated setup.py develop --editable --build-directory /home/name/kd1_ws/build/kd1_utility_nodes/build --no-deps symlink_data
