[0.489s] DEBUG:colcon:Command line arguments: ['/usr/bin/colcon', 'build', '--allow-overriding', 'custom_interfaces']
[0.489s] DEBUG:colcon:Parsed command line arguments: Namespace(log_base=None, log_level=None, verb_name='build', build_base='build', install_base='install', merge_install=False, symlink_install=False, test_result_base=None, continue_on_error=False, executor='parallel', parallel_workers=4, event_handlers=None, ignore_user_meta=False, metas=['./colcon.meta'], base_paths=['.'], packages_ignore=None, packages_ignore_regex=None, paths=None, packages_up_to=None, packages_up_to_regex=None, packages_above=None, packages_above_and_dependencies=None, packages_above_depth=None, packages_select_by_dep=None, packages_skip_by_dep=None, packages_skip_up_to=None, packages_select_build_failed=False, packages_skip_build_finished=False, packages_select_test_failures=False, packages_skip_test_passed=False, packages_select=None, packages_skip=None, packages_select_regex=None, packages_skip_regex=None, packages_start=None, packages_end=None, allow_overriding=['custom_interfaces'], cmake_args=None, cmake_target=None, cmake_target_skip_unavailable=False, cmake_clean_cache=False, cmake_clean_first=False, cmake_force_configure=False, ament_cmake_args=None, catkin_cmake_args=None, catkin_skip_building_tests=False, mixin_files=None, mixin=None, verb_parser=<colcon_mixin.mixin.mixin_argument.MixinArgumentDecorator object at 0xffff99b83c10>, verb_extension=<colcon_core.verb.build.BuildVerb object at 0xffff99b836a0>, main=<bound method BuildVerb.main of <colcon_core.verb.build.BuildVerb object at 0xffff99b836a0>>, mixin_verb=('build',))
[1.473s] Level 1:colcon.colcon_core.package_discovery:discover_packages(colcon_meta) check parameters
[1.473s] Level 1:colcon.colcon_core.package_discovery:discover_packages(recursive) check parameters
[1.473s] Level 1:colcon.colcon_core.package_discovery:discover_packages(ignore) check parameters
[1.474s] Level 1:colcon.colcon_core.package_discovery:discover_packages(path) check parameters
[1.474s] Level 1:colcon.colcon_core.package_discovery:discover_packages(colcon_meta) discover
[1.474s] Level 1:colcon.colcon_core.package_discovery:discover_packages(recursive) discover
[1.474s] INFO:colcon.colcon_core.package_discovery:Crawling recursively for packages in '/home/name/kd1_ws'
[1.475s] Level 1:colcon.colcon_core.package_identification:_identify(.) by extensions ['ignore', 'ignore_ament_install']
[1.475s] Level 1:colcon.colcon_core.package_identification:_identify(.) by extension 'ignore'
[1.475s] Level 1:colcon.colcon_core.package_identification:_identify(.) by extension 'ignore_ament_install'
[1.475s] Level 1:colcon.colcon_core.package_identification:_identify(.) by extensions ['colcon_pkg']
[1.476s] Level 1:colcon.colcon_core.package_identification:_identify(.) by extension 'colcon_pkg'
[1.476s] Level 1:colcon.colcon_core.package_identification:_identify(.) by extensions ['colcon_meta']
[1.476s] Level 1:colcon.colcon_core.package_identification:_identify(.) by extension 'colcon_meta'
[1.476s] Level 1:colcon.colcon_core.package_identification:_identify(.) by extensions ['ros']
[1.476s] Level 1:colcon.colcon_core.package_identification:_identify(.) by extension 'ros'
[1.520s] Level 1:colcon.colcon_core.package_identification:_identify(.) by extensions ['cmake', 'python']
[1.520s] Level 1:colcon.colcon_core.package_identification:_identify(.) by extension 'cmake'
[1.521s] Level 1:colcon.colcon_core.package_identification:_identify(.) by extension 'python'
[1.521s] Level 1:colcon.colcon_core.package_identification:_identify(.) by extensions ['python_setup_py']
[1.521s] Level 1:colcon.colcon_core.package_identification:_identify(.) by extension 'python_setup_py'
[1.521s] Level 1:colcon.colcon_core.package_identification:_identify(build) by extensions ['ignore', 'ignore_ament_install']
[1.522s] Level 1:colcon.colcon_core.package_identification:_identify(build) by extension 'ignore'
[1.522s] Level 1:colcon.colcon_core.package_identification:_identify(build) ignored
[1.523s] Level 1:colcon.colcon_core.package_identification:_identify(install) by extensions ['ignore', 'ignore_ament_install']
[1.523s] Level 1:colcon.colcon_core.package_identification:_identify(install) by extension 'ignore'
[1.523s] Level 1:colcon.colcon_core.package_identification:_identify(install) ignored
[1.524s] Level 1:colcon.colcon_core.package_identification:_identify(log) by extensions ['ignore', 'ignore_ament_install']
[1.524s] Level 1:colcon.colcon_core.package_identification:_identify(log) by extension 'ignore'
[1.524s] Level 1:colcon.colcon_core.package_identification:_identify(log) ignored
[1.525s] Level 1:colcon.colcon_core.package_identification:_identify(src) by extensions ['ignore', 'ignore_ament_install']
[1.525s] Level 1:colcon.colcon_core.package_identification:_identify(src) by extension 'ignore'
[1.525s] Level 1:colcon.colcon_core.package_identification:_identify(src) by extension 'ignore_ament_install'
[1.526s] Level 1:colcon.colcon_core.package_identification:_identify(src) by extensions ['colcon_pkg']
[1.526s] Level 1:colcon.colcon_core.package_identification:_identify(src) by extension 'colcon_pkg'
[1.526s] Level 1:colcon.colcon_core.package_identification:_identify(src) by extensions ['colcon_meta']
[1.526s] Level 1:colcon.colcon_core.package_identification:_identify(src) by extension 'colcon_meta'
[1.526s] Level 1:colcon.colcon_core.package_identification:_identify(src) by extensions ['ros']
[1.526s] Level 1:colcon.colcon_core.package_identification:_identify(src) by extension 'ros'
[1.527s] Level 1:colcon.colcon_core.package_identification:_identify(src) by extensions ['cmake', 'python']
[1.527s] Level 1:colcon.colcon_core.package_identification:_identify(src) by extension 'cmake'
[1.527s] Level 1:colcon.colcon_core.package_identification:_identify(src) by extension 'python'
[1.527s] Level 1:colcon.colcon_core.package_identification:_identify(src) by extensions ['python_setup_py']
[1.527s] Level 1:colcon.colcon_core.package_identification:_identify(src) by extension 'python_setup_py'
[1.528s] Level 1:colcon.colcon_core.package_identification:_identify(src/custom_interfaces) by extensions ['ignore', 'ignore_ament_install']
[1.528s] Level 1:colcon.colcon_core.package_identification:_identify(src/custom_interfaces) by extension 'ignore'
[1.528s] Level 1:colcon.colcon_core.package_identification:_identify(src/custom_interfaces) by extension 'ignore_ament_install'
[1.529s] Level 1:colcon.colcon_core.package_identification:_identify(src/custom_interfaces) by extensions ['colcon_pkg']
[1.529s] Level 1:colcon.colcon_core.package_identification:_identify(src/custom_interfaces) by extension 'colcon_pkg'
[1.529s] Level 1:colcon.colcon_core.package_identification:_identify(src/custom_interfaces) by extensions ['colcon_meta']
[1.529s] Level 1:colcon.colcon_core.package_identification:_identify(src/custom_interfaces) by extension 'colcon_meta'
[1.529s] Level 1:colcon.colcon_core.package_identification:_identify(src/custom_interfaces) by extensions ['ros']
[1.529s] Level 1:colcon.colcon_core.package_identification:_identify(src/custom_interfaces) by extension 'ros'
[1.538s] DEBUG:colcon.colcon_core.package_identification:Package 'src/custom_interfaces' with type 'ros.ament_cmake' and name 'custom_interfaces'
[1.539s] Level 1:colcon.colcon_core.package_identification:_identify(src/main_pkg_python) by extensions ['ignore', 'ignore_ament_install']
[1.539s] Level 1:colcon.colcon_core.package_identification:_identify(src/main_pkg_python) by extension 'ignore'
[1.540s] Level 1:colcon.colcon_core.package_identification:_identify(src/main_pkg_python) by extension 'ignore_ament_install'
[1.540s] Level 1:colcon.colcon_core.package_identification:_identify(src/main_pkg_python) by extensions ['colcon_pkg']
[1.540s] Level 1:colcon.colcon_core.package_identification:_identify(src/main_pkg_python) by extension 'colcon_pkg'
[1.540s] Level 1:colcon.colcon_core.package_identification:_identify(src/main_pkg_python) by extensions ['colcon_meta']
[1.540s] Level 1:colcon.colcon_core.package_identification:_identify(src/main_pkg_python) by extension 'colcon_meta'
[1.541s] Level 1:colcon.colcon_core.package_identification:_identify(src/main_pkg_python) by extensions ['ros']
[1.541s] Level 1:colcon.colcon_core.package_identification:_identify(src/main_pkg_python) by extension 'ros'
[1.543s] DEBUG:colcon.colcon_core.package_identification:Package 'src/main_pkg_python' with type 'ros.ament_python' and name 'main_pkg_python'
[1.544s] Level 1:colcon.colcon_core.package_discovery:discover_packages(recursive) using defaults
[1.544s] Level 1:colcon.colcon_core.package_discovery:discover_packages(ignore) discover
[1.544s] Level 1:colcon.colcon_core.package_discovery:discover_packages(ignore) using defaults
[1.544s] Level 1:colcon.colcon_core.package_discovery:discover_packages(path) discover
[1.544s] Level 1:colcon.colcon_core.package_discovery:discover_packages(path) using defaults
[1.664s] Level 1:colcon.colcon_core.package_discovery:discover_packages(prefix_path) check parameters
[1.664s] Level 1:colcon.colcon_core.package_discovery:discover_packages(prefix_path) discover
[1.675s] DEBUG:colcon.colcon_installed_package_information.package_discovery:Found 2 installed packages in /home/name/kd1_ws/install
[1.679s] DEBUG:colcon.colcon_installed_package_information.package_discovery:Found 7 installed packages in /home/name/machine2_ws/install
[1.681s] DEBUG:colcon.colcon_installed_package_information.package_discovery:Found 1 installed packages in /home/name/ros2_ws/install
[1.694s] DEBUG:colcon.colcon_installed_package_information.package_discovery:Found 418 installed packages in /opt/ros/humble
[1.703s] Level 1:colcon.colcon_core.package_discovery:discover_packages(prefix_path) using defaults
[1.944s] Level 5:colcon.colcon_core.verb:set package 'custom_interfaces' build argument 'cmake_args' from command line to 'None'
[1.944s] Level 5:colcon.colcon_core.verb:set package 'custom_interfaces' build argument 'cmake_target' from command line to 'None'
[1.945s] Level 5:colcon.colcon_core.verb:set package 'custom_interfaces' build argument 'cmake_target_skip_unavailable' from command line to 'False'
[1.945s] Level 5:colcon.colcon_core.verb:set package 'custom_interfaces' build argument 'cmake_clean_cache' from command line to 'False'
[1.945s] Level 5:colcon.colcon_core.verb:set package 'custom_interfaces' build argument 'cmake_clean_first' from command line to 'False'
[1.945s] Level 5:colcon.colcon_core.verb:set package 'custom_interfaces' build argument 'cmake_force_configure' from command line to 'False'
[1.945s] Level 5:colcon.colcon_core.verb:set package 'custom_interfaces' build argument 'ament_cmake_args' from command line to 'None'
[1.945s] Level 5:colcon.colcon_core.verb:set package 'custom_interfaces' build argument 'catkin_cmake_args' from command line to 'None'
[1.945s] Level 5:colcon.colcon_core.verb:set package 'custom_interfaces' build argument 'catkin_skip_building_tests' from command line to 'False'
[1.945s] DEBUG:colcon.colcon_core.verb:Building package 'custom_interfaces' with the following arguments: {'ament_cmake_args': None, 'build_base': '/home/name/kd1_ws/build/custom_interfaces', 'catkin_cmake_args': None, 'catkin_skip_building_tests': False, 'cmake_args': None, 'cmake_clean_cache': False, 'cmake_clean_first': False, 'cmake_force_configure': False, 'cmake_target': None, 'cmake_target_skip_unavailable': False, 'install_base': '/home/name/kd1_ws/install/custom_interfaces', 'merge_install': False, 'path': '/home/name/kd1_ws/src/custom_interfaces', 'symlink_install': False, 'test_result_base': None}
[1.947s] Level 5:colcon.colcon_core.verb:set package 'main_pkg_python' build argument 'cmake_args' from command line to 'None'
[1.947s] Level 5:colcon.colcon_core.verb:set package 'main_pkg_python' build argument 'cmake_target' from command line to 'None'
[1.947s] Level 5:colcon.colcon_core.verb:set package 'main_pkg_python' build argument 'cmake_target_skip_unavailable' from command line to 'False'
[1.947s] Level 5:colcon.colcon_core.verb:set package 'main_pkg_python' build argument 'cmake_clean_cache' from command line to 'False'
[1.947s] Level 5:colcon.colcon_core.verb:set package 'main_pkg_python' build argument 'cmake_clean_first' from command line to 'False'
[1.948s] Level 5:colcon.colcon_core.verb:set package 'main_pkg_python' build argument 'cmake_force_configure' from command line to 'False'
[1.948s] Level 5:colcon.colcon_core.verb:set package 'main_pkg_python' build argument 'ament_cmake_args' from command line to 'None'
[1.948s] Level 5:colcon.colcon_core.verb:set package 'main_pkg_python' build argument 'catkin_cmake_args' from command line to 'None'
[1.948s] Level 5:colcon.colcon_core.verb:set package 'main_pkg_python' build argument 'catkin_skip_building_tests' from command line to 'False'
[1.948s] DEBUG:colcon.colcon_core.verb:Building package 'main_pkg_python' with the following arguments: {'ament_cmake_args': None, 'build_base': '/home/name/kd1_ws/build/main_pkg_python', 'catkin_cmake_args': None, 'catkin_skip_building_tests': False, 'cmake_args': None, 'cmake_clean_cache': False, 'cmake_clean_first': False, 'cmake_force_configure': False, 'cmake_target': None, 'cmake_target_skip_unavailable': False, 'install_base': '/home/name/kd1_ws/install/main_pkg_python', 'merge_install': False, 'path': '/home/name/kd1_ws/src/main_pkg_python', 'symlink_install': False, 'test_result_base': None}
[1.949s] INFO:colcon.colcon_core.executor:Executing jobs using 'parallel' executor
[1.952s] DEBUG:colcon.colcon_parallel_executor.executor.parallel:run_until_complete
[1.953s] INFO:colcon.colcon_ros.task.ament_cmake.build:Building ROS package in '/home/name/kd1_ws/src/custom_interfaces' with build type 'ament_cmake'
[1.954s] INFO:colcon.colcon_cmake.task.cmake.build:Building CMake package in '/home/name/kd1_ws/src/custom_interfaces'
[1.964s] INFO:colcon.colcon_core.plugin_system:Skipping extension 'colcon_core.shell.bat': Not used on non-Windows systems
[1.965s] INFO:colcon.colcon_core.shell:Skip shell extension 'powershell' for command environment: Not usable outside of PowerShell
[1.965s] DEBUG:colcon.colcon_core.shell:Skip shell extension 'dsv' for command environment
[1.994s] INFO:colcon.colcon_ros.task.ament_python.build:Building ROS package in '/home/name/kd1_ws/src/main_pkg_python' with build type 'ament_python'
[1.995s] Level 1:colcon.colcon_core.shell:create_environment_hook('main_pkg_python', 'ament_prefix_path')
[1.996s] INFO:colcon.colcon_core.shell:Creating environment hook '/home/name/kd1_ws/install/main_pkg_python/share/main_pkg_python/hook/ament_prefix_path.ps1'
[1.999s] INFO:colcon.colcon_core.shell:Creating environment descriptor '/home/name/kd1_ws/install/main_pkg_python/share/main_pkg_python/hook/ament_prefix_path.dsv'
[2.002s] INFO:colcon.colcon_core.shell:Creating environment hook '/home/name/kd1_ws/install/main_pkg_python/share/main_pkg_python/hook/ament_prefix_path.sh'
[2.007s] INFO:colcon.colcon_core.shell:Skip shell extension 'powershell' for command environment: Not usable outside of PowerShell
[2.007s] DEBUG:colcon.colcon_core.shell:Skip shell extension 'dsv' for command environment
[2.053s] DEBUG:colcon.colcon_core.event_handler.log_command:Invoking command in '/home/name/kd1_ws/build/custom_interfaces': CMAKE_PREFIX_PATH=${CMAKE_PREFIX_PATH}:/home/name/kd1_ws/install/main_pkg_python:/home/name/machine2_ws/install/machine2_servo_interface:/home/name/ros2_ws/install/main_pkg:/opt/ros/humble /usr/bin/cmake --build /home/name/kd1_ws/build/custom_interfaces -- -j4 -l4
[3.996s] INFO:colcon.colcon_core.task.python.build:Building Python package in '/home/name/kd1_ws/src/main_pkg_python'
[3.997s] INFO:colcon.colcon_core.shell:Skip shell extension 'powershell' for command environment: Not usable outside of PowerShell
[3.998s] DEBUG:colcon.colcon_core.shell:Skip shell extension 'dsv' for command environment
[4.547s] DEBUG:colcon.colcon_core.event_handler.log_command:Invoked command in '/home/name/kd1_ws/build/custom_interfaces' returned '0': CMAKE_PREFIX_PATH=${CMAKE_PREFIX_PATH}:/home/name/kd1_ws/install/main_pkg_python:/home/name/machine2_ws/install/machine2_servo_interface:/home/name/ros2_ws/install/main_pkg:/opt/ros/humble /usr/bin/cmake --build /home/name/kd1_ws/build/custom_interfaces -- -j4 -l4
[5.022s] DEBUG:colcon.colcon_core.event_handler.log_command:Invoking command in '/home/name/kd1_ws/build/custom_interfaces': CMAKE_PREFIX_PATH=${CMAKE_PREFIX_PATH}:/home/name/kd1_ws/install/main_pkg_python:/home/name/machine2_ws/install/machine2_servo_interface:/home/name/ros2_ws/install/main_pkg:/opt/ros/humble /usr/bin/cmake --install /home/name/kd1_ws/build/custom_interfaces
[5.353s] Level 1:colcon.colcon_core.environment:create_environment_scripts_only(custom_interfaces)
[5.358s] DEBUG:colcon.colcon_core.event_handler.log_command:Invoked command in '/home/name/kd1_ws/build/custom_interfaces' returned '0': CMAKE_PREFIX_PATH=${CMAKE_PREFIX_PATH}:/home/name/kd1_ws/install/main_pkg_python:/home/name/machine2_ws/install/machine2_servo_interface:/home/name/ros2_ws/install/main_pkg:/opt/ros/humble /usr/bin/cmake --install /home/name/kd1_ws/build/custom_interfaces
[5.370s] Level 1:colcon.colcon_core.environment:checking '/home/name/kd1_ws/install/custom_interfaces' for CMake module files
[5.375s] Level 1:colcon.colcon_core.environment:checking '/home/name/kd1_ws/install/custom_interfaces' for CMake config files
[5.378s] Level 1:colcon.colcon_core.shell:create_environment_hook('custom_interfaces', 'cmake_prefix_path')
[5.379s] INFO:colcon.colcon_core.shell:Creating environment hook '/home/name/kd1_ws/install/custom_interfaces/share/custom_interfaces/hook/cmake_prefix_path.ps1'
[5.382s] INFO:colcon.colcon_core.shell:Creating environment descriptor '/home/name/kd1_ws/install/custom_interfaces/share/custom_interfaces/hook/cmake_prefix_path.dsv'
[5.385s] INFO:colcon.colcon_core.shell:Creating environment hook '/home/name/kd1_ws/install/custom_interfaces/share/custom_interfaces/hook/cmake_prefix_path.sh'
[5.389s] Level 1:colcon.colcon_core.environment:checking '/home/name/kd1_ws/install/custom_interfaces/lib'
[5.390s] Level 1:colcon.colcon_core.shell:create_environment_hook('custom_interfaces', 'ld_library_path_lib')
[5.391s] INFO:colcon.colcon_core.shell:Creating environment hook '/home/name/kd1_ws/install/custom_interfaces/share/custom_interfaces/hook/ld_library_path_lib.ps1'
[5.394s] INFO:colcon.colcon_core.shell:Creating environment descriptor '/home/name/kd1_ws/install/custom_interfaces/share/custom_interfaces/hook/ld_library_path_lib.dsv'
[5.396s] INFO:colcon.colcon_core.shell:Creating environment hook '/home/name/kd1_ws/install/custom_interfaces/share/custom_interfaces/hook/ld_library_path_lib.sh'
[5.399s] Level 1:colcon.colcon_core.environment:checking '/home/name/kd1_ws/install/custom_interfaces/bin'
[5.399s] Level 1:colcon.colcon_core.environment:checking '/home/name/kd1_ws/install/custom_interfaces/lib/pkgconfig/custom_interfaces.pc'
[5.401s] Level 1:colcon.colcon_core.environment:checking '/home/name/kd1_ws/install/custom_interfaces/lib/python3.10/site-packages'
[5.402s] Level 1:colcon.colcon_core.environment:checking '/home/name/kd1_ws/install/custom_interfaces/bin'
[5.404s] INFO:colcon.colcon_core.shell:Creating package script '/home/name/kd1_ws/install/custom_interfaces/share/custom_interfaces/package.ps1'
[5.408s] INFO:colcon.colcon_core.shell:Creating package descriptor '/home/name/kd1_ws/install/custom_interfaces/share/custom_interfaces/package.dsv'
[5.411s] INFO:colcon.colcon_core.shell:Creating package script '/home/name/kd1_ws/install/custom_interfaces/share/custom_interfaces/package.sh'
[5.415s] INFO:colcon.colcon_core.shell:Creating package script '/home/name/kd1_ws/install/custom_interfaces/share/custom_interfaces/package.bash'
[5.419s] INFO:colcon.colcon_core.shell:Creating package script '/home/name/kd1_ws/install/custom_interfaces/share/custom_interfaces/package.zsh'
[5.423s] Level 1:colcon.colcon_core.environment:create_file_with_runtime_dependencies(/home/name/kd1_ws/install/custom_interfaces/share/colcon-core/packages/custom_interfaces)
[5.834s] Level 1:colcon.colcon_core.environment:create_environment_scripts_only(custom_interfaces)
[5.835s] Level 1:colcon.colcon_core.environment:checking '/home/name/kd1_ws/install/custom_interfaces' for CMake module files
[5.839s] Level 1:colcon.colcon_core.environment:checking '/home/name/kd1_ws/install/custom_interfaces' for CMake config files
[5.843s] Level 1:colcon.colcon_core.shell:create_environment_hook('custom_interfaces', 'cmake_prefix_path')
[5.844s] INFO:colcon.colcon_core.shell:Creating environment hook '/home/name/kd1_ws/install/custom_interfaces/share/custom_interfaces/hook/cmake_prefix_path.ps1'
[5.846s] INFO:colcon.colcon_core.shell:Creating environment descriptor '/home/name/kd1_ws/install/custom_interfaces/share/custom_interfaces/hook/cmake_prefix_path.dsv'
[5.848s] INFO:colcon.colcon_core.shell:Creating environment hook '/home/name/kd1_ws/install/custom_interfaces/share/custom_interfaces/hook/cmake_prefix_path.sh'
[5.851s] Level 1:colcon.colcon_core.environment:checking '/home/name/kd1_ws/install/custom_interfaces/lib'
[5.851s] Level 1:colcon.colcon_core.shell:create_environment_hook('custom_interfaces', 'ld_library_path_lib')
[5.852s] INFO:colcon.colcon_core.shell:Creating environment hook '/home/name/kd1_ws/install/custom_interfaces/share/custom_interfaces/hook/ld_library_path_lib.ps1'
[5.854s] INFO:colcon.colcon_core.shell:Creating environment descriptor '/home/name/kd1_ws/install/custom_interfaces/share/custom_interfaces/hook/ld_library_path_lib.dsv'
[5.856s] INFO:colcon.colcon_core.shell:Creating environment hook '/home/name/kd1_ws/install/custom_interfaces/share/custom_interfaces/hook/ld_library_path_lib.sh'
[5.858s] Level 1:colcon.colcon_core.environment:checking '/home/name/kd1_ws/install/custom_interfaces/bin'
[5.859s] Level 1:colcon.colcon_core.environment:checking '/home/name/kd1_ws/install/custom_interfaces/lib/pkgconfig/custom_interfaces.pc'
[5.860s] Level 1:colcon.colcon_core.environment:checking '/home/name/kd1_ws/install/custom_interfaces/lib/python3.10/site-packages'
[5.861s] Level 1:colcon.colcon_core.environment:checking '/home/name/kd1_ws/install/custom_interfaces/bin'
[5.862s] INFO:colcon.colcon_core.shell:Creating package script '/home/name/kd1_ws/install/custom_interfaces/share/custom_interfaces/package.ps1'
[5.865s] INFO:colcon.colcon_core.shell:Creating package descriptor '/home/name/kd1_ws/install/custom_interfaces/share/custom_interfaces/package.dsv'
[5.868s] INFO:colcon.colcon_core.shell:Creating package script '/home/name/kd1_ws/install/custom_interfaces/share/custom_interfaces/package.sh'
[5.870s] INFO:colcon.colcon_core.shell:Creating package script '/home/name/kd1_ws/install/custom_interfaces/share/custom_interfaces/package.bash'
[5.873s] INFO:colcon.colcon_core.shell:Creating package script '/home/name/kd1_ws/install/custom_interfaces/share/custom_interfaces/package.zsh'
[5.875s] Level 1:colcon.colcon_core.environment:create_file_with_runtime_dependencies(/home/name/kd1_ws/install/custom_interfaces/share/colcon-core/packages/custom_interfaces)
[6.224s] DEBUG:colcon.colcon_core.event_handler.log_command:Invoking command in '/home/name/kd1_ws/src/main_pkg_python': PYTHONPATH=/home/name/kd1_ws/build/main_pkg_python/prefix_override:/usr/lib/python3/dist-packages/colcon_core/task/python/colcon_distutils_commands:/home/name/kd1_ws/install/main_pkg_python/lib/python3.10/site-packages:${PYTHONPATH} /usr/bin/python3 -W ignore:setup.py install is deprecated setup.py egg_info --egg-base ../../build/main_pkg_python build --build-base /home/name/kd1_ws/build/main_pkg_python/build install --record /home/name/kd1_ws/build/main_pkg_python/install.log --single-version-externally-managed install_data
[7.786s] Level 1:colcon.colcon_core.environment:checking '/home/name/kd1_ws/install/main_pkg_python' for CMake module files
[7.788s] DEBUG:colcon.colcon_core.event_handler.log_command:Invoked command in '/home/name/kd1_ws/src/main_pkg_python' returned '0': PYTHONPATH=/home/name/kd1_ws/build/main_pkg_python/prefix_override:/usr/lib/python3/dist-packages/colcon_core/task/python/colcon_distutils_commands:/home/name/kd1_ws/install/main_pkg_python/lib/python3.10/site-packages:${PYTHONPATH} /usr/bin/python3 -W ignore:setup.py install is deprecated setup.py egg_info --egg-base ../../build/main_pkg_python build --build-base /home/name/kd1_ws/build/main_pkg_python/build install --record /home/name/kd1_ws/build/main_pkg_python/install.log --single-version-externally-managed install_data
[7.790s] Level 1:colcon.colcon_core.environment:checking '/home/name/kd1_ws/install/main_pkg_python' for CMake config files
[7.794s] Level 1:colcon.colcon_core.environment:checking '/home/name/kd1_ws/install/main_pkg_python/lib'
[7.795s] Level 1:colcon.colcon_core.environment:checking '/home/name/kd1_ws/install/main_pkg_python/bin'
[7.795s] Level 1:colcon.colcon_core.environment:checking '/home/name/kd1_ws/install/main_pkg_python/lib/pkgconfig/main_pkg_python.pc'
[7.796s] Level 1:colcon.colcon_core.environment:checking '/home/name/kd1_ws/install/main_pkg_python/lib/python3.10/site-packages'
[7.797s] Level 1:colcon.colcon_core.shell:create_environment_hook('main_pkg_python', 'pythonpath')
[7.798s] INFO:colcon.colcon_core.shell:Creating environment hook '/home/name/kd1_ws/install/main_pkg_python/share/main_pkg_python/hook/pythonpath.ps1'
[7.801s] INFO:colcon.colcon_core.shell:Creating environment descriptor '/home/name/kd1_ws/install/main_pkg_python/share/main_pkg_python/hook/pythonpath.dsv'
[7.803s] INFO:colcon.colcon_core.shell:Creating environment hook '/home/name/kd1_ws/install/main_pkg_python/share/main_pkg_python/hook/pythonpath.sh'
[7.806s] Level 1:colcon.colcon_core.environment:checking '/home/name/kd1_ws/install/main_pkg_python/bin'
[7.806s] Level 1:colcon.colcon_core.environment:create_environment_scripts_only(main_pkg_python)
[7.808s] INFO:colcon.colcon_core.shell:Creating package script '/home/name/kd1_ws/install/main_pkg_python/share/main_pkg_python/package.ps1'
[7.810s] INFO:colcon.colcon_core.shell:Creating package descriptor '/home/name/kd1_ws/install/main_pkg_python/share/main_pkg_python/package.dsv'
[7.813s] INFO:colcon.colcon_core.shell:Creating package script '/home/name/kd1_ws/install/main_pkg_python/share/main_pkg_python/package.sh'
[7.815s] INFO:colcon.colcon_core.shell:Creating package script '/home/name/kd1_ws/install/main_pkg_python/share/main_pkg_python/package.bash'
[7.817s] INFO:colcon.colcon_core.shell:Creating package script '/home/name/kd1_ws/install/main_pkg_python/share/main_pkg_python/package.zsh'
[7.819s] Level 1:colcon.colcon_core.environment:create_file_with_runtime_dependencies(/home/name/kd1_ws/install/main_pkg_python/share/colcon-core/packages/main_pkg_python)
[7.821s] DEBUG:colcon.colcon_parallel_executor.executor.parallel:closing loop
[7.822s] DEBUG:colcon.colcon_parallel_executor.executor.parallel:loop closed
[7.822s] DEBUG:colcon.colcon_parallel_executor.executor.parallel:run_until_complete finished with '0'
[7.823s] DEBUG:colcon.colcon_core.event_reactor:joining thread
[7.847s] INFO:colcon.colcon_core.plugin_system:Skipping extension 'colcon_notification.desktop_notification.terminal_notifier': Not used on non-Darwin systems
[7.848s] INFO:colcon.colcon_core.plugin_system:Skipping extension 'colcon_notification.desktop_notification.win32': Not used on non-Windows systems
[7.848s] INFO:colcon.colcon_notification.desktop_notification:Sending desktop notification using 'notify2'
[7.885s] DEBUG:colcon.colcon_core.event_reactor:joined thread
[7.887s] INFO:colcon.colcon_core.shell:Creating prefix script '/home/name/kd1_ws/install/local_setup.ps1'
[7.891s] INFO:colcon.colcon_core.shell:Creating prefix util module '/home/name/kd1_ws/install/_local_setup_util_ps1.py'
[7.897s] INFO:colcon.colcon_core.shell:Creating prefix chain script '/home/name/kd1_ws/install/setup.ps1'
[7.904s] INFO:colcon.colcon_core.shell:Creating prefix script '/home/name/kd1_ws/install/local_setup.sh'
[7.907s] INFO:colcon.colcon_core.shell:Creating prefix util module '/home/name/kd1_ws/install/_local_setup_util_sh.py'
[7.910s] INFO:colcon.colcon_core.shell:Creating prefix chain script '/home/name/kd1_ws/install/setup.sh'
[7.917s] INFO:colcon.colcon_core.shell:Creating prefix script '/home/name/kd1_ws/install/local_setup.bash'
[7.919s] INFO:colcon.colcon_core.shell:Creating prefix chain script '/home/name/kd1_ws/install/setup.bash'
[7.926s] INFO:colcon.colcon_core.shell:Creating prefix script '/home/name/kd1_ws/install/local_setup.zsh'
[7.928s] INFO:colcon.colcon_core.shell:Creating prefix chain script '/home/name/kd1_ws/install/setup.zsh'
