[8.646s] Invoking command in '/home/name/kd1_ws/build/kd1_utility_nodes': PYTHONPATH=/home/name/kd1_ws/build/kd1_utility_nodes/prefix_override:/usr/lib/python3/dist-packages/colcon_core/task/python/colcon_distutils_commands:/home/name/kd1_ws/install/kd1_utility_nodes/lib/python3.10/site-packages:${PYTHONPATH} /usr/bin/python3 -W ignore:setup.py install is deprecated -W ignore:easy_install command is deprecated setup.py develop --editable --build-directory /home/name/kd1_ws/build/kd1_utility_nodes/build --no-deps symlink_data
[11.166s] running develop
[13.004s] running egg_info
[13.007s] writing kd1_utility_nodes.egg-info/PKG-INFO
[13.010s] writing dependency_links to kd1_utility_nodes.egg-info/dependency_links.txt
[13.012s] writing entry points to kd1_utility_nodes.egg-info/entry_points.txt
[13.015s] writing requirements to kd1_utility_nodes.egg-info/requires.txt
[13.016s] writing top-level names to kd1_utility_nodes.egg-info/top_level.txt
[13.033s] reading manifest file 'kd1_utility_nodes.egg-info/SOURCES.txt'
[13.039s] writing manifest file 'kd1_utility_nodes.egg-info/SOURCES.txt'
[13.050s] running build_ext
[13.051s] Creating /home/name/kd1_ws/install/kd1_utility_nodes/lib/python3.10/site-packages/kd1-utility-nodes.egg-link (link to .)
[13.057s] Installing audio_playback_node script to /home/name/kd1_ws/install/kd1_utility_nodes/lib/kd1_utility_nodes
[13.060s] Installing face_animation_node script to /home/name/kd1_ws/install/kd1_utility_nodes/lib/kd1_utility_nodes
[13.061s] Installing imu_conversion_node script to /home/name/kd1_ws/install/kd1_utility_nodes/lib/kd1_utility_nodes
[13.068s] Installing light_ring_node script to /home/name/kd1_ws/install/kd1_utility_nodes/lib/kd1_utility_nodes
[13.070s] 
[13.072s] Installed /home/name/kd1_ws/build/kd1_utility_nodes
[13.074s] running symlink_data
[13.245s] Invoked command in '/home/name/kd1_ws/build/kd1_utility_nodes' returned '0': PYTHONPATH=/home/name/kd1_ws/build/kd1_utility_nodes/prefix_override:/usr/lib/python3/dist-packages/colcon_core/task/python/colcon_distutils_commands:/home/name/kd1_ws/install/kd1_utility_nodes/lib/python3.10/site-packages:${PYTHONPATH} /usr/bin/python3 -W ignore:setup.py install is deprecated -W ignore:easy_install command is deprecated setup.py develop --editable --build-directory /home/name/kd1_ws/build/kd1_utility_nodes/build --no-deps symlink_data
