[10.045s] Invoking command in '/home/name/kd1_ws/build/kd1_sensors': PYTHONPATH=/home/name/kd1_ws/build/kd1_sensors/prefix_override:/usr/lib/python3/dist-packages/colcon_core/task/python/colcon_distutils_commands:/home/name/kd1_ws/install/kd1_sensors/lib/python3.10/site-packages:${PYTHONPATH} /usr/bin/python3 -W ignore:setup.py install is deprecated -W ignore:easy_install command is deprecated setup.py develop --editable --build-directory /home/name/kd1_ws/build/kd1_sensors/build --no-deps symlink_data
[13.682s] running develop
[16.137s] running egg_info
[16.138s] writing kd1_sensors.egg-info/PKG-INFO
[16.140s] writing dependency_links to kd1_sensors.egg-info/dependency_links.txt
[16.142s] writing entry points to kd1_sensors.egg-info/entry_points.txt
[16.143s] writing requirements to kd1_sensors.egg-info/requires.txt
[16.146s] writing top-level names to kd1_sensors.egg-info/top_level.txt
[16.160s] reading manifest file 'kd1_sensors.egg-info/SOURCES.txt'
[16.174s] writing manifest file 'kd1_sensors.egg-info/SOURCES.txt'
[16.186s] running build_ext
[16.187s] Creating /home/name/kd1_ws/install/kd1_sensors/lib/python3.10/site-packages/kd1-sensors.egg-link (link to .)
[16.193s] Installing audio_direction_node script to /home/name/kd1_ws/install/kd1_sensors/lib/kd1_sensors
[16.194s] Installing oak_depthai_node script to /home/name/kd1_ws/install/kd1_sensors/lib/kd1_sensors
[16.196s] Installing tof_sensors_alert_node script to /home/name/kd1_ws/install/kd1_sensors/lib/kd1_sensors
[16.197s] Installing voice_recognition_node script to /home/name/kd1_ws/install/kd1_sensors/lib/kd1_sensors
[16.199s] 
[16.200s] Installed /home/name/kd1_ws/build/kd1_sensors
[16.214s] running symlink_data
[16.431s] Invoked command in '/home/name/kd1_ws/build/kd1_sensors' returned '0': PYTHONPATH=/home/name/kd1_ws/build/kd1_sensors/prefix_override:/usr/lib/python3/dist-packages/colcon_core/task/python/colcon_distutils_commands:/home/name/kd1_ws/install/kd1_sensors/lib/python3.10/site-packages:${PYTHONPATH} /usr/bin/python3 -W ignore:setup.py install is deprecated -W ignore:easy_install command is deprecated setup.py develop --editable --build-directory /home/name/kd1_ws/build/kd1_sensors/build --no-deps symlink_data
