[0.166s] Invoking command in '/home/name/kd1_ws/build/kd1_utility_nodes_cpp': CMAKE_PREFIX_PATH=/home/name/kd1_ws/install/custom_interfaces:/home/name/kd1_ws/install/kd1_utility_nodes_cpp:/home/name/kd1_ws/install/kd1_description:/home/name/kd1_ws/install/kd1_bringup:/home/name/machine2_ws/install/machine2_ik:/home/name/machine2_ws/install/machine2_hardware_interfaces:/home/name/machine2_ws/install/machine2_description:/home/name/machine2_ws/install/machine2_controllers:/home/name/machine2_ws/install/machine2_bringup:/home/name/machine2_ws/install/custom_interfaces:/home/name/kd1_ws/install/main_pkg_python:/home/name/kd1_ws/install/kd1_utility_nodes:/home/name/kd1_ws/install/kd1_sensors:/home/name/kd1_ws/install/kd1_locomotion:/home/name/kd1_ws/install/kd1_depth:/home/name/kd1_ws/install/kd1_central_processing:/home/name/machine2_ws/install/machine2_servo_interface:/home/name/ros2_ws/install/main_pkg:/opt/ros/humble /usr/bin/cmake --build /home/name/kd1_ws/build/kd1_utility_nodes_cpp -- -j4 -l4
[0.984s] [100%] Built target face_animation_node_cpp
[1.083s] Invoked command in '/home/name/kd1_ws/build/kd1_utility_nodes_cpp' returned '0': CMAKE_PREFIX_PATH=/home/name/kd1_ws/install/custom_interfaces:/home/name/kd1_ws/install/kd1_utility_nodes_cpp:/home/name/kd1_ws/install/kd1_description:/home/name/kd1_ws/install/kd1_bringup:/home/name/machine2_ws/install/machine2_ik:/home/name/machine2_ws/install/machine2_hardware_interfaces:/home/name/machine2_ws/install/machine2_description:/home/name/machine2_ws/install/machine2_controllers:/home/name/machine2_ws/install/machine2_bringup:/home/name/machine2_ws/install/custom_interfaces:/home/name/kd1_ws/install/main_pkg_python:/home/name/kd1_ws/install/kd1_utility_nodes:/home/name/kd1_ws/install/kd1_sensors:/home/name/kd1_ws/install/kd1_locomotion:/home/name/kd1_ws/install/kd1_depth:/home/name/kd1_ws/install/kd1_central_processing:/home/name/machine2_ws/install/machine2_servo_interface:/home/name/ros2_ws/install/main_pkg:/opt/ros/humble /usr/bin/cmake --build /home/name/kd1_ws/build/kd1_utility_nodes_cpp -- -j4 -l4
[1.096s] Invoking command in '/home/name/kd1_ws/build/kd1_utility_nodes_cpp': CMAKE_PREFIX_PATH=/home/name/kd1_ws/install/custom_interfaces:/home/name/kd1_ws/install/kd1_utility_nodes_cpp:/home/name/kd1_ws/install/kd1_description:/home/name/kd1_ws/install/kd1_bringup:/home/name/machine2_ws/install/machine2_ik:/home/name/machine2_ws/install/machine2_hardware_interfaces:/home/name/machine2_ws/install/machine2_description:/home/name/machine2_ws/install/machine2_controllers:/home/name/machine2_ws/install/machine2_bringup:/home/name/machine2_ws/install/custom_interfaces:/home/name/kd1_ws/install/main_pkg_python:/home/name/kd1_ws/install/kd1_utility_nodes:/home/name/kd1_ws/install/kd1_sensors:/home/name/kd1_ws/install/kd1_locomotion:/home/name/kd1_ws/install/kd1_depth:/home/name/kd1_ws/install/kd1_central_processing:/home/name/machine2_ws/install/machine2_servo_interface:/home/name/ros2_ws/install/main_pkg:/opt/ros/humble /usr/bin/cmake --install /home/name/kd1_ws/build/kd1_utility_nodes_cpp
[1.192s] -- Install configuration: ""
[1.193s] -- Execute custom install script
[1.196s] -- Up-to-date symlink: /home/name/kd1_ws/install/kd1_utility_nodes_cpp/lib/kd1_utility_nodes_cpp/face_animation_node_cpp
[1.209s] -- Up-to-date symlink: /home/name/kd1_ws/install/kd1_utility_nodes_cpp/share/ament_index/resource_index/package_run_dependencies/kd1_utility_nodes_cpp
[1.211s] -- Up-to-date symlink: /home/name/kd1_ws/install/kd1_utility_nodes_cpp/share/ament_index/resource_index/parent_prefix_path/kd1_utility_nodes_cpp
[1.213s] -- Up-to-date symlink: /home/name/kd1_ws/install/kd1_utility_nodes_cpp/share/kd1_utility_nodes_cpp/environment/ament_prefix_path.sh
[1.214s] -- Up-to-date symlink: /home/name/kd1_ws/install/kd1_utility_nodes_cpp/share/kd1_utility_nodes_cpp/environment/ament_prefix_path.dsv
[1.216s] -- Up-to-date symlink: /home/name/kd1_ws/install/kd1_utility_nodes_cpp/share/kd1_utility_nodes_cpp/environment/path.sh
[1.217s] -- Up-to-date symlink: /home/name/kd1_ws/install/kd1_utility_nodes_cpp/share/kd1_utility_nodes_cpp/environment/path.dsv
[1.219s] -- Up-to-date symlink: /home/name/kd1_ws/install/kd1_utility_nodes_cpp/share/kd1_utility_nodes_cpp/local_setup.bash
[1.221s] -- Up-to-date symlink: /home/name/kd1_ws/install/kd1_utility_nodes_cpp/share/kd1_utility_nodes_cpp/local_setup.sh
[1.222s] -- Up-to-date symlink: /home/name/kd1_ws/install/kd1_utility_nodes_cpp/share/kd1_utility_nodes_cpp/local_setup.zsh
[1.223s] -- Up-to-date symlink: /home/name/kd1_ws/install/kd1_utility_nodes_cpp/share/kd1_utility_nodes_cpp/local_setup.dsv
[1.224s] -- Symlinking: /home/name/kd1_ws/install/kd1_utility_nodes_cpp/share/kd1_utility_nodes_cpp/package.dsv
[1.296s] -- Up-to-date symlink: /home/name/kd1_ws/install/kd1_utility_nodes_cpp/share/ament_index/resource_index/packages/kd1_utility_nodes_cpp
[1.296s] -- Up-to-date symlink: /home/name/kd1_ws/install/kd1_utility_nodes_cpp/share/kd1_utility_nodes_cpp/cmake/kd1_utility_nodes_cppConfig.cmake
[1.297s] -- Up-to-date symlink: /home/name/kd1_ws/install/kd1_utility_nodes_cpp/share/kd1_utility_nodes_cpp/cmake/kd1_utility_nodes_cppConfig-version.cmake
[1.297s] -- Up-to-date symlink: /home/name/kd1_ws/install/kd1_utility_nodes_cpp/share/kd1_utility_nodes_cpp/package.xml
[1.305s] Invoked command in '/home/name/kd1_ws/build/kd1_utility_nodes_cpp' returned '0': CMAKE_PREFIX_PATH=/home/name/kd1_ws/install/custom_interfaces:/home/name/kd1_ws/install/kd1_utility_nodes_cpp:/home/name/kd1_ws/install/kd1_description:/home/name/kd1_ws/install/kd1_bringup:/home/name/machine2_ws/install/machine2_ik:/home/name/machine2_ws/install/machine2_hardware_interfaces:/home/name/machine2_ws/install/machine2_description:/home/name/machine2_ws/install/machine2_controllers:/home/name/machine2_ws/install/machine2_bringup:/home/name/machine2_ws/install/custom_interfaces:/home/name/kd1_ws/install/main_pkg_python:/home/name/kd1_ws/install/kd1_utility_nodes:/home/name/kd1_ws/install/kd1_sensors:/home/name/kd1_ws/install/kd1_locomotion:/home/name/kd1_ws/install/kd1_depth:/home/name/kd1_ws/install/kd1_central_processing:/home/name/machine2_ws/install/machine2_servo_interface:/home/name/ros2_ws/install/main_pkg:/opt/ros/humble /usr/bin/cmake --install /home/name/kd1_ws/build/kd1_utility_nodes_cpp
