[12.443s] Invoking command in '/home/name/kd1_ws/build/kd1_sensors': PYTHONPATH=/home/name/kd1_ws/build/kd1_sensors/prefix_override:/usr/lib/python3/dist-packages/colcon_core/task/python/colcon_distutils_commands:/home/name/kd1_ws/install/kd1_sensors/lib/python3.10/site-packages:${PYTHONPATH} /usr/bin/python3 -W ignore:setup.py install is deprecated -W ignore:easy_install command is deprecated setup.py develop --editable --build-directory /home/name/kd1_ws/build/kd1_sensors/build --no-deps symlink_data
[16.478s] running develop
[19.780s] running egg_info
[19.782s] writing kd1_sensors.egg-info/PKG-INFO
[19.785s] writing dependency_links to kd1_sensors.egg-info/dependency_links.txt
[19.787s] writing entry points to kd1_sensors.egg-info/entry_points.txt
[19.789s] writing requirements to kd1_sensors.egg-info/requires.txt
[19.791s] writing top-level names to kd1_sensors.egg-info/top_level.txt
[19.803s] reading manifest file 'kd1_sensors.egg-info/SOURCES.txt'
[19.808s] writing manifest file 'kd1_sensors.egg-info/SOURCES.txt'
[19.819s] running build_ext
[19.821s] Creating /home/name/kd1_ws/install/kd1_sensors/lib/python3.10/site-packages/kd1-sensors.egg-link (link to .)
[19.829s] Installing audio_direction_node script to /home/name/kd1_ws/install/kd1_sensors/lib/kd1_sensors
[19.831s] Installing oak_depthai_node script to /home/name/kd1_ws/install/kd1_sensors/lib/kd1_sensors
[19.834s] Installing tof_sensors_alert_node script to /home/name/kd1_ws/install/kd1_sensors/lib/kd1_sensors
[19.837s] Installing voice_recognition_node script to /home/name/kd1_ws/install/kd1_sensors/lib/kd1_sensors
[19.840s] 
[19.841s] Installed /home/name/kd1_ws/build/kd1_sensors
[19.843s] running symlink_data
[20.080s] Invoked command in '/home/name/kd1_ws/build/kd1_sensors' returned '0': PYTHONPATH=/home/name/kd1_ws/build/kd1_sensors/prefix_override:/usr/lib/python3/dist-packages/colcon_core/task/python/colcon_distutils_commands:/home/name/kd1_ws/install/kd1_sensors/lib/python3.10/site-packages:${PYTHONPATH} /usr/bin/python3 -W ignore:setup.py install is deprecated -W ignore:easy_install command is deprecated setup.py develop --editable --build-directory /home/name/kd1_ws/build/kd1_sensors/build --no-deps symlink_data
