[6.716s] Invoking command in '/home/name/kd1_ws/build/kd1_description': CMAKE_PREFIX_PATH=${CMAKE_PREFIX_PATH}:/home/name/kd1_ws/install/main_pkg_python:/home/name/kd1_ws/install/kd1_utility_nodes:/home/name/kd1_ws/install/kd1_sensors:/home/name/kd1_ws/install/kd1_navigation:/home/name/kd1_ws/install/kd1_locomotion:/home/name/kd1_ws/install/kd1_depth:/home/name/kd1_ws/install/kd1_central_processing:/home/name/machine2_ws/install/machine2_servo_interface:/opt/ros/humble /usr/bin/cmake --build /home/name/kd1_ws/build/kd1_description -- -j4 -l4
[8.476s] Invoked command in '/home/name/kd1_ws/build/kd1_description' returned '0': CMAKE_PREFIX_PATH=${CMAKE_PREFIX_PATH}:/home/name/kd1_ws/install/main_pkg_python:/home/name/kd1_ws/install/kd1_utility_nodes:/home/name/kd1_ws/install/kd1_sensors:/home/name/kd1_ws/install/kd1_navigation:/home/name/kd1_ws/install/kd1_locomotion:/home/name/kd1_ws/install/kd1_depth:/home/name/kd1_ws/install/kd1_central_processing:/home/name/machine2_ws/install/machine2_servo_interface:/opt/ros/humble /usr/bin/cmake --build /home/name/kd1_ws/build/kd1_description -- -j4 -l4
[8.499s] Invoking command in '/home/name/kd1_ws/build/kd1_description': CMAKE_PREFIX_PATH=${CMAKE_PREFIX_PATH}:/home/name/kd1_ws/install/main_pkg_python:/home/name/kd1_ws/install/kd1_utility_nodes:/home/name/kd1_ws/install/kd1_sensors:/home/name/kd1_ws/install/kd1_navigation:/home/name/kd1_ws/install/kd1_locomotion:/home/name/kd1_ws/install/kd1_depth:/home/name/kd1_ws/install/kd1_central_processing:/home/name/machine2_ws/install/machine2_servo_interface:/opt/ros/humble /usr/bin/cmake --install /home/name/kd1_ws/build/kd1_description
[8.632s] -- Install configuration: ""
[8.641s] -- Execute custom install script
[8.650s] -- Up-to-date symlink: /home/name/kd1_ws/install/kd1_description/share/kd1_description/urdf/kd1.urdf.xacro
[8.657s] -- Up-to-date symlink: /home/name/kd1_ws/install/kd1_description/share/ament_index/resource_index/package_run_dependencies/kd1_description
[8.665s] -- Up-to-date symlink: /home/name/kd1_ws/install/kd1_description/share/ament_index/resource_index/parent_prefix_path/kd1_description
[8.687s] -- Up-to-date symlink: /home/name/kd1_ws/install/kd1_description/share/kd1_description/environment/ament_prefix_path.sh
[8.764s] -- Up-to-date symlink: /home/name/kd1_ws/install/kd1_description/share/kd1_description/environment/ament_prefix_path.dsv
[8.767s] -- Up-to-date symlink: /home/name/kd1_ws/install/kd1_description/share/kd1_description/environment/path.sh
[8.771s] -- Up-to-date symlink: /home/name/kd1_ws/install/kd1_description/share/kd1_description/environment/path.dsv
[8.777s] -- Up-to-date symlink: /home/name/kd1_ws/install/kd1_description/share/kd1_description/local_setup.bash
[8.778s] -- Up-to-date symlink: /home/name/kd1_ws/install/kd1_description/share/kd1_description/local_setup.sh
[8.779s] -- Up-to-date symlink: /home/name/kd1_ws/install/kd1_description/share/kd1_description/local_setup.zsh
[8.779s] -- Up-to-date symlink: /home/name/kd1_ws/install/kd1_description/share/kd1_description/local_setup.dsv
[8.780s] -- Symlinking: /home/name/kd1_ws/install/kd1_description/share/kd1_description/package.dsv
[8.936s] -- Up-to-date symlink: /home/name/kd1_ws/install/kd1_description/share/ament_index/resource_index/packages/kd1_description
[8.948s] -- Up-to-date symlink: /home/name/kd1_ws/install/kd1_description/share/kd1_description/cmake/kd1_descriptionConfig.cmake
[8.980s] -- Up-to-date symlink: /home/name/kd1_ws/install/kd1_description/share/kd1_description/cmake/kd1_descriptionConfig-version.cmake
[8.981s] -- Up-to-date symlink: /home/name/kd1_ws/install/kd1_description/share/kd1_description/package.xml
[15.919s] Invoked command in '/home/name/kd1_ws/build/kd1_description' returned '0': CMAKE_PREFIX_PATH=${CMAKE_PREFIX_PATH}:/home/name/kd1_ws/install/main_pkg_python:/home/name/kd1_ws/install/kd1_utility_nodes:/home/name/kd1_ws/install/kd1_sensors:/home/name/kd1_ws/install/kd1_navigation:/home/name/kd1_ws/install/kd1_locomotion:/home/name/kd1_ws/install/kd1_depth:/home/name/kd1_ws/install/kd1_central_processing:/home/name/machine2_ws/install/machine2_servo_interface:/opt/ros/humble /usr/bin/cmake --install /home/name/kd1_ws/build/kd1_description
