[7.676s] Invoking command in '/home/name/kd1_ws/build/kd1_sensors': PYTHONPATH=/home/name/kd1_ws/build/kd1_sensors/prefix_override:/usr/lib/python3/dist-packages/colcon_core/task/python/colcon_distutils_commands:/home/name/kd1_ws/install/kd1_sensors/lib/python3.10/site-packages:${PYTHONPATH} /usr/bin/python3 -W ignore:setup.py install is deprecated -W ignore:easy_install command is deprecated setup.py develop --editable --build-directory /home/name/kd1_ws/build/kd1_sensors/build --no-deps symlink_data
[10.898s] running develop
[13.513s] running egg_info
[13.514s] writing kd1_sensors.egg-info/PKG-INFO
[13.518s] writing dependency_links to kd1_sensors.egg-info/dependency_links.txt
[13.527s] writing entry points to kd1_sensors.egg-info/entry_points.txt
[13.529s] writing requirements to kd1_sensors.egg-info/requires.txt
[13.535s] writing top-level names to kd1_sensors.egg-info/top_level.txt
[13.543s] reading manifest file 'kd1_sensors.egg-info/SOURCES.txt'
[13.551s] writing manifest file 'kd1_sensors.egg-info/SOURCES.txt'
[13.564s] running build_ext
[13.565s] Creating /home/name/kd1_ws/install/kd1_sensors/lib/python3.10/site-packages/kd1-sensors.egg-link (link to .)
[13.572s] Installing audio_direction_node script to /home/name/kd1_ws/install/kd1_sensors/lib/kd1_sensors
[13.573s] Installing oak_depthai_node script to /home/name/kd1_ws/install/kd1_sensors/lib/kd1_sensors
[13.574s] Installing tof_sensors_alert_node script to /home/name/kd1_ws/install/kd1_sensors/lib/kd1_sensors
[13.574s] Installing voice_recognition_node script to /home/name/kd1_ws/install/kd1_sensors/lib/kd1_sensors
[13.582s] 
[13.583s] Installed /home/name/kd1_ws/build/kd1_sensors
[13.591s] running symlink_data
[13.874s] Invoked command in '/home/name/kd1_ws/build/kd1_sensors' returned '0': PYTHONPATH=/home/name/kd1_ws/build/kd1_sensors/prefix_override:/usr/lib/python3/dist-packages/colcon_core/task/python/colcon_distutils_commands:/home/name/kd1_ws/install/kd1_sensors/lib/python3.10/site-packages:${PYTHONPATH} /usr/bin/python3 -W ignore:setup.py install is deprecated -W ignore:easy_install command is deprecated setup.py develop --editable --build-directory /home/name/kd1_ws/build/kd1_sensors/build --no-deps symlink_data
