-- Found ament_cmake: 1.3.10 (/opt/ros/humble/share/ament_cmake/cmake)
-- Override CMake install command with custom implementation using symlinks instead of copying resources
-- Found rosidl_default_generators: 1.2.0 (/opt/ros/humble/share/rosidl_default_generators/cmake)
-- Using all available rosidl_typesupport_c: rosidl_typesupport_fastrtps_c;rosidl_typesupport_introspection_c
-- Found rosidl_adapter: 3.1.5 (/opt/ros/humble/share/rosidl_adapter/cmake)
-- Using all available rosidl_typesupport_cpp: rosidl_typesupport_fastrtps_cpp;rosidl_typesupport_introspection_cpp
-- Found ament_cmake_ros: 0.10.0 (/opt/ros/humble/share/ament_cmake_ros/cmake)
-- Using all available rosidl_typesupport_c: rosidl_typesupport_fastrtps_c;rosidl_typesupport_introspection_c
-- Using all available rosidl_typesupport_cpp: rosidl_typesupport_fastrtps_cpp;rosidl_typesupport_introspection_cpp
-- Found python_cmake_module: 0.10.0 (/opt/ros/humble/share/python_cmake_module/cmake)
-- Using PYTHON_EXECUTABLE: /usr/bin/python3
-- Using PYTHON_INCLUDE_DIRS: /usr/include/python3.10
-- Using PYTHON_LIBRARIES: /usr/lib/aarch64-linux-gnu/libpython3.10.so
-- Configuring done
-- Generating done
-- Build files have been written to: /home/name/kd1_ws/build/custom_interfaces
[  1%] [34m[1mGenerating C code for ROS interfaces[0m
[  3%] [34m[1mGenerating C++ code for ROS interfaces[0m
[  3%] Built target ament_cmake_python_symlink_custom_interfaces
running egg_info
writing custom_interfaces.egg-info/PKG-INFO
writing dependency_links to custom_interfaces.egg-info/dependency_links.txt
writing top-level names to custom_interfaces.egg-info/top_level.txt
reading manifest file 'custom_interfaces.egg-info/SOURCES.txt'
writing manifest file 'custom_interfaces.egg-info/SOURCES.txt'
[  3%] Built target ament_cmake_python_build_custom_interfaces_egg
[  3%] Built target custom_interfaces__cpp
[  5%] [34m[1mGenerating C++ type support dispatch for ROS interfaces[0m
[  7%] [34m[1mGenerating C++ type support for eProsima Fast-RTPS[0m
[  9%] [34m[1mGenerating C++ introspection for ROS interfaces[0m
[35m[1mConsolidate compiler generated dependencies of target custom_interfaces__rosidl_generator_c[0m
[ 10%] [32mBuilding C object CMakeFiles/custom_interfaces__rosidl_generator_c.dir/rosidl_generator_c/custom_interfaces/srv/detail/change_face_state__functions.c.o[0m
[ 12%] [32mBuilding C object CMakeFiles/custom_interfaces__rosidl_generator_c.dir/rosidl_generator_c/custom_interfaces/msg/detail/tof_sensor_data__functions.c.o[0m
[ 14%] [32mBuilding C object CMakeFiles/custom_interfaces__rosidl_generator_c.dir/rosidl_generator_c/custom_interfaces/msg/detail/detected_person_frame_offset__functions.c.o[0m
[ 16%] [32mBuilding C object CMakeFiles/custom_interfaces__rosidl_generator_c.dir/rosidl_generator_c/custom_interfaces/msg/detail/imu_data__functions.c.o[0m
[ 18%] [32m[1mLinking C shared library libcustom_interfaces__rosidl_generator_c.so[0m
[35m[1mConsolidate compiler generated dependencies of target custom_interfaces__rosidl_typesupport_cpp[0m
[ 20%] [32mBuilding CXX object CMakeFiles/custom_interfaces__rosidl_typesupport_cpp.dir/rosidl_typesupport_cpp/custom_interfaces/srv/change_face_state__type_support.cpp.o[0m
[35m[1mConsolidate compiler generated dependencies of target custom_interfaces__rosidl_typesupport_introspection_cpp[0m
[ 20%] Built target custom_interfaces__rosidl_generator_c
[ 21%] [34m[1mGenerating C type support for eProsima Fast-RTPS[0m
[ 23%] [32mBuilding CXX object CMakeFiles/custom_interfaces__rosidl_typesupport_introspection_cpp.dir/rosidl_typesupport_introspection_cpp/custom_interfaces/srv/detail/change_face_state__type_support.cpp.o[0m
[35m[1mConsolidate compiler generated dependencies of target custom_interfaces__rosidl_typesupport_fastrtps_cpp[0m
[ 25%] [32mBuilding CXX object CMakeFiles/custom_interfaces__rosidl_typesupport_fastrtps_cpp.dir/rosidl_typesupport_fastrtps_cpp/custom_interfaces/srv/detail/dds_fastrtps/change_face_state__type_support.cpp.o[0m
[35m[1mConsolidate compiler generated dependencies of target custom_interfaces__rosidl_typesupport_fastrtps_c[0m
[ 27%] [32mBuilding CXX object CMakeFiles/custom_interfaces__rosidl_typesupport_cpp.dir/rosidl_typesupport_cpp/custom_interfaces/msg/tof_sensor_data__type_support.cpp.o[0m
[ 29%] [32mBuilding CXX object CMakeFiles/custom_interfaces__rosidl_typesupport_fastrtps_c.dir/rosidl_typesupport_fastrtps_c/custom_interfaces/srv/detail/change_face_state__type_support_c.cpp.o[0m
[ 30%] [32mBuilding CXX object CMakeFiles/custom_interfaces__rosidl_typesupport_introspection_cpp.dir/rosidl_typesupport_introspection_cpp/custom_interfaces/msg/detail/tof_sensor_data__type_support.cpp.o[0m
[ 32%] [32mBuilding CXX object CMakeFiles/custom_interfaces__rosidl_typesupport_fastrtps_cpp.dir/rosidl_typesupport_fastrtps_cpp/custom_interfaces/msg/detail/dds_fastrtps/tof_sensor_data__type_support.cpp.o[0m
[ 34%] [32mBuilding CXX object CMakeFiles/custom_interfaces__rosidl_typesupport_cpp.dir/rosidl_typesupport_cpp/custom_interfaces/msg/detected_person_frame_offset__type_support.cpp.o[0m
[ 36%] [32mBuilding CXX object CMakeFiles/custom_interfaces__rosidl_typesupport_fastrtps_c.dir/rosidl_typesupport_fastrtps_c/custom_interfaces/msg/detail/tof_sensor_data__type_support_c.cpp.o[0m
[ 38%] [32mBuilding CXX object CMakeFiles/custom_interfaces__rosidl_typesupport_fastrtps_cpp.dir/rosidl_typesupport_fastrtps_cpp/custom_interfaces/msg/detail/dds_fastrtps/detected_person_frame_offset__type_support.cpp.o[0m
[ 40%] [32mBuilding CXX object CMakeFiles/custom_interfaces__rosidl_typesupport_introspection_cpp.dir/rosidl_typesupport_introspection_cpp/custom_interfaces/msg/detail/detected_person_frame_offset__type_support.cpp.o[0m
[ 41%] [32mBuilding CXX object CMakeFiles/custom_interfaces__rosidl_typesupport_cpp.dir/rosidl_typesupport_cpp/custom_interfaces/msg/imu_data__type_support.cpp.o[0m
[ 43%] [32mBuilding CXX object CMakeFiles/custom_interfaces__rosidl_typesupport_introspection_cpp.dir/rosidl_typesupport_introspection_cpp/custom_interfaces/msg/detail/imu_data__type_support.cpp.o[0m
[ 45%] [32mBuilding CXX object CMakeFiles/custom_interfaces__rosidl_typesupport_fastrtps_c.dir/rosidl_typesupport_fastrtps_c/custom_interfaces/msg/detail/detected_person_frame_offset__type_support_c.cpp.o[0m
[ 47%] [32mBuilding CXX object CMakeFiles/custom_interfaces__rosidl_typesupport_fastrtps_cpp.dir/rosidl_typesupport_fastrtps_cpp/custom_interfaces/msg/detail/dds_fastrtps/imu_data__type_support.cpp.o[0m
[ 49%] [32m[1mLinking CXX shared library libcustom_interfaces__rosidl_typesupport_cpp.so[0m
[ 49%] Built target custom_interfaces__rosidl_typesupport_cpp
[ 50%] [34m[1mGenerating C introspection for ROS interfaces[0m
[ 52%] [32m[1mLinking CXX shared library libcustom_interfaces__rosidl_typesupport_introspection_cpp.so[0m
[ 54%] [32mBuilding CXX object CMakeFiles/custom_interfaces__rosidl_typesupport_fastrtps_c.dir/rosidl_typesupport_fastrtps_c/custom_interfaces/msg/detail/imu_data__type_support_c.cpp.o[0m
[ 54%] Built target custom_interfaces__rosidl_typesupport_introspection_cpp
[ 56%] [34m[1mGenerating C type support dispatch for ROS interfaces[0m
[ 58%] [32m[1mLinking CXX shared library libcustom_interfaces__rosidl_typesupport_fastrtps_cpp.so[0m
[35m[1mConsolidate compiler generated dependencies of target custom_interfaces__rosidl_typesupport_introspection_c[0m
[ 60%] [32mBuilding C object CMakeFiles/custom_interfaces__rosidl_typesupport_introspection_c.dir/rosidl_typesupport_introspection_c/custom_interfaces/srv/detail/change_face_state__type_support.c.o[0m
[ 61%] [32mBuilding C object CMakeFiles/custom_interfaces__rosidl_typesupport_introspection_c.dir/rosidl_typesupport_introspection_c/custom_interfaces/msg/detail/tof_sensor_data__type_support.c.o[0m
[ 63%] [32m[1mLinking CXX shared library libcustom_interfaces__rosidl_typesupport_fastrtps_c.so[0m
[ 63%] Built target custom_interfaces__rosidl_typesupport_fastrtps_cpp
[35m[1mConsolidate compiler generated dependencies of target custom_interfaces__rosidl_typesupport_c[0m
[ 65%] [32mBuilding C object CMakeFiles/custom_interfaces__rosidl_typesupport_introspection_c.dir/rosidl_typesupport_introspection_c/custom_interfaces/msg/detail/detected_person_frame_offset__type_support.c.o[0m
[ 67%] [32mBuilding CXX object CMakeFiles/custom_interfaces__rosidl_typesupport_c.dir/rosidl_typesupport_c/custom_interfaces/srv/change_face_state__type_support.cpp.o[0m
[ 69%] [32mBuilding C object CMakeFiles/custom_interfaces__rosidl_typesupport_introspection_c.dir/rosidl_typesupport_introspection_c/custom_interfaces/msg/detail/imu_data__type_support.c.o[0m
[ 70%] [32mBuilding CXX object CMakeFiles/custom_interfaces__rosidl_typesupport_c.dir/rosidl_typesupport_c/custom_interfaces/msg/tof_sensor_data__type_support.cpp.o[0m
[ 70%] Built target custom_interfaces__rosidl_typesupport_fastrtps_c
[ 72%] [32mBuilding CXX object CMakeFiles/custom_interfaces__rosidl_typesupport_c.dir/rosidl_typesupport_c/custom_interfaces/msg/detected_person_frame_offset__type_support.cpp.o[0m
[ 74%] [32mBuilding CXX object CMakeFiles/custom_interfaces__rosidl_typesupport_c.dir/rosidl_typesupport_c/custom_interfaces/msg/imu_data__type_support.cpp.o[0m
[ 76%] [32m[1mLinking C shared library libcustom_interfaces__rosidl_typesupport_introspection_c.so[0m
[ 78%] [32m[1mLinking CXX shared library libcustom_interfaces__rosidl_typesupport_c.so[0m
[ 78%] Built target custom_interfaces__rosidl_typesupport_introspection_c
[ 78%] Built target custom_interfaces__rosidl_typesupport_c
[ 78%] Built target custom_interfaces
[ 80%] [34m[1mGenerating Python code for ROS interfaces[0m
[ 80%] Built target custom_interfaces__py
[35m[1mConsolidate compiler generated dependencies of target custom_interfaces__rosidl_generator_py[0m
[ 81%] [32mBuilding C object CMakeFiles/custom_interfaces__rosidl_generator_py.dir/rosidl_generator_py/custom_interfaces/msg/_detected_person_frame_offset_s.c.o[0m
[ 83%] [32mBuilding C object CMakeFiles/custom_interfaces__rosidl_generator_py.dir/rosidl_generator_py/custom_interfaces/msg/_imu_data_s.c.o[0m
[ 85%] [32mBuilding C object CMakeFiles/custom_interfaces__rosidl_generator_py.dir/rosidl_generator_py/custom_interfaces/msg/_tof_sensor_data_s.c.o[0m
[ 87%] [32mBuilding C object CMakeFiles/custom_interfaces__rosidl_generator_py.dir/rosidl_generator_py/custom_interfaces/srv/_change_face_state_s.c.o[0m
[ 89%] [32m[1mLinking C shared library rosidl_generator_py/custom_interfaces/libcustom_interfaces__rosidl_generator_py.so[0m
[ 89%] Built target custom_interfaces__rosidl_generator_py
[35m[1mConsolidate compiler generated dependencies of target custom_interfaces__rosidl_typesupport_introspection_c__pyext[0m
[35m[1mConsolidate compiler generated dependencies of target custom_interfaces__rosidl_typesupport_fastrtps_c__pyext[0m
[35m[1mConsolidate compiler generated dependencies of target custom_interfaces__rosidl_typesupport_c__pyext[0m
[ 90%] [32mBuilding C object CMakeFiles/custom_interfaces__rosidl_typesupport_c__pyext.dir/rosidl_generator_py/custom_interfaces/_custom_interfaces_s.ep.rosidl_typesupport_c.c.o[0m
[ 92%] [32mBuilding C object CMakeFiles/custom_interfaces__rosidl_typesupport_introspection_c__pyext.dir/rosidl_generator_py/custom_interfaces/_custom_interfaces_s.ep.rosidl_typesupport_introspection_c.c.o[0m
[ 94%] [32mBuilding C object CMakeFiles/custom_interfaces__rosidl_typesupport_fastrtps_c__pyext.dir/rosidl_generator_py/custom_interfaces/_custom_interfaces_s.ep.rosidl_typesupport_fastrtps_c.c.o[0m
[ 96%] [32m[1mLinking C shared library rosidl_generator_py/custom_interfaces/custom_interfaces_s__rosidl_typesupport_c.cpython-310-aarch64-linux-gnu.so[0m
[ 98%] [32m[1mLinking C shared library rosidl_generator_py/custom_interfaces/custom_interfaces_s__rosidl_typesupport_introspection_c.cpython-310-aarch64-linux-gnu.so[0m
[100%] [32m[1mLinking C shared library rosidl_generator_py/custom_interfaces/custom_interfaces_s__rosidl_typesupport_fastrtps_c.cpython-310-aarch64-linux-gnu.so[0m
[100%] Built target custom_interfaces__rosidl_typesupport_c__pyext
[100%] Built target custom_interfaces__rosidl_typesupport_introspection_c__pyext
[100%] Built target custom_interfaces__rosidl_typesupport_fastrtps_c__pyext
-- Install configuration: ""
-- Execute custom install script
-- Up-to-date symlink: /home/name/kd1_ws/install/custom_interfaces/share/ament_index/resource_index/rosidl_interfaces/custom_interfaces
-- Up-to-date symlink: /home/name/kd1_ws/install/custom_interfaces/include/custom_interfaces/custom_interfaces/msg/detail/detected_person_frame_offset__functions.h
-- Up-to-date symlink: /home/name/kd1_ws/install/custom_interfaces/include/custom_interfaces/custom_interfaces/msg/detail/detected_person_frame_offset__struct.h
-- Up-to-date symlink: /home/name/kd1_ws/install/custom_interfaces/include/custom_interfaces/custom_interfaces/msg/detail/detected_person_frame_offset__type_support.h
-- Symlinking: /home/name/kd1_ws/install/custom_interfaces/include/custom_interfaces/custom_interfaces/msg/detail/imu_data__functions.h
-- Symlinking: /home/name/kd1_ws/install/custom_interfaces/include/custom_interfaces/custom_interfaces/msg/detail/imu_data__struct.h
-- Symlinking: /home/name/kd1_ws/install/custom_interfaces/include/custom_interfaces/custom_interfaces/msg/detail/imu_data__type_support.h
-- Up-to-date symlink: /home/name/kd1_ws/install/custom_interfaces/include/custom_interfaces/custom_interfaces/msg/detail/tof_sensor_data__functions.h
-- Up-to-date symlink: /home/name/kd1_ws/install/custom_interfaces/include/custom_interfaces/custom_interfaces/msg/detail/tof_sensor_data__struct.h
-- Up-to-date symlink: /home/name/kd1_ws/install/custom_interfaces/include/custom_interfaces/custom_interfaces/msg/detail/tof_sensor_data__type_support.h
-- Up-to-date symlink: /home/name/kd1_ws/install/custom_interfaces/include/custom_interfaces/custom_interfaces/msg/detected_person_frame_offset.h
-- Symlinking: /home/name/kd1_ws/install/custom_interfaces/include/custom_interfaces/custom_interfaces/msg/imu_data.h
-- Up-to-date symlink: /home/name/kd1_ws/install/custom_interfaces/include/custom_interfaces/custom_interfaces/msg/rosidl_generator_c__visibility_control.h
-- Up-to-date symlink: /home/name/kd1_ws/install/custom_interfaces/include/custom_interfaces/custom_interfaces/msg/tof_sensor_data.h
-- Up-to-date symlink: /home/name/kd1_ws/install/custom_interfaces/include/custom_interfaces/custom_interfaces/srv/change_face_state.h
-- Up-to-date symlink: /home/name/kd1_ws/install/custom_interfaces/include/custom_interfaces/custom_interfaces/srv/detail/change_face_state__functions.h
-- Up-to-date symlink: /home/name/kd1_ws/install/custom_interfaces/include/custom_interfaces/custom_interfaces/srv/detail/change_face_state__struct.h
-- Up-to-date symlink: /home/name/kd1_ws/install/custom_interfaces/include/custom_interfaces/custom_interfaces/srv/detail/change_face_state__type_support.h
-- Up-to-date symlink: /home/name/kd1_ws/install/custom_interfaces/share/custom_interfaces/environment/library_path.sh
-- Up-to-date symlink: /home/name/kd1_ws/install/custom_interfaces/share/custom_interfaces/environment/library_path.dsv
-- Up-to-date symlink: /home/name/kd1_ws/install/custom_interfaces/include/custom_interfaces/custom_interfaces/msg/detail/detected_person_frame_offset__rosidl_typesupport_fastrtps_c.h
-- Symlinking: /home/name/kd1_ws/install/custom_interfaces/include/custom_interfaces/custom_interfaces/msg/detail/imu_data__rosidl_typesupport_fastrtps_c.h
-- Up-to-date symlink: /home/name/kd1_ws/install/custom_interfaces/include/custom_interfaces/custom_interfaces/msg/detail/tof_sensor_data__rosidl_typesupport_fastrtps_c.h
-- Up-to-date symlink: /home/name/kd1_ws/install/custom_interfaces/include/custom_interfaces/custom_interfaces/msg/rosidl_typesupport_fastrtps_c__visibility_control.h
-- Up-to-date symlink: /home/name/kd1_ws/install/custom_interfaces/include/custom_interfaces/custom_interfaces/srv/detail/change_face_state__rosidl_typesupport_fastrtps_c.h
-- Up-to-date symlink: /home/name/kd1_ws/install/custom_interfaces/include/custom_interfaces/custom_interfaces/msg/detail/detected_person_frame_offset__rosidl_typesupport_introspection_c.h
-- Symlinking: /home/name/kd1_ws/install/custom_interfaces/include/custom_interfaces/custom_interfaces/msg/detail/imu_data__rosidl_typesupport_introspection_c.h
-- Up-to-date symlink: /home/name/kd1_ws/install/custom_interfaces/include/custom_interfaces/custom_interfaces/msg/detail/tof_sensor_data__rosidl_typesupport_introspection_c.h
-- Up-to-date symlink: /home/name/kd1_ws/install/custom_interfaces/include/custom_interfaces/custom_interfaces/msg/rosidl_typesupport_introspection_c__visibility_control.h
-- Up-to-date symlink: /home/name/kd1_ws/install/custom_interfaces/include/custom_interfaces/custom_interfaces/srv/detail/change_face_state__rosidl_typesupport_introspection_c.h
-- Up-to-date symlink: /home/name/kd1_ws/install/custom_interfaces/include/custom_interfaces/custom_interfaces/msg/detail/detected_person_frame_offset__builder.hpp
-- Up-to-date symlink: /home/name/kd1_ws/install/custom_interfaces/include/custom_interfaces/custom_interfaces/msg/detail/detected_person_frame_offset__struct.hpp
-- Up-to-date symlink: /home/name/kd1_ws/install/custom_interfaces/include/custom_interfaces/custom_interfaces/msg/detail/detected_person_frame_offset__traits.hpp
-- Symlinking: /home/name/kd1_ws/install/custom_interfaces/include/custom_interfaces/custom_interfaces/msg/detail/imu_data__builder.hpp
-- Symlinking: /home/name/kd1_ws/install/custom_interfaces/include/custom_interfaces/custom_interfaces/msg/detail/imu_data__struct.hpp
-- Symlinking: /home/name/kd1_ws/install/custom_interfaces/include/custom_interfaces/custom_interfaces/msg/detail/imu_data__traits.hpp
-- Up-to-date symlink: /home/name/kd1_ws/install/custom_interfaces/include/custom_interfaces/custom_interfaces/msg/detail/tof_sensor_data__builder.hpp
-- Up-to-date symlink: /home/name/kd1_ws/install/custom_interfaces/include/custom_interfaces/custom_interfaces/msg/detail/tof_sensor_data__struct.hpp
-- Up-to-date symlink: /home/name/kd1_ws/install/custom_interfaces/include/custom_interfaces/custom_interfaces/msg/detail/tof_sensor_data__traits.hpp
-- Up-to-date symlink: /home/name/kd1_ws/install/custom_interfaces/include/custom_interfaces/custom_interfaces/msg/detected_person_frame_offset.hpp
-- Symlinking: /home/name/kd1_ws/install/custom_interfaces/include/custom_interfaces/custom_interfaces/msg/imu_data.hpp
-- Up-to-date symlink: /home/name/kd1_ws/install/custom_interfaces/include/custom_interfaces/custom_interfaces/msg/tof_sensor_data.hpp
-- Up-to-date symlink: /home/name/kd1_ws/install/custom_interfaces/include/custom_interfaces/custom_interfaces/srv/change_face_state.hpp
-- Up-to-date symlink: /home/name/kd1_ws/install/custom_interfaces/include/custom_interfaces/custom_interfaces/srv/detail/change_face_state__builder.hpp
-- Up-to-date symlink: /home/name/kd1_ws/install/custom_interfaces/include/custom_interfaces/custom_interfaces/srv/detail/change_face_state__struct.hpp
-- Up-to-date symlink: /home/name/kd1_ws/install/custom_interfaces/include/custom_interfaces/custom_interfaces/srv/detail/change_face_state__traits.hpp
-- Up-to-date symlink: /home/name/kd1_ws/install/custom_interfaces/include/custom_interfaces/custom_interfaces/msg/detail/detected_person_frame_offset__rosidl_typesupport_fastrtps_cpp.hpp
-- Symlinking: /home/name/kd1_ws/install/custom_interfaces/include/custom_interfaces/custom_interfaces/msg/detail/imu_data__rosidl_typesupport_fastrtps_cpp.hpp
-- Up-to-date symlink: /home/name/kd1_ws/install/custom_interfaces/include/custom_interfaces/custom_interfaces/msg/detail/tof_sensor_data__rosidl_typesupport_fastrtps_cpp.hpp
-- Up-to-date symlink: /home/name/kd1_ws/install/custom_interfaces/include/custom_interfaces/custom_interfaces/msg/rosidl_typesupport_fastrtps_cpp__visibility_control.h
-- Up-to-date symlink: /home/name/kd1_ws/install/custom_interfaces/include/custom_interfaces/custom_interfaces/srv/detail/change_face_state__rosidl_typesupport_fastrtps_cpp.hpp
-- Up-to-date symlink: /home/name/kd1_ws/install/custom_interfaces/include/custom_interfaces/custom_interfaces/msg/detail/detected_person_frame_offset__rosidl_typesupport_introspection_cpp.hpp
-- Symlinking: /home/name/kd1_ws/install/custom_interfaces/include/custom_interfaces/custom_interfaces/msg/detail/imu_data__rosidl_typesupport_introspection_cpp.hpp
-- Up-to-date symlink: /home/name/kd1_ws/install/custom_interfaces/include/custom_interfaces/custom_interfaces/msg/detail/tof_sensor_data__rosidl_typesupport_introspection_cpp.hpp
-- Up-to-date symlink: /home/name/kd1_ws/install/custom_interfaces/include/custom_interfaces/custom_interfaces/srv/detail/change_face_state__rosidl_typesupport_introspection_cpp.hpp
-- Up-to-date symlink: /home/name/kd1_ws/install/custom_interfaces/share/custom_interfaces/environment/pythonpath.sh
-- Up-to-date symlink: /home/name/kd1_ws/install/custom_interfaces/share/custom_interfaces/environment/pythonpath.dsv
-- Up-to-date symlink: /home/name/kd1_ws/install/custom_interfaces/local/lib/python3.10/dist-packages/custom_interfaces-0.0.0-py3.10.egg-info/PKG-INFO
-- Up-to-date symlink: /home/name/kd1_ws/install/custom_interfaces/local/lib/python3.10/dist-packages/custom_interfaces-0.0.0-py3.10.egg-info/SOURCES.txt
-- Up-to-date symlink: /home/name/kd1_ws/install/custom_interfaces/local/lib/python3.10/dist-packages/custom_interfaces-0.0.0-py3.10.egg-info/dependency_links.txt
-- Up-to-date symlink: /home/name/kd1_ws/install/custom_interfaces/local/lib/python3.10/dist-packages/custom_interfaces-0.0.0-py3.10.egg-info/top_level.txt
-- Up-to-date symlink: /home/name/kd1_ws/install/custom_interfaces/local/lib/python3.10/dist-packages/custom_interfaces/__init__.py
-- Up-to-date symlink: /home/name/kd1_ws/install/custom_interfaces/local/lib/python3.10/dist-packages/custom_interfaces/_custom_interfaces_s.ep.rosidl_typesupport_c.c
-- Up-to-date symlink: /home/name/kd1_ws/install/custom_interfaces/local/lib/python3.10/dist-packages/custom_interfaces/_custom_interfaces_s.ep.rosidl_typesupport_fastrtps_c.c
-- Up-to-date symlink: /home/name/kd1_ws/install/custom_interfaces/local/lib/python3.10/dist-packages/custom_interfaces/_custom_interfaces_s.ep.rosidl_typesupport_introspection_c.c
-- Up-to-date symlink: /home/name/kd1_ws/install/custom_interfaces/local/lib/python3.10/dist-packages/custom_interfaces/custom_interfaces_s__rosidl_typesupport_c.cpython-310-aarch64-linux-gnu.so
-- Up-to-date symlink: /home/name/kd1_ws/install/custom_interfaces/local/lib/python3.10/dist-packages/custom_interfaces/custom_interfaces_s__rosidl_typesupport_fastrtps_c.cpython-310-aarch64-linux-gnu.so
-- Up-to-date symlink: /home/name/kd1_ws/install/custom_interfaces/local/lib/python3.10/dist-packages/custom_interfaces/custom_interfaces_s__rosidl_typesupport_introspection_c.cpython-310-aarch64-linux-gnu.so
-- Up-to-date symlink: /home/name/kd1_ws/install/custom_interfaces/local/lib/python3.10/dist-packages/custom_interfaces/libcustom_interfaces__rosidl_generator_py.so
-- Up-to-date symlink: /home/name/kd1_ws/install/custom_interfaces/local/lib/python3.10/dist-packages/custom_interfaces/msg/__init__.py
-- Up-to-date symlink: /home/name/kd1_ws/install/custom_interfaces/local/lib/python3.10/dist-packages/custom_interfaces/msg/_detected_person_frame_offset.py
-- Up-to-date symlink: /home/name/kd1_ws/install/custom_interfaces/local/lib/python3.10/dist-packages/custom_interfaces/msg/_detected_person_frame_offset_s.c
-- Symlinking: /home/name/kd1_ws/install/custom_interfaces/local/lib/python3.10/dist-packages/custom_interfaces/msg/_imu_data.py
-- Symlinking: /home/name/kd1_ws/install/custom_interfaces/local/lib/python3.10/dist-packages/custom_interfaces/msg/_imu_data_s.c
-- Up-to-date symlink: /home/name/kd1_ws/install/custom_interfaces/local/lib/python3.10/dist-packages/custom_interfaces/msg/_tof_sensor_data.py
-- Up-to-date symlink: /home/name/kd1_ws/install/custom_interfaces/local/lib/python3.10/dist-packages/custom_interfaces/msg/_tof_sensor_data_s.c
-- Up-to-date symlink: /home/name/kd1_ws/install/custom_interfaces/local/lib/python3.10/dist-packages/custom_interfaces/srv/__init__.py
-- Up-to-date symlink: /home/name/kd1_ws/install/custom_interfaces/local/lib/python3.10/dist-packages/custom_interfaces/srv/_change_face_state.py
-- Up-to-date symlink: /home/name/kd1_ws/install/custom_interfaces/local/lib/python3.10/dist-packages/custom_interfaces/srv/_change_face_state_s.c
-- Up-to-date symlink: /home/name/kd1_ws/install/custom_interfaces/local/lib/python3.10/dist-packages/custom_interfaces/custom_interfaces_s__rosidl_typesupport_fastrtps_c.cpython-310-aarch64-linux-gnu.so
-- Up-to-date symlink: /home/name/kd1_ws/install/custom_interfaces/local/lib/python3.10/dist-packages/custom_interfaces/custom_interfaces_s__rosidl_typesupport_introspection_c.cpython-310-aarch64-linux-gnu.so
-- Up-to-date symlink: /home/name/kd1_ws/install/custom_interfaces/local/lib/python3.10/dist-packages/custom_interfaces/custom_interfaces_s__rosidl_typesupport_c.cpython-310-aarch64-linux-gnu.so
-- Up-to-date symlink: /home/name/kd1_ws/install/custom_interfaces/share/custom_interfaces/srv/ChangeFaceState.idl
-- Up-to-date symlink: /home/name/kd1_ws/install/custom_interfaces/share/custom_interfaces/msg/TOFSensorData.idl
-- Up-to-date symlink: /home/name/kd1_ws/install/custom_interfaces/share/custom_interfaces/msg/DetectedPersonFrameOffset.idl
-- Symlinking: /home/name/kd1_ws/install/custom_interfaces/share/custom_interfaces/msg/IMUData.idl
-- Up-to-date symlink: /home/name/kd1_ws/install/custom_interfaces/share/custom_interfaces/srv/ChangeFaceState.srv
-- Up-to-date symlink: /home/name/kd1_ws/install/custom_interfaces/share/custom_interfaces/srv/ChangeFaceState_Request.msg
-- Up-to-date symlink: /home/name/kd1_ws/install/custom_interfaces/share/custom_interfaces/srv/ChangeFaceState_Response.msg
-- Up-to-date symlink: /home/name/kd1_ws/install/custom_interfaces/share/custom_interfaces/msg/TOFSensorData.msg
-- Up-to-date symlink: /home/name/kd1_ws/install/custom_interfaces/share/custom_interfaces/msg/DetectedPersonFrameOffset.msg
-- Symlinking: /home/name/kd1_ws/install/custom_interfaces/share/custom_interfaces/msg/IMUData.msg
-- Up-to-date symlink: /home/name/kd1_ws/install/custom_interfaces/share/ament_index/resource_index/package_run_dependencies/custom_interfaces
-- Up-to-date symlink: /home/name/kd1_ws/install/custom_interfaces/share/ament_index/resource_index/parent_prefix_path/custom_interfaces
-- Up-to-date symlink: /home/name/kd1_ws/install/custom_interfaces/share/custom_interfaces/environment/ament_prefix_path.sh
-- Up-to-date symlink: /home/name/kd1_ws/install/custom_interfaces/share/custom_interfaces/environment/ament_prefix_path.dsv
-- Up-to-date symlink: /home/name/kd1_ws/install/custom_interfaces/share/custom_interfaces/environment/path.sh
-- Up-to-date symlink: /home/name/kd1_ws/install/custom_interfaces/share/custom_interfaces/environment/path.dsv
-- Up-to-date symlink: /home/name/kd1_ws/install/custom_interfaces/share/custom_interfaces/local_setup.bash
-- Up-to-date symlink: /home/name/kd1_ws/install/custom_interfaces/share/custom_interfaces/local_setup.sh
-- Up-to-date symlink: /home/name/kd1_ws/install/custom_interfaces/share/custom_interfaces/local_setup.zsh
-- Up-to-date symlink: /home/name/kd1_ws/install/custom_interfaces/share/custom_interfaces/local_setup.dsv
-- Symlinking: /home/name/kd1_ws/install/custom_interfaces/share/custom_interfaces/package.dsv
-- Up-to-date symlink: /home/name/kd1_ws/install/custom_interfaces/share/ament_index/resource_index/packages/custom_interfaces
-- Up-to-date symlink: /home/name/kd1_ws/install/custom_interfaces/share/custom_interfaces/cmake/rosidl_cmake-extras.cmake
-- Up-to-date symlink: /home/name/kd1_ws/install/custom_interfaces/share/custom_interfaces/cmake/ament_cmake_export_include_directories-extras.cmake
-- Up-to-date symlink: /home/name/kd1_ws/install/custom_interfaces/share/custom_interfaces/cmake/ament_cmake_export_libraries-extras.cmake
-- Up-to-date symlink: /home/name/kd1_ws/install/custom_interfaces/share/custom_interfaces/cmake/ament_cmake_export_targets-extras.cmake
-- Up-to-date symlink: /home/name/kd1_ws/install/custom_interfaces/share/custom_interfaces/cmake/rosidl_cmake_export_typesupport_targets-extras.cmake
-- Up-to-date symlink: /home/name/kd1_ws/install/custom_interfaces/share/custom_interfaces/cmake/ament_cmake_export_dependencies-extras.cmake
-- Up-to-date symlink: /home/name/kd1_ws/install/custom_interfaces/share/custom_interfaces/cmake/rosidl_cmake_export_typesupport_libraries-extras.cmake
-- Up-to-date symlink: /home/name/kd1_ws/install/custom_interfaces/share/custom_interfaces/cmake/custom_interfacesConfig.cmake
-- Up-to-date symlink: /home/name/kd1_ws/install/custom_interfaces/share/custom_interfaces/cmake/custom_interfacesConfig-version.cmake
-- Up-to-date symlink: /home/name/kd1_ws/install/custom_interfaces/share/custom_interfaces/package.xml
-- Installing: /home/name/kd1_ws/install/custom_interfaces/lib/libcustom_interfaces__rosidl_generator_c.so
-- Set runtime path of "/home/name/kd1_ws/install/custom_interfaces/lib/libcustom_interfaces__rosidl_generator_c.so" to ""
-- Installing: /home/name/kd1_ws/install/custom_interfaces/lib/libcustom_interfaces__rosidl_typesupport_fastrtps_c.so
-- Set runtime path of "/home/name/kd1_ws/install/custom_interfaces/lib/libcustom_interfaces__rosidl_typesupport_fastrtps_c.so" to ""
-- Installing: /home/name/kd1_ws/install/custom_interfaces/lib/libcustom_interfaces__rosidl_typesupport_introspection_c.so
-- Set runtime path of "/home/name/kd1_ws/install/custom_interfaces/lib/libcustom_interfaces__rosidl_typesupport_introspection_c.so" to ""
-- Installing: /home/name/kd1_ws/install/custom_interfaces/lib/libcustom_interfaces__rosidl_typesupport_c.so
-- Set runtime path of "/home/name/kd1_ws/install/custom_interfaces/lib/libcustom_interfaces__rosidl_typesupport_c.so" to ""
-- Installing: /home/name/kd1_ws/install/custom_interfaces/lib/libcustom_interfaces__rosidl_typesupport_fastrtps_cpp.so
-- Set runtime path of "/home/name/kd1_ws/install/custom_interfaces/lib/libcustom_interfaces__rosidl_typesupport_fastrtps_cpp.so" to ""
-- Installing: /home/name/kd1_ws/install/custom_interfaces/lib/libcustom_interfaces__rosidl_typesupport_introspection_cpp.so
-- Set runtime path of "/home/name/kd1_ws/install/custom_interfaces/lib/libcustom_interfaces__rosidl_typesupport_introspection_cpp.so" to ""
-- Installing: /home/name/kd1_ws/install/custom_interfaces/lib/libcustom_interfaces__rosidl_typesupport_cpp.so
-- Set runtime path of "/home/name/kd1_ws/install/custom_interfaces/lib/libcustom_interfaces__rosidl_typesupport_cpp.so" to ""
Listing '/home/name/kd1_ws/install/custom_interfaces/local/lib/python3.10/dist-packages/custom_interfaces'...
Compiling '/home/name/kd1_ws/install/custom_interfaces/local/lib/python3.10/dist-packages/custom_interfaces/__init__.py'...
Listing '/home/name/kd1_ws/install/custom_interfaces/local/lib/python3.10/dist-packages/custom_interfaces/msg'...
Compiling '/home/name/kd1_ws/install/custom_interfaces/local/lib/python3.10/dist-packages/custom_interfaces/msg/__init__.py'...
Compiling '/home/name/kd1_ws/install/custom_interfaces/local/lib/python3.10/dist-packages/custom_interfaces/msg/_detected_person_frame_offset.py'...
Compiling '/home/name/kd1_ws/install/custom_interfaces/local/lib/python3.10/dist-packages/custom_interfaces/msg/_imu_data.py'...
Compiling '/home/name/kd1_ws/install/custom_interfaces/local/lib/python3.10/dist-packages/custom_interfaces/msg/_tof_sensor_data.py'...
Listing '/home/name/kd1_ws/install/custom_interfaces/local/lib/python3.10/dist-packages/custom_interfaces/srv'...
Compiling '/home/name/kd1_ws/install/custom_interfaces/local/lib/python3.10/dist-packages/custom_interfaces/srv/__init__.py'...
Compiling '/home/name/kd1_ws/install/custom_interfaces/local/lib/python3.10/dist-packages/custom_interfaces/srv/_change_face_state.py'...
-- Installing: /home/name/kd1_ws/install/custom_interfaces/lib/libcustom_interfaces__rosidl_generator_py.so
-- Set runtime path of "/home/name/kd1_ws/install/custom_interfaces/lib/libcustom_interfaces__rosidl_generator_py.so" to ""
-- Up-to-date: /home/name/kd1_ws/install/custom_interfaces/share/custom_interfaces/cmake/export_custom_interfaces__rosidl_generator_cExport.cmake
-- Up-to-date: /home/name/kd1_ws/install/custom_interfaces/share/custom_interfaces/cmake/export_custom_interfaces__rosidl_generator_cExport-noconfig.cmake
-- Up-to-date: /home/name/kd1_ws/install/custom_interfaces/share/custom_interfaces/cmake/export_custom_interfaces__rosidl_typesupport_fastrtps_cExport.cmake
-- Up-to-date: /home/name/kd1_ws/install/custom_interfaces/share/custom_interfaces/cmake/export_custom_interfaces__rosidl_typesupport_fastrtps_cExport-noconfig.cmake
-- Up-to-date: /home/name/kd1_ws/install/custom_interfaces/share/custom_interfaces/cmake/custom_interfaces__rosidl_typesupport_introspection_cExport.cmake
-- Up-to-date: /home/name/kd1_ws/install/custom_interfaces/share/custom_interfaces/cmake/custom_interfaces__rosidl_typesupport_introspection_cExport-noconfig.cmake
-- Up-to-date: /home/name/kd1_ws/install/custom_interfaces/share/custom_interfaces/cmake/custom_interfaces__rosidl_typesupport_cExport.cmake
-- Up-to-date: /home/name/kd1_ws/install/custom_interfaces/share/custom_interfaces/cmake/custom_interfaces__rosidl_typesupport_cExport-noconfig.cmake
-- Up-to-date: /home/name/kd1_ws/install/custom_interfaces/share/custom_interfaces/cmake/export_custom_interfaces__rosidl_generator_cppExport.cmake
-- Up-to-date: /home/name/kd1_ws/install/custom_interfaces/share/custom_interfaces/cmake/export_custom_interfaces__rosidl_typesupport_fastrtps_cppExport.cmake
-- Up-to-date: /home/name/kd1_ws/install/custom_interfaces/share/custom_interfaces/cmake/export_custom_interfaces__rosidl_typesupport_fastrtps_cppExport-noconfig.cmake
-- Up-to-date: /home/name/kd1_ws/install/custom_interfaces/share/custom_interfaces/cmake/custom_interfaces__rosidl_typesupport_introspection_cppExport.cmake
-- Up-to-date: /home/name/kd1_ws/install/custom_interfaces/share/custom_interfaces/cmake/custom_interfaces__rosidl_typesupport_introspection_cppExport-noconfig.cmake
-- Up-to-date: /home/name/kd1_ws/install/custom_interfaces/share/custom_interfaces/cmake/custom_interfaces__rosidl_typesupport_cppExport.cmake
-- Up-to-date: /home/name/kd1_ws/install/custom_interfaces/share/custom_interfaces/cmake/custom_interfaces__rosidl_typesupport_cppExport-noconfig.cmake
-- Up-to-date: /home/name/kd1_ws/install/custom_interfaces/share/custom_interfaces/cmake/export_custom_interfaces__rosidl_generator_pyExport.cmake
-- Up-to-date: /home/name/kd1_ws/install/custom_interfaces/share/custom_interfaces/cmake/export_custom_interfaces__rosidl_generator_pyExport-noconfig.cmake
