[0.099s] Invoking command in '/home/name/kd1_ws/build/custom_interfaces': CMAKE_PREFIX_PATH=${CMAKE_PREFIX_PATH}:/home/name/kd1_ws/install/main_pkg_python:/home/name/machine2_ws/install/machine2_servo_interface:/home/name/ros2_ws/install/main_pkg:/opt/ros/humble /usr/bin/cmake /home/name/kd1_ws/src/custom_interfaces -DCMAKE_INSTALL_PREFIX=/home/name/kd1_ws/install/custom_interfaces
[0.167s] -- Found ament_cmake: 1.3.10 (/opt/ros/humble/share/ament_cmake/cmake)
[0.843s] -- Override CMake install command with custom implementation using symlinks instead of copying resources
[0.880s] -- Found rosidl_default_generators: 1.2.0 (/opt/ros/humble/share/rosidl_default_generators/cmake)
[0.892s] -- Using all available rosidl_typesupport_c: rosidl_typesupport_fastrtps_c;rosidl_typesupport_introspection_c
[0.905s] -- Found rosidl_adapter: 3.1.5 (/opt/ros/humble/share/rosidl_adapter/cmake)
[1.107s] -- Using all available rosidl_typesupport_cpp: rosidl_typesupport_fastrtps_cpp;rosidl_typesupport_introspection_cpp
[2.645s] -- Found ament_cmake_ros: 0.10.0 (/opt/ros/humble/share/ament_cmake_ros/cmake)
[3.666s] -- Using all available rosidl_typesupport_c: rosidl_typesupport_fastrtps_c;rosidl_typesupport_introspection_c
[5.067s] -- Using all available rosidl_typesupport_cpp: rosidl_typesupport_fastrtps_cpp;rosidl_typesupport_introspection_cpp
[5.196s] -- Found python_cmake_module: 0.10.0 (/opt/ros/humble/share/python_cmake_module/cmake)
[5.325s] -- Using PYTHON_EXECUTABLE: /usr/bin/python3
[5.326s] -- Using PYTHON_INCLUDE_DIRS: /usr/include/python3.10
[5.326s] -- Using PYTHON_LIBRARIES: /usr/lib/aarch64-linux-gnu/libpython3.10.so
[5.443s] -- Configuring done
[5.651s] -- Generating done
[5.684s] -- Build files have been written to: /home/name/kd1_ws/build/custom_interfaces
[5.716s] Invoked command in '/home/name/kd1_ws/build/custom_interfaces' returned '0': CMAKE_PREFIX_PATH=${CMAKE_PREFIX_PATH}:/home/name/kd1_ws/install/main_pkg_python:/home/name/machine2_ws/install/machine2_servo_interface:/home/name/ros2_ws/install/main_pkg:/opt/ros/humble /usr/bin/cmake /home/name/kd1_ws/src/custom_interfaces -DCMAKE_INSTALL_PREFIX=/home/name/kd1_ws/install/custom_interfaces
[5.728s] Invoking command in '/home/name/kd1_ws/build/custom_interfaces': CMAKE_PREFIX_PATH=${CMAKE_PREFIX_PATH}:/home/name/kd1_ws/install/main_pkg_python:/home/name/machine2_ws/install/machine2_servo_interface:/home/name/ros2_ws/install/main_pkg:/opt/ros/humble /usr/bin/cmake --build /home/name/kd1_ws/build/custom_interfaces -- -j4 -l4
[5.954s] [35m[1mConsolidate compiler generated dependencies of target custom_interfaces__rosidl_generator_c[0m
[6.027s] [  3%] Built target custom_interfaces__cpp
[6.032s] failed to create symbolic link '/home/name/kd1_ws/build/custom_interfaces/ament_cmake_python/custom_interfaces/custom_interfaces' because existing path cannot be removed: Is a directory
[6.036s] gmake[2]: *** [CMakeFiles/ament_cmake_python_symlink_custom_interfaces.dir/build.make:70: CMakeFiles/ament_cmake_python_symlink_custom_interfaces] Error 1
[6.039s] gmake[1]: *** [CMakeFiles/Makefile2:421: CMakeFiles/ament_cmake_python_symlink_custom_interfaces.dir/all] Error 2
[6.043s] gmake[1]: *** Waiting for unfinished jobs....
[6.044s] [ 12%] Built target custom_interfaces__rosidl_generator_c
[6.048s] gmake: *** [Makefile:146: all] Error 2
[6.055s] Invoked command in '/home/name/kd1_ws/build/custom_interfaces' returned '2': CMAKE_PREFIX_PATH=${CMAKE_PREFIX_PATH}:/home/name/kd1_ws/install/main_pkg_python:/home/name/machine2_ws/install/machine2_servo_interface:/home/name/ros2_ws/install/main_pkg:/opt/ros/humble /usr/bin/cmake --build /home/name/kd1_ws/build/custom_interfaces -- -j4 -l4
