[0.526s] DEBUG:colcon:Command line arguments: ['/usr/bin/colcon', 'build', '--packages-select', 'kd1_cpp_nodes', '--symlink-install']
[0.527s] DEBUG:colcon:Parsed command line arguments: Namespace(log_base=None, log_level=None, verb_name='build', build_base='build', install_base='install', merge_install=False, symlink_install=True, test_result_base=None, continue_on_error=False, executor='parallel', parallel_workers=4, event_handlers=None, ignore_user_meta=False, metas=['./colcon.meta'], base_paths=['.'], packages_ignore=None, packages_ignore_regex=None, paths=None, packages_up_to=None, packages_up_to_regex=None, packages_above=None, packages_above_and_dependencies=None, packages_above_depth=None, packages_select_by_dep=None, packages_skip_by_dep=None, packages_skip_up_to=None, packages_select_build_failed=False, packages_skip_build_finished=False, packages_select_test_failures=False, packages_skip_test_passed=False, packages_select=['kd1_cpp_nodes'], packages_skip=None, packages_select_regex=None, packages_skip_regex=None, packages_start=None, packages_end=None, allow_overriding=[], cmake_args=None, cmake_target=None, cmake_target_skip_unavailable=False, cmake_clean_cache=False, cmake_clean_first=False, cmake_force_configure=False, ament_cmake_args=None, catkin_cmake_args=None, catkin_skip_building_tests=False, mixin_files=None, mixin=None, verb_parser=<colcon_mixin.mixin.mixin_argument.MixinArgumentDecorator object at 0xffffa67f6140>, verb_extension=<colcon_core.verb.build.BuildVerb object at 0xffffa67f5c00>, main=<bound method BuildVerb.main of <colcon_core.verb.build.BuildVerb object at 0xffffa67f5c00>>, mixin_verb=('build',))
[1.635s] Level 1:colcon.colcon_core.package_discovery:discover_packages(colcon_meta) check parameters
[1.636s] Level 1:colcon.colcon_core.package_discovery:discover_packages(recursive) check parameters
[1.636s] Level 1:colcon.colcon_core.package_discovery:discover_packages(ignore) check parameters
[1.636s] Level 1:colcon.colcon_core.package_discovery:discover_packages(path) check parameters
[1.636s] Level 1:colcon.colcon_core.package_discovery:discover_packages(colcon_meta) discover
[1.637s] Level 1:colcon.colcon_core.package_discovery:discover_packages(recursive) discover
[1.637s] INFO:colcon.colcon_core.package_discovery:Crawling recursively for packages in '/home/name/kd1_ws'
[1.637s] Level 1:colcon.colcon_core.package_identification:_identify(.) by extensions ['ignore', 'ignore_ament_install']
[1.637s] Level 1:colcon.colcon_core.package_identification:_identify(.) by extension 'ignore'
[1.638s] Level 1:colcon.colcon_core.package_identification:_identify(.) by extension 'ignore_ament_install'
[1.638s] Level 1:colcon.colcon_core.package_identification:_identify(.) by extensions ['colcon_pkg']
[1.638s] Level 1:colcon.colcon_core.package_identification:_identify(.) by extension 'colcon_pkg'
[1.638s] Level 1:colcon.colcon_core.package_identification:_identify(.) by extensions ['colcon_meta']
[1.638s] Level 1:colcon.colcon_core.package_identification:_identify(.) by extension 'colcon_meta'
[1.639s] Level 1:colcon.colcon_core.package_identification:_identify(.) by extensions ['ros']
[1.639s] Level 1:colcon.colcon_core.package_identification:_identify(.) by extension 'ros'
[1.726s] Level 1:colcon.colcon_core.package_identification:_identify(.) by extensions ['cmake', 'python']
[1.726s] Level 1:colcon.colcon_core.package_identification:_identify(.) by extension 'cmake'
[1.727s] Level 1:colcon.colcon_core.package_identification:_identify(.) by extension 'python'
[1.727s] Level 1:colcon.colcon_core.package_identification:_identify(.) by extensions ['python_setup_py']
[1.727s] Level 1:colcon.colcon_core.package_identification:_identify(.) by extension 'python_setup_py'
[1.728s] Level 1:colcon.colcon_core.package_identification:_identify(build) by extensions ['ignore', 'ignore_ament_install']
[1.728s] Level 1:colcon.colcon_core.package_identification:_identify(build) by extension 'ignore'
[1.729s] Level 1:colcon.colcon_core.package_identification:_identify(build) ignored
[1.730s] Level 1:colcon.colcon_core.package_identification:_identify(install) by extensions ['ignore', 'ignore_ament_install']
[1.730s] Level 1:colcon.colcon_core.package_identification:_identify(install) by extension 'ignore'
[1.731s] Level 1:colcon.colcon_core.package_identification:_identify(install) ignored
[1.733s] Level 1:colcon.colcon_core.package_identification:_identify(log) by extensions ['ignore', 'ignore_ament_install']
[1.733s] Level 1:colcon.colcon_core.package_identification:_identify(log) by extension 'ignore'
[1.734s] Level 1:colcon.colcon_core.package_identification:_identify(log) ignored
[1.735s] Level 1:colcon.colcon_core.package_identification:_identify(src) by extensions ['ignore', 'ignore_ament_install']
[1.735s] Level 1:colcon.colcon_core.package_identification:_identify(src) by extension 'ignore'
[1.735s] Level 1:colcon.colcon_core.package_identification:_identify(src) by extension 'ignore_ament_install'
[1.736s] Level 1:colcon.colcon_core.package_identification:_identify(src) by extensions ['colcon_pkg']
[1.736s] Level 1:colcon.colcon_core.package_identification:_identify(src) by extension 'colcon_pkg'
[1.736s] Level 1:colcon.colcon_core.package_identification:_identify(src) by extensions ['colcon_meta']
[1.736s] Level 1:colcon.colcon_core.package_identification:_identify(src) by extension 'colcon_meta'
[1.737s] Level 1:colcon.colcon_core.package_identification:_identify(src) by extensions ['ros']
[1.737s] Level 1:colcon.colcon_core.package_identification:_identify(src) by extension 'ros'
[1.737s] Level 1:colcon.colcon_core.package_identification:_identify(src) by extensions ['cmake', 'python']
[1.737s] Level 1:colcon.colcon_core.package_identification:_identify(src) by extension 'cmake'
[1.738s] Level 1:colcon.colcon_core.package_identification:_identify(src) by extension 'python'
[1.738s] Level 1:colcon.colcon_core.package_identification:_identify(src) by extensions ['python_setup_py']
[1.738s] Level 1:colcon.colcon_core.package_identification:_identify(src) by extension 'python_setup_py'
[1.738s] Level 1:colcon.colcon_core.package_identification:_identify(src/custom_interfaces) by extensions ['ignore', 'ignore_ament_install']
[1.739s] Level 1:colcon.colcon_core.package_identification:_identify(src/custom_interfaces) by extension 'ignore'
[1.739s] Level 1:colcon.colcon_core.package_identification:_identify(src/custom_interfaces) by extension 'ignore_ament_install'
[1.739s] Level 1:colcon.colcon_core.package_identification:_identify(src/custom_interfaces) by extensions ['colcon_pkg']
[1.739s] Level 1:colcon.colcon_core.package_identification:_identify(src/custom_interfaces) by extension 'colcon_pkg'
[1.740s] Level 1:colcon.colcon_core.package_identification:_identify(src/custom_interfaces) by extensions ['colcon_meta']
[1.740s] Level 1:colcon.colcon_core.package_identification:_identify(src/custom_interfaces) by extension 'colcon_meta'
[1.740s] Level 1:colcon.colcon_core.package_identification:_identify(src/custom_interfaces) by extensions ['ros']
[1.740s] Level 1:colcon.colcon_core.package_identification:_identify(src/custom_interfaces) by extension 'ros'
[1.749s] DEBUG:colcon.colcon_core.package_identification:Package 'src/custom_interfaces' with type 'ros.ament_cmake' and name 'custom_interfaces'
[1.749s] Level 1:colcon.colcon_core.package_identification:_identify(src/kd1_bringup) by extensions ['ignore', 'ignore_ament_install']
[1.750s] Level 1:colcon.colcon_core.package_identification:_identify(src/kd1_bringup) by extension 'ignore'
[1.750s] Level 1:colcon.colcon_core.package_identification:_identify(src/kd1_bringup) by extension 'ignore_ament_install'
[1.750s] Level 1:colcon.colcon_core.package_identification:_identify(src/kd1_bringup) by extensions ['colcon_pkg']
[1.751s] Level 1:colcon.colcon_core.package_identification:_identify(src/kd1_bringup) by extension 'colcon_pkg'
[1.751s] Level 1:colcon.colcon_core.package_identification:_identify(src/kd1_bringup) by extensions ['colcon_meta']
[1.751s] Level 1:colcon.colcon_core.package_identification:_identify(src/kd1_bringup) by extension 'colcon_meta'
[1.751s] Level 1:colcon.colcon_core.package_identification:_identify(src/kd1_bringup) by extensions ['ros']
[1.751s] Level 1:colcon.colcon_core.package_identification:_identify(src/kd1_bringup) by extension 'ros'
[1.753s] DEBUG:colcon.colcon_core.package_identification:Package 'src/kd1_bringup' with type 'ros.ament_cmake' and name 'kd1_bringup'
[1.754s] Level 1:colcon.colcon_core.package_identification:_identify(src/kd1_central_processing) by extensions ['ignore', 'ignore_ament_install']
[1.755s] Level 1:colcon.colcon_core.package_identification:_identify(src/kd1_central_processing) by extension 'ignore'
[1.755s] Level 1:colcon.colcon_core.package_identification:_identify(src/kd1_central_processing) by extension 'ignore_ament_install'
[1.755s] Level 1:colcon.colcon_core.package_identification:_identify(src/kd1_central_processing) by extensions ['colcon_pkg']
[1.755s] Level 1:colcon.colcon_core.package_identification:_identify(src/kd1_central_processing) by extension 'colcon_pkg'
[1.755s] Level 1:colcon.colcon_core.package_identification:_identify(src/kd1_central_processing) by extensions ['colcon_meta']
[1.756s] Level 1:colcon.colcon_core.package_identification:_identify(src/kd1_central_processing) by extension 'colcon_meta'
[1.756s] Level 1:colcon.colcon_core.package_identification:_identify(src/kd1_central_processing) by extensions ['ros']
[1.756s] Level 1:colcon.colcon_core.package_identification:_identify(src/kd1_central_processing) by extension 'ros'
[1.758s] DEBUG:colcon.colcon_core.package_identification:Package 'src/kd1_central_processing' with type 'ros.ament_python' and name 'kd1_central_processing'
[1.759s] Level 1:colcon.colcon_core.package_identification:_identify(src/kd1_cpp_nodes) by extensions ['ignore', 'ignore_ament_install']
[1.759s] Level 1:colcon.colcon_core.package_identification:_identify(src/kd1_cpp_nodes) by extension 'ignore'
[1.760s] Level 1:colcon.colcon_core.package_identification:_identify(src/kd1_cpp_nodes) by extension 'ignore_ament_install'
[1.760s] Level 1:colcon.colcon_core.package_identification:_identify(src/kd1_cpp_nodes) by extensions ['colcon_pkg']
[1.760s] Level 1:colcon.colcon_core.package_identification:_identify(src/kd1_cpp_nodes) by extension 'colcon_pkg'
[1.760s] Level 1:colcon.colcon_core.package_identification:_identify(src/kd1_cpp_nodes) by extensions ['colcon_meta']
[1.760s] Level 1:colcon.colcon_core.package_identification:_identify(src/kd1_cpp_nodes) by extension 'colcon_meta'
[1.761s] Level 1:colcon.colcon_core.package_identification:_identify(src/kd1_cpp_nodes) by extensions ['ros']
[1.761s] Level 1:colcon.colcon_core.package_identification:_identify(src/kd1_cpp_nodes) by extension 'ros'
[1.764s] DEBUG:colcon.colcon_core.package_identification:Package 'src/kd1_cpp_nodes' with type 'ros.ament_cmake' and name 'kd1_cpp_nodes'
[1.764s] Level 1:colcon.colcon_core.package_identification:_identify(src/kd1_depth) by extensions ['ignore', 'ignore_ament_install']
[1.765s] Level 1:colcon.colcon_core.package_identification:_identify(src/kd1_depth) by extension 'ignore'
[1.765s] Level 1:colcon.colcon_core.package_identification:_identify(src/kd1_depth) by extension 'ignore_ament_install'
[1.765s] Level 1:colcon.colcon_core.package_identification:_identify(src/kd1_depth) by extensions ['colcon_pkg']
[1.766s] Level 1:colcon.colcon_core.package_identification:_identify(src/kd1_depth) by extension 'colcon_pkg'
[1.766s] Level 1:colcon.colcon_core.package_identification:_identify(src/kd1_depth) by extensions ['colcon_meta']
[1.766s] Level 1:colcon.colcon_core.package_identification:_identify(src/kd1_depth) by extension 'colcon_meta'
[1.766s] Level 1:colcon.colcon_core.package_identification:_identify(src/kd1_depth) by extensions ['ros']
[1.766s] Level 1:colcon.colcon_core.package_identification:_identify(src/kd1_depth) by extension 'ros'
[1.769s] DEBUG:colcon.colcon_core.package_identification:Package 'src/kd1_depth' with type 'ros.ament_python' and name 'kd1_depth'
[1.769s] Level 1:colcon.colcon_core.package_identification:_identify(src/kd1_description) by extensions ['ignore', 'ignore_ament_install']
[1.770s] Level 1:colcon.colcon_core.package_identification:_identify(src/kd1_description) by extension 'ignore'
[1.770s] Level 1:colcon.colcon_core.package_identification:_identify(src/kd1_description) by extension 'ignore_ament_install'
[1.770s] Level 1:colcon.colcon_core.package_identification:_identify(src/kd1_description) by extensions ['colcon_pkg']
[1.770s] Level 1:colcon.colcon_core.package_identification:_identify(src/kd1_description) by extension 'colcon_pkg'
[1.771s] Level 1:colcon.colcon_core.package_identification:_identify(src/kd1_description) by extensions ['colcon_meta']
[1.771s] Level 1:colcon.colcon_core.package_identification:_identify(src/kd1_description) by extension 'colcon_meta'
[1.771s] Level 1:colcon.colcon_core.package_identification:_identify(src/kd1_description) by extensions ['ros']
[1.772s] Level 1:colcon.colcon_core.package_identification:_identify(src/kd1_description) by extension 'ros'
[1.774s] DEBUG:colcon.colcon_core.package_identification:Package 'src/kd1_description' with type 'ros.ament_cmake' and name 'kd1_description'
[1.775s] Level 1:colcon.colcon_core.package_identification:_identify(src/kd1_locomotion) by extensions ['ignore', 'ignore_ament_install']
[1.775s] Level 1:colcon.colcon_core.package_identification:_identify(src/kd1_locomotion) by extension 'ignore'
[1.776s] Level 1:colcon.colcon_core.package_identification:_identify(src/kd1_locomotion) by extension 'ignore_ament_install'
[1.776s] Level 1:colcon.colcon_core.package_identification:_identify(src/kd1_locomotion) by extensions ['colcon_pkg']
[1.776s] Level 1:colcon.colcon_core.package_identification:_identify(src/kd1_locomotion) by extension 'colcon_pkg'
[1.776s] Level 1:colcon.colcon_core.package_identification:_identify(src/kd1_locomotion) by extensions ['colcon_meta']
[1.776s] Level 1:colcon.colcon_core.package_identification:_identify(src/kd1_locomotion) by extension 'colcon_meta'
[1.776s] Level 1:colcon.colcon_core.package_identification:_identify(src/kd1_locomotion) by extensions ['ros']
[1.777s] Level 1:colcon.colcon_core.package_identification:_identify(src/kd1_locomotion) by extension 'ros'
[1.780s] DEBUG:colcon.colcon_core.package_identification:Package 'src/kd1_locomotion' with type 'ros.ament_python' and name 'kd1_locomotion'
[1.780s] Level 1:colcon.colcon_core.package_identification:_identify(src/kd1_sensors) by extensions ['ignore', 'ignore_ament_install']
[1.781s] Level 1:colcon.colcon_core.package_identification:_identify(src/kd1_sensors) by extension 'ignore'
[1.781s] Level 1:colcon.colcon_core.package_identification:_identify(src/kd1_sensors) by extension 'ignore_ament_install'
[1.781s] Level 1:colcon.colcon_core.package_identification:_identify(src/kd1_sensors) by extensions ['colcon_pkg']
[1.781s] Level 1:colcon.colcon_core.package_identification:_identify(src/kd1_sensors) by extension 'colcon_pkg'
[1.782s] Level 1:colcon.colcon_core.package_identification:_identify(src/kd1_sensors) by extensions ['colcon_meta']
[1.782s] Level 1:colcon.colcon_core.package_identification:_identify(src/kd1_sensors) by extension 'colcon_meta'
[1.782s] Level 1:colcon.colcon_core.package_identification:_identify(src/kd1_sensors) by extensions ['ros']
[1.782s] Level 1:colcon.colcon_core.package_identification:_identify(src/kd1_sensors) by extension 'ros'
[1.785s] DEBUG:colcon.colcon_core.package_identification:Package 'src/kd1_sensors' with type 'ros.ament_python' and name 'kd1_sensors'
[1.785s] Level 1:colcon.colcon_core.package_identification:_identify(src/kd1_utility_nodes) by extensions ['ignore', 'ignore_ament_install']
[1.786s] Level 1:colcon.colcon_core.package_identification:_identify(src/kd1_utility_nodes) by extension 'ignore'
[1.786s] Level 1:colcon.colcon_core.package_identification:_identify(src/kd1_utility_nodes) by extension 'ignore_ament_install'
[1.786s] Level 1:colcon.colcon_core.package_identification:_identify(src/kd1_utility_nodes) by extensions ['colcon_pkg']
[1.786s] Level 1:colcon.colcon_core.package_identification:_identify(src/kd1_utility_nodes) by extension 'colcon_pkg'
[1.786s] Level 1:colcon.colcon_core.package_identification:_identify(src/kd1_utility_nodes) by extensions ['colcon_meta']
[1.787s] Level 1:colcon.colcon_core.package_identification:_identify(src/kd1_utility_nodes) by extension 'colcon_meta'
[1.787s] Level 1:colcon.colcon_core.package_identification:_identify(src/kd1_utility_nodes) by extensions ['ros']
[1.787s] Level 1:colcon.colcon_core.package_identification:_identify(src/kd1_utility_nodes) by extension 'ros'
[1.789s] DEBUG:colcon.colcon_core.package_identification:Package 'src/kd1_utility_nodes' with type 'ros.ament_python' and name 'kd1_utility_nodes'
[1.790s] Level 1:colcon.colcon_core.package_discovery:discover_packages(recursive) using defaults
[1.790s] Level 1:colcon.colcon_core.package_discovery:discover_packages(ignore) discover
[1.790s] Level 1:colcon.colcon_core.package_discovery:discover_packages(ignore) using defaults
[1.790s] Level 1:colcon.colcon_core.package_discovery:discover_packages(path) discover
[1.790s] Level 1:colcon.colcon_core.package_discovery:discover_packages(path) using defaults
[1.879s] INFO:colcon.colcon_core.package_selection:Skipping not selected package 'custom_interfaces' in 'src/custom_interfaces'
[1.879s] INFO:colcon.colcon_core.package_selection:Skipping not selected package 'kd1_bringup' in 'src/kd1_bringup'
[1.879s] INFO:colcon.colcon_core.package_selection:Skipping not selected package 'kd1_central_processing' in 'src/kd1_central_processing'
[1.879s] INFO:colcon.colcon_core.package_selection:Skipping not selected package 'kd1_depth' in 'src/kd1_depth'
[1.880s] INFO:colcon.colcon_core.package_selection:Skipping not selected package 'kd1_description' in 'src/kd1_description'
[1.880s] INFO:colcon.colcon_core.package_selection:Skipping not selected package 'kd1_locomotion' in 'src/kd1_locomotion'
[1.880s] INFO:colcon.colcon_core.package_selection:Skipping not selected package 'kd1_sensors' in 'src/kd1_sensors'
[1.880s] INFO:colcon.colcon_core.package_selection:Skipping not selected package 'kd1_utility_nodes' in 'src/kd1_utility_nodes'
[1.882s] Level 1:colcon.colcon_core.package_discovery:discover_packages(prefix_path) check parameters
[1.882s] Level 1:colcon.colcon_core.package_discovery:discover_packages(prefix_path) discover
[1.896s] DEBUG:colcon.colcon_installed_package_information.package_discovery:Found 11 installed packages in /home/name/kd1_ws/install
[1.899s] DEBUG:colcon.colcon_installed_package_information.package_discovery:Found 7 installed packages in /home/name/machine2_ws/install
[1.913s] DEBUG:colcon.colcon_installed_package_information.package_discovery:Found 423 installed packages in /opt/ros/humble
[1.926s] Level 1:colcon.colcon_core.package_discovery:discover_packages(prefix_path) using defaults
[2.166s] Level 5:colcon.colcon_core.verb:set package 'kd1_cpp_nodes' build argument 'cmake_args' from command line to 'None'
[2.166s] Level 5:colcon.colcon_core.verb:set package 'kd1_cpp_nodes' build argument 'cmake_target' from command line to 'None'
[2.167s] Level 5:colcon.colcon_core.verb:set package 'kd1_cpp_nodes' build argument 'cmake_target_skip_unavailable' from command line to 'False'
[2.167s] Level 5:colcon.colcon_core.verb:set package 'kd1_cpp_nodes' build argument 'cmake_clean_cache' from command line to 'False'
[2.167s] Level 5:colcon.colcon_core.verb:set package 'kd1_cpp_nodes' build argument 'cmake_clean_first' from command line to 'False'
[2.167s] Level 5:colcon.colcon_core.verb:set package 'kd1_cpp_nodes' build argument 'cmake_force_configure' from command line to 'False'
[2.167s] Level 5:colcon.colcon_core.verb:set package 'kd1_cpp_nodes' build argument 'ament_cmake_args' from command line to 'None'
[2.167s] Level 5:colcon.colcon_core.verb:set package 'kd1_cpp_nodes' build argument 'catkin_cmake_args' from command line to 'None'
[2.167s] Level 5:colcon.colcon_core.verb:set package 'kd1_cpp_nodes' build argument 'catkin_skip_building_tests' from command line to 'False'
[2.167s] DEBUG:colcon.colcon_core.verb:Building package 'kd1_cpp_nodes' with the following arguments: {'ament_cmake_args': None, 'build_base': '/home/name/kd1_ws/build/kd1_cpp_nodes', 'catkin_cmake_args': None, 'catkin_skip_building_tests': False, 'cmake_args': None, 'cmake_clean_cache': False, 'cmake_clean_first': False, 'cmake_force_configure': False, 'cmake_target': None, 'cmake_target_skip_unavailable': False, 'install_base': '/home/name/kd1_ws/install/kd1_cpp_nodes', 'merge_install': False, 'path': '/home/name/kd1_ws/src/kd1_cpp_nodes', 'symlink_install': True, 'test_result_base': None}
[2.168s] INFO:colcon.colcon_core.executor:Executing jobs using 'parallel' executor
[2.172s] DEBUG:colcon.colcon_parallel_executor.executor.parallel:run_until_complete
[2.173s] INFO:colcon.colcon_ros.task.ament_cmake.build:Building ROS package in '/home/name/kd1_ws/src/kd1_cpp_nodes' with build type 'ament_cmake'
[2.173s] INFO:colcon.colcon_cmake.task.cmake.build:Building CMake package in '/home/name/kd1_ws/src/kd1_cpp_nodes'
[2.186s] INFO:colcon.colcon_core.plugin_system:Skipping extension 'colcon_core.shell.bat': Not used on non-Windows systems
[2.187s] INFO:colcon.colcon_core.shell:Skip shell extension 'powershell' for command environment: Not usable outside of PowerShell
[2.187s] DEBUG:colcon.colcon_core.shell:Skip shell extension 'dsv' for command environment
[2.244s] DEBUG:colcon.colcon_core.event_handler.log_command:Invoking command in '/home/name/kd1_ws/build/kd1_cpp_nodes': CMAKE_PREFIX_PATH=${CMAKE_PREFIX_PATH}:/home/name/kd1_ws/install/main_pkg_python:/home/name/kd1_ws/install/kd1_utility_nodes:/home/name/kd1_ws/install/kd1_sensors:/home/name/kd1_ws/install/kd1_locomotion:/home/name/kd1_ws/install/kd1_depth:/home/name/kd1_ws/install/kd1_central_processing:/home/name/machine2_ws/install/machine2_servo_interface:/opt/ros/humble /usr/bin/cmake --build /home/name/kd1_ws/build/kd1_cpp_nodes -- -j4 -l4
[54.580s] DEBUG:colcon.colcon_core.event_handler.log_command:Invoked command in '/home/name/kd1_ws/build/kd1_cpp_nodes' returned '0': CMAKE_PREFIX_PATH=${CMAKE_PREFIX_PATH}:/home/name/kd1_ws/install/main_pkg_python:/home/name/kd1_ws/install/kd1_utility_nodes:/home/name/kd1_ws/install/kd1_sensors:/home/name/kd1_ws/install/kd1_locomotion:/home/name/kd1_ws/install/kd1_depth:/home/name/kd1_ws/install/kd1_central_processing:/home/name/machine2_ws/install/machine2_servo_interface:/opt/ros/humble /usr/bin/cmake --build /home/name/kd1_ws/build/kd1_cpp_nodes -- -j4 -l4
[54.632s] DEBUG:colcon.colcon_core.event_handler.log_command:Invoking command in '/home/name/kd1_ws/build/kd1_cpp_nodes': CMAKE_PREFIX_PATH=${CMAKE_PREFIX_PATH}:/home/name/kd1_ws/install/main_pkg_python:/home/name/kd1_ws/install/kd1_utility_nodes:/home/name/kd1_ws/install/kd1_sensors:/home/name/kd1_ws/install/kd1_locomotion:/home/name/kd1_ws/install/kd1_depth:/home/name/kd1_ws/install/kd1_central_processing:/home/name/machine2_ws/install/machine2_servo_interface:/opt/ros/humble /usr/bin/cmake --install /home/name/kd1_ws/build/kd1_cpp_nodes
[54.728s] Level 1:colcon.colcon_core.environment:create_environment_scripts_only(kd1_cpp_nodes)
[54.730s] DEBUG:colcon.colcon_core.event_handler.log_command:Invoked command in '/home/name/kd1_ws/build/kd1_cpp_nodes' returned '0': CMAKE_PREFIX_PATH=${CMAKE_PREFIX_PATH}:/home/name/kd1_ws/install/main_pkg_python:/home/name/kd1_ws/install/kd1_utility_nodes:/home/name/kd1_ws/install/kd1_sensors:/home/name/kd1_ws/install/kd1_locomotion:/home/name/kd1_ws/install/kd1_depth:/home/name/kd1_ws/install/kd1_central_processing:/home/name/machine2_ws/install/machine2_servo_interface:/opt/ros/humble /usr/bin/cmake --install /home/name/kd1_ws/build/kd1_cpp_nodes
[54.746s] Level 1:colcon.colcon_core.environment:checking '/home/name/kd1_ws/install/kd1_cpp_nodes' for CMake module files
[54.749s] Level 1:colcon.colcon_core.environment:checking '/home/name/kd1_ws/install/kd1_cpp_nodes' for CMake config files
[54.751s] Level 1:colcon.colcon_core.shell:create_environment_hook('kd1_cpp_nodes', 'cmake_prefix_path')
[54.752s] INFO:colcon.colcon_core.shell:Creating environment hook '/home/name/kd1_ws/install/kd1_cpp_nodes/share/kd1_cpp_nodes/hook/cmake_prefix_path.ps1'
[54.755s] INFO:colcon.colcon_core.shell:Creating environment descriptor '/home/name/kd1_ws/install/kd1_cpp_nodes/share/kd1_cpp_nodes/hook/cmake_prefix_path.dsv'
[54.757s] INFO:colcon.colcon_core.shell:Creating environment hook '/home/name/kd1_ws/install/kd1_cpp_nodes/share/kd1_cpp_nodes/hook/cmake_prefix_path.sh'
[54.762s] Level 1:colcon.colcon_core.environment:checking '/home/name/kd1_ws/install/kd1_cpp_nodes/lib'
[54.764s] Level 1:colcon.colcon_core.environment:checking '/home/name/kd1_ws/install/kd1_cpp_nodes/bin'
[54.764s] Level 1:colcon.colcon_core.environment:checking '/home/name/kd1_ws/install/kd1_cpp_nodes/lib/pkgconfig/kd1_cpp_nodes.pc'
[54.765s] Level 1:colcon.colcon_core.environment:checking '/home/name/kd1_ws/install/kd1_cpp_nodes/lib/python3.10/site-packages'
[54.767s] Level 1:colcon.colcon_core.environment:checking '/home/name/kd1_ws/install/kd1_cpp_nodes/bin'
[54.769s] INFO:colcon.colcon_core.shell:Creating package script '/home/name/kd1_ws/install/kd1_cpp_nodes/share/kd1_cpp_nodes/package.ps1'
[54.773s] INFO:colcon.colcon_core.shell:Creating package descriptor '/home/name/kd1_ws/install/kd1_cpp_nodes/share/kd1_cpp_nodes/package.dsv'
[54.776s] INFO:colcon.colcon_core.shell:Creating package script '/home/name/kd1_ws/install/kd1_cpp_nodes/share/kd1_cpp_nodes/package.sh'
[54.781s] INFO:colcon.colcon_core.shell:Creating package script '/home/name/kd1_ws/install/kd1_cpp_nodes/share/kd1_cpp_nodes/package.bash'
[54.786s] INFO:colcon.colcon_core.shell:Creating package script '/home/name/kd1_ws/install/kd1_cpp_nodes/share/kd1_cpp_nodes/package.zsh'
[54.789s] Level 1:colcon.colcon_core.environment:create_file_with_runtime_dependencies(/home/name/kd1_ws/install/kd1_cpp_nodes/share/colcon-core/packages/kd1_cpp_nodes)
[54.792s] Level 1:colcon.colcon_core.environment:create_environment_scripts_only(kd1_cpp_nodes)
[54.793s] Level 1:colcon.colcon_core.environment:checking '/home/name/kd1_ws/install/kd1_cpp_nodes' for CMake module files
[54.796s] Level 1:colcon.colcon_core.environment:checking '/home/name/kd1_ws/install/kd1_cpp_nodes' for CMake config files
[54.799s] Level 1:colcon.colcon_core.shell:create_environment_hook('kd1_cpp_nodes', 'cmake_prefix_path')
[54.800s] INFO:colcon.colcon_core.shell:Creating environment hook '/home/name/kd1_ws/install/kd1_cpp_nodes/share/kd1_cpp_nodes/hook/cmake_prefix_path.ps1'
[54.802s] INFO:colcon.colcon_core.shell:Creating environment descriptor '/home/name/kd1_ws/install/kd1_cpp_nodes/share/kd1_cpp_nodes/hook/cmake_prefix_path.dsv'
[54.804s] INFO:colcon.colcon_core.shell:Creating environment hook '/home/name/kd1_ws/install/kd1_cpp_nodes/share/kd1_cpp_nodes/hook/cmake_prefix_path.sh'
[54.807s] Level 1:colcon.colcon_core.environment:checking '/home/name/kd1_ws/install/kd1_cpp_nodes/lib'
[54.808s] Level 1:colcon.colcon_core.environment:checking '/home/name/kd1_ws/install/kd1_cpp_nodes/bin'
[54.808s] Level 1:colcon.colcon_core.environment:checking '/home/name/kd1_ws/install/kd1_cpp_nodes/lib/pkgconfig/kd1_cpp_nodes.pc'
[54.809s] Level 1:colcon.colcon_core.environment:checking '/home/name/kd1_ws/install/kd1_cpp_nodes/lib/python3.10/site-packages'
[54.810s] Level 1:colcon.colcon_core.environment:checking '/home/name/kd1_ws/install/kd1_cpp_nodes/bin'
[54.811s] INFO:colcon.colcon_core.shell:Creating package script '/home/name/kd1_ws/install/kd1_cpp_nodes/share/kd1_cpp_nodes/package.ps1'
[54.813s] INFO:colcon.colcon_core.shell:Creating package descriptor '/home/name/kd1_ws/install/kd1_cpp_nodes/share/kd1_cpp_nodes/package.dsv'
[54.816s] INFO:colcon.colcon_core.shell:Creating package script '/home/name/kd1_ws/install/kd1_cpp_nodes/share/kd1_cpp_nodes/package.sh'
[54.818s] INFO:colcon.colcon_core.shell:Creating package script '/home/name/kd1_ws/install/kd1_cpp_nodes/share/kd1_cpp_nodes/package.bash'
[54.821s] INFO:colcon.colcon_core.shell:Creating package script '/home/name/kd1_ws/install/kd1_cpp_nodes/share/kd1_cpp_nodes/package.zsh'
[54.823s] Level 1:colcon.colcon_core.environment:create_file_with_runtime_dependencies(/home/name/kd1_ws/install/kd1_cpp_nodes/share/colcon-core/packages/kd1_cpp_nodes)
[54.824s] DEBUG:colcon.colcon_parallel_executor.executor.parallel:closing loop
[54.826s] DEBUG:colcon.colcon_parallel_executor.executor.parallel:loop closed
[54.826s] DEBUG:colcon.colcon_parallel_executor.executor.parallel:run_until_complete finished with '0'
[54.827s] DEBUG:colcon.colcon_core.event_reactor:joining thread
[54.855s] INFO:colcon.colcon_core.plugin_system:Skipping extension 'colcon_notification.desktop_notification.terminal_notifier': Not used on non-Darwin systems
[54.856s] INFO:colcon.colcon_core.plugin_system:Skipping extension 'colcon_notification.desktop_notification.win32': Not used on non-Windows systems
[54.856s] INFO:colcon.colcon_notification.desktop_notification:Sending desktop notification using 'notify2'
[54.903s] DEBUG:colcon.colcon_core.event_reactor:joined thread
[54.905s] INFO:colcon.colcon_core.shell:Creating prefix script '/home/name/kd1_ws/install/local_setup.ps1'
[54.910s] INFO:colcon.colcon_core.shell:Creating prefix util module '/home/name/kd1_ws/install/_local_setup_util_ps1.py'
[54.915s] INFO:colcon.colcon_core.shell:Creating prefix chain script '/home/name/kd1_ws/install/setup.ps1'
[54.925s] INFO:colcon.colcon_core.shell:Creating prefix script '/home/name/kd1_ws/install/local_setup.sh'
[54.928s] INFO:colcon.colcon_core.shell:Creating prefix util module '/home/name/kd1_ws/install/_local_setup_util_sh.py'
[54.931s] INFO:colcon.colcon_core.shell:Creating prefix chain script '/home/name/kd1_ws/install/setup.sh'
[54.940s] INFO:colcon.colcon_core.shell:Creating prefix script '/home/name/kd1_ws/install/local_setup.bash'
[54.943s] INFO:colcon.colcon_core.shell:Creating prefix chain script '/home/name/kd1_ws/install/setup.bash'
[54.952s] INFO:colcon.colcon_core.shell:Creating prefix script '/home/name/kd1_ws/install/local_setup.zsh'
[54.955s] INFO:colcon.colcon_core.shell:Creating prefix chain script '/home/name/kd1_ws/install/setup.zsh'
