[7.818s] Invoking command in '/home/name/kd1_ws/build/kd1_utility_nodes': PYTHONPATH=/home/name/kd1_ws/build/kd1_utility_nodes/prefix_override:/usr/lib/python3/dist-packages/colcon_core/task/python/colcon_distutils_commands:/home/name/kd1_ws/install/kd1_utility_nodes/lib/python3.10/site-packages:${PYTHONPATH} /usr/bin/python3 -W ignore:setup.py install is deprecated -W ignore:easy_install command is deprecated setup.py develop --editable --build-directory /home/name/kd1_ws/build/kd1_utility_nodes/build --no-deps symlink_data
[10.811s] running develop
[13.001s] running egg_info
[13.002s] writing kd1_utility_nodes.egg-info/PKG-INFO
[13.003s] writing dependency_links to kd1_utility_nodes.egg-info/dependency_links.txt
[13.005s] writing entry points to kd1_utility_nodes.egg-info/entry_points.txt
[13.006s] writing requirements to kd1_utility_nodes.egg-info/requires.txt
[13.007s] writing top-level names to kd1_utility_nodes.egg-info/top_level.txt
[13.018s] reading manifest file 'kd1_utility_nodes.egg-info/SOURCES.txt'
[13.024s] writing manifest file 'kd1_utility_nodes.egg-info/SOURCES.txt'
[13.033s] running build_ext
[13.034s] Creating /home/name/kd1_ws/install/kd1_utility_nodes/lib/python3.10/site-packages/kd1-utility-nodes.egg-link (link to .)
[13.041s] Installing audio_playback_node script to /home/name/kd1_ws/install/kd1_utility_nodes/lib/kd1_utility_nodes
[13.042s] Installing face_animation_node script to /home/name/kd1_ws/install/kd1_utility_nodes/lib/kd1_utility_nodes
[13.043s] Installing imu_conversion_node script to /home/name/kd1_ws/install/kd1_utility_nodes/lib/kd1_utility_nodes
[13.044s] Installing light_ring_node script to /home/name/kd1_ws/install/kd1_utility_nodes/lib/kd1_utility_nodes
[13.047s] 
[13.056s] Installed /home/name/kd1_ws/build/kd1_utility_nodes
[13.057s] running symlink_data
[13.228s] Invoked command in '/home/name/kd1_ws/build/kd1_utility_nodes' returned '0': PYTHONPATH=/home/name/kd1_ws/build/kd1_utility_nodes/prefix_override:/usr/lib/python3/dist-packages/colcon_core/task/python/colcon_distutils_commands:/home/name/kd1_ws/install/kd1_utility_nodes/lib/python3.10/site-packages:${PYTHONPATH} /usr/bin/python3 -W ignore:setup.py install is deprecated -W ignore:easy_install command is deprecated setup.py develop --editable --build-directory /home/name/kd1_ws/build/kd1_utility_nodes/build --no-deps symlink_data
