-- Found ament_cmake: 1.3.11 (/opt/ros/humble/share/ament_cmake/cmake)
-- Override CMake install command with custom implementation using symlinks instead of copying resources
-- Found rclcpp: 16.0.12 (/opt/ros/humble/share/rclcpp/cmake)
-- Found rosidl_generator_c: 3.1.6 (/opt/ros/humble/share/rosidl_generator_c/cmake)
-- Found rosidl_adapter: 3.1.6 (/opt/ros/humble/share/rosidl_adapter/cmake)
-- Found rosidl_generator_cpp: 3.1.6 (/opt/ros/humble/share/rosidl_generator_cpp/cmake)
-- Using all available rosidl_typesupport_c: rosidl_typesupport_fastrtps_c;rosidl_typesupport_introspection_c
-- Using all available rosidl_typesupport_cpp: rosidl_typesupport_fastrtps_cpp;rosidl_typesupport_introspection_cpp
-- Found rmw_implementation_cmake: 6.1.2 (/opt/ros/humble/share/rmw_implementation_cmake/cmake)
-- Found rmw_fastrtps_cpp: 6.2.7 (/opt/ros/humble/share/rmw_fastrtps_cpp/cmake)
-- Using RMW implementation 'rmw_fastrtps_cpp' as default
-- Found rclcpp_action: 16.0.12 (/opt/ros/humble/share/rclcpp_action/cmake)
-- Found sensor_msgs: 4.8.0 (/opt/ros/humble/share/sensor_msgs/cmake)
-- Found nav2_msgs: 1.1.18 (/opt/ros/humble/share/nav2_msgs/cmake)
-- Configuring done
-- Generating done
-- Build files have been written to: /home/name/kd1_ws/build/kd1_cpp_nodes
[35m[1mConsolidate compiler generated dependencies of target emergency_stop_node[0m
[ 50%] [32mBuilding CXX object CMakeFiles/emergency_stop_node.dir/src/emergency_stop_node.cpp.o[0m
[01m[K/home/name/kd1_ws/src/kd1_cpp_nodes/src/emergency_stop_node.cpp:174:63:[m[K [01;31m[Kerror: [m[K‘[01m[KSharedCancelAllGoalsFuture[m[K’ in ‘[01m[Kclass rclcpp_action::Client<nav2_msgs::action::NavigateToPose>[m[K’ does not name a type
  174 |     rclcpp_action::Client<nav2_msgs::action::NavigateToPose>::[01;31m[KSharedCancelAllGoalsFuture[m[K cancel_future_;
      |                                                               [01;31m[K^~~~~~~~~~~~~~~~~~~~~~~~~~[m[K
[01m[K/home/name/kd1_ws/src/kd1_cpp_nodes/src/emergency_stop_node.cpp:[m[K In member function ‘[01m[Kvoid EmergencyStopNode::cancel_nav2_goal()[m[K’:
[01m[K/home/name/kd1_ws/src/kd1_cpp_nodes/src/emergency_stop_node.cpp:111:13:[m[K [01;31m[Kerror: [m[K‘[01m[Kcancel_future_[m[K’ was not declared in this scope
  111 |             [01;31m[Kcancel_future_[m[K = cancel_navto_client_->async_cancel_all_goals();
      |             [01;31m[K^~~~~~~~~~~~~~[m[K
[01m[K/home/name/kd1_ws/src/kd1_cpp_nodes/src/emergency_stop_node.cpp:[m[K In member function ‘[01m[Kvoid EmergencyStopNode::check_for_nav2_cancel()[m[K’:
[01m[K/home/name/kd1_ws/src/kd1_cpp_nodes/src/emergency_stop_node.cpp:123:14:[m[K [01;31m[Kerror: [m[K‘[01m[Kcancel_future_[m[K’ was not declared in this scope
  123 |         if (![01;31m[Kcancel_future_[m[K) // check if future exists
      |              [01;31m[K^~~~~~~~~~~~~~[m[K
[01m[K/home/name/kd1_ws/src/kd1_cpp_nodes/src/emergency_stop_node.cpp:127:13:[m[K [01;31m[Kerror: [m[K‘[01m[Kcancel_future_[m[K’ was not declared in this scope
  127 |         if ([01;31m[Kcancel_future_[m[K->wait_for(std::chrono::seconds(0)) == std::future_status::ready)
      |             [01;31m[K^~~~~~~~~~~~~~[m[K
gmake[2]: *** [CMakeFiles/emergency_stop_node.dir/build.make:76: CMakeFiles/emergency_stop_node.dir/src/emergency_stop_node.cpp.o] Error 1
gmake[1]: *** [CMakeFiles/Makefile2:137: CMakeFiles/emergency_stop_node.dir/all] Error 2
gmake: *** [Makefile:146: all] Error 2
