[0.532s] DEBUG:colcon:Command line arguments: ['/usr/bin/colcon', 'build', '--packages-select', 'kd1_cpp_nodes']
[0.533s] DEBUG:colcon:Parsed command line arguments: Namespace(log_base=None, log_level=None, verb_name='build', build_base='build', install_base='install', merge_install=False, symlink_install=False, test_result_base=None, continue_on_error=False, executor='parallel', parallel_workers=4, event_handlers=None, ignore_user_meta=False, metas=['./colcon.meta'], base_paths=['.'], packages_ignore=None, packages_ignore_regex=None, paths=None, packages_up_to=None, packages_up_to_regex=None, packages_above=None, packages_above_and_dependencies=None, packages_above_depth=None, packages_select_by_dep=None, packages_skip_by_dep=None, packages_skip_up_to=None, packages_select_build_failed=False, packages_skip_build_finished=False, packages_select_test_failures=False, packages_skip_test_passed=False, packages_select=['kd1_cpp_nodes'], packages_skip=None, packages_select_regex=None, packages_skip_regex=None, packages_start=None, packages_end=None, allow_overriding=[], cmake_args=None, cmake_target=None, cmake_target_skip_unavailable=False, cmake_clean_cache=False, cmake_clean_first=False, cmake_force_configure=False, ament_cmake_args=None, catkin_cmake_args=None, catkin_skip_building_tests=False, mixin_files=None, mixin=None, verb_parser=<colcon_mixin.mixin.mixin_argument.MixinArgumentDecorator object at 0xffff7f2ca110>, verb_extension=<colcon_core.verb.build.BuildVerb object at 0xffff7f2c9bd0>, main=<bound method BuildVerb.main of <colcon_core.verb.build.BuildVerb object at 0xffff7f2c9bd0>>, mixin_verb=('build',))
[1.601s] Level 1:colcon.colcon_core.package_discovery:discover_packages(colcon_meta) check parameters
[1.602s] Level 1:colcon.colcon_core.package_discovery:discover_packages(recursive) check parameters
[1.602s] Level 1:colcon.colcon_core.package_discovery:discover_packages(ignore) check parameters
[1.602s] Level 1:colcon.colcon_core.package_discovery:discover_packages(path) check parameters
[1.603s] Level 1:colcon.colcon_core.package_discovery:discover_packages(colcon_meta) discover
[1.603s] Level 1:colcon.colcon_core.package_discovery:discover_packages(recursive) discover
[1.603s] INFO:colcon.colcon_core.package_discovery:Crawling recursively for packages in '/home/name/kd1_ws'
[1.603s] Level 1:colcon.colcon_core.package_identification:_identify(.) by extensions ['ignore', 'ignore_ament_install']
[1.604s] Level 1:colcon.colcon_core.package_identification:_identify(.) by extension 'ignore'
[1.604s] Level 1:colcon.colcon_core.package_identification:_identify(.) by extension 'ignore_ament_install'
[1.604s] Level 1:colcon.colcon_core.package_identification:_identify(.) by extensions ['colcon_pkg']
[1.605s] Level 1:colcon.colcon_core.package_identification:_identify(.) by extension 'colcon_pkg'
[1.605s] Level 1:colcon.colcon_core.package_identification:_identify(.) by extensions ['colcon_meta']
[1.605s] Level 1:colcon.colcon_core.package_identification:_identify(.) by extension 'colcon_meta'
[1.605s] Level 1:colcon.colcon_core.package_identification:_identify(.) by extensions ['ros']
[1.605s] Level 1:colcon.colcon_core.package_identification:_identify(.) by extension 'ros'
[1.690s] Level 1:colcon.colcon_core.package_identification:_identify(.) by extensions ['cmake', 'python']
[1.690s] Level 1:colcon.colcon_core.package_identification:_identify(.) by extension 'cmake'
[1.691s] Level 1:colcon.colcon_core.package_identification:_identify(.) by extension 'python'
[1.691s] Level 1:colcon.colcon_core.package_identification:_identify(.) by extensions ['python_setup_py']
[1.691s] Level 1:colcon.colcon_core.package_identification:_identify(.) by extension 'python_setup_py'
[1.692s] Level 1:colcon.colcon_core.package_identification:_identify(build) by extensions ['ignore', 'ignore_ament_install']
[1.692s] Level 1:colcon.colcon_core.package_identification:_identify(build) by extension 'ignore'
[1.692s] Level 1:colcon.colcon_core.package_identification:_identify(build) ignored
[1.693s] Level 1:colcon.colcon_core.package_identification:_identify(install) by extensions ['ignore', 'ignore_ament_install']
[1.693s] Level 1:colcon.colcon_core.package_identification:_identify(install) by extension 'ignore'
[1.694s] Level 1:colcon.colcon_core.package_identification:_identify(install) ignored
[1.695s] Level 1:colcon.colcon_core.package_identification:_identify(log) by extensions ['ignore', 'ignore_ament_install']
[1.696s] Level 1:colcon.colcon_core.package_identification:_identify(log) by extension 'ignore'
[1.696s] Level 1:colcon.colcon_core.package_identification:_identify(log) ignored
[1.697s] Level 1:colcon.colcon_core.package_identification:_identify(src) by extensions ['ignore', 'ignore_ament_install']
[1.697s] Level 1:colcon.colcon_core.package_identification:_identify(src) by extension 'ignore'
[1.697s] Level 1:colcon.colcon_core.package_identification:_identify(src) by extension 'ignore_ament_install'
[1.697s] Level 1:colcon.colcon_core.package_identification:_identify(src) by extensions ['colcon_pkg']
[1.698s] Level 1:colcon.colcon_core.package_identification:_identify(src) by extension 'colcon_pkg'
[1.698s] Level 1:colcon.colcon_core.package_identification:_identify(src) by extensions ['colcon_meta']
[1.698s] Level 1:colcon.colcon_core.package_identification:_identify(src) by extension 'colcon_meta'
[1.698s] Level 1:colcon.colcon_core.package_identification:_identify(src) by extensions ['ros']
[1.698s] Level 1:colcon.colcon_core.package_identification:_identify(src) by extension 'ros'
[1.698s] Level 1:colcon.colcon_core.package_identification:_identify(src) by extensions ['cmake', 'python']
[1.699s] Level 1:colcon.colcon_core.package_identification:_identify(src) by extension 'cmake'
[1.699s] Level 1:colcon.colcon_core.package_identification:_identify(src) by extension 'python'
[1.699s] Level 1:colcon.colcon_core.package_identification:_identify(src) by extensions ['python_setup_py']
[1.699s] Level 1:colcon.colcon_core.package_identification:_identify(src) by extension 'python_setup_py'
[1.700s] Level 1:colcon.colcon_core.package_identification:_identify(src/custom_interfaces) by extensions ['ignore', 'ignore_ament_install']
[1.700s] Level 1:colcon.colcon_core.package_identification:_identify(src/custom_interfaces) by extension 'ignore'
[1.700s] Level 1:colcon.colcon_core.package_identification:_identify(src/custom_interfaces) by extension 'ignore_ament_install'
[1.700s] Level 1:colcon.colcon_core.package_identification:_identify(src/custom_interfaces) by extensions ['colcon_pkg']
[1.701s] Level 1:colcon.colcon_core.package_identification:_identify(src/custom_interfaces) by extension 'colcon_pkg'
[1.701s] Level 1:colcon.colcon_core.package_identification:_identify(src/custom_interfaces) by extensions ['colcon_meta']
[1.701s] Level 1:colcon.colcon_core.package_identification:_identify(src/custom_interfaces) by extension 'colcon_meta'
[1.701s] Level 1:colcon.colcon_core.package_identification:_identify(src/custom_interfaces) by extensions ['ros']
[1.701s] Level 1:colcon.colcon_core.package_identification:_identify(src/custom_interfaces) by extension 'ros'
[1.710s] DEBUG:colcon.colcon_core.package_identification:Package 'src/custom_interfaces' with type 'ros.ament_cmake' and name 'custom_interfaces'
[1.711s] Level 1:colcon.colcon_core.package_identification:_identify(src/kd1_bringup) by extensions ['ignore', 'ignore_ament_install']
[1.711s] Level 1:colcon.colcon_core.package_identification:_identify(src/kd1_bringup) by extension 'ignore'
[1.712s] Level 1:colcon.colcon_core.package_identification:_identify(src/kd1_bringup) by extension 'ignore_ament_install'
[1.712s] Level 1:colcon.colcon_core.package_identification:_identify(src/kd1_bringup) by extensions ['colcon_pkg']
[1.712s] Level 1:colcon.colcon_core.package_identification:_identify(src/kd1_bringup) by extension 'colcon_pkg'
[1.712s] Level 1:colcon.colcon_core.package_identification:_identify(src/kd1_bringup) by extensions ['colcon_meta']
[1.712s] Level 1:colcon.colcon_core.package_identification:_identify(src/kd1_bringup) by extension 'colcon_meta'
[1.712s] Level 1:colcon.colcon_core.package_identification:_identify(src/kd1_bringup) by extensions ['ros']
[1.713s] Level 1:colcon.colcon_core.package_identification:_identify(src/kd1_bringup) by extension 'ros'
[1.715s] DEBUG:colcon.colcon_core.package_identification:Package 'src/kd1_bringup' with type 'ros.ament_cmake' and name 'kd1_bringup'
[1.716s] Level 1:colcon.colcon_core.package_identification:_identify(src/kd1_central_processing) by extensions ['ignore', 'ignore_ament_install']
[1.716s] Level 1:colcon.colcon_core.package_identification:_identify(src/kd1_central_processing) by extension 'ignore'
[1.716s] Level 1:colcon.colcon_core.package_identification:_identify(src/kd1_central_processing) by extension 'ignore_ament_install'
[1.716s] Level 1:colcon.colcon_core.package_identification:_identify(src/kd1_central_processing) by extensions ['colcon_pkg']
[1.717s] Level 1:colcon.colcon_core.package_identification:_identify(src/kd1_central_processing) by extension 'colcon_pkg'
[1.717s] Level 1:colcon.colcon_core.package_identification:_identify(src/kd1_central_processing) by extensions ['colcon_meta']
[1.717s] Level 1:colcon.colcon_core.package_identification:_identify(src/kd1_central_processing) by extension 'colcon_meta'
[1.717s] Level 1:colcon.colcon_core.package_identification:_identify(src/kd1_central_processing) by extensions ['ros']
[1.717s] Level 1:colcon.colcon_core.package_identification:_identify(src/kd1_central_processing) by extension 'ros'
[1.720s] DEBUG:colcon.colcon_core.package_identification:Package 'src/kd1_central_processing' with type 'ros.ament_python' and name 'kd1_central_processing'
[1.720s] Level 1:colcon.colcon_core.package_identification:_identify(src/kd1_cpp_nodes) by extensions ['ignore', 'ignore_ament_install']
[1.721s] Level 1:colcon.colcon_core.package_identification:_identify(src/kd1_cpp_nodes) by extension 'ignore'
[1.721s] Level 1:colcon.colcon_core.package_identification:_identify(src/kd1_cpp_nodes) by extension 'ignore_ament_install'
[1.721s] Level 1:colcon.colcon_core.package_identification:_identify(src/kd1_cpp_nodes) by extensions ['colcon_pkg']
[1.721s] Level 1:colcon.colcon_core.package_identification:_identify(src/kd1_cpp_nodes) by extension 'colcon_pkg'
[1.722s] Level 1:colcon.colcon_core.package_identification:_identify(src/kd1_cpp_nodes) by extensions ['colcon_meta']
[1.722s] Level 1:colcon.colcon_core.package_identification:_identify(src/kd1_cpp_nodes) by extension 'colcon_meta'
[1.722s] Level 1:colcon.colcon_core.package_identification:_identify(src/kd1_cpp_nodes) by extensions ['ros']
[1.722s] Level 1:colcon.colcon_core.package_identification:_identify(src/kd1_cpp_nodes) by extension 'ros'
[1.725s] DEBUG:colcon.colcon_core.package_identification:Package 'src/kd1_cpp_nodes' with type 'ros.ament_cmake' and name 'kd1_cpp_nodes'
[1.726s] Level 1:colcon.colcon_core.package_identification:_identify(src/kd1_depth) by extensions ['ignore', 'ignore_ament_install']
[1.726s] Level 1:colcon.colcon_core.package_identification:_identify(src/kd1_depth) by extension 'ignore'
[1.726s] Level 1:colcon.colcon_core.package_identification:_identify(src/kd1_depth) by extension 'ignore_ament_install'
[1.726s] Level 1:colcon.colcon_core.package_identification:_identify(src/kd1_depth) by extensions ['colcon_pkg']
[1.727s] Level 1:colcon.colcon_core.package_identification:_identify(src/kd1_depth) by extension 'colcon_pkg'
[1.727s] Level 1:colcon.colcon_core.package_identification:_identify(src/kd1_depth) by extensions ['colcon_meta']
[1.727s] Level 1:colcon.colcon_core.package_identification:_identify(src/kd1_depth) by extension 'colcon_meta'
[1.727s] Level 1:colcon.colcon_core.package_identification:_identify(src/kd1_depth) by extensions ['ros']
[1.727s] Level 1:colcon.colcon_core.package_identification:_identify(src/kd1_depth) by extension 'ros'
[1.730s] DEBUG:colcon.colcon_core.package_identification:Package 'src/kd1_depth' with type 'ros.ament_python' and name 'kd1_depth'
[1.731s] Level 1:colcon.colcon_core.package_identification:_identify(src/kd1_description) by extensions ['ignore', 'ignore_ament_install']
[1.731s] Level 1:colcon.colcon_core.package_identification:_identify(src/kd1_description) by extension 'ignore'
[1.732s] Level 1:colcon.colcon_core.package_identification:_identify(src/kd1_description) by extension 'ignore_ament_install'
[1.732s] Level 1:colcon.colcon_core.package_identification:_identify(src/kd1_description) by extensions ['colcon_pkg']
[1.733s] Level 1:colcon.colcon_core.package_identification:_identify(src/kd1_description) by extension 'colcon_pkg'
[1.733s] Level 1:colcon.colcon_core.package_identification:_identify(src/kd1_description) by extensions ['colcon_meta']
[1.733s] Level 1:colcon.colcon_core.package_identification:_identify(src/kd1_description) by extension 'colcon_meta'
[1.734s] Level 1:colcon.colcon_core.package_identification:_identify(src/kd1_description) by extensions ['ros']
[1.734s] Level 1:colcon.colcon_core.package_identification:_identify(src/kd1_description) by extension 'ros'
[1.737s] DEBUG:colcon.colcon_core.package_identification:Package 'src/kd1_description' with type 'ros.ament_cmake' and name 'kd1_description'
[1.738s] Level 1:colcon.colcon_core.package_identification:_identify(src/kd1_locomotion) by extensions ['ignore', 'ignore_ament_install']
[1.738s] Level 1:colcon.colcon_core.package_identification:_identify(src/kd1_locomotion) by extension 'ignore'
[1.738s] Level 1:colcon.colcon_core.package_identification:_identify(src/kd1_locomotion) by extension 'ignore_ament_install'
[1.739s] Level 1:colcon.colcon_core.package_identification:_identify(src/kd1_locomotion) by extensions ['colcon_pkg']
[1.739s] Level 1:colcon.colcon_core.package_identification:_identify(src/kd1_locomotion) by extension 'colcon_pkg'
[1.739s] Level 1:colcon.colcon_core.package_identification:_identify(src/kd1_locomotion) by extensions ['colcon_meta']
[1.740s] Level 1:colcon.colcon_core.package_identification:_identify(src/kd1_locomotion) by extension 'colcon_meta'
[1.740s] Level 1:colcon.colcon_core.package_identification:_identify(src/kd1_locomotion) by extensions ['ros']
[1.740s] Level 1:colcon.colcon_core.package_identification:_identify(src/kd1_locomotion) by extension 'ros'
[1.743s] DEBUG:colcon.colcon_core.package_identification:Package 'src/kd1_locomotion' with type 'ros.ament_python' and name 'kd1_locomotion'
[1.744s] Level 1:colcon.colcon_core.package_identification:_identify(src/kd1_sensors) by extensions ['ignore', 'ignore_ament_install']
[1.745s] Level 1:colcon.colcon_core.package_identification:_identify(src/kd1_sensors) by extension 'ignore'
[1.745s] Level 1:colcon.colcon_core.package_identification:_identify(src/kd1_sensors) by extension 'ignore_ament_install'
[1.746s] Level 1:colcon.colcon_core.package_identification:_identify(src/kd1_sensors) by extensions ['colcon_pkg']
[1.746s] Level 1:colcon.colcon_core.package_identification:_identify(src/kd1_sensors) by extension 'colcon_pkg'
[1.746s] Level 1:colcon.colcon_core.package_identification:_identify(src/kd1_sensors) by extensions ['colcon_meta']
[1.746s] Level 1:colcon.colcon_core.package_identification:_identify(src/kd1_sensors) by extension 'colcon_meta'
[1.747s] Level 1:colcon.colcon_core.package_identification:_identify(src/kd1_sensors) by extensions ['ros']
[1.747s] Level 1:colcon.colcon_core.package_identification:_identify(src/kd1_sensors) by extension 'ros'
[1.749s] DEBUG:colcon.colcon_core.package_identification:Package 'src/kd1_sensors' with type 'ros.ament_python' and name 'kd1_sensors'
[1.750s] Level 1:colcon.colcon_core.package_identification:_identify(src/kd1_utility_nodes) by extensions ['ignore', 'ignore_ament_install']
[1.750s] Level 1:colcon.colcon_core.package_identification:_identify(src/kd1_utility_nodes) by extension 'ignore'
[1.751s] Level 1:colcon.colcon_core.package_identification:_identify(src/kd1_utility_nodes) by extension 'ignore_ament_install'
[1.751s] Level 1:colcon.colcon_core.package_identification:_identify(src/kd1_utility_nodes) by extensions ['colcon_pkg']
[1.751s] Level 1:colcon.colcon_core.package_identification:_identify(src/kd1_utility_nodes) by extension 'colcon_pkg'
[1.751s] Level 1:colcon.colcon_core.package_identification:_identify(src/kd1_utility_nodes) by extensions ['colcon_meta']
[1.751s] Level 1:colcon.colcon_core.package_identification:_identify(src/kd1_utility_nodes) by extension 'colcon_meta'
[1.752s] Level 1:colcon.colcon_core.package_identification:_identify(src/kd1_utility_nodes) by extensions ['ros']
[1.752s] Level 1:colcon.colcon_core.package_identification:_identify(src/kd1_utility_nodes) by extension 'ros'
[1.754s] DEBUG:colcon.colcon_core.package_identification:Package 'src/kd1_utility_nodes' with type 'ros.ament_python' and name 'kd1_utility_nodes'
[1.754s] Level 1:colcon.colcon_core.package_discovery:discover_packages(recursive) using defaults
[1.755s] Level 1:colcon.colcon_core.package_discovery:discover_packages(ignore) discover
[1.755s] Level 1:colcon.colcon_core.package_discovery:discover_packages(ignore) using defaults
[1.755s] Level 1:colcon.colcon_core.package_discovery:discover_packages(path) discover
[1.755s] Level 1:colcon.colcon_core.package_discovery:discover_packages(path) using defaults
[1.843s] INFO:colcon.colcon_core.package_selection:Skipping not selected package 'custom_interfaces' in 'src/custom_interfaces'
[1.843s] INFO:colcon.colcon_core.package_selection:Skipping not selected package 'kd1_bringup' in 'src/kd1_bringup'
[1.843s] INFO:colcon.colcon_core.package_selection:Skipping not selected package 'kd1_central_processing' in 'src/kd1_central_processing'
[1.843s] INFO:colcon.colcon_core.package_selection:Skipping not selected package 'kd1_depth' in 'src/kd1_depth'
[1.844s] INFO:colcon.colcon_core.package_selection:Skipping not selected package 'kd1_description' in 'src/kd1_description'
[1.844s] INFO:colcon.colcon_core.package_selection:Skipping not selected package 'kd1_locomotion' in 'src/kd1_locomotion'
[1.844s] INFO:colcon.colcon_core.package_selection:Skipping not selected package 'kd1_sensors' in 'src/kd1_sensors'
[1.844s] INFO:colcon.colcon_core.package_selection:Skipping not selected package 'kd1_utility_nodes' in 'src/kd1_utility_nodes'
[1.846s] Level 1:colcon.colcon_core.package_discovery:discover_packages(prefix_path) check parameters
[1.846s] Level 1:colcon.colcon_core.package_discovery:discover_packages(prefix_path) discover
[1.861s] DEBUG:colcon.colcon_installed_package_information.package_discovery:Found 11 installed packages in /home/name/kd1_ws/install
[1.865s] DEBUG:colcon.colcon_installed_package_information.package_discovery:Found 7 installed packages in /home/name/machine2_ws/install
[1.879s] DEBUG:colcon.colcon_installed_package_information.package_discovery:Found 423 installed packages in /opt/ros/humble
[1.892s] Level 1:colcon.colcon_core.package_discovery:discover_packages(prefix_path) using defaults
[2.134s] Level 5:colcon.colcon_core.verb:set package 'kd1_cpp_nodes' build argument 'cmake_args' from command line to 'None'
[2.134s] Level 5:colcon.colcon_core.verb:set package 'kd1_cpp_nodes' build argument 'cmake_target' from command line to 'None'
[2.135s] Level 5:colcon.colcon_core.verb:set package 'kd1_cpp_nodes' build argument 'cmake_target_skip_unavailable' from command line to 'False'
[2.135s] Level 5:colcon.colcon_core.verb:set package 'kd1_cpp_nodes' build argument 'cmake_clean_cache' from command line to 'False'
[2.135s] Level 5:colcon.colcon_core.verb:set package 'kd1_cpp_nodes' build argument 'cmake_clean_first' from command line to 'False'
[2.135s] Level 5:colcon.colcon_core.verb:set package 'kd1_cpp_nodes' build argument 'cmake_force_configure' from command line to 'False'
[2.135s] Level 5:colcon.colcon_core.verb:set package 'kd1_cpp_nodes' build argument 'ament_cmake_args' from command line to 'None'
[2.135s] Level 5:colcon.colcon_core.verb:set package 'kd1_cpp_nodes' build argument 'catkin_cmake_args' from command line to 'None'
[2.135s] Level 5:colcon.colcon_core.verb:set package 'kd1_cpp_nodes' build argument 'catkin_skip_building_tests' from command line to 'False'
[2.135s] DEBUG:colcon.colcon_core.verb:Building package 'kd1_cpp_nodes' with the following arguments: {'ament_cmake_args': None, 'build_base': '/home/name/kd1_ws/build/kd1_cpp_nodes', 'catkin_cmake_args': None, 'catkin_skip_building_tests': False, 'cmake_args': None, 'cmake_clean_cache': False, 'cmake_clean_first': False, 'cmake_force_configure': False, 'cmake_target': None, 'cmake_target_skip_unavailable': False, 'install_base': '/home/name/kd1_ws/install/kd1_cpp_nodes', 'merge_install': False, 'path': '/home/name/kd1_ws/src/kd1_cpp_nodes', 'symlink_install': False, 'test_result_base': None}
[2.136s] INFO:colcon.colcon_core.executor:Executing jobs using 'parallel' executor
[2.140s] DEBUG:colcon.colcon_parallel_executor.executor.parallel:run_until_complete
[2.141s] INFO:colcon.colcon_ros.task.ament_cmake.build:Building ROS package in '/home/name/kd1_ws/src/kd1_cpp_nodes' with build type 'ament_cmake'
[2.141s] INFO:colcon.colcon_cmake.task.cmake.build:Building CMake package in '/home/name/kd1_ws/src/kd1_cpp_nodes'
[2.154s] INFO:colcon.colcon_core.plugin_system:Skipping extension 'colcon_core.shell.bat': Not used on non-Windows systems
[2.154s] INFO:colcon.colcon_core.shell:Skip shell extension 'powershell' for command environment: Not usable outside of PowerShell
[2.155s] DEBUG:colcon.colcon_core.shell:Skip shell extension 'dsv' for command environment
[2.215s] DEBUG:colcon.colcon_core.event_handler.log_command:Invoking command in '/home/name/kd1_ws/build/kd1_cpp_nodes': CMAKE_PREFIX_PATH=${CMAKE_PREFIX_PATH}:/home/name/kd1_ws/install/main_pkg_python:/home/name/kd1_ws/install/kd1_utility_nodes:/home/name/kd1_ws/install/kd1_sensors:/home/name/kd1_ws/install/kd1_locomotion:/home/name/kd1_ws/install/kd1_depth:/home/name/kd1_ws/install/kd1_central_processing:/home/name/machine2_ws/install/machine2_servo_interface:/opt/ros/humble /usr/bin/cmake --build /home/name/kd1_ws/build/kd1_cpp_nodes -- -j4 -l4
[7.886s] DEBUG:colcon.colcon_core.event_handler.log_command:Invoked command in '/home/name/kd1_ws/build/kd1_cpp_nodes' returned '2': CMAKE_PREFIX_PATH=${CMAKE_PREFIX_PATH}:/home/name/kd1_ws/install/main_pkg_python:/home/name/kd1_ws/install/kd1_utility_nodes:/home/name/kd1_ws/install/kd1_sensors:/home/name/kd1_ws/install/kd1_locomotion:/home/name/kd1_ws/install/kd1_depth:/home/name/kd1_ws/install/kd1_central_processing:/home/name/machine2_ws/install/machine2_servo_interface:/opt/ros/humble /usr/bin/cmake --build /home/name/kd1_ws/build/kd1_cpp_nodes -- -j4 -l4
[7.888s] Level 1:colcon.colcon_core.environment:create_environment_scripts_only(kd1_cpp_nodes)
[7.903s] Level 1:colcon.colcon_core.environment:checking '/home/name/kd1_ws/install/kd1_cpp_nodes' for CMake module files
[7.906s] Level 1:colcon.colcon_core.environment:checking '/home/name/kd1_ws/install/kd1_cpp_nodes' for CMake config files
[7.909s] Level 1:colcon.colcon_core.shell:create_environment_hook('kd1_cpp_nodes', 'cmake_prefix_path')
[7.910s] INFO:colcon.colcon_core.shell:Creating environment hook '/home/name/kd1_ws/install/kd1_cpp_nodes/share/kd1_cpp_nodes/hook/cmake_prefix_path.ps1'
[7.913s] INFO:colcon.colcon_core.shell:Creating environment descriptor '/home/name/kd1_ws/install/kd1_cpp_nodes/share/kd1_cpp_nodes/hook/cmake_prefix_path.dsv'
[7.915s] INFO:colcon.colcon_core.shell:Creating environment hook '/home/name/kd1_ws/install/kd1_cpp_nodes/share/kd1_cpp_nodes/hook/cmake_prefix_path.sh'
[7.919s] Level 1:colcon.colcon_core.environment:checking '/home/name/kd1_ws/install/kd1_cpp_nodes/lib'
[7.920s] Level 1:colcon.colcon_core.environment:checking '/home/name/kd1_ws/install/kd1_cpp_nodes/bin'
[7.921s] Level 1:colcon.colcon_core.environment:checking '/home/name/kd1_ws/install/kd1_cpp_nodes/lib/pkgconfig/kd1_cpp_nodes.pc'
[7.921s] Level 1:colcon.colcon_core.environment:checking '/home/name/kd1_ws/install/kd1_cpp_nodes/lib/python3.10/site-packages'
[7.922s] Level 1:colcon.colcon_core.environment:checking '/home/name/kd1_ws/install/kd1_cpp_nodes/bin'
[7.924s] INFO:colcon.colcon_core.shell:Creating package script '/home/name/kd1_ws/install/kd1_cpp_nodes/share/kd1_cpp_nodes/package.ps1'
[7.927s] INFO:colcon.colcon_core.shell:Creating package descriptor '/home/name/kd1_ws/install/kd1_cpp_nodes/share/kd1_cpp_nodes/package.dsv'
[7.930s] INFO:colcon.colcon_core.shell:Creating package script '/home/name/kd1_ws/install/kd1_cpp_nodes/share/kd1_cpp_nodes/package.sh'
[7.934s] INFO:colcon.colcon_core.shell:Creating package script '/home/name/kd1_ws/install/kd1_cpp_nodes/share/kd1_cpp_nodes/package.bash'
[7.937s] INFO:colcon.colcon_core.shell:Creating package script '/home/name/kd1_ws/install/kd1_cpp_nodes/share/kd1_cpp_nodes/package.zsh'
[7.941s] Level 1:colcon.colcon_core.environment:create_file_with_runtime_dependencies(/home/name/kd1_ws/install/kd1_cpp_nodes/share/colcon-core/packages/kd1_cpp_nodes)
[7.953s] DEBUG:colcon.colcon_parallel_executor.executor.parallel:closing loop
[7.953s] DEBUG:colcon.colcon_parallel_executor.executor.parallel:loop closed
[7.954s] DEBUG:colcon.colcon_parallel_executor.executor.parallel:run_until_complete finished with '2'
[7.954s] DEBUG:colcon.colcon_core.event_reactor:joining thread
[7.984s] INFO:colcon.colcon_core.plugin_system:Skipping extension 'colcon_notification.desktop_notification.terminal_notifier': Not used on non-Darwin systems
[7.984s] INFO:colcon.colcon_core.plugin_system:Skipping extension 'colcon_notification.desktop_notification.win32': Not used on non-Windows systems
[7.984s] INFO:colcon.colcon_notification.desktop_notification:Sending desktop notification using 'notify2'
[8.026s] DEBUG:colcon.colcon_core.event_reactor:joined thread
[8.027s] INFO:colcon.colcon_core.shell:Creating prefix script '/home/name/kd1_ws/install/local_setup.ps1'
[8.031s] INFO:colcon.colcon_core.shell:Creating prefix util module '/home/name/kd1_ws/install/_local_setup_util_ps1.py'
[8.039s] INFO:colcon.colcon_core.shell:Creating prefix chain script '/home/name/kd1_ws/install/setup.ps1'
[8.051s] INFO:colcon.colcon_core.shell:Creating prefix script '/home/name/kd1_ws/install/local_setup.sh'
[8.053s] INFO:colcon.colcon_core.shell:Creating prefix util module '/home/name/kd1_ws/install/_local_setup_util_sh.py'
[8.056s] INFO:colcon.colcon_core.shell:Creating prefix chain script '/home/name/kd1_ws/install/setup.sh'
[8.066s] INFO:colcon.colcon_core.shell:Creating prefix script '/home/name/kd1_ws/install/local_setup.bash'
[8.068s] INFO:colcon.colcon_core.shell:Creating prefix chain script '/home/name/kd1_ws/install/setup.bash'
[8.078s] INFO:colcon.colcon_core.shell:Creating prefix script '/home/name/kd1_ws/install/local_setup.zsh'
[8.080s] INFO:colcon.colcon_core.shell:Creating prefix chain script '/home/name/kd1_ws/install/setup.zsh'
