[2.074s] Invoking command in '/home/name/kd1_ws/build/kd1_description': CMAKE_PREFIX_PATH=${CMAKE_PREFIX_PATH}:/home/name/kd1_ws/install/main_pkg_python:/home/name/kd1_ws/install/kd1_utility_nodes:/home/name/kd1_ws/install/kd1_sensors:/home/name/kd1_ws/install/kd1_locomotion:/home/name/kd1_ws/install/kd1_central_processing:/home/name/machine2_ws/install/machine2_servo_interface:/home/name/ros2_ws/install/main_pkg:/opt/ros/humble /usr/bin/cmake --build /home/name/kd1_ws/build/kd1_description -- -j4 -l4
[2.454s] Invoked command in '/home/name/kd1_ws/build/kd1_description' returned '0': CMAKE_PREFIX_PATH=${CMAKE_PREFIX_PATH}:/home/name/kd1_ws/install/main_pkg_python:/home/name/kd1_ws/install/kd1_utility_nodes:/home/name/kd1_ws/install/kd1_sensors:/home/name/kd1_ws/install/kd1_locomotion:/home/name/kd1_ws/install/kd1_central_processing:/home/name/machine2_ws/install/machine2_servo_interface:/home/name/ros2_ws/install/main_pkg:/opt/ros/humble /usr/bin/cmake --build /home/name/kd1_ws/build/kd1_description -- -j4 -l4
[2.463s] Invoking command in '/home/name/kd1_ws/build/kd1_description': CMAKE_PREFIX_PATH=${CMAKE_PREFIX_PATH}:/home/name/kd1_ws/install/main_pkg_python:/home/name/kd1_ws/install/kd1_utility_nodes:/home/name/kd1_ws/install/kd1_sensors:/home/name/kd1_ws/install/kd1_locomotion:/home/name/kd1_ws/install/kd1_central_processing:/home/name/machine2_ws/install/machine2_servo_interface:/home/name/ros2_ws/install/main_pkg:/opt/ros/humble /usr/bin/cmake --install /home/name/kd1_ws/build/kd1_description
[2.535s] -- Install configuration: ""
[2.536s] -- Execute custom install script
[2.541s] -- Up-to-date symlink: /home/name/kd1_ws/install/kd1_description/share/kd1_description/urdf/kd1.urdf.xacro
[2.544s] -- Up-to-date symlink: /home/name/kd1_ws/install/kd1_description/share/ament_index/resource_index/package_run_dependencies/kd1_description
[2.546s] -- Up-to-date symlink: /home/name/kd1_ws/install/kd1_description/share/ament_index/resource_index/parent_prefix_path/kd1_description
[2.548s] -- Up-to-date symlink: /home/name/kd1_ws/install/kd1_description/share/kd1_description/environment/ament_prefix_path.sh
[2.549s] -- Up-to-date symlink: /home/name/kd1_ws/install/kd1_description/share/kd1_description/environment/ament_prefix_path.dsv
[2.551s] -- Up-to-date symlink: /home/name/kd1_ws/install/kd1_description/share/kd1_description/environment/path.sh
[2.553s] -- Up-to-date symlink: /home/name/kd1_ws/install/kd1_description/share/kd1_description/environment/path.dsv
[2.555s] -- Up-to-date symlink: /home/name/kd1_ws/install/kd1_description/share/kd1_description/local_setup.bash
[2.559s] -- Up-to-date symlink: /home/name/kd1_ws/install/kd1_description/share/kd1_description/local_setup.sh
[2.562s] -- Up-to-date symlink: /home/name/kd1_ws/install/kd1_description/share/kd1_description/local_setup.zsh
[2.563s] -- Up-to-date symlink: /home/name/kd1_ws/install/kd1_description/share/kd1_description/local_setup.dsv
[2.564s] -- Symlinking: /home/name/kd1_ws/install/kd1_description/share/kd1_description/package.dsv
[2.615s] -- Up-to-date symlink: /home/name/kd1_ws/install/kd1_description/share/ament_index/resource_index/packages/kd1_description
[2.616s] -- Up-to-date symlink: /home/name/kd1_ws/install/kd1_description/share/kd1_description/cmake/kd1_descriptionConfig.cmake
[2.618s] -- Up-to-date symlink: /home/name/kd1_ws/install/kd1_description/share/kd1_description/cmake/kd1_descriptionConfig-version.cmake
[2.621s] -- Up-to-date symlink: /home/name/kd1_ws/install/kd1_description/share/kd1_description/package.xml
[4.330s] Invoked command in '/home/name/kd1_ws/build/kd1_description' returned '0': CMAKE_PREFIX_PATH=${CMAKE_PREFIX_PATH}:/home/name/kd1_ws/install/main_pkg_python:/home/name/kd1_ws/install/kd1_utility_nodes:/home/name/kd1_ws/install/kd1_sensors:/home/name/kd1_ws/install/kd1_locomotion:/home/name/kd1_ws/install/kd1_central_processing:/home/name/machine2_ws/install/machine2_servo_interface:/home/name/ros2_ws/install/main_pkg:/opt/ros/humble /usr/bin/cmake --install /home/name/kd1_ws/build/kd1_description
