[35m[1mConsolidate compiler generated dependencies of target emergency_stop_node[0m
[ 50%] [32mBuilding CXX object CMakeFiles/emergency_stop_node.dir/src/emergency_stop_node.cpp.o[0m
[01m[K/home/name/kd1_ws/src/kd1_cpp_nodes/src/emergency_stop_node.cpp:162:92:[m[K [01;31m[Kerror: [m[K‘[01m[KCancelAllGoals[m[K’ is not a member of ‘[01m[Krclcpp_action::ClientGoalHandle<nav2_msgs::action::NavigateToPose>[m[K’
  162 | ure<rclcpp_action::ClientGoalHandle<nav2_msgs::action::NavigateToPose>::[01;31m[KCancelAllGoals[m[K::Result> cancel_future_;
      |                                                                         [01;31m[K^~~~~~~~~~~~~~[m[K

[01m[K/home/name/kd1_ws/src/kd1_cpp_nodes/src/emergency_stop_node.cpp:162:114:[m[K [01;31m[Kerror: [m[Ktemplate argument 1 is invalid
  162 | entGoalHandle<nav2_msgs::action::NavigateToPose>::CancelAllGoals::Result[01;31m[K>[m[K cancel_future_;
      |                                                                         [01;31m[K^[m[K

[01m[K/home/name/kd1_ws/src/kd1_cpp_nodes/src/emergency_stop_node.cpp:[m[K In member function ‘[01m[Kvoid EmergencyStopNode::emergency_stop()[m[K’:
[01m[K/home/name/kd1_ws/src/kd1_cpp_nodes/src/emergency_stop_node.cpp:91:74:[m[K [01;31m[Kerror: [m[Kcannot convert ‘[01m[Kstd::shared_future<std::shared_ptr<action_msgs::srv::CancelGoal_Response_<std::allocator<void> > > >[m[K’ to ‘[01m[Kint[m[K’ in assignment
   91 |             cancel_future_ = [01;31m[Kcancel_navto_client_->async_cancel_all_goals()[m[K;
      |                              [01;31m[K~~~~~~~~~~~~~~~~~~~~~~~~~~~~~~~~~~~~~~~~~~~~^~[m[K
      |                                                                          [01;31m[K|[m[K
      |                                                                          [01;31m[Kstd::shared_future<std::shared_ptr<action_msgs::srv::CancelGoal_Response_<std::allocator<void> > > >[m[K
[01m[K/home/name/kd1_ws/src/kd1_cpp_nodes/src/emergency_stop_node.cpp:[m[K In member function ‘[01m[Kvoid EmergencyStopNode::check_cancel_future()[m[K’:
[01m[K/home/name/kd1_ws/src/kd1_cpp_nodes/src/emergency_stop_node.cpp:110:29:[m[K [01;31m[Kerror: [m[Krequest for member ‘[01m[Kvalid[m[K’ in ‘[01m[K((EmergencyStopNode*)this)->EmergencyStopNode::cancel_future_[m[K’, which is of non-class type ‘[01m[Kint[m[K’
  110 |         if (!cancel_future_.[01;31m[Kvalid[m[K())
      |                             [01;31m[K^~~~~[m[K
[01m[K/home/name/kd1_ws/src/kd1_cpp_nodes/src/emergency_stop_node.cpp:113:28:[m[K [01;31m[Kerror: [m[Krequest for member ‘[01m[Kwait_for[m[K’ in ‘[01m[K((EmergencyStopNode*)this)->EmergencyStopNode::cancel_future_[m[K’, which is of non-class type ‘[01m[Kint[m[K’
  113 |         if (cancel_future_.[01;31m[Kwait_for[m[K(std::chrono::seconds(0)) == std::future_status::ready)
      |                            [01;31m[K^~~~~~~~[m[K
[01m[K/home/name/kd1_ws/src/kd1_cpp_nodes/src/emergency_stop_node.cpp:117:48:[m[K [01;31m[Kerror: [m[Krequest for member ‘[01m[Kget[m[K’ in ‘[01m[K((EmergencyStopNode*)this)->EmergencyStopNode::cancel_future_[m[K’, which is of non-class type ‘[01m[Kint[m[K’
  117 |                 auto response = cancel_future_.[01;31m[Kget[m[K();
      |                                                [01;31m[K^~~[m[K
gmake[2]: *** [CMakeFiles/emergency_stop_node.dir/build.make:76: CMakeFiles/emergency_stop_node.dir/src/emergency_stop_node.cpp.o] Error 1
gmake[1]: *** [CMakeFiles/Makefile2:137: CMakeFiles/emergency_stop_node.dir/all] Error 2
gmake: *** [Makefile:146: all] Error 2
