[7.021s] Invoking command in '/home/name/kd1_ws/build/kd1_locomotion': PYTHONPATH=/home/name/kd1_ws/build/kd1_locomotion/prefix_override:/usr/lib/python3/dist-packages/colcon_core/task/python/colcon_distutils_commands:/home/name/kd1_ws/install/kd1_locomotion/lib/python3.10/site-packages:${PYTHONPATH} /usr/bin/python3 -W ignore:setup.py install is deprecated -W ignore:easy_install command is deprecated setup.py develop --editable --build-directory /home/name/kd1_ws/build/kd1_locomotion/build --no-deps symlink_data
[9.970s] running develop
[12.396s] running egg_info
[12.398s] writing kd1_locomotion.egg-info/PKG-INFO
[12.401s] writing dependency_links to kd1_locomotion.egg-info/dependency_links.txt
[12.403s] writing entry points to kd1_locomotion.egg-info/entry_points.txt
[12.404s] writing requirements to kd1_locomotion.egg-info/requires.txt
[12.406s] writing top-level names to kd1_locomotion.egg-info/top_level.txt
[12.419s] reading manifest file 'kd1_locomotion.egg-info/SOURCES.txt'
[12.423s] writing manifest file 'kd1_locomotion.egg-info/SOURCES.txt'
[12.434s] running build_ext
[12.435s] Creating /home/name/kd1_ws/install/kd1_locomotion/lib/python3.10/site-packages/kd1-locomotion.egg-link (link to .)
[12.443s] Installing motor_driver_comms_node script to /home/name/kd1_ws/install/kd1_locomotion/lib/kd1_locomotion
[12.444s] Installing moving_robot_node script to /home/name/kd1_ws/install/kd1_locomotion/lib/kd1_locomotion
[12.445s] Installing teleop_node script to /home/name/kd1_ws/install/kd1_locomotion/lib/kd1_locomotion
[12.446s] Installing wheel_encoder_node script to /home/name/kd1_ws/install/kd1_locomotion/lib/kd1_locomotion
[12.447s] Installing wheel_odometry_node script to /home/name/kd1_ws/install/kd1_locomotion/lib/kd1_locomotion
[12.454s] 
[12.455s] Installed /home/name/kd1_ws/build/kd1_locomotion
[12.457s] running symlink_data
[12.681s] Invoked command in '/home/name/kd1_ws/build/kd1_locomotion' returned '0': PYTHONPATH=/home/name/kd1_ws/build/kd1_locomotion/prefix_override:/usr/lib/python3/dist-packages/colcon_core/task/python/colcon_distutils_commands:/home/name/kd1_ws/install/kd1_locomotion/lib/python3.10/site-packages:${PYTHONPATH} /usr/bin/python3 -W ignore:setup.py install is deprecated -W ignore:easy_install command is deprecated setup.py develop --editable --build-directory /home/name/kd1_ws/build/kd1_locomotion/build --no-deps symlink_data
