[4.149s] Invoking command in '/home/name/kd1_ws/build/main_pkg_python': PYTHONPATH=/home/name/kd1_ws/build/main_pkg_python/prefix_override:/usr/lib/python3/dist-packages/colcon_core/task/python/colcon_distutils_commands:/home/name/kd1_ws/install/main_pkg_python/lib/python3.10/site-packages:${PYTHONPATH} /usr/bin/python3 -W ignore:setup.py install is deprecated setup.py develop --editable --build-directory /home/name/kd1_ws/build/main_pkg_python/build --no-deps symlink_data
[5.925s] running develop
[5.928s] /usr/lib/python3/dist-packages/setuptools/command/easy_install.py:158: EasyInstallDeprecationWarning: easy_install command is deprecated. Use build and pip and other standards-based tools.
[5.931s]   warnings.warn(
[7.791s] running egg_info
[7.797s] writing main_pkg_python.egg-info/PKG-INFO
[7.803s] writing dependency_links to main_pkg_python.egg-info/dependency_links.txt
[7.809s] writing entry points to main_pkg_python.egg-info/entry_points.txt
[7.816s] writing requirements to main_pkg_python.egg-info/requires.txt
[7.826s] writing top-level names to main_pkg_python.egg-info/top_level.txt
[7.849s] reading manifest file 'main_pkg_python.egg-info/SOURCES.txt'
[7.869s] writing manifest file 'main_pkg_python.egg-info/SOURCES.txt'
[7.889s] running build_ext
[7.892s] Creating /home/name/kd1_ws/install/main_pkg_python/lib/python3.10/site-packages/main-pkg-python.egg-link (link to .)
[7.905s] Installing central_processing_node script to /home/name/kd1_ws/install/main_pkg_python/lib/main_pkg_python
[7.918s] Installing depth_data_processing_node script to /home/name/kd1_ws/install/main_pkg_python/lib/main_pkg_python
[7.926s] Installing face_animation_node script to /home/name/kd1_ws/install/main_pkg_python/lib/main_pkg_python
[7.934s] Installing human_detection_node script to /home/name/kd1_ws/install/main_pkg_python/lib/main_pkg_python
[7.939s] Installing light_ring_node script to /home/name/kd1_ws/install/main_pkg_python/lib/main_pkg_python
[7.941s] Installing motor_driver_comms_node script to /home/name/kd1_ws/install/main_pkg_python/lib/main_pkg_python
[7.944s] Installing tof_sensors_comms_node script to /home/name/kd1_ws/install/main_pkg_python/lib/main_pkg_python
[7.947s] 
[7.948s] Installed /home/name/kd1_ws/build/main_pkg_python
[7.949s] running symlink_data
[8.344s] Invoked command in '/home/name/kd1_ws/build/main_pkg_python' returned '0': PYTHONPATH=/home/name/kd1_ws/build/main_pkg_python/prefix_override:/usr/lib/python3/dist-packages/colcon_core/task/python/colcon_distutils_commands:/home/name/kd1_ws/install/main_pkg_python/lib/python3.10/site-packages:${PYTHONPATH} /usr/bin/python3 -W ignore:setup.py install is deprecated setup.py develop --editable --build-directory /home/name/kd1_ws/build/main_pkg_python/build --no-deps symlink_data
