[5.053s] Invoking command in '/home/name/kd1_ws/build/main_pkg_python': PYTHONPATH=/home/name/kd1_ws/build/main_pkg_python/prefix_override:/usr/lib/python3/dist-packages/colcon_core/task/python/colcon_distutils_commands:/home/name/kd1_ws/install/main_pkg_python/lib/python3.10/site-packages:${PYTHONPATH} /usr/bin/python3 -W ignore:setup.py install is deprecated setup.py develop --editable --build-directory /home/name/kd1_ws/build/main_pkg_python/build --no-deps symlink_data
[7.506s] running develop
[7.507s] /usr/lib/python3/dist-packages/setuptools/command/easy_install.py:158: EasyInstallDeprecationWarning: easy_install command is deprecated. Use build and pip and other standards-based tools.
[7.508s]   warnings.warn(
[9.630s] running egg_info
[9.632s] writing main_pkg_python.egg-info/PKG-INFO
[9.634s] writing dependency_links to main_pkg_python.egg-info/dependency_links.txt
[9.636s] writing entry points to main_pkg_python.egg-info/entry_points.txt
[9.640s] writing requirements to main_pkg_python.egg-info/requires.txt
[9.646s] writing top-level names to main_pkg_python.egg-info/top_level.txt
[9.652s] reading manifest file 'main_pkg_python.egg-info/SOURCES.txt'
[9.658s] writing manifest file 'main_pkg_python.egg-info/SOURCES.txt'
[9.668s] running build_ext
[9.669s] Creating /home/name/kd1_ws/install/main_pkg_python/lib/python3.10/site-packages/main-pkg-python.egg-link (link to .)
[9.675s] Installing audio_direction_node script to /home/name/kd1_ws/install/main_pkg_python/lib/main_pkg_python
[9.676s] Installing audio_playback_node script to /home/name/kd1_ws/install/main_pkg_python/lib/main_pkg_python
[9.677s] Installing central_processing_node script to /home/name/kd1_ws/install/main_pkg_python/lib/main_pkg_python
[9.678s] Installing depth_data_processing_node script to /home/name/kd1_ws/install/main_pkg_python/lib/main_pkg_python
[9.679s] Installing face_animation_node script to /home/name/kd1_ws/install/main_pkg_python/lib/main_pkg_python
[9.681s] Installing human_detection_node script to /home/name/kd1_ws/install/main_pkg_python/lib/main_pkg_python
[9.682s] Installing imu_node script to /home/name/kd1_ws/install/main_pkg_python/lib/main_pkg_python
[9.684s] Installing light_ring_node script to /home/name/kd1_ws/install/main_pkg_python/lib/main_pkg_python
[9.685s] Installing motor_driver_comms_node script to /home/name/kd1_ws/install/main_pkg_python/lib/main_pkg_python
[9.686s] Installing oak_depthai_node script to /home/name/kd1_ws/install/main_pkg_python/lib/main_pkg_python
[9.687s] Installing tof_sensors_comms_node script to /home/name/kd1_ws/install/main_pkg_python/lib/main_pkg_python
[9.688s] Installing voice_recognition_node script to /home/name/kd1_ws/install/main_pkg_python/lib/main_pkg_python
[9.690s] 
[9.690s] Installed /home/name/kd1_ws/build/main_pkg_python
[9.691s] running symlink_data
[9.873s] Invoked command in '/home/name/kd1_ws/build/main_pkg_python' returned '0': PYTHONPATH=/home/name/kd1_ws/build/main_pkg_python/prefix_override:/usr/lib/python3/dist-packages/colcon_core/task/python/colcon_distutils_commands:/home/name/kd1_ws/install/main_pkg_python/lib/python3.10/site-packages:${PYTHONPATH} /usr/bin/python3 -W ignore:setup.py install is deprecated setup.py develop --editable --build-directory /home/name/kd1_ws/build/main_pkg_python/build --no-deps symlink_data
