[9.301s] Invoking command in '/home/name/kd1_ws/build/kd1_locomotion': PYTHONPATH=/home/name/kd1_ws/build/kd1_locomotion/prefix_override:/usr/lib/python3/dist-packages/colcon_core/task/python/colcon_distutils_commands:/home/name/kd1_ws/install/kd1_locomotion/lib/python3.10/site-packages:${PYTHONPATH} /usr/bin/python3 -W ignore:setup.py install is deprecated -W ignore:easy_install command is deprecated setup.py develop --editable --build-directory /home/name/kd1_ws/build/kd1_locomotion/build --no-deps symlink_data
[13.292s] running develop
[17.268s] running egg_info
[17.274s] writing kd1_locomotion.egg-info/PKG-INFO
[17.276s] writing dependency_links to kd1_locomotion.egg-info/dependency_links.txt
[17.279s] writing entry points to kd1_locomotion.egg-info/entry_points.txt
[17.282s] writing requirements to kd1_locomotion.egg-info/requires.txt
[17.285s] writing top-level names to kd1_locomotion.egg-info/top_level.txt
[17.307s] reading manifest file 'kd1_locomotion.egg-info/SOURCES.txt'
[17.340s] writing manifest file 'kd1_locomotion.egg-info/SOURCES.txt'
[17.358s] running build_ext
[17.359s] Creating /home/name/kd1_ws/install/kd1_locomotion/lib/python3.10/site-packages/kd1-locomotion.egg-link (link to .)
[17.368s] Installing motor_driver_comms_node script to /home/name/kd1_ws/install/kd1_locomotion/lib/kd1_locomotion
[17.370s] Installing moving_robot_node script to /home/name/kd1_ws/install/kd1_locomotion/lib/kd1_locomotion
[17.372s] Installing teleop_node script to /home/name/kd1_ws/install/kd1_locomotion/lib/kd1_locomotion
[17.373s] Installing wheel_encoder_tof_node script to /home/name/kd1_ws/install/kd1_locomotion/lib/kd1_locomotion
[17.380s] Installing wheel_odometry_node script to /home/name/kd1_ws/install/kd1_locomotion/lib/kd1_locomotion
[17.382s] 
[17.393s] Installed /home/name/kd1_ws/build/kd1_locomotion
[17.394s] running symlink_data
[17.624s] Invoked command in '/home/name/kd1_ws/build/kd1_locomotion' returned '0': PYTHONPATH=/home/name/kd1_ws/build/kd1_locomotion/prefix_override:/usr/lib/python3/dist-packages/colcon_core/task/python/colcon_distutils_commands:/home/name/kd1_ws/install/kd1_locomotion/lib/python3.10/site-packages:${PYTHONPATH} /usr/bin/python3 -W ignore:setup.py install is deprecated -W ignore:easy_install command is deprecated setup.py develop --editable --build-directory /home/name/kd1_ws/build/kd1_locomotion/build --no-deps symlink_data
