[5.954s] Invoking command in '/home/name/kd1_ws/build/main_pkg_python': PYTHONPATH=/home/name/kd1_ws/build/main_pkg_python/prefix_override:/usr/lib/python3/dist-packages/colcon_core/task/python/colcon_distutils_commands:/home/name/kd1_ws/install/main_pkg_python/lib/python3.10/site-packages:${PYTHONPATH} /usr/bin/python3 -W ignore:setup.py install is deprecated setup.py develop --uninstall --editable --build-directory /home/name/kd1_ws/build/main_pkg_python/build
[8.085s] running develop
[8.086s] /usr/lib/python3/dist-packages/setuptools/command/easy_install.py:158: EasyInstallDeprecationWarning: easy_install command is deprecated. Use build and pip and other standards-based tools.
[8.087s]   warnings.warn(
[9.856s] Invoked command in '/home/name/kd1_ws/build/main_pkg_python' returned '0': PYTHONPATH=/home/name/kd1_ws/build/main_pkg_python/prefix_override:/usr/lib/python3/dist-packages/colcon_core/task/python/colcon_distutils_commands:/home/name/kd1_ws/install/main_pkg_python/lib/python3.10/site-packages:${PYTHONPATH} /usr/bin/python3 -W ignore:setup.py install is deprecated setup.py develop --uninstall --editable --build-directory /home/name/kd1_ws/build/main_pkg_python/build
[9.865s] Invoking command in '/home/name/kd1_ws/src/main_pkg_python': PYTHONPATH=/home/name/kd1_ws/build/main_pkg_python/prefix_override:/usr/lib/python3/dist-packages/colcon_core/task/python/colcon_distutils_commands:/home/name/kd1_ws/install/main_pkg_python/lib/python3.10/site-packages:${PYTHONPATH} /usr/bin/python3 -W ignore:setup.py install is deprecated setup.py egg_info --egg-base ../../build/main_pkg_python build --build-base /home/name/kd1_ws/build/main_pkg_python/build install --record /home/name/kd1_ws/build/main_pkg_python/install.log --single-version-externally-managed install_data --force
[11.818s] running egg_info
[11.825s] writing ../../build/main_pkg_python/main_pkg_python.egg-info/PKG-INFO
[11.826s] writing dependency_links to ../../build/main_pkg_python/main_pkg_python.egg-info/dependency_links.txt
[11.826s] writing entry points to ../../build/main_pkg_python/main_pkg_python.egg-info/entry_points.txt
[11.827s] writing requirements to ../../build/main_pkg_python/main_pkg_python.egg-info/requires.txt
[11.828s] writing top-level names to ../../build/main_pkg_python/main_pkg_python.egg-info/top_level.txt
[11.836s] reading manifest file '../../build/main_pkg_python/main_pkg_python.egg-info/SOURCES.txt'
[11.845s] writing manifest file '../../build/main_pkg_python/main_pkg_python.egg-info/SOURCES.txt'
[11.846s] running build
[11.850s] running build_py
[11.850s] copying main_pkg_python/face_animation_node.py -> /home/name/kd1_ws/build/main_pkg_python/build/lib/main_pkg_python
[11.851s] running install
[11.861s] running install_lib
[11.861s] creating /home/name/kd1_ws/install/main_pkg_python/lib/python3.10/site-packages/main_pkg_python
[11.863s] copying /home/name/kd1_ws/build/main_pkg_python/build/lib/main_pkg_python/central_processing_node.py -> /home/name/kd1_ws/install/main_pkg_python/lib/python3.10/site-packages/main_pkg_python
[11.866s] copying /home/name/kd1_ws/build/main_pkg_python/build/lib/main_pkg_python/__init__.py -> /home/name/kd1_ws/install/main_pkg_python/lib/python3.10/site-packages/main_pkg_python
[11.866s] copying /home/name/kd1_ws/build/main_pkg_python/build/lib/main_pkg_python/face_animation_node.py -> /home/name/kd1_ws/install/main_pkg_python/lib/python3.10/site-packages/main_pkg_python
[11.867s] copying /home/name/kd1_ws/build/main_pkg_python/build/lib/main_pkg_python/human_detection_node.py -> /home/name/kd1_ws/install/main_pkg_python/lib/python3.10/site-packages/main_pkg_python
[11.867s] byte-compiling /home/name/kd1_ws/install/main_pkg_python/lib/python3.10/site-packages/main_pkg_python/central_processing_node.py to central_processing_node.cpython-310.pyc
[11.868s] byte-compiling /home/name/kd1_ws/install/main_pkg_python/lib/python3.10/site-packages/main_pkg_python/__init__.py to __init__.cpython-310.pyc
[11.869s] byte-compiling /home/name/kd1_ws/install/main_pkg_python/lib/python3.10/site-packages/main_pkg_python/face_animation_node.py to face_animation_node.cpython-310.pyc
[11.873s] byte-compiling /home/name/kd1_ws/install/main_pkg_python/lib/python3.10/site-packages/main_pkg_python/human_detection_node.py to human_detection_node.cpython-310.pyc
[11.877s] running install_data
[11.897s] copying resource/main_pkg_python -> /home/name/kd1_ws/install/main_pkg_python/share/ament_index/resource_index/packages
[11.898s] copying package.xml -> /home/name/kd1_ws/install/main_pkg_python/share/main_pkg_python
[11.899s] running install_egg_info
[11.899s] Copying ../../build/main_pkg_python/main_pkg_python.egg-info to /home/name/kd1_ws/install/main_pkg_python/lib/python3.10/site-packages/main_pkg_python-0.0.0-py3.10.egg-info
[11.905s] running install_scripts
[12.059s] Installing central_processing_node script to /home/name/kd1_ws/install/main_pkg_python/lib/main_pkg_python
[12.063s] Installing face_animation_node script to /home/name/kd1_ws/install/main_pkg_python/lib/main_pkg_python
[12.065s] Installing human_detection_node script to /home/name/kd1_ws/install/main_pkg_python/lib/main_pkg_python
[12.070s] writing list of installed files to '/home/name/kd1_ws/build/main_pkg_python/install.log'
[12.251s] Invoked command in '/home/name/kd1_ws/src/main_pkg_python' returned '0': PYTHONPATH=/home/name/kd1_ws/build/main_pkg_python/prefix_override:/usr/lib/python3/dist-packages/colcon_core/task/python/colcon_distutils_commands:/home/name/kd1_ws/install/main_pkg_python/lib/python3.10/site-packages:${PYTHONPATH} /usr/bin/python3 -W ignore:setup.py install is deprecated setup.py egg_info --egg-base ../../build/main_pkg_python build --build-base /home/name/kd1_ws/build/main_pkg_python/build install --record /home/name/kd1_ws/build/main_pkg_python/install.log --single-version-externally-managed install_data --force
