[8.774s] Invoking command in '/home/name/kd1_ws/build/kd1_utility_nodes': PYTHONPATH=/home/name/kd1_ws/build/kd1_utility_nodes/prefix_override:/usr/lib/python3/dist-packages/colcon_core/task/python/colcon_distutils_commands:/home/name/kd1_ws/install/kd1_utility_nodes/lib/python3.10/site-packages:${PYTHONPATH} /usr/bin/python3 -W ignore:setup.py install is deprecated -W ignore:easy_install command is deprecated setup.py develop --editable --build-directory /home/name/kd1_ws/build/kd1_utility_nodes/build --no-deps symlink_data
[11.906s] running develop
[14.121s] running egg_info
[14.122s] creating kd1_utility_nodes.egg-info
[14.123s] writing kd1_utility_nodes.egg-info/PKG-INFO
[14.128s] writing dependency_links to kd1_utility_nodes.egg-info/dependency_links.txt
[14.129s] writing entry points to kd1_utility_nodes.egg-info/entry_points.txt
[14.129s] writing requirements to kd1_utility_nodes.egg-info/requires.txt
[14.130s] writing top-level names to kd1_utility_nodes.egg-info/top_level.txt
[14.131s] writing manifest file 'kd1_utility_nodes.egg-info/SOURCES.txt'
[14.138s] reading manifest file 'kd1_utility_nodes.egg-info/SOURCES.txt'
[14.142s] writing manifest file 'kd1_utility_nodes.egg-info/SOURCES.txt'
[14.151s] running build_ext
[14.152s] Creating /home/name/kd1_ws/install/kd1_utility_nodes/lib/python3.10/site-packages/kd1-utility-nodes.egg-link (link to .)
[14.157s] Installing audio_playback_node script to /home/name/kd1_ws/install/kd1_utility_nodes/lib/kd1_utility_nodes
[14.159s] Installing face_animation_node script to /home/name/kd1_ws/install/kd1_utility_nodes/lib/kd1_utility_nodes
[14.165s] Installing imu_conversion_node script to /home/name/kd1_ws/install/kd1_utility_nodes/lib/kd1_utility_nodes
[14.171s] Installing light_ring_node script to /home/name/kd1_ws/install/kd1_utility_nodes/lib/kd1_utility_nodes
[14.178s] 
[14.180s] Installed /home/name/kd1_ws/build/kd1_utility_nodes
[14.181s] running symlink_data
[14.185s] creating /home/name/kd1_ws/install/kd1_utility_nodes/share/ament_index
[14.187s] creating /home/name/kd1_ws/install/kd1_utility_nodes/share/ament_index/resource_index
[14.188s] creating /home/name/kd1_ws/install/kd1_utility_nodes/share/ament_index/resource_index/packages
[14.190s] symbolically linking /home/name/kd1_ws/build/kd1_utility_nodes/resource/kd1_utility_nodes -> /home/name/kd1_ws/install/kd1_utility_nodes/share/ament_index/resource_index/packages
[14.193s] symbolically linking /home/name/kd1_ws/build/kd1_utility_nodes/package.xml -> /home/name/kd1_ws/install/kd1_utility_nodes/share/kd1_utility_nodes
[14.380s] Invoked command in '/home/name/kd1_ws/build/kd1_utility_nodes' returned '0': PYTHONPATH=/home/name/kd1_ws/build/kd1_utility_nodes/prefix_override:/usr/lib/python3/dist-packages/colcon_core/task/python/colcon_distutils_commands:/home/name/kd1_ws/install/kd1_utility_nodes/lib/python3.10/site-packages:${PYTHONPATH} /usr/bin/python3 -W ignore:setup.py install is deprecated -W ignore:easy_install command is deprecated setup.py develop --editable --build-directory /home/name/kd1_ws/build/kd1_utility_nodes/build --no-deps symlink_data
