[5.062s] Invoking command in '/home/name/kd1_ws/build/main_pkg_python': PYTHONPATH=/home/name/kd1_ws/build/main_pkg_python/prefix_override:/usr/lib/python3/dist-packages/colcon_core/task/python/colcon_distutils_commands:/home/name/kd1_ws/install/main_pkg_python/lib/python3.10/site-packages:${PYTHONPATH} /usr/bin/python3 -W ignore:setup.py install is deprecated setup.py develop --editable --build-directory /home/name/kd1_ws/build/main_pkg_python/build --no-deps symlink_data --force
[7.406s] running develop
[7.416s] /usr/lib/python3/dist-packages/setuptools/command/easy_install.py:158: EasyInstallDeprecationWarning: easy_install command is deprecated. Use build and pip and other standards-based tools.
[7.417s]   warnings.warn(
[9.746s] running egg_info
[9.747s] writing main_pkg_python.egg-info/PKG-INFO
[9.748s] writing dependency_links to main_pkg_python.egg-info/dependency_links.txt
[9.750s] writing entry points to main_pkg_python.egg-info/entry_points.txt
[9.752s] writing requirements to main_pkg_python.egg-info/requires.txt
[9.753s] writing top-level names to main_pkg_python.egg-info/top_level.txt
[9.763s] reading manifest file 'main_pkg_python.egg-info/SOURCES.txt'
[9.772s] writing manifest file 'main_pkg_python.egg-info/SOURCES.txt'
[9.781s] running build_ext
[9.783s] Creating /home/name/kd1_ws/install/main_pkg_python/lib/python3.10/site-packages/main-pkg-python.egg-link (link to .)
[9.788s] Installing central_processing_node script to /home/name/kd1_ws/install/main_pkg_python/lib/main_pkg_python
[9.789s] Installing face_animation_node script to /home/name/kd1_ws/install/main_pkg_python/lib/main_pkg_python
[9.790s] Installing human_detection_node script to /home/name/kd1_ws/install/main_pkg_python/lib/main_pkg_python
[9.793s] 
[9.794s] Installed /home/name/kd1_ws/build/main_pkg_python
[9.795s] running symlink_data
[9.797s] symbolically linking /home/name/kd1_ws/build/main_pkg_python/resource/main_pkg_python -> /home/name/kd1_ws/install/main_pkg_python/share/ament_index/resource_index/packages
[9.798s] symbolically linking /home/name/kd1_ws/build/main_pkg_python/package.xml -> /home/name/kd1_ws/install/main_pkg_python/share/main_pkg_python
