[0.129s] Invoking command in '/home/name/kd1_ws/build/kd1_bringup': CMAKE_PREFIX_PATH=${CMAKE_PREFIX_PATH}:/home/name/kd1_ws/install/main_pkg_python:/home/name/machine2_ws/install/machine2_servo_interface:/home/name/ros2_ws/install/main_pkg:/opt/ros/humble /usr/bin/cmake --build /home/name/kd1_ws/build/kd1_bringup -- -j4 -l4
[2.522s] Invoked command in '/home/name/kd1_ws/build/kd1_bringup' returned '0': CMAKE_PREFIX_PATH=${CMAKE_PREFIX_PATH}:/home/name/kd1_ws/install/main_pkg_python:/home/name/machine2_ws/install/machine2_servo_interface:/home/name/ros2_ws/install/main_pkg:/opt/ros/humble /usr/bin/cmake --build /home/name/kd1_ws/build/kd1_bringup -- -j4 -l4
[2.640s] Invoking command in '/home/name/kd1_ws/build/kd1_bringup': CMAKE_PREFIX_PATH=${CMAKE_PREFIX_PATH}:/home/name/kd1_ws/install/main_pkg_python:/home/name/machine2_ws/install/machine2_servo_interface:/home/name/ros2_ws/install/main_pkg:/opt/ros/humble /usr/bin/cmake --install /home/name/kd1_ws/build/kd1_bringup
[2.744s] -- Install configuration: ""
[2.758s] -- Execute custom install script
[2.764s] -- Up-to-date symlink: /home/name/kd1_ws/install/kd1_bringup/share/kd1_bringup/launch/kd1.launch.py
[2.767s] -- Up-to-date symlink: /home/name/kd1_ws/install/kd1_bringup/share/ament_index/resource_index/package_run_dependencies/kd1_bringup
[2.776s] -- Up-to-date symlink: /home/name/kd1_ws/install/kd1_bringup/share/ament_index/resource_index/parent_prefix_path/kd1_bringup
[2.780s] -- Up-to-date symlink: /home/name/kd1_ws/install/kd1_bringup/share/kd1_bringup/environment/ament_prefix_path.sh
[2.782s] -- Up-to-date symlink: /home/name/kd1_ws/install/kd1_bringup/share/kd1_bringup/environment/ament_prefix_path.dsv
[2.790s] -- Up-to-date symlink: /home/name/kd1_ws/install/kd1_bringup/share/kd1_bringup/environment/path.sh
[2.792s] -- Up-to-date symlink: /home/name/kd1_ws/install/kd1_bringup/share/kd1_bringup/environment/path.dsv
[2.795s] -- Up-to-date symlink: /home/name/kd1_ws/install/kd1_bringup/share/kd1_bringup/local_setup.bash
[2.797s] -- Up-to-date symlink: /home/name/kd1_ws/install/kd1_bringup/share/kd1_bringup/local_setup.sh
[2.800s] -- Up-to-date symlink: /home/name/kd1_ws/install/kd1_bringup/share/kd1_bringup/local_setup.zsh
[2.803s] -- Up-to-date symlink: /home/name/kd1_ws/install/kd1_bringup/share/kd1_bringup/local_setup.dsv
[2.805s] -- Symlinking: /home/name/kd1_ws/install/kd1_bringup/share/kd1_bringup/package.dsv
[2.881s] -- Up-to-date symlink: /home/name/kd1_ws/install/kd1_bringup/share/ament_index/resource_index/packages/kd1_bringup
[2.882s] -- Up-to-date symlink: /home/name/kd1_ws/install/kd1_bringup/share/kd1_bringup/cmake/kd1_bringupConfig.cmake
[2.883s] -- Up-to-date symlink: /home/name/kd1_ws/install/kd1_bringup/share/kd1_bringup/cmake/kd1_bringupConfig-version.cmake
[2.886s] -- Up-to-date symlink: /home/name/kd1_ws/install/kd1_bringup/share/kd1_bringup/package.xml
[2.901s] Invoked command in '/home/name/kd1_ws/build/kd1_bringup' returned '0': CMAKE_PREFIX_PATH=${CMAKE_PREFIX_PATH}:/home/name/kd1_ws/install/main_pkg_python:/home/name/machine2_ws/install/machine2_servo_interface:/home/name/ros2_ws/install/main_pkg:/opt/ros/humble /usr/bin/cmake --install /home/name/kd1_ws/build/kd1_bringup
