[14.003s] Invoking command in '/home/name/kd1_ws/build/kd1_utility_nodes': PYTHONPATH=/home/name/kd1_ws/build/kd1_utility_nodes/prefix_override:/usr/lib/python3/dist-packages/colcon_core/task/python/colcon_distutils_commands:/home/name/kd1_ws/install/kd1_utility_nodes/lib/python3.10/site-packages:${PYTHONPATH} /usr/bin/python3 -W ignore:setup.py install is deprecated -W ignore:easy_install command is deprecated setup.py develop --editable --build-directory /home/name/kd1_ws/build/kd1_utility_nodes/build --no-deps symlink_data
[20.009s] running develop
[25.784s] running egg_info
[25.789s] writing kd1_utility_nodes.egg-info/PKG-INFO
[25.794s] writing dependency_links to kd1_utility_nodes.egg-info/dependency_links.txt
[25.802s] writing entry points to kd1_utility_nodes.egg-info/entry_points.txt
[25.806s] writing requirements to kd1_utility_nodes.egg-info/requires.txt
[25.809s] writing top-level names to kd1_utility_nodes.egg-info/top_level.txt
[25.818s] reading manifest file 'kd1_utility_nodes.egg-info/SOURCES.txt'
[25.833s] writing manifest file 'kd1_utility_nodes.egg-info/SOURCES.txt'
[25.845s] running build_ext
[25.856s] Creating /home/name/kd1_ws/install/kd1_utility_nodes/lib/python3.10/site-packages/kd1-utility-nodes.egg-link (link to .)
[25.865s] Installing audio_playback_node script to /home/name/kd1_ws/install/kd1_utility_nodes/lib/kd1_utility_nodes
[25.875s] Installing face_animation_node script to /home/name/kd1_ws/install/kd1_utility_nodes/lib/kd1_utility_nodes
[25.885s] Installing imu_conversion_node script to /home/name/kd1_ws/install/kd1_utility_nodes/lib/kd1_utility_nodes
[25.886s] Installing light_ring_node script to /home/name/kd1_ws/install/kd1_utility_nodes/lib/kd1_utility_nodes
[25.909s] 
[25.910s] Installed /home/name/kd1_ws/build/kd1_utility_nodes
[25.910s] running symlink_data
[26.252s] Invoked command in '/home/name/kd1_ws/build/kd1_utility_nodes' returned '0': PYTHONPATH=/home/name/kd1_ws/build/kd1_utility_nodes/prefix_override:/usr/lib/python3/dist-packages/colcon_core/task/python/colcon_distutils_commands:/home/name/kd1_ws/install/kd1_utility_nodes/lib/python3.10/site-packages:${PYTHONPATH} /usr/bin/python3 -W ignore:setup.py install is deprecated -W ignore:easy_install command is deprecated setup.py develop --editable --build-directory /home/name/kd1_ws/build/kd1_utility_nodes/build --no-deps symlink_data
