[8.999s] Invoking command in '/home/name/kd1_ws/build/kd1_utility_nodes': PYTHONPATH=/home/name/kd1_ws/build/kd1_utility_nodes/prefix_override:/usr/lib/python3/dist-packages/colcon_core/task/python/colcon_distutils_commands:/home/name/kd1_ws/install/kd1_utility_nodes/lib/python3.10/site-packages:${PYTHONPATH} /usr/bin/python3 -W ignore:setup.py install is deprecated -W ignore:easy_install command is deprecated setup.py develop --editable --build-directory /home/name/kd1_ws/build/kd1_utility_nodes/build --no-deps symlink_data
[12.197s] running develop
[14.221s] running egg_info
[14.223s] writing kd1_utility_nodes.egg-info/PKG-INFO
[14.225s] writing dependency_links to kd1_utility_nodes.egg-info/dependency_links.txt
[14.227s] writing entry points to kd1_utility_nodes.egg-info/entry_points.txt
[14.228s] writing requirements to kd1_utility_nodes.egg-info/requires.txt
[14.232s] writing top-level names to kd1_utility_nodes.egg-info/top_level.txt
[14.245s] reading manifest file 'kd1_utility_nodes.egg-info/SOURCES.txt'
[14.254s] writing manifest file 'kd1_utility_nodes.egg-info/SOURCES.txt'
[14.268s] running build_ext
[14.269s] Creating /home/name/kd1_ws/install/kd1_utility_nodes/lib/python3.10/site-packages/kd1-utility-nodes.egg-link (link to .)
[14.279s] Installing audio_playback_node script to /home/name/kd1_ws/install/kd1_utility_nodes/lib/kd1_utility_nodes
[14.282s] Installing face_animation_node script to /home/name/kd1_ws/install/kd1_utility_nodes/lib/kd1_utility_nodes
[14.286s] Installing imu_conversion_node script to /home/name/kd1_ws/install/kd1_utility_nodes/lib/kd1_utility_nodes
[14.291s] Installing light_ring_node script to /home/name/kd1_ws/install/kd1_utility_nodes/lib/kd1_utility_nodes
[14.296s] 
[14.296s] Installed /home/name/kd1_ws/build/kd1_utility_nodes
[14.298s] running symlink_data
[14.526s] Invoked command in '/home/name/kd1_ws/build/kd1_utility_nodes' returned '0': PYTHONPATH=/home/name/kd1_ws/build/kd1_utility_nodes/prefix_override:/usr/lib/python3/dist-packages/colcon_core/task/python/colcon_distutils_commands:/home/name/kd1_ws/install/kd1_utility_nodes/lib/python3.10/site-packages:${PYTHONPATH} /usr/bin/python3 -W ignore:setup.py install is deprecated -W ignore:easy_install command is deprecated setup.py develop --editable --build-directory /home/name/kd1_ws/build/kd1_utility_nodes/build --no-deps symlink_data
