[7.322s] Invoking command in '/home/name/kd1_ws/build/kd1_sensors': PYTHONPATH=/home/name/kd1_ws/build/kd1_sensors/prefix_override:/usr/lib/python3/dist-packages/colcon_core/task/python/colcon_distutils_commands:/home/name/kd1_ws/install/kd1_sensors/lib/python3.10/site-packages:${PYTHONPATH} /usr/bin/python3 -W ignore:setup.py install is deprecated -W ignore:easy_install command is deprecated setup.py develop --editable --build-directory /home/name/kd1_ws/build/kd1_sensors/build --no-deps symlink_data
[9.691s] running develop
[11.727s] running egg_info
[11.727s] writing kd1_sensors.egg-info/PKG-INFO
[11.728s] writing dependency_links to kd1_sensors.egg-info/dependency_links.txt
[11.728s] writing entry points to kd1_sensors.egg-info/entry_points.txt
[11.729s] writing requirements to kd1_sensors.egg-info/requires.txt
[11.730s] writing top-level names to kd1_sensors.egg-info/top_level.txt
[11.737s] reading manifest file 'kd1_sensors.egg-info/SOURCES.txt'
[11.742s] writing manifest file 'kd1_sensors.egg-info/SOURCES.txt'
[11.750s] running build_ext
[11.750s] Creating /home/name/kd1_ws/install/kd1_sensors/lib/python3.10/site-packages/kd1-sensors.egg-link (link to .)
[11.756s] Installing audio_direction_node script to /home/name/kd1_ws/install/kd1_sensors/lib/kd1_sensors
[11.757s] Installing oak_depthai_node script to /home/name/kd1_ws/install/kd1_sensors/lib/kd1_sensors
[11.758s] Installing tof_sensors_alert_node script to /home/name/kd1_ws/install/kd1_sensors/lib/kd1_sensors
[11.759s] Installing voice_recognition_node script to /home/name/kd1_ws/install/kd1_sensors/lib/kd1_sensors
[11.761s] 
[11.763s] Installed /home/name/kd1_ws/build/kd1_sensors
[11.764s] running symlink_data
[11.952s] Invoked command in '/home/name/kd1_ws/build/kd1_sensors' returned '0': PYTHONPATH=/home/name/kd1_ws/build/kd1_sensors/prefix_override:/usr/lib/python3/dist-packages/colcon_core/task/python/colcon_distutils_commands:/home/name/kd1_ws/install/kd1_sensors/lib/python3.10/site-packages:${PYTHONPATH} /usr/bin/python3 -W ignore:setup.py install is deprecated -W ignore:easy_install command is deprecated setup.py develop --editable --build-directory /home/name/kd1_ws/build/kd1_sensors/build --no-deps symlink_data
