running develop
running egg_info
creating kd1_navigation.egg-info
writing kd1_navigation.egg-info/PKG-INFO
writing dependency_links to kd1_navigation.egg-info/dependency_links.txt
writing entry points to kd1_navigation.egg-info/entry_points.txt
writing requirements to kd1_navigation.egg-info/requires.txt
writing top-level names to kd1_navigation.egg-info/top_level.txt
writing manifest file 'kd1_navigation.egg-info/SOURCES.txt'
reading manifest file 'kd1_navigation.egg-info/SOURCES.txt'
writing manifest file 'kd1_navigation.egg-info/SOURCES.txt'
running build_ext
Creating /home/name/kd1_ws/install/kd1_navigation/lib/python3.10/site-packages/kd1-navigation.egg-link (link to .)

Installed /home/name/kd1_ws/build/kd1_navigation
running symlink_data
creating /home/name/kd1_ws/install/kd1_navigation/share/ament_index
creating /home/name/kd1_ws/install/kd1_navigation/share/ament_index/resource_index
creating /home/name/kd1_ws/install/kd1_navigation/share/ament_index/resource_index/packages
symbolically linking /home/name/kd1_ws/build/kd1_navigation/resource/kd1_navigation -> /home/name/kd1_ws/install/kd1_navigation/share/ament_index/resource_index/packages
symbolically linking /home/name/kd1_ws/build/kd1_navigation/package.xml -> /home/name/kd1_ws/install/kd1_navigation/share/kd1_navigation
