[0.722s] DEBUG:colcon:Command line arguments: ['/usr/bin/colcon', 'build', '--packages-select', 'kd1_cpp_nodes']
[0.722s] DEBUG:colcon:Parsed command line arguments: Namespace(log_base=None, log_level=None, verb_name='build', build_base='build', install_base='install', merge_install=False, symlink_install=False, test_result_base=None, continue_on_error=False, executor='parallel', parallel_workers=4, event_handlers=None, ignore_user_meta=False, metas=['./colcon.meta'], base_paths=['.'], packages_ignore=None, packages_ignore_regex=None, paths=None, packages_up_to=None, packages_up_to_regex=None, packages_above=None, packages_above_and_dependencies=None, packages_above_depth=None, packages_select_by_dep=None, packages_skip_by_dep=None, packages_skip_up_to=None, packages_select_build_failed=False, packages_skip_build_finished=False, packages_select_test_failures=False, packages_skip_test_passed=False, packages_select=['kd1_cpp_nodes'], packages_skip=None, packages_select_regex=None, packages_skip_regex=None, packages_start=None, packages_end=None, allow_overriding=[], cmake_args=None, cmake_target=None, cmake_target_skip_unavailable=False, cmake_clean_cache=False, cmake_clean_first=False, cmake_force_configure=False, ament_cmake_args=None, catkin_cmake_args=None, catkin_skip_building_tests=False, mixin_files=None, mixin=None, verb_parser=<colcon_mixin.mixin.mixin_argument.MixinArgumentDecorator object at 0xffffb2d6a110>, verb_extension=<colcon_core.verb.build.BuildVerb object at 0xffffb2d69bd0>, main=<bound method BuildVerb.main of <colcon_core.verb.build.BuildVerb object at 0xffffb2d69bd0>>, mixin_verb=('build',))
[1.889s] Level 1:colcon.colcon_core.package_discovery:discover_packages(colcon_meta) check parameters
[1.889s] Level 1:colcon.colcon_core.package_discovery:discover_packages(recursive) check parameters
[1.889s] Level 1:colcon.colcon_core.package_discovery:discover_packages(ignore) check parameters
[1.889s] Level 1:colcon.colcon_core.package_discovery:discover_packages(path) check parameters
[1.890s] Level 1:colcon.colcon_core.package_discovery:discover_packages(colcon_meta) discover
[1.890s] Level 1:colcon.colcon_core.package_discovery:discover_packages(recursive) discover
[1.890s] INFO:colcon.colcon_core.package_discovery:Crawling recursively for packages in '/home/name/kd1_ws'
[1.890s] Level 1:colcon.colcon_core.package_identification:_identify(.) by extensions ['ignore', 'ignore_ament_install']
[1.891s] Level 1:colcon.colcon_core.package_identification:_identify(.) by extension 'ignore'
[1.891s] Level 1:colcon.colcon_core.package_identification:_identify(.) by extension 'ignore_ament_install'
[1.891s] Level 1:colcon.colcon_core.package_identification:_identify(.) by extensions ['colcon_pkg']
[1.892s] Level 1:colcon.colcon_core.package_identification:_identify(.) by extension 'colcon_pkg'
[1.892s] Level 1:colcon.colcon_core.package_identification:_identify(.) by extensions ['colcon_meta']
[1.892s] Level 1:colcon.colcon_core.package_identification:_identify(.) by extension 'colcon_meta'
[1.892s] Level 1:colcon.colcon_core.package_identification:_identify(.) by extensions ['ros']
[1.892s] Level 1:colcon.colcon_core.package_identification:_identify(.) by extension 'ros'
[1.992s] Level 1:colcon.colcon_core.package_identification:_identify(.) by extensions ['cmake', 'python']
[1.993s] Level 1:colcon.colcon_core.package_identification:_identify(.) by extension 'cmake'
[1.993s] Level 1:colcon.colcon_core.package_identification:_identify(.) by extension 'python'
[1.993s] Level 1:colcon.colcon_core.package_identification:_identify(.) by extensions ['python_setup_py']
[1.993s] Level 1:colcon.colcon_core.package_identification:_identify(.) by extension 'python_setup_py'
[1.994s] Level 1:colcon.colcon_core.package_identification:_identify(build) by extensions ['ignore', 'ignore_ament_install']
[1.994s] Level 1:colcon.colcon_core.package_identification:_identify(build) by extension 'ignore'
[1.995s] Level 1:colcon.colcon_core.package_identification:_identify(build) ignored
[1.995s] Level 1:colcon.colcon_core.package_identification:_identify(install) by extensions ['ignore', 'ignore_ament_install']
[1.996s] Level 1:colcon.colcon_core.package_identification:_identify(install) by extension 'ignore'
[1.996s] Level 1:colcon.colcon_core.package_identification:_identify(install) ignored
[1.998s] Level 1:colcon.colcon_core.package_identification:_identify(log) by extensions ['ignore', 'ignore_ament_install']
[1.998s] Level 1:colcon.colcon_core.package_identification:_identify(log) by extension 'ignore'
[1.998s] Level 1:colcon.colcon_core.package_identification:_identify(log) ignored
[1.999s] Level 1:colcon.colcon_core.package_identification:_identify(src) by extensions ['ignore', 'ignore_ament_install']
[1.999s] Level 1:colcon.colcon_core.package_identification:_identify(src) by extension 'ignore'
[1.999s] Level 1:colcon.colcon_core.package_identification:_identify(src) by extension 'ignore_ament_install'
[2.000s] Level 1:colcon.colcon_core.package_identification:_identify(src) by extensions ['colcon_pkg']
[2.000s] Level 1:colcon.colcon_core.package_identification:_identify(src) by extension 'colcon_pkg'
[2.000s] Level 1:colcon.colcon_core.package_identification:_identify(src) by extensions ['colcon_meta']
[2.000s] Level 1:colcon.colcon_core.package_identification:_identify(src) by extension 'colcon_meta'
[2.000s] Level 1:colcon.colcon_core.package_identification:_identify(src) by extensions ['ros']
[2.001s] Level 1:colcon.colcon_core.package_identification:_identify(src) by extension 'ros'
[2.001s] Level 1:colcon.colcon_core.package_identification:_identify(src) by extensions ['cmake', 'python']
[2.001s] Level 1:colcon.colcon_core.package_identification:_identify(src) by extension 'cmake'
[2.001s] Level 1:colcon.colcon_core.package_identification:_identify(src) by extension 'python'
[2.001s] Level 1:colcon.colcon_core.package_identification:_identify(src) by extensions ['python_setup_py']
[2.002s] Level 1:colcon.colcon_core.package_identification:_identify(src) by extension 'python_setup_py'
[2.002s] Level 1:colcon.colcon_core.package_identification:_identify(src/custom_interfaces) by extensions ['ignore', 'ignore_ament_install']
[2.002s] Level 1:colcon.colcon_core.package_identification:_identify(src/custom_interfaces) by extension 'ignore'
[2.003s] Level 1:colcon.colcon_core.package_identification:_identify(src/custom_interfaces) by extension 'ignore_ament_install'
[2.003s] Level 1:colcon.colcon_core.package_identification:_identify(src/custom_interfaces) by extensions ['colcon_pkg']
[2.003s] Level 1:colcon.colcon_core.package_identification:_identify(src/custom_interfaces) by extension 'colcon_pkg'
[2.003s] Level 1:colcon.colcon_core.package_identification:_identify(src/custom_interfaces) by extensions ['colcon_meta']
[2.003s] Level 1:colcon.colcon_core.package_identification:_identify(src/custom_interfaces) by extension 'colcon_meta'
[2.004s] Level 1:colcon.colcon_core.package_identification:_identify(src/custom_interfaces) by extensions ['ros']
[2.004s] Level 1:colcon.colcon_core.package_identification:_identify(src/custom_interfaces) by extension 'ros'
[2.014s] DEBUG:colcon.colcon_core.package_identification:Package 'src/custom_interfaces' with type 'ros.ament_cmake' and name 'custom_interfaces'
[2.015s] Level 1:colcon.colcon_core.package_identification:_identify(src/kd1_bringup) by extensions ['ignore', 'ignore_ament_install']
[2.015s] Level 1:colcon.colcon_core.package_identification:_identify(src/kd1_bringup) by extension 'ignore'
[2.015s] Level 1:colcon.colcon_core.package_identification:_identify(src/kd1_bringup) by extension 'ignore_ament_install'
[2.016s] Level 1:colcon.colcon_core.package_identification:_identify(src/kd1_bringup) by extensions ['colcon_pkg']
[2.016s] Level 1:colcon.colcon_core.package_identification:_identify(src/kd1_bringup) by extension 'colcon_pkg'
[2.016s] Level 1:colcon.colcon_core.package_identification:_identify(src/kd1_bringup) by extensions ['colcon_meta']
[2.016s] Level 1:colcon.colcon_core.package_identification:_identify(src/kd1_bringup) by extension 'colcon_meta'
[2.016s] Level 1:colcon.colcon_core.package_identification:_identify(src/kd1_bringup) by extensions ['ros']
[2.017s] Level 1:colcon.colcon_core.package_identification:_identify(src/kd1_bringup) by extension 'ros'
[2.019s] DEBUG:colcon.colcon_core.package_identification:Package 'src/kd1_bringup' with type 'ros.ament_cmake' and name 'kd1_bringup'
[2.020s] Level 1:colcon.colcon_core.package_identification:_identify(src/kd1_central_processing) by extensions ['ignore', 'ignore_ament_install']
[2.021s] Level 1:colcon.colcon_core.package_identification:_identify(src/kd1_central_processing) by extension 'ignore'
[2.021s] Level 1:colcon.colcon_core.package_identification:_identify(src/kd1_central_processing) by extension 'ignore_ament_install'
[2.022s] Level 1:colcon.colcon_core.package_identification:_identify(src/kd1_central_processing) by extensions ['colcon_pkg']
[2.022s] Level 1:colcon.colcon_core.package_identification:_identify(src/kd1_central_processing) by extension 'colcon_pkg'
[2.022s] Level 1:colcon.colcon_core.package_identification:_identify(src/kd1_central_processing) by extensions ['colcon_meta']
[2.022s] Level 1:colcon.colcon_core.package_identification:_identify(src/kd1_central_processing) by extension 'colcon_meta'
[2.022s] Level 1:colcon.colcon_core.package_identification:_identify(src/kd1_central_processing) by extensions ['ros']
[2.023s] Level 1:colcon.colcon_core.package_identification:_identify(src/kd1_central_processing) by extension 'ros'
[2.026s] DEBUG:colcon.colcon_core.package_identification:Package 'src/kd1_central_processing' with type 'ros.ament_python' and name 'kd1_central_processing'
[2.026s] Level 1:colcon.colcon_core.package_identification:_identify(src/kd1_cpp_nodes) by extensions ['ignore', 'ignore_ament_install']
[2.027s] Level 1:colcon.colcon_core.package_identification:_identify(src/kd1_cpp_nodes) by extension 'ignore'
[2.027s] Level 1:colcon.colcon_core.package_identification:_identify(src/kd1_cpp_nodes) by extension 'ignore_ament_install'
[2.027s] Level 1:colcon.colcon_core.package_identification:_identify(src/kd1_cpp_nodes) by extensions ['colcon_pkg']
[2.027s] Level 1:colcon.colcon_core.package_identification:_identify(src/kd1_cpp_nodes) by extension 'colcon_pkg'
[2.028s] Level 1:colcon.colcon_core.package_identification:_identify(src/kd1_cpp_nodes) by extensions ['colcon_meta']
[2.028s] Level 1:colcon.colcon_core.package_identification:_identify(src/kd1_cpp_nodes) by extension 'colcon_meta'
[2.028s] Level 1:colcon.colcon_core.package_identification:_identify(src/kd1_cpp_nodes) by extensions ['ros']
[2.028s] Level 1:colcon.colcon_core.package_identification:_identify(src/kd1_cpp_nodes) by extension 'ros'
[2.031s] DEBUG:colcon.colcon_core.package_identification:Package 'src/kd1_cpp_nodes' with type 'ros.ament_cmake' and name 'kd1_cpp_nodes'
[2.032s] Level 1:colcon.colcon_core.package_identification:_identify(src/kd1_depth) by extensions ['ignore', 'ignore_ament_install']
[2.032s] Level 1:colcon.colcon_core.package_identification:_identify(src/kd1_depth) by extension 'ignore'
[2.033s] Level 1:colcon.colcon_core.package_identification:_identify(src/kd1_depth) by extension 'ignore_ament_install'
[2.033s] Level 1:colcon.colcon_core.package_identification:_identify(src/kd1_depth) by extensions ['colcon_pkg']
[2.033s] Level 1:colcon.colcon_core.package_identification:_identify(src/kd1_depth) by extension 'colcon_pkg'
[2.033s] Level 1:colcon.colcon_core.package_identification:_identify(src/kd1_depth) by extensions ['colcon_meta']
[2.033s] Level 1:colcon.colcon_core.package_identification:_identify(src/kd1_depth) by extension 'colcon_meta'
[2.034s] Level 1:colcon.colcon_core.package_identification:_identify(src/kd1_depth) by extensions ['ros']
[2.034s] Level 1:colcon.colcon_core.package_identification:_identify(src/kd1_depth) by extension 'ros'
[2.037s] DEBUG:colcon.colcon_core.package_identification:Package 'src/kd1_depth' with type 'ros.ament_python' and name 'kd1_depth'
[2.038s] Level 1:colcon.colcon_core.package_identification:_identify(src/kd1_description) by extensions ['ignore', 'ignore_ament_install']
[2.038s] Level 1:colcon.colcon_core.package_identification:_identify(src/kd1_description) by extension 'ignore'
[2.038s] Level 1:colcon.colcon_core.package_identification:_identify(src/kd1_description) by extension 'ignore_ament_install'
[2.039s] Level 1:colcon.colcon_core.package_identification:_identify(src/kd1_description) by extensions ['colcon_pkg']
[2.039s] Level 1:colcon.colcon_core.package_identification:_identify(src/kd1_description) by extension 'colcon_pkg'
[2.039s] Level 1:colcon.colcon_core.package_identification:_identify(src/kd1_description) by extensions ['colcon_meta']
[2.039s] Level 1:colcon.colcon_core.package_identification:_identify(src/kd1_description) by extension 'colcon_meta'
[2.039s] Level 1:colcon.colcon_core.package_identification:_identify(src/kd1_description) by extensions ['ros']
[2.039s] Level 1:colcon.colcon_core.package_identification:_identify(src/kd1_description) by extension 'ros'
[2.042s] DEBUG:colcon.colcon_core.package_identification:Package 'src/kd1_description' with type 'ros.ament_cmake' and name 'kd1_description'
[2.043s] Level 1:colcon.colcon_core.package_identification:_identify(src/kd1_locomotion) by extensions ['ignore', 'ignore_ament_install']
[2.043s] Level 1:colcon.colcon_core.package_identification:_identify(src/kd1_locomotion) by extension 'ignore'
[2.044s] Level 1:colcon.colcon_core.package_identification:_identify(src/kd1_locomotion) by extension 'ignore_ament_install'
[2.044s] Level 1:colcon.colcon_core.package_identification:_identify(src/kd1_locomotion) by extensions ['colcon_pkg']
[2.044s] Level 1:colcon.colcon_core.package_identification:_identify(src/kd1_locomotion) by extension 'colcon_pkg'
[2.044s] Level 1:colcon.colcon_core.package_identification:_identify(src/kd1_locomotion) by extensions ['colcon_meta']
[2.044s] Level 1:colcon.colcon_core.package_identification:_identify(src/kd1_locomotion) by extension 'colcon_meta'
[2.045s] Level 1:colcon.colcon_core.package_identification:_identify(src/kd1_locomotion) by extensions ['ros']
[2.045s] Level 1:colcon.colcon_core.package_identification:_identify(src/kd1_locomotion) by extension 'ros'
[2.048s] DEBUG:colcon.colcon_core.package_identification:Package 'src/kd1_locomotion' with type 'ros.ament_python' and name 'kd1_locomotion'
[2.049s] Level 1:colcon.colcon_core.package_identification:_identify(src/kd1_sensors) by extensions ['ignore', 'ignore_ament_install']
[2.049s] Level 1:colcon.colcon_core.package_identification:_identify(src/kd1_sensors) by extension 'ignore'
[2.049s] Level 1:colcon.colcon_core.package_identification:_identify(src/kd1_sensors) by extension 'ignore_ament_install'
[2.050s] Level 1:colcon.colcon_core.package_identification:_identify(src/kd1_sensors) by extensions ['colcon_pkg']
[2.050s] Level 1:colcon.colcon_core.package_identification:_identify(src/kd1_sensors) by extension 'colcon_pkg'
[2.050s] Level 1:colcon.colcon_core.package_identification:_identify(src/kd1_sensors) by extensions ['colcon_meta']
[2.050s] Level 1:colcon.colcon_core.package_identification:_identify(src/kd1_sensors) by extension 'colcon_meta'
[2.051s] Level 1:colcon.colcon_core.package_identification:_identify(src/kd1_sensors) by extensions ['ros']
[2.051s] Level 1:colcon.colcon_core.package_identification:_identify(src/kd1_sensors) by extension 'ros'
[2.054s] DEBUG:colcon.colcon_core.package_identification:Package 'src/kd1_sensors' with type 'ros.ament_python' and name 'kd1_sensors'
[2.054s] Level 1:colcon.colcon_core.package_identification:_identify(src/kd1_utility_nodes) by extensions ['ignore', 'ignore_ament_install']
[2.055s] Level 1:colcon.colcon_core.package_identification:_identify(src/kd1_utility_nodes) by extension 'ignore'
[2.055s] Level 1:colcon.colcon_core.package_identification:_identify(src/kd1_utility_nodes) by extension 'ignore_ament_install'
[2.055s] Level 1:colcon.colcon_core.package_identification:_identify(src/kd1_utility_nodes) by extensions ['colcon_pkg']
[2.056s] Level 1:colcon.colcon_core.package_identification:_identify(src/kd1_utility_nodes) by extension 'colcon_pkg'
[2.056s] Level 1:colcon.colcon_core.package_identification:_identify(src/kd1_utility_nodes) by extensions ['colcon_meta']
[2.056s] Level 1:colcon.colcon_core.package_identification:_identify(src/kd1_utility_nodes) by extension 'colcon_meta'
[2.056s] Level 1:colcon.colcon_core.package_identification:_identify(src/kd1_utility_nodes) by extensions ['ros']
[2.056s] Level 1:colcon.colcon_core.package_identification:_identify(src/kd1_utility_nodes) by extension 'ros'
[2.059s] DEBUG:colcon.colcon_core.package_identification:Package 'src/kd1_utility_nodes' with type 'ros.ament_python' and name 'kd1_utility_nodes'
[2.060s] Level 1:colcon.colcon_core.package_discovery:discover_packages(recursive) using defaults
[2.060s] Level 1:colcon.colcon_core.package_discovery:discover_packages(ignore) discover
[2.060s] Level 1:colcon.colcon_core.package_discovery:discover_packages(ignore) using defaults
[2.060s] Level 1:colcon.colcon_core.package_discovery:discover_packages(path) discover
[2.060s] Level 1:colcon.colcon_core.package_discovery:discover_packages(path) using defaults
[2.180s] INFO:colcon.colcon_core.package_selection:Skipping not selected package 'custom_interfaces' in 'src/custom_interfaces'
[2.181s] INFO:colcon.colcon_core.package_selection:Skipping not selected package 'kd1_bringup' in 'src/kd1_bringup'
[2.181s] INFO:colcon.colcon_core.package_selection:Skipping not selected package 'kd1_central_processing' in 'src/kd1_central_processing'
[2.181s] INFO:colcon.colcon_core.package_selection:Skipping not selected package 'kd1_depth' in 'src/kd1_depth'
[2.181s] INFO:colcon.colcon_core.package_selection:Skipping not selected package 'kd1_description' in 'src/kd1_description'
[2.181s] INFO:colcon.colcon_core.package_selection:Skipping not selected package 'kd1_locomotion' in 'src/kd1_locomotion'
[2.181s] INFO:colcon.colcon_core.package_selection:Skipping not selected package 'kd1_sensors' in 'src/kd1_sensors'
[2.181s] INFO:colcon.colcon_core.package_selection:Skipping not selected package 'kd1_utility_nodes' in 'src/kd1_utility_nodes'
[2.184s] Level 1:colcon.colcon_core.package_discovery:discover_packages(prefix_path) check parameters
[2.184s] Level 1:colcon.colcon_core.package_discovery:discover_packages(prefix_path) discover
[2.204s] DEBUG:colcon.colcon_installed_package_information.package_discovery:Found 11 installed packages in /home/name/kd1_ws/install
[2.208s] DEBUG:colcon.colcon_installed_package_information.package_discovery:Found 7 installed packages in /home/name/machine2_ws/install
[2.222s] DEBUG:colcon.colcon_installed_package_information.package_discovery:Found 423 installed packages in /opt/ros/humble
[2.235s] Level 1:colcon.colcon_core.package_discovery:discover_packages(prefix_path) using defaults
[2.486s] Level 5:colcon.colcon_core.verb:set package 'kd1_cpp_nodes' build argument 'cmake_args' from command line to 'None'
[2.486s] Level 5:colcon.colcon_core.verb:set package 'kd1_cpp_nodes' build argument 'cmake_target' from command line to 'None'
[2.486s] Level 5:colcon.colcon_core.verb:set package 'kd1_cpp_nodes' build argument 'cmake_target_skip_unavailable' from command line to 'False'
[2.486s] Level 5:colcon.colcon_core.verb:set package 'kd1_cpp_nodes' build argument 'cmake_clean_cache' from command line to 'False'
[2.487s] Level 5:colcon.colcon_core.verb:set package 'kd1_cpp_nodes' build argument 'cmake_clean_first' from command line to 'False'
[2.487s] Level 5:colcon.colcon_core.verb:set package 'kd1_cpp_nodes' build argument 'cmake_force_configure' from command line to 'False'
[2.487s] Level 5:colcon.colcon_core.verb:set package 'kd1_cpp_nodes' build argument 'ament_cmake_args' from command line to 'None'
[2.487s] Level 5:colcon.colcon_core.verb:set package 'kd1_cpp_nodes' build argument 'catkin_cmake_args' from command line to 'None'
[2.487s] Level 5:colcon.colcon_core.verb:set package 'kd1_cpp_nodes' build argument 'catkin_skip_building_tests' from command line to 'False'
[2.487s] DEBUG:colcon.colcon_core.verb:Building package 'kd1_cpp_nodes' with the following arguments: {'ament_cmake_args': None, 'build_base': '/home/name/kd1_ws/build/kd1_cpp_nodes', 'catkin_cmake_args': None, 'catkin_skip_building_tests': False, 'cmake_args': None, 'cmake_clean_cache': False, 'cmake_clean_first': False, 'cmake_force_configure': False, 'cmake_target': None, 'cmake_target_skip_unavailable': False, 'install_base': '/home/name/kd1_ws/install/kd1_cpp_nodes', 'merge_install': False, 'path': '/home/name/kd1_ws/src/kd1_cpp_nodes', 'symlink_install': False, 'test_result_base': None}
[2.488s] INFO:colcon.colcon_core.executor:Executing jobs using 'parallel' executor
[2.491s] DEBUG:colcon.colcon_parallel_executor.executor.parallel:run_until_complete
[2.493s] INFO:colcon.colcon_ros.task.ament_cmake.build:Building ROS package in '/home/name/kd1_ws/src/kd1_cpp_nodes' with build type 'ament_cmake'
[2.493s] INFO:colcon.colcon_cmake.task.cmake.build:Building CMake package in '/home/name/kd1_ws/src/kd1_cpp_nodes'
[2.510s] INFO:colcon.colcon_core.plugin_system:Skipping extension 'colcon_core.shell.bat': Not used on non-Windows systems
[2.511s] INFO:colcon.colcon_core.shell:Skip shell extension 'powershell' for command environment: Not usable outside of PowerShell
[2.512s] DEBUG:colcon.colcon_core.shell:Skip shell extension 'dsv' for command environment
[2.572s] DEBUG:colcon.colcon_core.event_handler.log_command:Invoking command in '/home/name/kd1_ws/build/kd1_cpp_nodes': CMAKE_PREFIX_PATH=${CMAKE_PREFIX_PATH}:/home/name/kd1_ws/install/main_pkg_python:/home/name/kd1_ws/install/kd1_utility_nodes:/home/name/kd1_ws/install/kd1_sensors:/home/name/kd1_ws/install/kd1_locomotion:/home/name/kd1_ws/install/kd1_depth:/home/name/kd1_ws/install/kd1_central_processing:/home/name/machine2_ws/install/machine2_servo_interface:/opt/ros/humble /usr/bin/cmake --build /home/name/kd1_ws/build/kd1_cpp_nodes -- -j4 -l4
[4.842s] DEBUG:colcon.colcon_core.event_handler.log_command:Invoked command in '/home/name/kd1_ws/build/kd1_cpp_nodes' returned '2': CMAKE_PREFIX_PATH=${CMAKE_PREFIX_PATH}:/home/name/kd1_ws/install/main_pkg_python:/home/name/kd1_ws/install/kd1_utility_nodes:/home/name/kd1_ws/install/kd1_sensors:/home/name/kd1_ws/install/kd1_locomotion:/home/name/kd1_ws/install/kd1_depth:/home/name/kd1_ws/install/kd1_central_processing:/home/name/machine2_ws/install/machine2_servo_interface:/opt/ros/humble /usr/bin/cmake --build /home/name/kd1_ws/build/kd1_cpp_nodes -- -j4 -l4
[4.844s] Level 1:colcon.colcon_core.environment:create_environment_scripts_only(kd1_cpp_nodes)
[4.859s] Level 1:colcon.colcon_core.environment:checking '/home/name/kd1_ws/install/kd1_cpp_nodes' for CMake module files
[4.862s] Level 1:colcon.colcon_core.environment:checking '/home/name/kd1_ws/install/kd1_cpp_nodes' for CMake config files
[4.864s] Level 1:colcon.colcon_core.shell:create_environment_hook('kd1_cpp_nodes', 'cmake_prefix_path')
[4.865s] INFO:colcon.colcon_core.shell:Creating environment hook '/home/name/kd1_ws/install/kd1_cpp_nodes/share/kd1_cpp_nodes/hook/cmake_prefix_path.ps1'
[4.868s] INFO:colcon.colcon_core.shell:Creating environment descriptor '/home/name/kd1_ws/install/kd1_cpp_nodes/share/kd1_cpp_nodes/hook/cmake_prefix_path.dsv'
[4.870s] INFO:colcon.colcon_core.shell:Creating environment hook '/home/name/kd1_ws/install/kd1_cpp_nodes/share/kd1_cpp_nodes/hook/cmake_prefix_path.sh'
[4.874s] Level 1:colcon.colcon_core.environment:checking '/home/name/kd1_ws/install/kd1_cpp_nodes/lib'
[4.875s] Level 1:colcon.colcon_core.environment:checking '/home/name/kd1_ws/install/kd1_cpp_nodes/bin'
[4.876s] Level 1:colcon.colcon_core.environment:checking '/home/name/kd1_ws/install/kd1_cpp_nodes/lib/pkgconfig/kd1_cpp_nodes.pc'
[4.876s] Level 1:colcon.colcon_core.environment:checking '/home/name/kd1_ws/install/kd1_cpp_nodes/lib/python3.10/site-packages'
[4.877s] Level 1:colcon.colcon_core.environment:checking '/home/name/kd1_ws/install/kd1_cpp_nodes/bin'
[4.879s] INFO:colcon.colcon_core.shell:Creating package script '/home/name/kd1_ws/install/kd1_cpp_nodes/share/kd1_cpp_nodes/package.ps1'
[4.882s] INFO:colcon.colcon_core.shell:Creating package descriptor '/home/name/kd1_ws/install/kd1_cpp_nodes/share/kd1_cpp_nodes/package.dsv'
[4.885s] INFO:colcon.colcon_core.shell:Creating package script '/home/name/kd1_ws/install/kd1_cpp_nodes/share/kd1_cpp_nodes/package.sh'
[4.889s] INFO:colcon.colcon_core.shell:Creating package script '/home/name/kd1_ws/install/kd1_cpp_nodes/share/kd1_cpp_nodes/package.bash'
[4.893s] INFO:colcon.colcon_core.shell:Creating package script '/home/name/kd1_ws/install/kd1_cpp_nodes/share/kd1_cpp_nodes/package.zsh'
[4.896s] Level 1:colcon.colcon_core.environment:create_file_with_runtime_dependencies(/home/name/kd1_ws/install/kd1_cpp_nodes/share/colcon-core/packages/kd1_cpp_nodes)
[4.908s] DEBUG:colcon.colcon_parallel_executor.executor.parallel:closing loop
[4.909s] DEBUG:colcon.colcon_parallel_executor.executor.parallel:loop closed
[4.910s] DEBUG:colcon.colcon_parallel_executor.executor.parallel:run_until_complete finished with '2'
[4.910s] DEBUG:colcon.colcon_core.event_reactor:joining thread
[4.940s] INFO:colcon.colcon_core.plugin_system:Skipping extension 'colcon_notification.desktop_notification.terminal_notifier': Not used on non-Darwin systems
[4.940s] INFO:colcon.colcon_core.plugin_system:Skipping extension 'colcon_notification.desktop_notification.win32': Not used on non-Windows systems
[4.941s] INFO:colcon.colcon_notification.desktop_notification:Sending desktop notification using 'notify2'
[4.990s] DEBUG:colcon.colcon_core.event_reactor:joined thread
[4.992s] INFO:colcon.colcon_core.shell:Creating prefix script '/home/name/kd1_ws/install/local_setup.ps1'
[4.997s] INFO:colcon.colcon_core.shell:Creating prefix util module '/home/name/kd1_ws/install/_local_setup_util_ps1.py'
[5.004s] INFO:colcon.colcon_core.shell:Creating prefix chain script '/home/name/kd1_ws/install/setup.ps1'
[5.015s] INFO:colcon.colcon_core.shell:Creating prefix script '/home/name/kd1_ws/install/local_setup.sh'
[5.018s] INFO:colcon.colcon_core.shell:Creating prefix util module '/home/name/kd1_ws/install/_local_setup_util_sh.py'
[5.021s] INFO:colcon.colcon_core.shell:Creating prefix chain script '/home/name/kd1_ws/install/setup.sh'
[5.033s] INFO:colcon.colcon_core.shell:Creating prefix script '/home/name/kd1_ws/install/local_setup.bash'
[5.036s] INFO:colcon.colcon_core.shell:Creating prefix chain script '/home/name/kd1_ws/install/setup.bash'
[5.047s] INFO:colcon.colcon_core.shell:Creating prefix script '/home/name/kd1_ws/install/local_setup.zsh'
[5.050s] INFO:colcon.colcon_core.shell:Creating prefix chain script '/home/name/kd1_ws/install/setup.zsh'
