[0.070s] Invoking command in '/home/name/kd1_ws/build/kd1_cpp_nodes': CMAKE_PREFIX_PATH=${CMAKE_PREFIX_PATH}:/home/name/kd1_ws/install/main_pkg_python:/home/name/kd1_ws/install/kd1_utility_nodes:/home/name/kd1_ws/install/kd1_sensors:/home/name/kd1_ws/install/kd1_locomotion:/home/name/kd1_ws/install/kd1_depth:/home/name/kd1_ws/install/kd1_central_processing:/home/name/machine2_ws/install/machine2_servo_interface:/opt/ros/humble /usr/bin/cmake --build /home/name/kd1_ws/build/kd1_cpp_nodes -- -j4 -l4
[0.298s] [35m[1mConsolidate compiler generated dependencies of target emergency_stop_node[0m
[0.416s] [ 50%] [32mBuilding CXX object CMakeFiles/emergency_stop_node.dir/src/emergency_stop_node.cpp.o[0m
[49.922s] [100%] [32m[1mLinking CXX executable emergency_stop_node[0m
[53.197s] [100%] Built target emergency_stop_node
[53.246s] Invoked command in '/home/name/kd1_ws/build/kd1_cpp_nodes' returned '0': CMAKE_PREFIX_PATH=${CMAKE_PREFIX_PATH}:/home/name/kd1_ws/install/main_pkg_python:/home/name/kd1_ws/install/kd1_utility_nodes:/home/name/kd1_ws/install/kd1_sensors:/home/name/kd1_ws/install/kd1_locomotion:/home/name/kd1_ws/install/kd1_depth:/home/name/kd1_ws/install/kd1_central_processing:/home/name/machine2_ws/install/machine2_servo_interface:/opt/ros/humble /usr/bin/cmake --build /home/name/kd1_ws/build/kd1_cpp_nodes -- -j4 -l4
[53.296s] Invoking command in '/home/name/kd1_ws/build/kd1_cpp_nodes': CMAKE_PREFIX_PATH=${CMAKE_PREFIX_PATH}:/home/name/kd1_ws/install/main_pkg_python:/home/name/kd1_ws/install/kd1_utility_nodes:/home/name/kd1_ws/install/kd1_sensors:/home/name/kd1_ws/install/kd1_locomotion:/home/name/kd1_ws/install/kd1_depth:/home/name/kd1_ws/install/kd1_central_processing:/home/name/machine2_ws/install/machine2_servo_interface:/opt/ros/humble /usr/bin/cmake --install /home/name/kd1_ws/build/kd1_cpp_nodes
[53.330s] -- Install configuration: ""
[53.331s] -- Execute custom install script
[53.333s] -- Up-to-date symlink: /home/name/kd1_ws/install/kd1_cpp_nodes/lib/kd1_cpp_nodes/emergency_stop_node
[53.334s] -- Up-to-date symlink: /home/name/kd1_ws/install/kd1_cpp_nodes/share/ament_index/resource_index/package_run_dependencies/kd1_cpp_nodes
[53.336s] -- Up-to-date symlink: /home/name/kd1_ws/install/kd1_cpp_nodes/share/ament_index/resource_index/parent_prefix_path/kd1_cpp_nodes
[53.336s] -- Up-to-date symlink: /home/name/kd1_ws/install/kd1_cpp_nodes/share/kd1_cpp_nodes/environment/ament_prefix_path.sh
[53.337s] -- Up-to-date symlink: /home/name/kd1_ws/install/kd1_cpp_nodes/share/kd1_cpp_nodes/environment/ament_prefix_path.dsv
[53.339s] -- Up-to-date symlink: /home/name/kd1_ws/install/kd1_cpp_nodes/share/kd1_cpp_nodes/environment/path.sh
[53.340s] -- Up-to-date symlink: /home/name/kd1_ws/install/kd1_cpp_nodes/share/kd1_cpp_nodes/environment/path.dsv
[53.341s] -- Up-to-date symlink: /home/name/kd1_ws/install/kd1_cpp_nodes/share/kd1_cpp_nodes/local_setup.bash
[53.342s] -- Up-to-date symlink: /home/name/kd1_ws/install/kd1_cpp_nodes/share/kd1_cpp_nodes/local_setup.sh
[53.343s] -- Up-to-date symlink: /home/name/kd1_ws/install/kd1_cpp_nodes/share/kd1_cpp_nodes/local_setup.zsh
[53.344s] -- Up-to-date symlink: /home/name/kd1_ws/install/kd1_cpp_nodes/share/kd1_cpp_nodes/local_setup.dsv
[53.344s] -- Symlinking: /home/name/kd1_ws/install/kd1_cpp_nodes/share/kd1_cpp_nodes/package.dsv
[53.387s] -- Up-to-date symlink: /home/name/kd1_ws/install/kd1_cpp_nodes/share/ament_index/resource_index/packages/kd1_cpp_nodes
[53.387s] -- Up-to-date symlink: /home/name/kd1_ws/install/kd1_cpp_nodes/share/kd1_cpp_nodes/cmake/kd1_cpp_nodesConfig.cmake
[53.388s] -- Up-to-date symlink: /home/name/kd1_ws/install/kd1_cpp_nodes/share/kd1_cpp_nodes/cmake/kd1_cpp_nodesConfig-version.cmake
[53.389s] -- Up-to-date symlink: /home/name/kd1_ws/install/kd1_cpp_nodes/share/kd1_cpp_nodes/package.xml
[53.397s] Invoked command in '/home/name/kd1_ws/build/kd1_cpp_nodes' returned '0': CMAKE_PREFIX_PATH=${CMAKE_PREFIX_PATH}:/home/name/kd1_ws/install/main_pkg_python:/home/name/kd1_ws/install/kd1_utility_nodes:/home/name/kd1_ws/install/kd1_sensors:/home/name/kd1_ws/install/kd1_locomotion:/home/name/kd1_ws/install/kd1_depth:/home/name/kd1_ws/install/kd1_central_processing:/home/name/machine2_ws/install/machine2_servo_interface:/opt/ros/humble /usr/bin/cmake --install /home/name/kd1_ws/build/kd1_cpp_nodes
