[10.187s] Invoking command in '/home/name/kd1_ws/build/kd1_sensors': PYTHONPATH=/home/name/kd1_ws/build/kd1_sensors/prefix_override:/usr/lib/python3/dist-packages/colcon_core/task/python/colcon_distutils_commands:/home/name/kd1_ws/install/kd1_sensors/lib/python3.10/site-packages:${PYTHONPATH} /usr/bin/python3 -W ignore:setup.py install is deprecated -W ignore:easy_install command is deprecated setup.py develop --editable --build-directory /home/name/kd1_ws/build/kd1_sensors/build --no-deps symlink_data
[12.869s] running develop
[15.308s] running egg_info
[15.312s] writing kd1_sensors.egg-info/PKG-INFO
[15.316s] writing dependency_links to kd1_sensors.egg-info/dependency_links.txt
[15.320s] writing entry points to kd1_sensors.egg-info/entry_points.txt
[15.324s] writing requirements to kd1_sensors.egg-info/requires.txt
[15.328s] writing top-level names to kd1_sensors.egg-info/top_level.txt
[15.343s] reading manifest file 'kd1_sensors.egg-info/SOURCES.txt'
[15.350s] writing manifest file 'kd1_sensors.egg-info/SOURCES.txt'
[15.364s] running build_ext
[15.367s] Creating /home/name/kd1_ws/install/kd1_sensors/lib/python3.10/site-packages/kd1-sensors.egg-link (link to .)
[15.373s] Installing audio_direction_node script to /home/name/kd1_ws/install/kd1_sensors/lib/kd1_sensors
[15.376s] Installing oak_depthai_node script to /home/name/kd1_ws/install/kd1_sensors/lib/kd1_sensors
[15.378s] Installing tof_sensors_alert_node script to /home/name/kd1_ws/install/kd1_sensors/lib/kd1_sensors
[15.381s] Installing voice_recognition_node script to /home/name/kd1_ws/install/kd1_sensors/lib/kd1_sensors
[15.386s] 
[15.387s] Installed /home/name/kd1_ws/build/kd1_sensors
[15.389s] running symlink_data
[15.660s] Invoked command in '/home/name/kd1_ws/build/kd1_sensors' returned '0': PYTHONPATH=/home/name/kd1_ws/build/kd1_sensors/prefix_override:/usr/lib/python3/dist-packages/colcon_core/task/python/colcon_distutils_commands:/home/name/kd1_ws/install/kd1_sensors/lib/python3.10/site-packages:${PYTHONPATH} /usr/bin/python3 -W ignore:setup.py install is deprecated -W ignore:easy_install command is deprecated setup.py develop --editable --build-directory /home/name/kd1_ws/build/kd1_sensors/build --no-deps symlink_data
