-- Found ament_cmake: 1.3.11 (/opt/ros/humble/share/ament_cmake/cmake)
-- Override CMake install command with custom implementation using symlinks instead of copying resources
-- Found rclcpp: 16.0.12 (/opt/ros/humble/share/rclcpp/cmake)
-- Found rosidl_generator_c: 3.1.6 (/opt/ros/humble/share/rosidl_generator_c/cmake)
-- Found rosidl_adapter: 3.1.6 (/opt/ros/humble/share/rosidl_adapter/cmake)
-- Found rosidl_generator_cpp: 3.1.6 (/opt/ros/humble/share/rosidl_generator_cpp/cmake)
-- Using all available rosidl_typesupport_c: rosidl_typesupport_fastrtps_c;rosidl_typesupport_introspection_c
-- Using all available rosidl_typesupport_cpp: rosidl_typesupport_fastrtps_cpp;rosidl_typesupport_introspection_cpp
-- Found rmw_implementation_cmake: 6.1.2 (/opt/ros/humble/share/rmw_implementation_cmake/cmake)
-- Found rmw_fastrtps_cpp: 6.2.7 (/opt/ros/humble/share/rmw_fastrtps_cpp/cmake)
-- Using RMW implementation 'rmw_fastrtps_cpp' as default
-- Found rclcpp_action: 16.0.12 (/opt/ros/humble/share/rclcpp_action/cmake)
-- Found sensor_msgs: 4.8.0 (/opt/ros/humble/share/sensor_msgs/cmake)
-- Found nav2_msgs: 1.1.18 (/opt/ros/humble/share/nav2_msgs/cmake)
-- Configuring done
-- Generating done
-- Build files have been written to: /home/name/kd1_ws/build/kd1_cpp_nodes
[35m[1mConsolidate compiler generated dependencies of target emergency_stop_node[0m
[ 50%] [32mBuilding CXX object CMakeFiles/emergency_stop_node.dir/src/emergency_stop_node.cpp.o[0m
[100%] [32m[1mLinking CXX executable emergency_stop_node[0m
[100%] Built target emergency_stop_node
-- Install configuration: ""
-- Execute custom install script
-- Symlinking: /home/name/kd1_ws/install/kd1_cpp_nodes/lib/kd1_cpp_nodes/emergency_stop_node
-- Symlinking: /home/name/kd1_ws/install/kd1_cpp_nodes/share/ament_index/resource_index/package_run_dependencies/kd1_cpp_nodes
-- Symlinking: /home/name/kd1_ws/install/kd1_cpp_nodes/share/ament_index/resource_index/parent_prefix_path/kd1_cpp_nodes
-- Symlinking: /home/name/kd1_ws/install/kd1_cpp_nodes/share/kd1_cpp_nodes/environment/ament_prefix_path.sh
-- Symlinking: /home/name/kd1_ws/install/kd1_cpp_nodes/share/kd1_cpp_nodes/environment/ament_prefix_path.dsv
-- Symlinking: /home/name/kd1_ws/install/kd1_cpp_nodes/share/kd1_cpp_nodes/environment/path.sh
-- Symlinking: /home/name/kd1_ws/install/kd1_cpp_nodes/share/kd1_cpp_nodes/environment/path.dsv
-- Symlinking: /home/name/kd1_ws/install/kd1_cpp_nodes/share/kd1_cpp_nodes/local_setup.bash
-- Symlinking: /home/name/kd1_ws/install/kd1_cpp_nodes/share/kd1_cpp_nodes/local_setup.sh
-- Symlinking: /home/name/kd1_ws/install/kd1_cpp_nodes/share/kd1_cpp_nodes/local_setup.zsh
-- Symlinking: /home/name/kd1_ws/install/kd1_cpp_nodes/share/kd1_cpp_nodes/local_setup.dsv
-- Symlinking: /home/name/kd1_ws/install/kd1_cpp_nodes/share/kd1_cpp_nodes/package.dsv
-- Symlinking: /home/name/kd1_ws/install/kd1_cpp_nodes/share/ament_index/resource_index/packages/kd1_cpp_nodes
-- Symlinking: /home/name/kd1_ws/install/kd1_cpp_nodes/share/kd1_cpp_nodes/cmake/kd1_cpp_nodesConfig.cmake
-- Symlinking: /home/name/kd1_ws/install/kd1_cpp_nodes/share/kd1_cpp_nodes/cmake/kd1_cpp_nodesConfig-version.cmake
-- Symlinking: /home/name/kd1_ws/install/kd1_cpp_nodes/share/kd1_cpp_nodes/package.xml
