[0.204s] Invoking command in '/home/name/kd1_ws/build/custom_interfaces': CMAKE_PREFIX_PATH=${CMAKE_PREFIX_PATH}:/home/name/kd1_ws/install/main_pkg_python:/home/name/kd1_ws/install/kd1_utility_nodes:/home/name/kd1_ws/install/kd1_sensors:/home/name/kd1_ws/install/kd1_locomotion:/home/name/kd1_ws/install/kd1_depth:/home/name/kd1_ws/install/kd1_central_processing:/home/name/machine2_ws/install/machine2_servo_interface:/opt/ros/humble /usr/bin/cmake --build /home/name/kd1_ws/build/custom_interfaces -- -j4 -l4
[2.365s] [  1%] Built target custom_interfaces__cpp
[2.368s] [ 12%] Built target custom_interfaces__rosidl_generator_c
[2.368s] [ 12%] Built target ament_cmake_python_symlink_custom_interfaces
[2.369s] [ 23%] Built target custom_interfaces__rosidl_typesupport_fastrtps_cpp
[2.370s] [ 35%] Built target custom_interfaces__rosidl_typesupport_introspection_cpp
[2.370s] [ 46%] Built target custom_interfaces__rosidl_typesupport_cpp
[2.371s] [ 57%] Built target custom_interfaces__rosidl_typesupport_introspection_c
[2.371s] [ 69%] Built target custom_interfaces__rosidl_typesupport_fastrtps_c
[2.371s] [ 80%] Built target custom_interfaces__rosidl_typesupport_c
[2.372s] [ 80%] Built target custom_interfaces
[2.372s] [ 81%] Built target custom_interfaces__py
[2.376s] [ 91%] Built target custom_interfaces__rosidl_generator_py
[2.378s] [ 94%] Built target custom_interfaces__rosidl_typesupport_fastrtps_c__pyext
[2.380s] [ 97%] Built target custom_interfaces__rosidl_typesupport_introspection_c__pyext
[2.381s] [100%] Built target custom_interfaces__rosidl_typesupport_c__pyext
[2.781s] running egg_info
[2.786s] writing custom_interfaces.egg-info/PKG-INFO
[2.791s] writing dependency_links to custom_interfaces.egg-info/dependency_links.txt
[2.797s] writing top-level names to custom_interfaces.egg-info/top_level.txt
[2.817s] reading manifest file 'custom_interfaces.egg-info/SOURCES.txt'
[2.823s] writing manifest file 'custom_interfaces.egg-info/SOURCES.txt'
[3.077s] [100%] Built target ament_cmake_python_build_custom_interfaces_egg
[5.097s] Invoked command in '/home/name/kd1_ws/build/custom_interfaces' returned '0': CMAKE_PREFIX_PATH=${CMAKE_PREFIX_PATH}:/home/name/kd1_ws/install/main_pkg_python:/home/name/kd1_ws/install/kd1_utility_nodes:/home/name/kd1_ws/install/kd1_sensors:/home/name/kd1_ws/install/kd1_locomotion:/home/name/kd1_ws/install/kd1_depth:/home/name/kd1_ws/install/kd1_central_processing:/home/name/machine2_ws/install/machine2_servo_interface:/opt/ros/humble /usr/bin/cmake --build /home/name/kd1_ws/build/custom_interfaces -- -j4 -l4
[5.105s] Invoking command in '/home/name/kd1_ws/build/custom_interfaces': CMAKE_PREFIX_PATH=${CMAKE_PREFIX_PATH}:/home/name/kd1_ws/install/main_pkg_python:/home/name/kd1_ws/install/kd1_utility_nodes:/home/name/kd1_ws/install/kd1_sensors:/home/name/kd1_ws/install/kd1_locomotion:/home/name/kd1_ws/install/kd1_depth:/home/name/kd1_ws/install/kd1_central_processing:/home/name/machine2_ws/install/machine2_servo_interface:/opt/ros/humble /usr/bin/cmake --install /home/name/kd1_ws/build/custom_interfaces
[5.229s] -- Install configuration: ""
[5.230s] -- Execute custom install script
[5.230s] -- Up-to-date symlink: /home/name/kd1_ws/install/custom_interfaces/share/ament_index/resource_index/rosidl_interfaces/custom_interfaces
[5.231s] -- Up-to-date symlink: /home/name/kd1_ws/install/custom_interfaces/include/custom_interfaces/custom_interfaces/msg/detail/detected_person_frame_offset__functions.h
[5.231s] -- Up-to-date symlink: /home/name/kd1_ws/install/custom_interfaces/include/custom_interfaces/custom_interfaces/msg/detail/detected_person_frame_offset__struct.h
[5.232s] -- Up-to-date symlink: /home/name/kd1_ws/install/custom_interfaces/include/custom_interfaces/custom_interfaces/msg/detail/detected_person_frame_offset__type_support.h
[5.245s] -- Up-to-date symlink: /home/name/kd1_ws/install/custom_interfaces/include/custom_interfaces/custom_interfaces/msg/detail/detected_voice_command__functions.h
[5.246s] -- Up-to-date symlink: /home/name/kd1_ws/install/custom_interfaces/include/custom_interfaces/custom_interfaces/msg/detail/detected_voice_command__struct.h
[5.247s] -- Up-to-date symlink: /home/name/kd1_ws/install/custom_interfaces/include/custom_interfaces/custom_interfaces/msg/detail/detected_voice_command__type_support.h
[5.247s] -- Up-to-date symlink: /home/name/kd1_ws/install/custom_interfaces/include/custom_interfaces/custom_interfaces/msg/detail/imu_data__functions.h
[5.248s] -- Up-to-date symlink: /home/name/kd1_ws/install/custom_interfaces/include/custom_interfaces/custom_interfaces/msg/detail/imu_data__struct.h
[5.248s] -- Up-to-date symlink: /home/name/kd1_ws/install/custom_interfaces/include/custom_interfaces/custom_interfaces/msg/detail/imu_data__type_support.h
[5.263s] -- Up-to-date symlink: /home/name/kd1_ws/install/custom_interfaces/include/custom_interfaces/custom_interfaces/msg/detail/move_robot_command__functions.h
[5.271s] -- Up-to-date symlink: /home/name/kd1_ws/install/custom_interfaces/include/custom_interfaces/custom_interfaces/msg/detail/move_robot_command__struct.h
[5.301s] -- Up-to-date symlink: /home/name/kd1_ws/install/custom_interfaces/include/custom_interfaces/custom_interfaces/msg/detail/move_robot_command__type_support.h
[5.302s] -- Up-to-date symlink: /home/name/kd1_ws/install/custom_interfaces/include/custom_interfaces/custom_interfaces/msg/detail/tof_sensor_data__functions.h
[5.303s] -- Up-to-date symlink: /home/name/kd1_ws/install/custom_interfaces/include/custom_interfaces/custom_interfaces/msg/detail/tof_sensor_data__struct.h
[5.305s] -- Up-to-date symlink: /home/name/kd1_ws/install/custom_interfaces/include/custom_interfaces/custom_interfaces/msg/detail/tof_sensor_data__type_support.h
[5.307s] -- Up-to-date symlink: /home/name/kd1_ws/install/custom_interfaces/include/custom_interfaces/custom_interfaces/msg/detected_person_frame_offset.h
[5.308s] -- Up-to-date symlink: /home/name/kd1_ws/install/custom_interfaces/include/custom_interfaces/custom_interfaces/msg/detected_voice_command.h
[5.308s] -- Up-to-date symlink: /home/name/kd1_ws/install/custom_interfaces/include/custom_interfaces/custom_interfaces/msg/imu_data.h
[5.309s] -- Up-to-date symlink: /home/name/kd1_ws/install/custom_interfaces/include/custom_interfaces/custom_interfaces/msg/move_robot_command.h
[5.310s] -- Up-to-date symlink: /home/name/kd1_ws/install/custom_interfaces/include/custom_interfaces/custom_interfaces/msg/rosidl_generator_c__visibility_control.h
[5.310s] -- Up-to-date symlink: /home/name/kd1_ws/install/custom_interfaces/include/custom_interfaces/custom_interfaces/msg/tof_sensor_data.h
[5.311s] -- Up-to-date symlink: /home/name/kd1_ws/install/custom_interfaces/include/custom_interfaces/custom_interfaces/srv/change_face_state.h
[5.312s] -- Up-to-date symlink: /home/name/kd1_ws/install/custom_interfaces/include/custom_interfaces/custom_interfaces/srv/detail/change_face_state__functions.h
[5.319s] -- Up-to-date symlink: /home/name/kd1_ws/install/custom_interfaces/include/custom_interfaces/custom_interfaces/srv/detail/change_face_state__struct.h
[5.320s] -- Up-to-date symlink: /home/name/kd1_ws/install/custom_interfaces/include/custom_interfaces/custom_interfaces/srv/detail/change_face_state__type_support.h
[5.321s] -- Up-to-date symlink: /home/name/kd1_ws/install/custom_interfaces/share/custom_interfaces/environment/library_path.sh
[5.322s] -- Up-to-date symlink: /home/name/kd1_ws/install/custom_interfaces/share/custom_interfaces/environment/library_path.dsv
[5.323s] -- Up-to-date symlink: /home/name/kd1_ws/install/custom_interfaces/include/custom_interfaces/custom_interfaces/msg/detail/detected_person_frame_offset__rosidl_typesupport_fastrtps_c.h
[5.323s] -- Up-to-date symlink: /home/name/kd1_ws/install/custom_interfaces/include/custom_interfaces/custom_interfaces/msg/detail/detected_voice_command__rosidl_typesupport_fastrtps_c.h
[5.324s] -- Up-to-date symlink: /home/name/kd1_ws/install/custom_interfaces/include/custom_interfaces/custom_interfaces/msg/detail/imu_data__rosidl_typesupport_fastrtps_c.h
[5.325s] -- Up-to-date symlink: /home/name/kd1_ws/install/custom_interfaces/include/custom_interfaces/custom_interfaces/msg/detail/move_robot_command__rosidl_typesupport_fastrtps_c.h
[5.325s] -- Up-to-date symlink: /home/name/kd1_ws/install/custom_interfaces/include/custom_interfaces/custom_interfaces/msg/detail/tof_sensor_data__rosidl_typesupport_fastrtps_c.h
[5.326s] -- Up-to-date symlink: /home/name/kd1_ws/install/custom_interfaces/include/custom_interfaces/custom_interfaces/msg/rosidl_typesupport_fastrtps_c__visibility_control.h
[5.326s] -- Up-to-date symlink: /home/name/kd1_ws/install/custom_interfaces/include/custom_interfaces/custom_interfaces/srv/detail/change_face_state__rosidl_typesupport_fastrtps_c.h
[5.327s] -- Up-to-date symlink: /home/name/kd1_ws/install/custom_interfaces/include/custom_interfaces/custom_interfaces/msg/detail/detected_person_frame_offset__rosidl_typesupport_introspection_c.h
[5.327s] -- Up-to-date symlink: /home/name/kd1_ws/install/custom_interfaces/include/custom_interfaces/custom_interfaces/msg/detail/detected_voice_command__rosidl_typesupport_introspection_c.h
[5.328s] -- Up-to-date symlink: /home/name/kd1_ws/install/custom_interfaces/include/custom_interfaces/custom_interfaces/msg/detail/imu_data__rosidl_typesupport_introspection_c.h
[5.367s] -- Up-to-date symlink: /home/name/kd1_ws/install/custom_interfaces/include/custom_interfaces/custom_interfaces/msg/detail/move_robot_command__rosidl_typesupport_introspection_c.h
[5.369s] -- Up-to-date symlink: /home/name/kd1_ws/install/custom_interfaces/include/custom_interfaces/custom_interfaces/msg/detail/tof_sensor_data__rosidl_typesupport_introspection_c.h
[5.370s] -- Up-to-date symlink: /home/name/kd1_ws/install/custom_interfaces/include/custom_interfaces/custom_interfaces/msg/rosidl_typesupport_introspection_c__visibility_control.h
[5.371s] -- Up-to-date symlink: /home/name/kd1_ws/install/custom_interfaces/include/custom_interfaces/custom_interfaces/srv/detail/change_face_state__rosidl_typesupport_introspection_c.h
[5.371s] -- Up-to-date symlink: /home/name/kd1_ws/install/custom_interfaces/include/custom_interfaces/custom_interfaces/msg/detail/detected_person_frame_offset__builder.hpp
[5.372s] -- Up-to-date symlink: /home/name/kd1_ws/install/custom_interfaces/include/custom_interfaces/custom_interfaces/msg/detail/detected_person_frame_offset__struct.hpp
[5.372s] -- Up-to-date symlink: /home/name/kd1_ws/install/custom_interfaces/include/custom_interfaces/custom_interfaces/msg/detail/detected_person_frame_offset__traits.hpp
[5.377s] -- Up-to-date symlink: /home/name/kd1_ws/install/custom_interfaces/include/custom_interfaces/custom_interfaces/msg/detail/detected_person_frame_offset__type_support.hpp
[5.382s] -- Up-to-date symlink: /home/name/kd1_ws/install/custom_interfaces/include/custom_interfaces/custom_interfaces/msg/detail/detected_voice_command__builder.hpp
[5.382s] -- Up-to-date symlink: /home/name/kd1_ws/install/custom_interfaces/include/custom_interfaces/custom_interfaces/msg/detail/detected_voice_command__struct.hpp
[5.383s] -- Up-to-date symlink: /home/name/kd1_ws/install/custom_interfaces/include/custom_interfaces/custom_interfaces/msg/detail/detected_voice_command__traits.hpp
[5.383s] -- Up-to-date symlink: /home/name/kd1_ws/install/custom_interfaces/include/custom_interfaces/custom_interfaces/msg/detail/detected_voice_command__type_support.hpp
[5.390s] -- Up-to-date symlink: /home/name/kd1_ws/install/custom_interfaces/include/custom_interfaces/custom_interfaces/msg/detail/imu_data__builder.hpp
[5.390s] -- Up-to-date symlink: /home/name/kd1_ws/install/custom_interfaces/include/custom_interfaces/custom_interfaces/msg/detail/imu_data__struct.hpp
[5.391s] -- Up-to-date symlink: /home/name/kd1_ws/install/custom_interfaces/include/custom_interfaces/custom_interfaces/msg/detail/imu_data__traits.hpp
[5.408s] -- Up-to-date symlink: /home/name/kd1_ws/install/custom_interfaces/include/custom_interfaces/custom_interfaces/msg/detail/imu_data__type_support.hpp
[5.409s] -- Up-to-date symlink: /home/name/kd1_ws/install/custom_interfaces/include/custom_interfaces/custom_interfaces/msg/detail/move_robot_command__builder.hpp
[5.410s] -- Up-to-date symlink: /home/name/kd1_ws/install/custom_interfaces/include/custom_interfaces/custom_interfaces/msg/detail/move_robot_command__struct.hpp
[5.411s] -- Up-to-date symlink: /home/name/kd1_ws/install/custom_interfaces/include/custom_interfaces/custom_interfaces/msg/detail/move_robot_command__traits.hpp
[5.412s] -- Up-to-date symlink: /home/name/kd1_ws/install/custom_interfaces/include/custom_interfaces/custom_interfaces/msg/detail/move_robot_command__type_support.hpp
[5.413s] -- Up-to-date symlink: /home/name/kd1_ws/install/custom_interfaces/include/custom_interfaces/custom_interfaces/msg/detail/tof_sensor_data__builder.hpp
[5.413s] -- Up-to-date symlink: /home/name/kd1_ws/install/custom_interfaces/include/custom_interfaces/custom_interfaces/msg/detail/tof_sensor_data__struct.hpp
[5.414s] -- Up-to-date symlink: /home/name/kd1_ws/install/custom_interfaces/include/custom_interfaces/custom_interfaces/msg/detail/tof_sensor_data__traits.hpp
[5.414s] -- Up-to-date symlink: /home/name/kd1_ws/install/custom_interfaces/include/custom_interfaces/custom_interfaces/msg/detail/tof_sensor_data__type_support.hpp
[5.415s] -- Up-to-date symlink: /home/name/kd1_ws/install/custom_interfaces/include/custom_interfaces/custom_interfaces/msg/detected_person_frame_offset.hpp
[5.416s] -- Up-to-date symlink: /home/name/kd1_ws/install/custom_interfaces/include/custom_interfaces/custom_interfaces/msg/detected_voice_command.hpp
[5.431s] -- Up-to-date symlink: /home/name/kd1_ws/install/custom_interfaces/include/custom_interfaces/custom_interfaces/msg/imu_data.hpp
[5.432s] -- Up-to-date symlink: /home/name/kd1_ws/install/custom_interfaces/include/custom_interfaces/custom_interfaces/msg/move_robot_command.hpp
[5.432s] -- Up-to-date symlink: /home/name/kd1_ws/install/custom_interfaces/include/custom_interfaces/custom_interfaces/msg/rosidl_generator_cpp__visibility_control.hpp
[5.435s] -- Up-to-date symlink: /home/name/kd1_ws/install/custom_interfaces/include/custom_interfaces/custom_interfaces/msg/tof_sensor_data.hpp
[5.436s] -- Up-to-date symlink: /home/name/kd1_ws/install/custom_interfaces/include/custom_interfaces/custom_interfaces/srv/change_face_state.hpp
[5.436s] -- Up-to-date symlink: /home/name/kd1_ws/install/custom_interfaces/include/custom_interfaces/custom_interfaces/srv/detail/change_face_state__builder.hpp
[5.437s] -- Up-to-date symlink: /home/name/kd1_ws/install/custom_interfaces/include/custom_interfaces/custom_interfaces/srv/detail/change_face_state__struct.hpp
[5.438s] -- Up-to-date symlink: /home/name/kd1_ws/install/custom_interfaces/include/custom_interfaces/custom_interfaces/srv/detail/change_face_state__traits.hpp
[5.438s] -- Up-to-date symlink: /home/name/kd1_ws/install/custom_interfaces/include/custom_interfaces/custom_interfaces/srv/detail/change_face_state__type_support.hpp
[5.439s] -- Up-to-date symlink: /home/name/kd1_ws/install/custom_interfaces/include/custom_interfaces/custom_interfaces/msg/detail/detected_person_frame_offset__rosidl_typesupport_fastrtps_cpp.hpp
[5.439s] -- Up-to-date symlink: /home/name/kd1_ws/install/custom_interfaces/include/custom_interfaces/custom_interfaces/msg/detail/detected_voice_command__rosidl_typesupport_fastrtps_cpp.hpp
[5.440s] -- Up-to-date symlink: /home/name/kd1_ws/install/custom_interfaces/include/custom_interfaces/custom_interfaces/msg/detail/imu_data__rosidl_typesupport_fastrtps_cpp.hpp
[5.440s] -- Up-to-date symlink: /home/name/kd1_ws/install/custom_interfaces/include/custom_interfaces/custom_interfaces/msg/detail/move_robot_command__rosidl_typesupport_fastrtps_cpp.hpp
[5.448s] -- Up-to-date symlink: /home/name/kd1_ws/install/custom_interfaces/include/custom_interfaces/custom_interfaces/msg/detail/tof_sensor_data__rosidl_typesupport_fastrtps_cpp.hpp
[5.449s] -- Up-to-date symlink: /home/name/kd1_ws/install/custom_interfaces/include/custom_interfaces/custom_interfaces/msg/rosidl_typesupport_fastrtps_cpp__visibility_control.h
[5.449s] -- Up-to-date symlink: /home/name/kd1_ws/install/custom_interfaces/include/custom_interfaces/custom_interfaces/srv/detail/change_face_state__rosidl_typesupport_fastrtps_cpp.hpp
[5.450s] -- Up-to-date symlink: /home/name/kd1_ws/install/custom_interfaces/include/custom_interfaces/custom_interfaces/msg/detail/detected_person_frame_offset__rosidl_typesupport_introspection_cpp.hpp
[5.451s] -- Up-to-date symlink: /home/name/kd1_ws/install/custom_interfaces/include/custom_interfaces/custom_interfaces/msg/detail/detected_voice_command__rosidl_typesupport_introspection_cpp.hpp
[5.452s] -- Up-to-date symlink: /home/name/kd1_ws/install/custom_interfaces/include/custom_interfaces/custom_interfaces/msg/detail/imu_data__rosidl_typesupport_introspection_cpp.hpp
[5.461s] -- Up-to-date symlink: /home/name/kd1_ws/install/custom_interfaces/include/custom_interfaces/custom_interfaces/msg/detail/move_robot_command__rosidl_typesupport_introspection_cpp.hpp
[5.462s] -- Up-to-date symlink: /home/name/kd1_ws/install/custom_interfaces/include/custom_interfaces/custom_interfaces/msg/detail/tof_sensor_data__rosidl_typesupport_introspection_cpp.hpp
[5.462s] -- Up-to-date symlink: /home/name/kd1_ws/install/custom_interfaces/include/custom_interfaces/custom_interfaces/srv/detail/change_face_state__rosidl_typesupport_introspection_cpp.hpp
[5.463s] -- Up-to-date symlink: /home/name/kd1_ws/install/custom_interfaces/share/custom_interfaces/environment/pythonpath.sh
[5.465s] -- Up-to-date symlink: /home/name/kd1_ws/install/custom_interfaces/share/custom_interfaces/environment/pythonpath.dsv
[5.465s] -- Up-to-date symlink: /home/name/kd1_ws/install/custom_interfaces/local/lib/python3.10/dist-packages/custom_interfaces-0.0.0-py3.10.egg-info/PKG-INFO
[5.466s] -- Up-to-date symlink: /home/name/kd1_ws/install/custom_interfaces/local/lib/python3.10/dist-packages/custom_interfaces-0.0.0-py3.10.egg-info/SOURCES.txt
[5.467s] -- Up-to-date symlink: /home/name/kd1_ws/install/custom_interfaces/local/lib/python3.10/dist-packages/custom_interfaces-0.0.0-py3.10.egg-info/dependency_links.txt
[5.467s] -- Up-to-date symlink: /home/name/kd1_ws/install/custom_interfaces/local/lib/python3.10/dist-packages/custom_interfaces-0.0.0-py3.10.egg-info/top_level.txt
[5.474s] -- Up-to-date symlink: /home/name/kd1_ws/install/custom_interfaces/local/lib/python3.10/dist-packages/custom_interfaces/__init__.py
[5.477s] -- Up-to-date symlink: /home/name/kd1_ws/install/custom_interfaces/local/lib/python3.10/dist-packages/custom_interfaces/_custom_interfaces_s.ep.rosidl_typesupport_c.c
[5.479s] -- Up-to-date symlink: /home/name/kd1_ws/install/custom_interfaces/local/lib/python3.10/dist-packages/custom_interfaces/_custom_interfaces_s.ep.rosidl_typesupport_fastrtps_c.c
[5.484s] -- Up-to-date symlink: /home/name/kd1_ws/install/custom_interfaces/local/lib/python3.10/dist-packages/custom_interfaces/_custom_interfaces_s.ep.rosidl_typesupport_introspection_c.c
[5.486s] -- Up-to-date symlink: /home/name/kd1_ws/install/custom_interfaces/local/lib/python3.10/dist-packages/custom_interfaces/custom_interfaces_s__rosidl_typesupport_c.cpython-310-aarch64-linux-gnu.so
[5.491s] -- Up-to-date symlink: /home/name/kd1_ws/install/custom_interfaces/local/lib/python3.10/dist-packages/custom_interfaces/custom_interfaces_s__rosidl_typesupport_fastrtps_c.cpython-310-aarch64-linux-gnu.so
[5.494s] -- Up-to-date symlink: /home/name/kd1_ws/install/custom_interfaces/local/lib/python3.10/dist-packages/custom_interfaces/custom_interfaces_s__rosidl_typesupport_introspection_c.cpython-310-aarch64-linux-gnu.so
[5.496s] -- Up-to-date symlink: /home/name/kd1_ws/install/custom_interfaces/local/lib/python3.10/dist-packages/custom_interfaces/libcustom_interfaces__rosidl_generator_py.so
[5.499s] -- Up-to-date symlink: /home/name/kd1_ws/install/custom_interfaces/local/lib/python3.10/dist-packages/custom_interfaces/msg/__init__.py
[5.501s] -- Up-to-date symlink: /home/name/kd1_ws/install/custom_interfaces/local/lib/python3.10/dist-packages/custom_interfaces/msg/_detected_person_frame_offset.py
[5.504s] -- Up-to-date symlink: /home/name/kd1_ws/install/custom_interfaces/local/lib/python3.10/dist-packages/custom_interfaces/msg/_detected_person_frame_offset_s.c
[5.511s] -- Up-to-date symlink: /home/name/kd1_ws/install/custom_interfaces/local/lib/python3.10/dist-packages/custom_interfaces/msg/_detected_voice_command.py
[5.514s] -- Up-to-date symlink: /home/name/kd1_ws/install/custom_interfaces/local/lib/python3.10/dist-packages/custom_interfaces/msg/_detected_voice_command_s.c
[5.517s] -- Up-to-date symlink: /home/name/kd1_ws/install/custom_interfaces/local/lib/python3.10/dist-packages/custom_interfaces/msg/_imu_data.py
[5.523s] -- Up-to-date symlink: /home/name/kd1_ws/install/custom_interfaces/local/lib/python3.10/dist-packages/custom_interfaces/msg/_imu_data_s.c
[5.526s] -- Up-to-date symlink: /home/name/kd1_ws/install/custom_interfaces/local/lib/python3.10/dist-packages/custom_interfaces/msg/_move_robot_command.py
[5.531s] -- Up-to-date symlink: /home/name/kd1_ws/install/custom_interfaces/local/lib/python3.10/dist-packages/custom_interfaces/msg/_move_robot_command_s.c
[5.538s] -- Up-to-date symlink: /home/name/kd1_ws/install/custom_interfaces/local/lib/python3.10/dist-packages/custom_interfaces/msg/_tof_sensor_data.py
[5.541s] -- Up-to-date symlink: /home/name/kd1_ws/install/custom_interfaces/local/lib/python3.10/dist-packages/custom_interfaces/msg/_tof_sensor_data_s.c
[5.544s] -- Up-to-date symlink: /home/name/kd1_ws/install/custom_interfaces/local/lib/python3.10/dist-packages/custom_interfaces/srv/__init__.py
[5.554s] -- Up-to-date symlink: /home/name/kd1_ws/install/custom_interfaces/local/lib/python3.10/dist-packages/custom_interfaces/srv/_change_face_state.py
[5.557s] -- Up-to-date symlink: /home/name/kd1_ws/install/custom_interfaces/local/lib/python3.10/dist-packages/custom_interfaces/srv/_change_face_state_s.c
[5.561s] -- Up-to-date symlink: /home/name/kd1_ws/install/custom_interfaces/local/lib/python3.10/dist-packages/custom_interfaces/custom_interfaces_s__rosidl_typesupport_fastrtps_c.cpython-310-aarch64-linux-gnu.so
[5.566s] -- Up-to-date symlink: /home/name/kd1_ws/install/custom_interfaces/local/lib/python3.10/dist-packages/custom_interfaces/custom_interfaces_s__rosidl_typesupport_introspection_c.cpython-310-aarch64-linux-gnu.so
[5.574s] -- Up-to-date symlink: /home/name/kd1_ws/install/custom_interfaces/local/lib/python3.10/dist-packages/custom_interfaces/custom_interfaces_s__rosidl_typesupport_c.cpython-310-aarch64-linux-gnu.so
[5.578s] -- Up-to-date symlink: /home/name/kd1_ws/install/custom_interfaces/share/custom_interfaces/srv/ChangeFaceState.idl
[5.581s] -- Up-to-date symlink: /home/name/kd1_ws/install/custom_interfaces/share/custom_interfaces/msg/TOFSensorData.idl
[5.587s] -- Up-to-date symlink: /home/name/kd1_ws/install/custom_interfaces/share/custom_interfaces/msg/DetectedPersonFrameOffset.idl
[5.597s] -- Up-to-date symlink: /home/name/kd1_ws/install/custom_interfaces/share/custom_interfaces/msg/IMUData.idl
[5.601s] -- Up-to-date symlink: /home/name/kd1_ws/install/custom_interfaces/share/custom_interfaces/msg/DetectedVoiceCommand.idl
[5.612s] -- Up-to-date symlink: /home/name/kd1_ws/install/custom_interfaces/share/custom_interfaces/msg/MoveRobotCommand.idl
[5.627s] -- Up-to-date symlink: /home/name/kd1_ws/install/custom_interfaces/share/custom_interfaces/srv/ChangeFaceState.srv
[5.631s] -- Up-to-date symlink: /home/name/kd1_ws/install/custom_interfaces/share/custom_interfaces/srv/ChangeFaceState_Request.msg
[5.633s] -- Up-to-date symlink: /home/name/kd1_ws/install/custom_interfaces/share/custom_interfaces/srv/ChangeFaceState_Response.msg
[5.637s] -- Up-to-date symlink: /home/name/kd1_ws/install/custom_interfaces/share/custom_interfaces/msg/TOFSensorData.msg
[5.639s] -- Up-to-date symlink: /home/name/kd1_ws/install/custom_interfaces/share/custom_interfaces/msg/DetectedPersonFrameOffset.msg
[5.642s] -- Up-to-date symlink: /home/name/kd1_ws/install/custom_interfaces/share/custom_interfaces/msg/IMUData.msg
[5.646s] -- Up-to-date symlink: /home/name/kd1_ws/install/custom_interfaces/share/custom_interfaces/msg/DetectedVoiceCommand.msg
[5.649s] -- Up-to-date symlink: /home/name/kd1_ws/install/custom_interfaces/share/custom_interfaces/msg/MoveRobotCommand.msg
[5.655s] -- Up-to-date symlink: /home/name/kd1_ws/install/custom_interfaces/share/ament_index/resource_index/package_run_dependencies/custom_interfaces
[5.659s] -- Up-to-date symlink: /home/name/kd1_ws/install/custom_interfaces/share/ament_index/resource_index/parent_prefix_path/custom_interfaces
[5.662s] -- Up-to-date symlink: /home/name/kd1_ws/install/custom_interfaces/share/custom_interfaces/environment/ament_prefix_path.sh
[5.664s] -- Up-to-date symlink: /home/name/kd1_ws/install/custom_interfaces/share/custom_interfaces/environment/ament_prefix_path.dsv
[5.668s] -- Up-to-date symlink: /home/name/kd1_ws/install/custom_interfaces/share/custom_interfaces/environment/path.sh
[5.679s] -- Up-to-date symlink: /home/name/kd1_ws/install/custom_interfaces/share/custom_interfaces/environment/path.dsv
[5.684s] -- Up-to-date symlink: /home/name/kd1_ws/install/custom_interfaces/share/custom_interfaces/local_setup.bash
[5.686s] -- Up-to-date symlink: /home/name/kd1_ws/install/custom_interfaces/share/custom_interfaces/local_setup.sh
[5.690s] -- Up-to-date symlink: /home/name/kd1_ws/install/custom_interfaces/share/custom_interfaces/local_setup.zsh
[5.692s] -- Up-to-date symlink: /home/name/kd1_ws/install/custom_interfaces/share/custom_interfaces/local_setup.dsv
[5.706s] -- Symlinking: /home/name/kd1_ws/install/custom_interfaces/share/custom_interfaces/package.dsv
[5.801s] -- Up-to-date symlink: /home/name/kd1_ws/install/custom_interfaces/share/ament_index/resource_index/packages/custom_interfaces
[5.802s] -- Up-to-date symlink: /home/name/kd1_ws/install/custom_interfaces/share/custom_interfaces/cmake/rosidl_cmake-extras.cmake
[5.806s] -- Up-to-date symlink: /home/name/kd1_ws/install/custom_interfaces/share/custom_interfaces/cmake/ament_cmake_export_include_directories-extras.cmake
[5.806s] -- Up-to-date symlink: /home/name/kd1_ws/install/custom_interfaces/share/custom_interfaces/cmake/ament_cmake_export_libraries-extras.cmake
[5.809s] -- Up-to-date symlink: /home/name/kd1_ws/install/custom_interfaces/share/custom_interfaces/cmake/ament_cmake_export_targets-extras.cmake
[5.810s] -- Up-to-date symlink: /home/name/kd1_ws/install/custom_interfaces/share/custom_interfaces/cmake/rosidl_cmake_export_typesupport_targets-extras.cmake
[5.811s] -- Up-to-date symlink: /home/name/kd1_ws/install/custom_interfaces/share/custom_interfaces/cmake/ament_cmake_export_dependencies-extras.cmake
[5.815s] -- Up-to-date symlink: /home/name/kd1_ws/install/custom_interfaces/share/custom_interfaces/cmake/rosidl_cmake_export_typesupport_libraries-extras.cmake
[5.818s] -- Up-to-date symlink: /home/name/kd1_ws/install/custom_interfaces/share/custom_interfaces/cmake/custom_interfacesConfig.cmake
[5.820s] -- Up-to-date symlink: /home/name/kd1_ws/install/custom_interfaces/share/custom_interfaces/cmake/custom_interfacesConfig-version.cmake
[5.821s] -- Up-to-date symlink: /home/name/kd1_ws/install/custom_interfaces/share/custom_interfaces/package.xml
[5.821s] -- Up-to-date: /home/name/kd1_ws/install/custom_interfaces/lib/libcustom_interfaces__rosidl_generator_c.so
[5.831s] -- Up-to-date: /home/name/kd1_ws/install/custom_interfaces/lib/libcustom_interfaces__rosidl_typesupport_fastrtps_c.so
[5.837s] -- Up-to-date: /home/name/kd1_ws/install/custom_interfaces/lib/libcustom_interfaces__rosidl_typesupport_introspection_c.so
[5.840s] -- Up-to-date: /home/name/kd1_ws/install/custom_interfaces/lib/libcustom_interfaces__rosidl_typesupport_c.so
[5.851s] -- Up-to-date: /home/name/kd1_ws/install/custom_interfaces/lib/libcustom_interfaces__rosidl_typesupport_fastrtps_cpp.so
[5.861s] -- Up-to-date: /home/name/kd1_ws/install/custom_interfaces/lib/libcustom_interfaces__rosidl_typesupport_introspection_cpp.so
[5.871s] -- Up-to-date: /home/name/kd1_ws/install/custom_interfaces/lib/libcustom_interfaces__rosidl_typesupport_cpp.so
[6.429s] Listing '/home/name/kd1_ws/install/custom_interfaces/local/lib/python3.10/dist-packages/custom_interfaces'...
[6.430s] Listing '/home/name/kd1_ws/install/custom_interfaces/local/lib/python3.10/dist-packages/custom_interfaces/msg'...
[6.430s] Listing '/home/name/kd1_ws/install/custom_interfaces/local/lib/python3.10/dist-packages/custom_interfaces/srv'...
[6.473s] -- Up-to-date: /home/name/kd1_ws/install/custom_interfaces/lib/libcustom_interfaces__rosidl_generator_py.so
[6.499s] -- Up-to-date: /home/name/kd1_ws/install/custom_interfaces/share/custom_interfaces/cmake/export_custom_interfaces__rosidl_generator_cExport.cmake
[6.505s] -- Up-to-date: /home/name/kd1_ws/install/custom_interfaces/share/custom_interfaces/cmake/export_custom_interfaces__rosidl_generator_cExport-noconfig.cmake
[6.507s] -- Up-to-date: /home/name/kd1_ws/install/custom_interfaces/share/custom_interfaces/cmake/export_custom_interfaces__rosidl_typesupport_fastrtps_cExport.cmake
[6.507s] -- Up-to-date: /home/name/kd1_ws/install/custom_interfaces/share/custom_interfaces/cmake/export_custom_interfaces__rosidl_typesupport_fastrtps_cExport-noconfig.cmake
[6.508s] -- Up-to-date: /home/name/kd1_ws/install/custom_interfaces/share/custom_interfaces/cmake/custom_interfaces__rosidl_typesupport_introspection_cExport.cmake
[6.512s] -- Up-to-date: /home/name/kd1_ws/install/custom_interfaces/share/custom_interfaces/cmake/custom_interfaces__rosidl_typesupport_introspection_cExport-noconfig.cmake
[6.513s] -- Up-to-date: /home/name/kd1_ws/install/custom_interfaces/share/custom_interfaces/cmake/custom_interfaces__rosidl_typesupport_cExport.cmake
[6.514s] -- Up-to-date: /home/name/kd1_ws/install/custom_interfaces/share/custom_interfaces/cmake/custom_interfaces__rosidl_typesupport_cExport-noconfig.cmake
[6.536s] -- Up-to-date: /home/name/kd1_ws/install/custom_interfaces/share/custom_interfaces/cmake/export_custom_interfaces__rosidl_generator_cppExport.cmake
[6.540s] -- Up-to-date: /home/name/kd1_ws/install/custom_interfaces/share/custom_interfaces/cmake/export_custom_interfaces__rosidl_typesupport_fastrtps_cppExport.cmake
[6.546s] -- Up-to-date: /home/name/kd1_ws/install/custom_interfaces/share/custom_interfaces/cmake/export_custom_interfaces__rosidl_typesupport_fastrtps_cppExport-noconfig.cmake
[6.547s] -- Up-to-date: /home/name/kd1_ws/install/custom_interfaces/share/custom_interfaces/cmake/custom_interfaces__rosidl_typesupport_introspection_cppExport.cmake
[6.552s] -- Up-to-date: /home/name/kd1_ws/install/custom_interfaces/share/custom_interfaces/cmake/custom_interfaces__rosidl_typesupport_introspection_cppExport-noconfig.cmake
[6.552s] -- Up-to-date: /home/name/kd1_ws/install/custom_interfaces/share/custom_interfaces/cmake/custom_interfaces__rosidl_typesupport_cppExport.cmake
[6.553s] -- Up-to-date: /home/name/kd1_ws/install/custom_interfaces/share/custom_interfaces/cmake/custom_interfaces__rosidl_typesupport_cppExport-noconfig.cmake
[6.571s] -- Up-to-date: /home/name/kd1_ws/install/custom_interfaces/share/custom_interfaces/cmake/export_custom_interfaces__rosidl_generator_pyExport.cmake
[6.572s] -- Up-to-date: /home/name/kd1_ws/install/custom_interfaces/share/custom_interfaces/cmake/export_custom_interfaces__rosidl_generator_pyExport-noconfig.cmake
[9.613s] Invoked command in '/home/name/kd1_ws/build/custom_interfaces' returned '0': CMAKE_PREFIX_PATH=${CMAKE_PREFIX_PATH}:/home/name/kd1_ws/install/main_pkg_python:/home/name/kd1_ws/install/kd1_utility_nodes:/home/name/kd1_ws/install/kd1_sensors:/home/name/kd1_ws/install/kd1_locomotion:/home/name/kd1_ws/install/kd1_depth:/home/name/kd1_ws/install/kd1_central_processing:/home/name/machine2_ws/install/machine2_servo_interface:/opt/ros/humble /usr/bin/cmake --install /home/name/kd1_ws/build/custom_interfaces
