[31mCMake Error at /opt/ros/humble/share/ament_cmake_core/cmake/core/stamp.cmake:24 (configure_file):
  configure_file input location

    /home/name/kd1_ws/src/custom_interfaces/msg

  is a directory but a file was expected.
Call Stack (most recent call first):
  /opt/ros/humble/share/rosidl_cmake/cmake/rosidl_generate_interfaces.cmake:104 (stamp)
  CMakeLists.txt:15 (rosidl_generate_interfaces)

[0m
[31mCMake Error at /opt/ros/humble/share/rosidl_adapter/cmake/rosidl_adapt_interfaces.cmake:59 (message):
  execute_process(/usr/bin/python3 -m rosidl_adapter --package-name
  custom_interfaces --arguments-file
  /home/name/kd1_ws/build/custom_interfaces/rosidl_adapter__arguments__custom_interfaces.json
  --output-dir
  /home/name/kd1_ws/build/custom_interfaces/rosidl_adapter/custom_interfaces
  --output-file
  /home/name/kd1_ws/build/custom_interfaces/rosidl_adapter/custom_interfaces.idls)
  returned error code 1:

  Traceback (most recent call last):

    File "/usr/lib/python3.10/runpy.py", line 196, in _run_module_as_main
      return _run_code(code, main_globals, None,
    File "/usr/lib/python3.10/runpy.py", line 86, in _run_code
      exec(code, run_globals)
    File "/opt/ros/humble/local/lib/python3.10/dist-packages/rosidl_adapter/__main__.py", line 19, in <module>
      sys.exit(main())
    File "/opt/ros/humble/local/lib/python3.10/dist-packages/rosidl_adapter/main.py", line 53, in main
      abs_idl_file = convert_to_idl(
    File "/opt/ros/humble/local/lib/python3.10/dist-packages/rosidl_adapter/__init__.py", line 32, in convert_to_idl
      assert False, f"Unsupported interface type '{interface_file.suffix}'"

  AssertionError: Unsupported interface type ''

Call Stack (most recent call first):
  /opt/ros/humble/share/rosidl_cmake/cmake/rosidl_generate_interfaces.cmake:130 (rosidl_adapt_interfaces)
  CMakeLists.txt:15 (rosidl_generate_interfaces)

[0m
gmake: *** [Makefile:1395: cmake_check_build_system] Error 1
